[ 2015-11-12T20:24:45+08:00 ] ::1 /lsgo/index.php?s=/Blog/Index/index.html
INFO: [ app_init ] --START--
INFO: Run Behavior\BuildLiteBehavior [ RunTime:0.000000s ]
INFO: Run Common\Behavior\InitHookBehavior [ RunTime:0.002001s ]
INFO: [ app_init ] --END-- [ RunTime:0.002001s ]
INFO: [ app_begin ] --START--
INFO: Run Behavior\ReadHtmlCacheBehavior [ RunTime:0.000000s ]
INFO: [ app_begin ] --END-- [ RunTime:0.000000s ]
SQL: SHOW COLUMNS FROM `lsgoweb_channel` [ RunTime:0.0380s ]
SQL: SELECT `title`,`url` FROM `lsgoweb_channel` WHERE `status` = 1 ORDER BY sort  [ RunTime:0.0110s ]
SQL: SHOW COLUMNS FROM `lsgoweb_category` [ RunTime:0.0260s ]
SQL: SELECT `title` FROM `lsgoweb_category` WHERE ( id=2 ) LIMIT 1   [ RunTime:0.0000s ]
SQL: SHOW COLUMNS FROM `lsgoweb_category` [ RunTime:0.0120s ]
SQL: SELECT `id`,`title` FROM `lsgoweb_category` WHERE `status` = 1 AND `pid` = 1 ORDER BY sort  [ RunTime:0.0000s ]
SQL: SHOW COLUMNS FROM `lsgoweb_picture` [ RunTime:0.0330s ]
SQL: SELECT `icon` FROM `lsgoweb_category` WHERE `id` = 2 LIMIT 1   [ RunTime:0.0000s ]
SQL: SELECT `path` FROM `lsgoweb_picture` WHERE `id` = 12 LIMIT 1   [ RunTime:0.0120s ]
SQL: SHOW COLUMNS FROM `lsgoweb_blog_article_tag` [ RunTime:0.0350s ]
SQL: SHOW COLUMNS FROM `lsgoweb_blog_article_tag` [ RunTime:0.0120s ]
SQL: SELECT `id`,`tag_name`,`tag_picture_id` FROM `lsgoweb_blog_article_tag` WHERE `status` = 1 AND `category_id` = 2 ORDER BY sort  [ RunTime:0.0010s ]
SQL: SELECT `path` FROM `lsgoweb_picture` WHERE `id` = 4 LIMIT 1   [ RunTime:0.0000s ]
SQL: SELECT `path` FROM `lsgoweb_picture` WHERE `id` = 5 LIMIT 1   [ RunTime:0.0010s ]
SQL: SELECT `path` FROM `lsgoweb_picture` WHERE `id` = 6 LIMIT 1   [ RunTime:0.0000s ]
SQL: SELECT `path` FROM `lsgoweb_picture` WHERE `id` = 7 LIMIT 1   [ RunTime:0.0000s ]
SQL: SELECT `path` FROM `lsgoweb_picture` WHERE `id` = 8 LIMIT 1   [ RunTime:0.0010s ]
SQL: SELECT `path` FROM `lsgoweb_picture` WHERE `id` = 9 LIMIT 1   [ RunTime:0.0000s ]
SQL: SELECT `path` FROM `lsgoweb_picture` WHERE `id` = 10 LIMIT 1   [ RunTime:0.0000s ]
SQL: SELECT `path` FROM `lsgoweb_picture` WHERE `id` = 11 LIMIT 1   [ RunTime:0.0010s ]
SQL: SHOW COLUMNS FROM `lsgoweb_document` [ RunTime:0.0320s ]
SQL: SELECT `id`,`title`,`category_id`,`create_time` FROM `lsgoweb_document` WHERE `category_id` = 2 AND `display` = 1 AND `status` = 1 ORDER BY update_time desc LIMIT 5   [ RunTime:0.0010s ]
SQL: SELECT COUNT(*) AS tp_count FROM `lsgoweb_document` WHERE `category_id` = 2 AND `display` = 1 AND `status` = 1 LIMIT 1   [ RunTime:0.0010s ]
INFO: [ view_parse ] --START--
INFO: [ template_filter ] --START--
INFO: Run Behavior\ContentReplaceBehavior [ RunTime:0.000000s ]
INFO: [ template_filter ] --END-- [ RunTime:0.001000s ]
NOTIC: [8] Undefined index: class D:\WWW\lsgo\Runtime\Cache\Blog\da38aaaeab14a3f431ea394c96895f42.php 第 74 行.
NOTIC: [8] Undefined index: class D:\WWW\lsgo\Runtime\Cache\Blog\da38aaaeab14a3f431ea394c96895f42.php 第 74 行.
NOTIC: [8] Undefined index: class D:\WWW\lsgo\Runtime\Cache\Blog\da38aaaeab14a3f431ea394c96895f42.php 第 74 行.
NOTIC: [8] Undefined index: class D:\WWW\lsgo\Runtime\Cache\Blog\da38aaaeab14a3f431ea394c96895f42.php 第 74 行.
SQL: SHOW COLUMNS FROM `lsgoweb_ucenter_member` [ RunTime:0.0140s ]
SQL: SELECT `id`,`head_picture_id`,`username` FROM `lsgoweb_ucenter_member` WHERE `id` = null LIMIT 1   [ RunTime:0.0010s ]
SQL: SELECT `path` FROM `lsgoweb_picture` WHERE `id` = null LIMIT 1   [ RunTime:0.0000s ]
NOTIC: [8] Undefined index: class D:\WWW\lsgo\Runtime\Cache\Blog\da38aaaeab14a3f431ea394c96895f42.php 第 120 行.
NOTIC: [8] Undefined index: class D:\WWW\lsgo\Runtime\Cache\Blog\da38aaaeab14a3f431ea394c96895f42.php 第 120 行.
NOTIC: [8] Undefined index: class D:\WWW\lsgo\Runtime\Cache\Blog\da38aaaeab14a3f431ea394c96895f42.php 第 120 行.
NOTIC: [8] Undefined index: class D:\WWW\lsgo\Runtime\Cache\Blog\da38aaaeab14a3f431ea394c96895f42.php 第 167 行.
NOTIC: [8] Undefined index: class D:\WWW\lsgo\Runtime\Cache\Blog\da38aaaeab14a3f431ea394c96895f42.php 第 167 行.
NOTIC: [8] Undefined index: class D:\WWW\lsgo\Runtime\Cache\Blog\da38aaaeab14a3f431ea394c96895f42.php 第 167 行.
NOTIC: [8] Undefined index: class D:\WWW\lsgo\Runtime\Cache\Blog\da38aaaeab14a3f431ea394c96895f42.php 第 167 行.
NOTIC: [8] Undefined index: class D:\WWW\lsgo\Runtime\Cache\Blog\da38aaaeab14a3f431ea394c96895f42.php 第 167 行.
NOTIC: [8] Undefined index: class D:\WWW\lsgo\Runtime\Cache\Blog\da38aaaeab14a3f431ea394c96895f42.php 第 167 行.
NOTIC: [8] Undefined index: class D:\WWW\lsgo\Runtime\Cache\Blog\da38aaaeab14a3f431ea394c96895f42.php 第 167 行.
NOTIC: [8] Undefined index: class D:\WWW\lsgo\Runtime\Cache\Blog\da38aaaeab14a3f431ea394c96895f42.php 第 167 行.
INFO: Run Behavior\ParseTemplateBehavior [ RunTime:0.155009s ]
INFO: [ view_parse ] --END-- [ RunTime:0.155009s ]
INFO: [ view_filter ] --START--
INFO: Run Behavior\WriteHtmlCacheBehavior [ RunTime:0.001000s ]
INFO: [ view_filter ] --END-- [ RunTime:0.002000s ]
INFO: [ app_end ] --START--
INFO: Run Behavior\ShowPageTraceBehavior [ RunTime:0.002000s ]
INFO: [ app_end ] --END-- [ RunTime:0.002000s ]

[ 2015-11-12T20:24:59+08:00 ] ::1 /lsgo/index.php?s=/Blog/Index/index.html
INFO: [ app_init ] --START--
INFO: Run Behavior\BuildLiteBehavior [ RunTime:0.000000s ]
INFO: Run Common\Behavior\InitHookBehavior [ RunTime:0.003000s ]
INFO: [ app_init ] --END-- [ RunTime:0.003000s ]
INFO: [ app_begin ] --START--
INFO: Run Behavior\ReadHtmlCacheBehavior [ RunTime:0.000000s ]
INFO: [ app_begin ] --END-- [ RunTime:0.000000s ]
SQL: SHOW COLUMNS FROM `lsgoweb_channel` [ RunTime:0.0080s ]
SQL: SELECT `title`,`url` FROM `lsgoweb_channel` WHERE `status` = 1 ORDER BY sort  [ RunTime:0.0010s ]
SQL: SHOW COLUMNS FROM `lsgoweb_category` [ RunTime:0.0080s ]
SQL: SELECT `title` FROM `lsgoweb_category` WHERE ( id=2 ) LIMIT 1   [ RunTime:0.0000s ]
SQL: SHOW COLUMNS FROM `lsgoweb_category` [ RunTime:0.0070s ]
SQL: SELECT `id`,`title` FROM `lsgoweb_category` WHERE `status` = 1 AND `pid` = 1 ORDER BY sort  [ RunTime:0.0000s ]
SQL: SHOW COLUMNS FROM `lsgoweb_picture` [ RunTime:0.0070s ]
SQL: SELECT `icon` FROM `lsgoweb_category` WHERE `id` = 2 LIMIT 1   [ RunTime:0.0000s ]
SQL: SELECT `path` FROM `lsgoweb_picture` WHERE `id` = 12 LIMIT 1   [ RunTime:0.0000s ]
SQL: SHOW COLUMNS FROM `lsgoweb_blog_article_tag` [ RunTime:0.0070s ]
SQL: SHOW COLUMNS FROM `lsgoweb_blog_article_tag` [ RunTime:0.0070s ]
SQL: SELECT `id`,`tag_name`,`tag_picture_id` FROM `lsgoweb_blog_article_tag` WHERE `status` = 1 AND `category_id` = 2 ORDER BY sort  [ RunTime:0.0000s ]
SQL: SELECT `path` FROM `lsgoweb_picture` WHERE `id` = 4 LIMIT 1   [ RunTime:0.0010s ]
SQL: SELECT `path` FROM `lsgoweb_picture` WHERE `id` = 5 LIMIT 1   [ RunTime:0.0000s ]
SQL: SELECT `path` FROM `lsgoweb_picture` WHERE `id` = 6 LIMIT 1   [ RunTime:0.0000s ]
SQL: SELECT `path` FROM `lsgoweb_picture` WHERE `id` = 7 LIMIT 1   [ RunTime:0.0000s ]
SQL: SELECT `path` FROM `lsgoweb_picture` WHERE `id` = 8 LIMIT 1   [ RunTime:0.0000s ]
SQL: SELECT `path` FROM `lsgoweb_picture` WHERE `id` = 9 LIMIT 1   [ RunTime:0.0010s ]
SQL: SELECT `path` FROM `lsgoweb_picture` WHERE `id` = 10 LIMIT 1   [ RunTime:0.0000s ]
SQL: SELECT `path` FROM `lsgoweb_picture` WHERE `id` = 11 LIMIT 1   [ RunTime:0.0000s ]
SQL: SHOW COLUMNS FROM `lsgoweb_document` [ RunTime:0.0000s ]
SQL: SELECT `id`,`title`,`category_id`,`create_time` FROM `lsgoweb_document` WHERE `category_id` = 2 AND `display` = 1 AND `status` = 1 ORDER BY update_time desc LIMIT 5   [ RunTime:0.0000s ]
SQL: SELECT COUNT(*) AS tp_count FROM `lsgoweb_document` WHERE `category_id` = 2 AND `display` = 1 AND `status` = 1 LIMIT 1   [ RunTime:0.0000s ]
SQL: SELECT `id`,`category_id`,`title`,`update_time` FROM `lsgoweb_document` WHERE `category_id` = 2 AND `display` = 1 AND `status` = 1 AND `defualt_tag_id` = 7 ORDER BY create_time desc  [ RunTime:0.0000s ]
NOTIC: [2] Invalid argument supplied for foreach() D:\WWW\lsgo\Application\Blog\Model\DocumentModel.class.php 第 75 行.
NOTIC: [2] array_slice() expects parameter 1 to be array, null given D:\WWW\lsgo\Application\Blog\Model\DocumentModel.class.php 第 91 行.
NOTIC: [2] Invalid argument supplied for foreach() D:\WWW\lsgo\Application\Blog\Model\DocumentModel.class.php 第 110 行.

[ 2015-11-12T20:24:59+08:00 ] ::1 /lsgo/index.php?s=/Blog/Index/index.html
INFO: [ app_init ] --START--
INFO: Run Behavior\BuildLiteBehavior [ RunTime:0.000000s ]
INFO: Run Common\Behavior\InitHookBehavior [ RunTime:0.002000s ]
INFO: [ app_init ] --END-- [ RunTime:0.002000s ]
INFO: [ app_begin ] --START--
INFO: Run Behavior\ReadHtmlCacheBehavior [ RunTime:0.000000s ]
INFO: [ app_begin ] --END-- [ RunTime:0.000000s ]
SQL: SHOW COLUMNS FROM `lsgoweb_channel` [ RunTime:0.0080s ]
SQL: SELECT `title`,`url` FROM `lsgoweb_channel` WHERE `status` = 1 ORDER BY sort  [ RunTime:0.0000s ]
SQL: SHOW COLUMNS FROM `lsgoweb_category` [ RunTime:0.0080s ]
SQL: SELECT `title` FROM `lsgoweb_category` WHERE ( id=2 ) LIMIT 1   [ RunTime:0.0000s ]
SQL: SHOW COLUMNS FROM `lsgoweb_category` [ RunTime:0.0080s ]
SQL: SELECT `id`,`title` FROM `lsgoweb_category` WHERE `status` = 1 AND `pid` = 1 ORDER BY sort  [ RunTime:0.0000s ]
SQL: SHOW COLUMNS FROM `lsgoweb_picture` [ RunTime:0.0080s ]
SQL: SELECT `icon` FROM `lsgoweb_category` WHERE `id` = 2 LIMIT 1   [ RunTime:0.0000s ]
SQL: SELECT `path` FROM `lsgoweb_picture` WHERE `id` = 12 LIMIT 1   [ RunTime:0.0010s ]
SQL: SHOW COLUMNS FROM `lsgoweb_blog_article_tag` [ RunTime:0.0080s ]
SQL: SHOW COLUMNS FROM `lsgoweb_blog_article_tag` [ RunTime:0.0080s ]
SQL: SELECT `id`,`tag_name`,`tag_picture_id` FROM `lsgoweb_blog_article_tag` WHERE `status` = 1 AND `category_id` = 2 ORDER BY sort  [ RunTime:0.0010s ]
SQL: SELECT `path` FROM `lsgoweb_picture` WHERE `id` = 4 LIMIT 1   [ RunTime:0.0000s ]
SQL: SELECT `path` FROM `lsgoweb_picture` WHERE `id` = 5 LIMIT 1   [ RunTime:0.0000s ]
SQL: SELECT `path` FROM `lsgoweb_picture` WHERE `id` = 6 LIMIT 1   [ RunTime:0.0010s ]
SQL: SELECT `path` FROM `lsgoweb_picture` WHERE `id` = 7 LIMIT 1   [ RunTime:0.0000s ]
SQL: SELECT `path` FROM `lsgoweb_picture` WHERE `id` = 8 LIMIT 1   [ RunTime:0.0000s ]
SQL: SELECT `path` FROM `lsgoweb_picture` WHERE `id` = 9 LIMIT 1   [ RunTime:0.0010s ]
SQL: SELECT `path` FROM `lsgoweb_picture` WHERE `id` = 10 LIMIT 1   [ RunTime:0.0000s ]
SQL: SELECT `path` FROM `lsgoweb_picture` WHERE `id` = 11 LIMIT 1   [ RunTime:0.0000s ]
SQL: SHOW COLUMNS FROM `lsgoweb_document` [ RunTime:0.0080s ]
SQL: SELECT `id`,`title`,`category_id`,`create_time` FROM `lsgoweb_document` WHERE `category_id` = 2 AND `display` = 1 AND `status` = 1 ORDER BY update_time desc LIMIT 5   [ RunTime:0.0010s ]
SQL: SELECT COUNT(*) AS tp_count FROM `lsgoweb_document` WHERE `category_id` = 2 AND `display` = 1 AND `status` = 1 LIMIT 1   [ RunTime:0.0000s ]
SQL: SELECT `id`,`category_id`,`title`,`update_time` FROM `lsgoweb_document` WHERE `category_id` = 2 AND `display` = 1 AND `status` = 1 AND `defualt_tag_id` = 1 ORDER BY create_time desc  [ RunTime:0.0010s ]

[ 2015-11-12T20:30:29+08:00 ] ::1 /lsgo/index.php?s=/Blog/Index/index/category/2.html
INFO: [ app_init ] --START--
INFO: Run Behavior\BuildLiteBehavior [ RunTime:0.000000s ]
INFO: Run Common\Behavior\InitHookBehavior [ RunTime:0.004000s ]
INFO: [ app_init ] --END-- [ RunTime:0.005000s ]
INFO: [ app_begin ] --START--
INFO: Run Behavior\ReadHtmlCacheBehavior [ RunTime:0.001000s ]
INFO: [ app_begin ] --END-- [ RunTime:0.001000s ]
SQL: SHOW COLUMNS FROM `lsgoweb_channel` [ RunTime:0.0080s ]
SQL: SELECT `title`,`url` FROM `lsgoweb_channel` WHERE `status` = 1 ORDER BY sort  [ RunTime:0.0000s ]
SQL: SHOW COLUMNS FROM `lsgoweb_category` [ RunTime:0.0080s ]
SQL: SELECT `title` FROM `lsgoweb_category` WHERE ( id=2 ) LIMIT 1   [ RunTime:0.0010s ]
SQL: SHOW COLUMNS FROM `lsgoweb_category` [ RunTime:0.0070s ]
SQL: SELECT `id`,`title` FROM `lsgoweb_category` WHERE `status` = 1 AND `pid` = 1 ORDER BY sort  [ RunTime:0.0000s ]
SQL: SHOW COLUMNS FROM `lsgoweb_picture` [ RunTime:0.0070s ]
SQL: SELECT `icon` FROM `lsgoweb_category` WHERE `id` = 2 LIMIT 1   [ RunTime:0.0010s ]
SQL: SELECT `path` FROM `lsgoweb_picture` WHERE `id` = 12 LIMIT 1   [ RunTime:0.0000s ]
SQL: SHOW COLUMNS FROM `lsgoweb_blog_article_tag` [ RunTime:0.0070s ]
SQL: SHOW COLUMNS FROM `lsgoweb_blog_article_tag` [ RunTime:0.0070s ]
SQL: SELECT `id`,`tag_name`,`tag_picture_id` FROM `lsgoweb_blog_article_tag` WHERE `status` = 1 AND `category_id` = 2 ORDER BY sort  [ RunTime:0.0010s ]
SQL: SELECT `path` FROM `lsgoweb_picture` WHERE `id` = 4 LIMIT 1   [ RunTime:0.0000s ]
SQL: SELECT `path` FROM `lsgoweb_picture` WHERE `id` = 5 LIMIT 1   [ RunTime:0.0000s ]
SQL: SELECT `path` FROM `lsgoweb_picture` WHERE `id` = 6 LIMIT 1   [ RunTime:0.0010s ]
SQL: SELECT `path` FROM `lsgoweb_picture` WHERE `id` = 7 LIMIT 1   [ RunTime:0.0000s ]
SQL: SELECT `path` FROM `lsgoweb_picture` WHERE `id` = 8 LIMIT 1   [ RunTime:0.0000s ]
SQL: SELECT `path` FROM `lsgoweb_picture` WHERE `id` = 9 LIMIT 1   [ RunTime:0.0000s ]
SQL: SELECT `path` FROM `lsgoweb_picture` WHERE `id` = 10 LIMIT 1   [ RunTime:0.0000s ]
SQL: SELECT `path` FROM `lsgoweb_picture` WHERE `id` = 11 LIMIT 1   [ RunTime:0.0010s ]
SQL: SHOW COLUMNS FROM `lsgoweb_document` [ RunTime:0.0070s ]
SQL: SELECT `id`,`title`,`category_id`,`create_time` FROM `lsgoweb_document` WHERE `category_id` = 2 AND `display` = 1 AND `status` = 1 ORDER BY update_time desc LIMIT 5   [ RunTime:0.0000s ]
SQL: SELECT COUNT(*) AS tp_count FROM `lsgoweb_document` WHERE `category_id` = 2 AND `display` = 1 AND `status` = 1 LIMIT 1   [ RunTime:0.0010s ]
INFO: [ view_parse ] --START--
INFO: [ template_filter ] --START--
INFO: Run Behavior\ContentReplaceBehavior [ RunTime:0.000000s ]
INFO: [ template_filter ] --END-- [ RunTime:0.000000s ]
NOTIC: [8] Undefined index: class D:\WWW\lsgo\Runtime\Cache\Blog\da38aaaeab14a3f431ea394c96895f42.php 第 74 行.
NOTIC: [8] Undefined index: class D:\WWW\lsgo\Runtime\Cache\Blog\da38aaaeab14a3f431ea394c96895f42.php 第 74 行.
NOTIC: [8] Undefined index: class D:\WWW\lsgo\Runtime\Cache\Blog\da38aaaeab14a3f431ea394c96895f42.php 第 74 行.
NOTIC: [8] Undefined index: class D:\WWW\lsgo\Runtime\Cache\Blog\da38aaaeab14a3f431ea394c96895f42.php 第 74 行.
SQL: SHOW COLUMNS FROM `lsgoweb_ucenter_member` [ RunTime:0.0080s ]
SQL: SELECT `id`,`head_picture_id`,`username` FROM `lsgoweb_ucenter_member` WHERE `id` = null LIMIT 1   [ RunTime:0.0010s ]
SQL: SELECT `path` FROM `lsgoweb_picture` WHERE `id` = null LIMIT 1   [ RunTime:0.0000s ]
NOTIC: [8] Undefined index: class D:\WWW\lsgo\Runtime\Cache\Blog\da38aaaeab14a3f431ea394c96895f42.php 第 120 行.
NOTIC: [8] Undefined index: class D:\WWW\lsgo\Runtime\Cache\Blog\da38aaaeab14a3f431ea394c96895f42.php 第 120 行.
NOTIC: [8] Undefined index: class D:\WWW\lsgo\Runtime\Cache\Blog\da38aaaeab14a3f431ea394c96895f42.php 第 120 行.
NOTIC: [8] Undefined index: class D:\WWW\lsgo\Runtime\Cache\Blog\da38aaaeab14a3f431ea394c96895f42.php 第 163 行.
NOTIC: [8] Undefined index: class D:\WWW\lsgo\Runtime\Cache\Blog\da38aaaeab14a3f431ea394c96895f42.php 第 163 行.
NOTIC: [8] Undefined index: class D:\WWW\lsgo\Runtime\Cache\Blog\da38aaaeab14a3f431ea394c96895f42.php 第 163 行.
NOTIC: [8] Undefined index: class D:\WWW\lsgo\Runtime\Cache\Blog\da38aaaeab14a3f431ea394c96895f42.php 第 163 行.
NOTIC: [8] Undefined index: class D:\WWW\lsgo\Runtime\Cache\Blog\da38aaaeab14a3f431ea394c96895f42.php 第 163 行.
NOTIC: [8] Undefined index: class D:\WWW\lsgo\Runtime\Cache\Blog\da38aaaeab14a3f431ea394c96895f42.php 第 163 行.
NOTIC: [8] Undefined index: class D:\WWW\lsgo\Runtime\Cache\Blog\da38aaaeab14a3f431ea394c96895f42.php 第 163 行.
NOTIC: [8] Undefined index: class D:\WWW\lsgo\Runtime\Cache\Blog\da38aaaeab14a3f431ea394c96895f42.php 第 163 行.
INFO: Run Behavior\ParseTemplateBehavior [ RunTime:0.043003s ]
INFO: [ view_parse ] --END-- [ RunTime:0.043003s ]
INFO: [ view_filter ] --START--
INFO: Run Behavior\WriteHtmlCacheBehavior [ RunTime:0.000000s ]
INFO: [ view_filter ] --END-- [ RunTime:0.000000s ]
INFO: [ app_end ] --START--
INFO: Run Behavior\ShowPageTraceBehavior [ RunTime:0.001000s ]
INFO: [ app_end ] --END-- [ RunTime:0.001000s ]

