[ 2015-11-04T21:49:13+08:00 ] ::1 /lsgo/index.php?s=/Blog/Index/search
INFO: [ app_init ] --START--
INFO: Run Behavior\BuildLiteBehavior [ RunTime:0.000000s ]
INFO: Run Common\Behavior\InitHookBehavior [ RunTime:0.043002s ]
INFO: [ app_init ] --END-- [ RunTime:0.045002s ]
INFO: [ app_begin ] --START--
INFO: Run Behavior\ReadHtmlCacheBehavior [ RunTime:0.003000s ]
INFO: [ app_begin ] --END-- [ RunTime:0.003000s ]
NOTIC: [8] Undefined index: keyword D:\WWW\lsgo\Application\Blog\Controller\IndexController.class.php 第 174 行.
NOTIC: [8] Undefined index: type D:\WWW\lsgo\Application\Blog\Controller\IndexController.class.php 第 175 行.
SQL: SHOW COLUMNS FROM `lsgoweb_document` [ RunTime:0.0410s ]
SQL: SHOW COLUMNS FROM `lsgoweb_ucenter_member` [ RunTime:0.0440s ]
NOTIC: [8] Undefined index: order D:\WWW\lsgo\Application\Blog\Controller\IndexController.class.php 第 180 行.
SQL: SELECT * FROM `lsgoweb_document` WHERE `title` LIKE '%%' ORDER BY view DESC  [ RunTime:0.0010s ]
SQL: SHOW COLUMNS FROM `lsgoweb_blog_article_tag` [ RunTime:0.0440s ]
SQL: SELECT * FROM `lsgoweb_blog_article_tag`  [ RunTime:0.0000s ]
INFO: [ view_parse ] --START--
INFO: [ template_filter ] --START--
INFO: Run Behavior\ContentReplaceBehavior [ RunTime:0.000000s ]
INFO: [ template_filter ] --END-- [ RunTime:0.000000s ]
NOTIC: [8] Undefined variable: menu D:\WWW\lsgo\Runtime\Cache\Blog\75c02f746fdaa0392370296018cff839.php 第 39 行.
SQL: SHOW COLUMNS FROM `lsgoweb_ucenter_member` [ RunTime:0.0090s ]
SQL: SHOW COLUMNS FROM `lsgoweb_picture` [ RunTime:0.0700s ]
SQL: SELECT `id`,`head_picture_id`,`username` FROM `lsgoweb_ucenter_member` WHERE `id` = null LIMIT 1   [ RunTime:0.0010s ]
SQL: SELECT `path` FROM `lsgoweb_picture` WHERE `id` = null LIMIT 1   [ RunTime:0.0010s ]
NOTIC: [8] Use of undefined constant art - assumed 'art' D:\WWW\lsgo\Runtime\Cache\Blog\75c02f746fdaa0392370296018cff839.php 第 102 行.
NOTIC: [8] Undefined index: username D:\WWW\lsgo\Runtime\Cache\Blog\75c02f746fdaa0392370296018cff839.php 第 120 行.
NOTIC: [8] Undefined index:    D:\WWW\lsgo\Runtime\Cache\Blog\75c02f746fdaa0392370296018cff839.php 第 114 行.
NOTIC: [8] Undefined index: username D:\WWW\lsgo\Runtime\Cache\Blog\75c02f746fdaa0392370296018cff839.php 第 120 行.
NOTIC: [8] Undefined index: username D:\WWW\lsgo\Runtime\Cache\Blog\75c02f746fdaa0392370296018cff839.php 第 120 行.
NOTIC: [8] Undefined index: username D:\WWW\lsgo\Runtime\Cache\Blog\75c02f746fdaa0392370296018cff839.php 第 120 行.
NOTIC: [8] Undefined index: username D:\WWW\lsgo\Runtime\Cache\Blog\75c02f746fdaa0392370296018cff839.php 第 120 行.
NOTIC: [8] Undefined index: username D:\WWW\lsgo\Runtime\Cache\Blog\75c02f746fdaa0392370296018cff839.php 第 120 行.
NOTIC: [8] Undefined index: username D:\WWW\lsgo\Runtime\Cache\Blog\75c02f746fdaa0392370296018cff839.php 第 120 行.
NOTIC: [8] Undefined index: username D:\WWW\lsgo\Runtime\Cache\Blog\75c02f746fdaa0392370296018cff839.php 第 120 行.
NOTIC: [8] Undefined index: username D:\WWW\lsgo\Runtime\Cache\Blog\75c02f746fdaa0392370296018cff839.php 第 120 行.
NOTIC: [8] Undefined index: username D:\WWW\lsgo\Runtime\Cache\Blog\75c02f746fdaa0392370296018cff839.php 第 120 行.
NOTIC: [2] date() expects parameter 2 to be long, string given D:\WWW\lsgo\Runtime\Cache\Blog\75c02f746fdaa0392370296018cff839.php 第 123 行.
NOTIC: [8] Use of undefined constant art - assumed 'art' D:\WWW\lsgo\Runtime\Cache\Blog\75c02f746fdaa0392370296018cff839.php 第 191 行.
INFO: Run Behavior\ParseTemplateBehavior [ RunTime:0.214012s ]
INFO: [ view_parse ] --END-- [ RunTime:0.214012s ]
INFO: [ view_filter ] --START--
INFO: Run Behavior\WriteHtmlCacheBehavior [ RunTime:0.001001s ]
INFO: [ view_filter ] --END-- [ RunTime:0.002001s ]
INFO: [ app_end ] --START--
INFO: Run Behavior\ShowPageTraceBehavior [ RunTime:0.002000s ]
INFO: [ app_end ] --END-- [ RunTime:0.002000s ]

[ 2015-11-04T21:49:17+08:00 ] ::1 /lsgo/index.php/Blog/Index/search/type/article
INFO: [ app_init ] --START--
INFO: Run Behavior\BuildLiteBehavior [ RunTime:0.000000s ]
INFO: Run Common\Behavior\InitHookBehavior [ RunTime:0.003000s ]
INFO: [ app_init ] --END-- [ RunTime:0.004000s ]
INFO: [ app_begin ] --START--
INFO: Run Behavior\ReadHtmlCacheBehavior [ RunTime:0.001000s ]
INFO: [ app_begin ] --END-- [ RunTime:0.001000s ]
NOTIC: [8] Undefined index: keyword D:\WWW\lsgo\Application\Blog\Controller\IndexController.class.php 第 174 行.
SQL: SHOW COLUMNS FROM `lsgoweb_document` [ RunTime:0.0080s ]
SQL: SHOW COLUMNS FROM `lsgoweb_ucenter_member` [ RunTime:0.0080s ]
NOTIC: [8] Undefined index: order D:\WWW\lsgo\Application\Blog\Controller\IndexController.class.php 第 180 行.
SQL: SELECT * FROM `lsgoweb_document` WHERE `title` LIKE '%%' ORDER BY view DESC  [ RunTime:0.0010s ]
SQL: SHOW COLUMNS FROM `lsgoweb_blog_article_tag` [ RunTime:0.0070s ]
SQL: SELECT * FROM `lsgoweb_blog_article_tag`  [ RunTime:0.0000s ]
INFO: [ view_parse ] --START--
INFO: [ template_filter ] --START--
INFO: Run Behavior\ContentReplaceBehavior [ RunTime:0.000000s ]
INFO: [ template_filter ] --END-- [ RunTime:0.000000s ]
NOTIC: [8] Undefined variable: menu D:\WWW\lsgo\Runtime\Cache\Blog\75c02f746fdaa0392370296018cff839.php 第 39 行.
SQL: SHOW COLUMNS FROM `lsgoweb_ucenter_member` [ RunTime:0.0080s ]
SQL: SHOW COLUMNS FROM `lsgoweb_picture` [ RunTime:0.0080s ]
SQL: SELECT `id`,`head_picture_id`,`username` FROM `lsgoweb_ucenter_member` WHERE `id` = null LIMIT 1   [ RunTime:0.0000s ]
SQL: SELECT `path` FROM `lsgoweb_picture` WHERE `id` = null LIMIT 1   [ RunTime:0.0000s ]
NOTIC: [8] Use of undefined constant art - assumed 'art' D:\WWW\lsgo\Runtime\Cache\Blog\75c02f746fdaa0392370296018cff839.php 第 102 行.
NOTIC: [8] Undefined index: username D:\WWW\lsgo\Runtime\Cache\Blog\75c02f746fdaa0392370296018cff839.php 第 120 行.
NOTIC: [8] Undefined index:    D:\WWW\lsgo\Runtime\Cache\Blog\75c02f746fdaa0392370296018cff839.php 第 114 行.
NOTIC: [8] Undefined index: username D:\WWW\lsgo\Runtime\Cache\Blog\75c02f746fdaa0392370296018cff839.php 第 120 行.
NOTIC: [8] Undefined index: username D:\WWW\lsgo\Runtime\Cache\Blog\75c02f746fdaa0392370296018cff839.php 第 120 行.
NOTIC: [8] Undefined index: username D:\WWW\lsgo\Runtime\Cache\Blog\75c02f746fdaa0392370296018cff839.php 第 120 行.
NOTIC: [8] Undefined index: username D:\WWW\lsgo\Runtime\Cache\Blog\75c02f746fdaa0392370296018cff839.php 第 120 行.
NOTIC: [8] Undefined index: username D:\WWW\lsgo\Runtime\Cache\Blog\75c02f746fdaa0392370296018cff839.php 第 120 行.
NOTIC: [8] Undefined index: username D:\WWW\lsgo\Runtime\Cache\Blog\75c02f746fdaa0392370296018cff839.php 第 120 行.
NOTIC: [8] Undefined index: username D:\WWW\lsgo\Runtime\Cache\Blog\75c02f746fdaa0392370296018cff839.php 第 120 行.
NOTIC: [8] Undefined index: username D:\WWW\lsgo\Runtime\Cache\Blog\75c02f746fdaa0392370296018cff839.php 第 120 行.
NOTIC: [8] Undefined index: username D:\WWW\lsgo\Runtime\Cache\Blog\75c02f746fdaa0392370296018cff839.php 第 120 行.
NOTIC: [2] date() expects parameter 2 to be long, string given D:\WWW\lsgo\Runtime\Cache\Blog\75c02f746fdaa0392370296018cff839.php 第 123 行.
NOTIC: [8] Use of undefined constant art - assumed 'art' D:\WWW\lsgo\Runtime\Cache\Blog\75c02f746fdaa0392370296018cff839.php 第 191 行.
INFO: Run Behavior\ParseTemplateBehavior [ RunTime:0.035002s ]
INFO: [ view_parse ] --END-- [ RunTime:0.035002s ]
INFO: [ view_filter ] --START--
INFO: Run Behavior\WriteHtmlCacheBehavior [ RunTime:0.000000s ]
INFO: [ view_filter ] --END-- [ RunTime:0.000000s ]
INFO: [ app_end ] --START--
INFO: Run Behavior\ShowPageTraceBehavior [ RunTime:0.001000s ]
INFO: [ app_end ] --END-- [ RunTime:0.001000s ]

[ 2015-11-04T21:49:19+08:00 ] ::1 /lsgo/index.php/Blog/Index/search/type/user
INFO: [ app_init ] --START--
INFO: Run Behavior\BuildLiteBehavior [ RunTime:0.000000s ]
INFO: Run Common\Behavior\InitHookBehavior [ RunTime:0.002000s ]
INFO: [ app_init ] --END-- [ RunTime:0.002000s ]
INFO: [ app_begin ] --START--
INFO: Run Behavior\ReadHtmlCacheBehavior [ RunTime:0.001000s ]
INFO: [ app_begin ] --END-- [ RunTime:0.001000s ]
NOTIC: [8] Undefined index: keyword D:\WWW\lsgo\Application\Blog\Controller\IndexController.class.php 第 174 行.
SQL: SHOW COLUMNS FROM `lsgoweb_document` [ RunTime:0.0090s ]
SQL: SHOW COLUMNS FROM `lsgoweb_ucenter_member` [ RunTime:0.0070s ]
SQL: SELECT * FROM `lsgoweb_ucenter_member` WHERE `username` LIKE '%%'  [ RunTime:0.0120s ]
SQL: SHOW COLUMNS FROM `lsgoweb_blog_article_tag` [ RunTime:0.0070s ]
SQL: SELECT * FROM `lsgoweb_blog_article_tag`  [ RunTime:0.0010s ]
INFO: [ view_parse ] --START--
INFO: [ template_filter ] --START--
INFO: Run Behavior\ContentReplaceBehavior [ RunTime:0.001000s ]
INFO: [ template_filter ] --END-- [ RunTime:0.001000s ]
NOTIC: [8] Undefined variable: menu D:\WWW\lsgo\Runtime\Cache\Blog\75c02f746fdaa0392370296018cff839.php 第 39 行.
SQL: SHOW COLUMNS FROM `lsgoweb_ucenter_member` [ RunTime:0.0080s ]
SQL: SHOW COLUMNS FROM `lsgoweb_picture` [ RunTime:0.0080s ]
SQL: SELECT `id`,`head_picture_id`,`username` FROM `lsgoweb_ucenter_member` WHERE `id` = null LIMIT 1   [ RunTime:0.0000s ]
SQL: SELECT `path` FROM `lsgoweb_picture` WHERE `id` = null LIMIT 1   [ RunTime:0.0000s ]
NOTIC: [8] Use of undefined constant art - assumed 'art' D:\WWW\lsgo\Runtime\Cache\Blog\75c02f746fdaa0392370296018cff839.php 第 102 行.
NOTIC: [8] Use of undefined constant art - assumed 'art' D:\WWW\lsgo\Runtime\Cache\Blog\75c02f746fdaa0392370296018cff839.php 第 191 行.
INFO: Run Behavior\ParseTemplateBehavior [ RunTime:0.032002s ]
INFO: [ view_parse ] --END-- [ RunTime:0.032002s ]
INFO: [ view_filter ] --START--
INFO: Run Behavior\WriteHtmlCacheBehavior [ RunTime:0.000000s ]
INFO: [ view_filter ] --END-- [ RunTime:0.000000s ]
INFO: [ app_end ] --START--
INFO: Run Behavior\ShowPageTraceBehavior [ RunTime:0.001000s ]
INFO: [ app_end ] --END-- [ RunTime:0.001000s ]

[ 2015-11-04T21:49:20+08:00 ] ::1 /lsgo/index.php/Blog/Index/search/type/article
INFO: [ app_init ] --START--
INFO: Run Behavior\BuildLiteBehavior [ RunTime:0.000000s ]
INFO: Run Common\Behavior\InitHookBehavior [ RunTime:0.003000s ]
INFO: [ app_init ] --END-- [ RunTime:0.005000s ]
INFO: [ app_begin ] --START--
INFO: Run Behavior\ReadHtmlCacheBehavior [ RunTime:0.001001s ]
INFO: [ app_begin ] --END-- [ RunTime:0.001001s ]
NOTIC: [8] Undefined index: keyword D:\WWW\lsgo\Application\Blog\Controller\IndexController.class.php 第 174 行.
SQL: SHOW COLUMNS FROM `lsgoweb_document` [ RunTime:0.0090s ]
SQL: SHOW COLUMNS FROM `lsgoweb_ucenter_member` [ RunTime:0.0080s ]
NOTIC: [8] Undefined index: order D:\WWW\lsgo\Application\Blog\Controller\IndexController.class.php 第 180 行.
SQL: SELECT * FROM `lsgoweb_document` WHERE `title` LIKE '%%' ORDER BY view DESC  [ RunTime:0.0000s ]
SQL: SHOW COLUMNS FROM `lsgoweb_blog_article_tag` [ RunTime:0.0090s ]
SQL: SELECT * FROM `lsgoweb_blog_article_tag`  [ RunTime:0.0000s ]
INFO: [ view_parse ] --START--
INFO: [ template_filter ] --START--
INFO: Run Behavior\ContentReplaceBehavior [ RunTime:0.001000s ]
INFO: [ template_filter ] --END-- [ RunTime:0.001000s ]
NOTIC: [8] Undefined variable: menu D:\WWW\lsgo\Runtime\Cache\Blog\75c02f746fdaa0392370296018cff839.php 第 39 行.
SQL: SHOW COLUMNS FROM `lsgoweb_ucenter_member` [ RunTime:0.0090s ]
SQL: SHOW COLUMNS FROM `lsgoweb_picture` [ RunTime:0.0080s ]
SQL: SELECT `id`,`head_picture_id`,`username` FROM `lsgoweb_ucenter_member` WHERE `id` = null LIMIT 1   [ RunTime:0.0010s ]
SQL: SELECT `path` FROM `lsgoweb_picture` WHERE `id` = null LIMIT 1   [ RunTime:0.0000s ]
NOTIC: [8] Use of undefined constant art - assumed 'art' D:\WWW\lsgo\Runtime\Cache\Blog\75c02f746fdaa0392370296018cff839.php 第 102 行.
NOTIC: [8] Undefined index: username D:\WWW\lsgo\Runtime\Cache\Blog\75c02f746fdaa0392370296018cff839.php 第 120 行.
NOTIC: [8] Undefined index:    D:\WWW\lsgo\Runtime\Cache\Blog\75c02f746fdaa0392370296018cff839.php 第 114 行.
NOTIC: [8] Undefined index: username D:\WWW\lsgo\Runtime\Cache\Blog\75c02f746fdaa0392370296018cff839.php 第 120 行.
NOTIC: [8] Undefined index: username D:\WWW\lsgo\Runtime\Cache\Blog\75c02f746fdaa0392370296018cff839.php 第 120 行.
NOTIC: [8] Undefined index: username D:\WWW\lsgo\Runtime\Cache\Blog\75c02f746fdaa0392370296018cff839.php 第 120 行.
NOTIC: [8] Undefined index: username D:\WWW\lsgo\Runtime\Cache\Blog\75c02f746fdaa0392370296018cff839.php 第 120 行.
NOTIC: [8] Undefined index: username D:\WWW\lsgo\Runtime\Cache\Blog\75c02f746fdaa0392370296018cff839.php 第 120 行.
NOTIC: [8] Undefined index: username D:\WWW\lsgo\Runtime\Cache\Blog\75c02f746fdaa0392370296018cff839.php 第 120 行.
NOTIC: [8] Undefined index: username D:\WWW\lsgo\Runtime\Cache\Blog\75c02f746fdaa0392370296018cff839.php 第 120 行.
NOTIC: [8] Undefined index: username D:\WWW\lsgo\Runtime\Cache\Blog\75c02f746fdaa0392370296018cff839.php 第 120 行.
NOTIC: [8] Undefined index: username D:\WWW\lsgo\Runtime\Cache\Blog\75c02f746fdaa0392370296018cff839.php 第 120 行.
NOTIC: [2] date() expects parameter 2 to be long, string given D:\WWW\lsgo\Runtime\Cache\Blog\75c02f746fdaa0392370296018cff839.php 第 123 行.
NOTIC: [8] Use of undefined constant art - assumed 'art' D:\WWW\lsgo\Runtime\Cache\Blog\75c02f746fdaa0392370296018cff839.php 第 191 行.
INFO: Run Behavior\ParseTemplateBehavior [ RunTime:0.033001s ]
INFO: [ view_parse ] --END-- [ RunTime:0.033001s ]
INFO: [ view_filter ] --START--
INFO: Run Behavior\WriteHtmlCacheBehavior [ RunTime:0.000000s ]
INFO: [ view_filter ] --END-- [ RunTime:0.000000s ]
INFO: [ app_end ] --START--
INFO: Run Behavior\ShowPageTraceBehavior [ RunTime:0.000000s ]
INFO: [ app_end ] --END-- [ RunTime:0.000000s ]

[ 2015-11-04T21:49:22+08:00 ] ::1 /lsgo/index.php/Blog/Index/search/type/user
INFO: [ app_init ] --START--
INFO: Run Behavior\BuildLiteBehavior [ RunTime:0.000000s ]
INFO: Run Common\Behavior\InitHookBehavior [ RunTime:0.004000s ]
INFO: [ app_init ] --END-- [ RunTime:0.004000s ]
INFO: [ app_begin ] --START--
INFO: Run Behavior\ReadHtmlCacheBehavior [ RunTime:0.001000s ]
INFO: [ app_begin ] --END-- [ RunTime:0.001000s ]
NOTIC: [8] Undefined index: keyword D:\WWW\lsgo\Application\Blog\Controller\IndexController.class.php 第 174 行.
SQL: SHOW COLUMNS FROM `lsgoweb_document` [ RunTime:0.0100s ]
SQL: SHOW COLUMNS FROM `lsgoweb_ucenter_member` [ RunTime:0.0090s ]
SQL: SELECT * FROM `lsgoweb_ucenter_member` WHERE `username` LIKE '%%'  [ RunTime:0.0010s ]
SQL: SHOW COLUMNS FROM `lsgoweb_blog_article_tag` [ RunTime:0.0090s ]
SQL: SELECT * FROM `lsgoweb_blog_article_tag`  [ RunTime:0.0000s ]
INFO: [ view_parse ] --START--
INFO: [ template_filter ] --START--
INFO: Run Behavior\ContentReplaceBehavior [ RunTime:0.000000s ]
INFO: [ template_filter ] --END-- [ RunTime:0.000000s ]
NOTIC: [8] Undefined variable: menu D:\WWW\lsgo\Runtime\Cache\Blog\75c02f746fdaa0392370296018cff839.php 第 39 行.
SQL: SHOW COLUMNS FROM `lsgoweb_ucenter_member` [ RunTime:0.0090s ]
SQL: SHOW COLUMNS FROM `lsgoweb_picture` [ RunTime:0.0090s ]
SQL: SELECT `id`,`head_picture_id`,`username` FROM `lsgoweb_ucenter_member` WHERE `id` = null LIMIT 1   [ RunTime:0.0000s ]
SQL: SELECT `path` FROM `lsgoweb_picture` WHERE `id` = null LIMIT 1   [ RunTime:0.0000s ]
NOTIC: [8] Use of undefined constant art - assumed 'art' D:\WWW\lsgo\Runtime\Cache\Blog\75c02f746fdaa0392370296018cff839.php 第 102 行.
NOTIC: [8] Use of undefined constant art - assumed 'art' D:\WWW\lsgo\Runtime\Cache\Blog\75c02f746fdaa0392370296018cff839.php 第 191 行.
INFO: Run Behavior\ParseTemplateBehavior [ RunTime:0.036002s ]
INFO: [ view_parse ] --END-- [ RunTime:0.036002s ]
INFO: [ view_filter ] --START--
INFO: Run Behavior\WriteHtmlCacheBehavior [ RunTime:0.000000s ]
INFO: [ view_filter ] --END-- [ RunTime:0.000000s ]
INFO: [ app_end ] --START--
INFO: Run Behavior\ShowPageTraceBehavior [ RunTime:0.001000s ]
INFO: [ app_end ] --END-- [ RunTime:0.001000s ]

[ 2015-11-04T21:49:23+08:00 ] ::1 /lsgo/index.php/Blog/Index/search/type/article
INFO: [ app_init ] --START--
INFO: Run Behavior\BuildLiteBehavior [ RunTime:0.000000s ]
INFO: Run Common\Behavior\InitHookBehavior [ RunTime:0.011001s ]
INFO: [ app_init ] --END-- [ RunTime:0.011001s ]
INFO: [ app_begin ] --START--
INFO: Run Behavior\ReadHtmlCacheBehavior [ RunTime:0.001000s ]
INFO: [ app_begin ] --END-- [ RunTime:0.001000s ]
NOTIC: [8] Undefined index: keyword D:\WWW\lsgo\Application\Blog\Controller\IndexController.class.php 第 174 行.
SQL: SHOW COLUMNS FROM `lsgoweb_document` [ RunTime:0.0080s ]
SQL: SHOW COLUMNS FROM `lsgoweb_ucenter_member` [ RunTime:0.0080s ]
NOTIC: [8] Undefined index: order D:\WWW\lsgo\Application\Blog\Controller\IndexController.class.php 第 180 行.
SQL: SELECT * FROM `lsgoweb_document` WHERE `title` LIKE '%%' ORDER BY view DESC  [ RunTime:0.0010s ]
SQL: SHOW COLUMNS FROM `lsgoweb_blog_article_tag` [ RunTime:0.0080s ]
SQL: SELECT * FROM `lsgoweb_blog_article_tag`  [ RunTime:0.0010s ]
INFO: [ view_parse ] --START--
INFO: [ template_filter ] --START--
INFO: Run Behavior\ContentReplaceBehavior [ RunTime:0.000000s ]
INFO: [ template_filter ] --END-- [ RunTime:0.000000s ]
NOTIC: [8] Undefined variable: menu D:\WWW\lsgo\Runtime\Cache\Blog\75c02f746fdaa0392370296018cff839.php 第 39 行.
SQL: SHOW COLUMNS FROM `lsgoweb_ucenter_member` [ RunTime:0.0080s ]
SQL: SHOW COLUMNS FROM `lsgoweb_picture` [ RunTime:0.0080s ]
SQL: SELECT `id`,`head_picture_id`,`username` FROM `lsgoweb_ucenter_member` WHERE `id` = null LIMIT 1   [ RunTime:0.0000s ]
SQL: SELECT `path` FROM `lsgoweb_picture` WHERE `id` = null LIMIT 1   [ RunTime:0.0000s ]
NOTIC: [8] Use of undefined constant art - assumed 'art' D:\WWW\lsgo\Runtime\Cache\Blog\75c02f746fdaa0392370296018cff839.php 第 102 行.
NOTIC: [8] Undefined index: username D:\WWW\lsgo\Runtime\Cache\Blog\75c02f746fdaa0392370296018cff839.php 第 120 行.
NOTIC: [8] Undefined index:    D:\WWW\lsgo\Runtime\Cache\Blog\75c02f746fdaa0392370296018cff839.php 第 114 行.
NOTIC: [8] Undefined index: username D:\WWW\lsgo\Runtime\Cache\Blog\75c02f746fdaa0392370296018cff839.php 第 120 行.
NOTIC: [8] Undefined index: username D:\WWW\lsgo\Runtime\Cache\Blog\75c02f746fdaa0392370296018cff839.php 第 120 行.
NOTIC: [8] Undefined index: username D:\WWW\lsgo\Runtime\Cache\Blog\75c02f746fdaa0392370296018cff839.php 第 120 行.
NOTIC: [8] Undefined index: username D:\WWW\lsgo\Runtime\Cache\Blog\75c02f746fdaa0392370296018cff839.php 第 120 行.
NOTIC: [8] Undefined index: username D:\WWW\lsgo\Runtime\Cache\Blog\75c02f746fdaa0392370296018cff839.php 第 120 行.
NOTIC: [8] Undefined index: username D:\WWW\lsgo\Runtime\Cache\Blog\75c02f746fdaa0392370296018cff839.php 第 120 行.
NOTIC: [8] Undefined index: username D:\WWW\lsgo\Runtime\Cache\Blog\75c02f746fdaa0392370296018cff839.php 第 120 行.
NOTIC: [8] Undefined index: username D:\WWW\lsgo\Runtime\Cache\Blog\75c02f746fdaa0392370296018cff839.php 第 120 行.
NOTIC: [8] Undefined index: username D:\WWW\lsgo\Runtime\Cache\Blog\75c02f746fdaa0392370296018cff839.php 第 120 行.
NOTIC: [2] date() expects parameter 2 to be long, string given D:\WWW\lsgo\Runtime\Cache\Blog\75c02f746fdaa0392370296018cff839.php 第 123 行.
NOTIC: [8] Use of undefined constant art - assumed 'art' D:\WWW\lsgo\Runtime\Cache\Blog\75c02f746fdaa0392370296018cff839.php 第 191 行.
INFO: Run Behavior\ParseTemplateBehavior [ RunTime:0.033002s ]
INFO: [ view_parse ] --END-- [ RunTime:0.033002s ]
INFO: [ view_filter ] --START--
INFO: Run Behavior\WriteHtmlCacheBehavior [ RunTime:0.000000s ]
INFO: [ view_filter ] --END-- [ RunTime:0.000000s ]
INFO: [ app_end ] --START--
INFO: Run Behavior\ShowPageTraceBehavior [ RunTime:0.001000s ]
INFO: [ app_end ] --END-- [ RunTime:0.001000s ]

[ 2015-11-04T21:49:24+08:00 ] ::1 /lsgo/index.php/Blog/Index/search/type/user
INFO: [ app_init ] --START--
INFO: Run Behavior\BuildLiteBehavior [ RunTime:0.001000s ]
INFO: Run Common\Behavior\InitHookBehavior [ RunTime:0.001000s ]
INFO: [ app_init ] --END-- [ RunTime:0.002000s ]
INFO: [ app_begin ] --START--
INFO: Run Behavior\ReadHtmlCacheBehavior [ RunTime:0.000000s ]
INFO: [ app_begin ] --END-- [ RunTime:0.000000s ]
NOTIC: [8] Undefined index: keyword D:\WWW\lsgo\Application\Blog\Controller\IndexController.class.php 第 174 行.
SQL: SHOW COLUMNS FROM `lsgoweb_document` [ RunTime:0.0080s ]
SQL: SHOW COLUMNS FROM `lsgoweb_ucenter_member` [ RunTime:0.0080s ]
SQL: SELECT * FROM `lsgoweb_ucenter_member` WHERE `username` LIKE '%%'  [ RunTime:0.0010s ]
SQL: SHOW COLUMNS FROM `lsgoweb_blog_article_tag` [ RunTime:0.0080s ]
SQL: SELECT * FROM `lsgoweb_blog_article_tag`  [ RunTime:0.0000s ]
INFO: [ view_parse ] --START--
INFO: [ template_filter ] --START--
INFO: Run Behavior\ContentReplaceBehavior [ RunTime:0.000000s ]
INFO: [ template_filter ] --END-- [ RunTime:0.000000s ]
NOTIC: [8] Undefined variable: menu D:\WWW\lsgo\Runtime\Cache\Blog\75c02f746fdaa0392370296018cff839.php 第 39 行.
SQL: SHOW COLUMNS FROM `lsgoweb_ucenter_member` [ RunTime:0.0080s ]
SQL: SHOW COLUMNS FROM `lsgoweb_picture` [ RunTime:0.0090s ]
SQL: SELECT `id`,`head_picture_id`,`username` FROM `lsgoweb_ucenter_member` WHERE `id` = null LIMIT 1   [ RunTime:0.0010s ]
SQL: SELECT `path` FROM `lsgoweb_picture` WHERE `id` = null LIMIT 1   [ RunTime:0.0000s ]
NOTIC: [8] Use of undefined constant art - assumed 'art' D:\WWW\lsgo\Runtime\Cache\Blog\75c02f746fdaa0392370296018cff839.php 第 102 行.
NOTIC: [8] Use of undefined constant art - assumed 'art' D:\WWW\lsgo\Runtime\Cache\Blog\75c02f746fdaa0392370296018cff839.php 第 191 行.
INFO: Run Behavior\ParseTemplateBehavior [ RunTime:0.034002s ]
INFO: [ view_parse ] --END-- [ RunTime:0.034002s ]
INFO: [ view_filter ] --START--
INFO: Run Behavior\WriteHtmlCacheBehavior [ RunTime:0.001000s ]
INFO: [ view_filter ] --END-- [ RunTime:0.001000s ]
INFO: [ app_end ] --START--
INFO: Run Behavior\ShowPageTraceBehavior [ RunTime:0.000000s ]
INFO: [ app_end ] --END-- [ RunTime:0.000000s ]

[ 2015-11-04T21:49:25+08:00 ] ::1 /lsgo/index.php/Blog/Index/search/type/article
INFO: [ app_init ] --START--
INFO: Run Behavior\BuildLiteBehavior [ RunTime:0.000000s ]
INFO: Run Common\Behavior\InitHookBehavior [ RunTime:0.004000s ]
INFO: [ app_init ] --END-- [ RunTime:0.004000s ]
INFO: [ app_begin ] --START--
INFO: Run Behavior\ReadHtmlCacheBehavior [ RunTime:0.001000s ]
INFO: [ app_begin ] --END-- [ RunTime:0.001000s ]
NOTIC: [8] Undefined index: keyword D:\WWW\lsgo\Application\Blog\Controller\IndexController.class.php 第 174 行.
SQL: SHOW COLUMNS FROM `lsgoweb_document` [ RunTime:0.0080s ]
SQL: SHOW COLUMNS FROM `lsgoweb_ucenter_member` [ RunTime:0.0070s ]
NOTIC: [8] Undefined index: order D:\WWW\lsgo\Application\Blog\Controller\IndexController.class.php 第 180 行.
SQL: SELECT * FROM `lsgoweb_document` WHERE `title` LIKE '%%' ORDER BY view DESC  [ RunTime:0.0000s ]
SQL: SHOW COLUMNS FROM `lsgoweb_blog_article_tag` [ RunTime:0.0080s ]
SQL: SELECT * FROM `lsgoweb_blog_article_tag`  [ RunTime:0.0000s ]
INFO: [ view_parse ] --START--
INFO: [ template_filter ] --START--
INFO: Run Behavior\ContentReplaceBehavior [ RunTime:0.000000s ]
INFO: [ template_filter ] --END-- [ RunTime:0.000000s ]
NOTIC: [8] Undefined variable: menu D:\WWW\lsgo\Runtime\Cache\Blog\75c02f746fdaa0392370296018cff839.php 第 39 行.
SQL: SHOW COLUMNS FROM `lsgoweb_ucenter_member` [ RunTime:0.0090s ]
SQL: SHOW COLUMNS FROM `lsgoweb_picture` [ RunTime:0.0070s ]
SQL: SELECT `id`,`head_picture_id`,`username` FROM `lsgoweb_ucenter_member` WHERE `id` = null LIMIT 1   [ RunTime:0.0000s ]
SQL: SELECT `path` FROM `lsgoweb_picture` WHERE `id` = null LIMIT 1   [ RunTime:0.0000s ]
NOTIC: [8] Use of undefined constant art - assumed 'art' D:\WWW\lsgo\Runtime\Cache\Blog\75c02f746fdaa0392370296018cff839.php 第 102 行.
NOTIC: [8] Undefined index: username D:\WWW\lsgo\Runtime\Cache\Blog\75c02f746fdaa0392370296018cff839.php 第 120 行.
NOTIC: [8] Undefined index:    D:\WWW\lsgo\Runtime\Cache\Blog\75c02f746fdaa0392370296018cff839.php 第 114 行.
NOTIC: [8] Undefined index: username D:\WWW\lsgo\Runtime\Cache\Blog\75c02f746fdaa0392370296018cff839.php 第 120 行.
NOTIC: [8] Undefined index: username D:\WWW\lsgo\Runtime\Cache\Blog\75c02f746fdaa0392370296018cff839.php 第 120 行.
NOTIC: [8] Undefined index: username D:\WWW\lsgo\Runtime\Cache\Blog\75c02f746fdaa0392370296018cff839.php 第 120 行.
NOTIC: [8] Undefined index: username D:\WWW\lsgo\Runtime\Cache\Blog\75c02f746fdaa0392370296018cff839.php 第 120 行.
NOTIC: [8] Undefined index: username D:\WWW\lsgo\Runtime\Cache\Blog\75c02f746fdaa0392370296018cff839.php 第 120 行.
NOTIC: [8] Undefined index: username D:\WWW\lsgo\Runtime\Cache\Blog\75c02f746fdaa0392370296018cff839.php 第 120 行.
NOTIC: [8] Undefined index: username D:\WWW\lsgo\Runtime\Cache\Blog\75c02f746fdaa0392370296018cff839.php 第 120 行.
NOTIC: [8] Undefined index: username D:\WWW\lsgo\Runtime\Cache\Blog\75c02f746fdaa0392370296018cff839.php 第 120 行.
NOTIC: [8] Undefined index: username D:\WWW\lsgo\Runtime\Cache\Blog\75c02f746fdaa0392370296018cff839.php 第 120 行.
NOTIC: [2] date() expects parameter 2 to be long, string given D:\WWW\lsgo\Runtime\Cache\Blog\75c02f746fdaa0392370296018cff839.php 第 123 行.
NOTIC: [8] Use of undefined constant art - assumed 'art' D:\WWW\lsgo\Runtime\Cache\Blog\75c02f746fdaa0392370296018cff839.php 第 191 行.
INFO: Run Behavior\ParseTemplateBehavior [ RunTime:0.033002s ]
INFO: [ view_parse ] --END-- [ RunTime:0.034002s ]
INFO: [ view_filter ] --START--
INFO: Run Behavior\WriteHtmlCacheBehavior [ RunTime:0.000000s ]
INFO: [ view_filter ] --END-- [ RunTime:0.000000s ]
INFO: [ app_end ] --START--
INFO: Run Behavior\ShowPageTraceBehavior [ RunTime:0.001001s ]
INFO: [ app_end ] --END-- [ RunTime:0.001001s ]

[ 2015-11-04T21:49:26+08:00 ] ::1 /lsgo/index.php/Blog/Index/search/type/user
INFO: [ app_init ] --START--
INFO: Run Behavior\BuildLiteBehavior [ RunTime:0.000000s ]
INFO: Run Common\Behavior\InitHookBehavior [ RunTime:0.002000s ]
INFO: [ app_init ] --END-- [ RunTime:0.003000s ]
INFO: [ app_begin ] --START--
INFO: Run Behavior\ReadHtmlCacheBehavior [ RunTime:0.000000s ]
INFO: [ app_begin ] --END-- [ RunTime:0.000000s ]
NOTIC: [8] Undefined index: keyword D:\WWW\lsgo\Application\Blog\Controller\IndexController.class.php 第 174 行.
SQL: SHOW COLUMNS FROM `lsgoweb_document` [ RunTime:0.0110s ]
SQL: SHOW COLUMNS FROM `lsgoweb_ucenter_member` [ RunTime:0.0100s ]
SQL: SELECT * FROM `lsgoweb_ucenter_member` WHERE `username` LIKE '%%'  [ RunTime:0.0000s ]
SQL: SHOW COLUMNS FROM `lsgoweb_blog_article_tag` [ RunTime:0.0110s ]
SQL: SELECT * FROM `lsgoweb_blog_article_tag`  [ RunTime:0.0010s ]
INFO: [ view_parse ] --START--
INFO: [ template_filter ] --START--
INFO: Run Behavior\ContentReplaceBehavior [ RunTime:0.000000s ]
INFO: [ template_filter ] --END-- [ RunTime:0.000000s ]
NOTIC: [8] Undefined variable: menu D:\WWW\lsgo\Runtime\Cache\Blog\75c02f746fdaa0392370296018cff839.php 第 39 行.
SQL: SHOW COLUMNS FROM `lsgoweb_ucenter_member` [ RunTime:0.0100s ]
SQL: SHOW COLUMNS FROM `lsgoweb_picture` [ RunTime:0.0100s ]
SQL: SELECT `id`,`head_picture_id`,`username` FROM `lsgoweb_ucenter_member` WHERE `id` = null LIMIT 1   [ RunTime:0.0010s ]
SQL: SELECT `path` FROM `lsgoweb_picture` WHERE `id` = null LIMIT 1   [ RunTime:0.0000s ]
NOTIC: [8] Use of undefined constant art - assumed 'art' D:\WWW\lsgo\Runtime\Cache\Blog\75c02f746fdaa0392370296018cff839.php 第 102 行.
NOTIC: [8] Use of undefined constant art - assumed 'art' D:\WWW\lsgo\Runtime\Cache\Blog\75c02f746fdaa0392370296018cff839.php 第 191 行.
INFO: Run Behavior\ParseTemplateBehavior [ RunTime:0.042003s ]
INFO: [ view_parse ] --END-- [ RunTime:0.042003s ]
INFO: [ view_filter ] --START--
INFO: Run Behavior\WriteHtmlCacheBehavior [ RunTime:0.001000s ]
INFO: [ view_filter ] --END-- [ RunTime:0.001000s ]
INFO: [ app_end ] --START--
INFO: Run Behavior\ShowPageTraceBehavior [ RunTime:0.001000s ]
INFO: [ app_end ] --END-- [ RunTime:0.001000s ]

[ 2015-11-04T21:49:27+08:00 ] ::1 /lsgo/index.php/Blog/Index/search/type/article
INFO: [ app_init ] --START--
INFO: Run Behavior\BuildLiteBehavior [ RunTime:0.000000s ]
INFO: Run Common\Behavior\InitHookBehavior [ RunTime:0.003000s ]
INFO: [ app_init ] --END-- [ RunTime:0.005000s ]
INFO: [ app_begin ] --START--
INFO: Run Behavior\ReadHtmlCacheBehavior [ RunTime:0.001000s ]
INFO: [ app_begin ] --END-- [ RunTime:0.001000s ]
NOTIC: [8] Undefined index: keyword D:\WWW\lsgo\Application\Blog\Controller\IndexController.class.php 第 174 行.
SQL: SHOW COLUMNS FROM `lsgoweb_document` [ RunTime:0.0080s ]
SQL: SHOW COLUMNS FROM `lsgoweb_ucenter_member` [ RunTime:0.0080s ]
NOTIC: [8] Undefined index: order D:\WWW\lsgo\Application\Blog\Controller\IndexController.class.php 第 180 行.
SQL: SELECT * FROM `lsgoweb_document` WHERE `title` LIKE '%%' ORDER BY view DESC  [ RunTime:0.0010s ]
SQL: SHOW COLUMNS FROM `lsgoweb_blog_article_tag` [ RunTime:0.0080s ]
SQL: SELECT * FROM `lsgoweb_blog_article_tag`  [ RunTime:0.0000s ]
INFO: [ view_parse ] --START--
INFO: [ template_filter ] --START--
INFO: Run Behavior\ContentReplaceBehavior [ RunTime:0.000000s ]
INFO: [ template_filter ] --END-- [ RunTime:0.000000s ]
NOTIC: [8] Undefined variable: menu D:\WWW\lsgo\Runtime\Cache\Blog\75c02f746fdaa0392370296018cff839.php 第 39 行.
SQL: SHOW COLUMNS FROM `lsgoweb_ucenter_member` [ RunTime:0.0070s ]
SQL: SHOW COLUMNS FROM `lsgoweb_picture` [ RunTime:0.0080s ]
SQL: SELECT `id`,`head_picture_id`,`username` FROM `lsgoweb_ucenter_member` WHERE `id` = null LIMIT 1   [ RunTime:0.0000s ]
SQL: SELECT `path` FROM `lsgoweb_picture` WHERE `id` = null LIMIT 1   [ RunTime:0.0000s ]
NOTIC: [8] Use of undefined constant art - assumed 'art' D:\WWW\lsgo\Runtime\Cache\Blog\75c02f746fdaa0392370296018cff839.php 第 102 行.
NOTIC: [8] Undefined index: username D:\WWW\lsgo\Runtime\Cache\Blog\75c02f746fdaa0392370296018cff839.php 第 120 行.
NOTIC: [8] Undefined index:    D:\WWW\lsgo\Runtime\Cache\Blog\75c02f746fdaa0392370296018cff839.php 第 114 行.
NOTIC: [8] Undefined index: username D:\WWW\lsgo\Runtime\Cache\Blog\75c02f746fdaa0392370296018cff839.php 第 120 行.
NOTIC: [8] Undefined index: username D:\WWW\lsgo\Runtime\Cache\Blog\75c02f746fdaa0392370296018cff839.php 第 120 行.
NOTIC: [8] Undefined index: username D:\WWW\lsgo\Runtime\Cache\Blog\75c02f746fdaa0392370296018cff839.php 第 120 行.
NOTIC: [8] Undefined index: username D:\WWW\lsgo\Runtime\Cache\Blog\75c02f746fdaa0392370296018cff839.php 第 120 行.
NOTIC: [8] Undefined index: username D:\WWW\lsgo\Runtime\Cache\Blog\75c02f746fdaa0392370296018cff839.php 第 120 行.
NOTIC: [8] Undefined index: username D:\WWW\lsgo\Runtime\Cache\Blog\75c02f746fdaa0392370296018cff839.php 第 120 行.
NOTIC: [8] Undefined index: username D:\WWW\lsgo\Runtime\Cache\Blog\75c02f746fdaa0392370296018cff839.php 第 120 行.
NOTIC: [8] Undefined index: username D:\WWW\lsgo\Runtime\Cache\Blog\75c02f746fdaa0392370296018cff839.php 第 120 行.
NOTIC: [8] Undefined index: username D:\WWW\lsgo\Runtime\Cache\Blog\75c02f746fdaa0392370296018cff839.php 第 120 行.
NOTIC: [2] date() expects parameter 2 to be long, string given D:\WWW\lsgo\Runtime\Cache\Blog\75c02f746fdaa0392370296018cff839.php 第 123 行.
NOTIC: [8] Use of undefined constant art - assumed 'art' D:\WWW\lsgo\Runtime\Cache\Blog\75c02f746fdaa0392370296018cff839.php 第 191 行.
INFO: Run Behavior\ParseTemplateBehavior [ RunTime:0.031002s ]
INFO: [ view_parse ] --END-- [ RunTime:0.031002s ]
INFO: [ view_filter ] --START--
INFO: Run Behavior\WriteHtmlCacheBehavior [ RunTime:0.001000s ]
INFO: [ view_filter ] --END-- [ RunTime:0.001000s ]
INFO: [ app_end ] --START--
INFO: Run Behavior\ShowPageTraceBehavior [ RunTime:0.001000s ]
INFO: [ app_end ] --END-- [ RunTime:0.001000s ]

[ 2015-11-04T21:49:28+08:00 ] ::1 /lsgo/index.php/Blog/Index/search/type/user
INFO: [ app_init ] --START--
INFO: Run Behavior\BuildLiteBehavior [ RunTime:0.000000s ]
INFO: Run Common\Behavior\InitHookBehavior [ RunTime:0.002000s ]
INFO: [ app_init ] --END-- [ RunTime:0.002000s ]
INFO: [ app_begin ] --START--
INFO: Run Behavior\ReadHtmlCacheBehavior [ RunTime:0.001000s ]
INFO: [ app_begin ] --END-- [ RunTime:0.001000s ]
NOTIC: [8] Undefined index: keyword D:\WWW\lsgo\Application\Blog\Controller\IndexController.class.php 第 174 行.
SQL: SHOW COLUMNS FROM `lsgoweb_document` [ RunTime:0.0090s ]
SQL: SHOW COLUMNS FROM `lsgoweb_ucenter_member` [ RunTime:0.0080s ]
SQL: SELECT * FROM `lsgoweb_ucenter_member` WHERE `username` LIKE '%%'  [ RunTime:0.0010s ]
SQL: SHOW COLUMNS FROM `lsgoweb_blog_article_tag` [ RunTime:0.0080s ]
SQL: SELECT * FROM `lsgoweb_blog_article_tag`  [ RunTime:0.0010s ]
INFO: [ view_parse ] --START--
INFO: [ template_filter ] --START--
INFO: Run Behavior\ContentReplaceBehavior [ RunTime:0.000000s ]
INFO: [ template_filter ] --END-- [ RunTime:0.000000s ]
NOTIC: [8] Undefined variable: menu D:\WWW\lsgo\Runtime\Cache\Blog\75c02f746fdaa0392370296018cff839.php 第 39 行.
SQL: SHOW COLUMNS FROM `lsgoweb_ucenter_member` [ RunTime:0.0080s ]
SQL: SHOW COLUMNS FROM `lsgoweb_picture` [ RunTime:0.0080s ]
SQL: SELECT `id`,`head_picture_id`,`username` FROM `lsgoweb_ucenter_member` WHERE `id` = null LIMIT 1   [ RunTime:0.0000s ]
SQL: SELECT `path` FROM `lsgoweb_picture` WHERE `id` = null LIMIT 1   [ RunTime:0.0010s ]
NOTIC: [8] Use of undefined constant art - assumed 'art' D:\WWW\lsgo\Runtime\Cache\Blog\75c02f746fdaa0392370296018cff839.php 第 102 行.
NOTIC: [8] Use of undefined constant art - assumed 'art' D:\WWW\lsgo\Runtime\Cache\Blog\75c02f746fdaa0392370296018cff839.php 第 191 行.
INFO: Run Behavior\ParseTemplateBehavior [ RunTime:0.032002s ]
INFO: [ view_parse ] --END-- [ RunTime:0.032002s ]
INFO: [ view_filter ] --START--
INFO: Run Behavior\WriteHtmlCacheBehavior [ RunTime:0.000000s ]
INFO: [ view_filter ] --END-- [ RunTime:0.000000s ]
INFO: [ app_end ] --START--
INFO: Run Behavior\ShowPageTraceBehavior [ RunTime:0.001000s ]
INFO: [ app_end ] --END-- [ RunTime:0.001000s ]

[ 2015-11-04T21:49:31+08:00 ] ::1 /lsgo/index.php/Blog/Index/search/type/article
INFO: [ app_init ] --START--
INFO: Run Behavior\BuildLiteBehavior [ RunTime:0.000000s ]
INFO: Run Common\Behavior\InitHookBehavior [ RunTime:0.004000s ]
INFO: [ app_init ] --END-- [ RunTime:0.004000s ]
INFO: [ app_begin ] --START--
INFO: Run Behavior\ReadHtmlCacheBehavior [ RunTime:0.001001s ]
INFO: [ app_begin ] --END-- [ RunTime:0.001001s ]
NOTIC: [8] Undefined index: keyword D:\WWW\lsgo\Application\Blog\Controller\IndexController.class.php 第 174 行.
SQL: SHOW COLUMNS FROM `lsgoweb_document` [ RunTime:0.0140s ]
SQL: SHOW COLUMNS FROM `lsgoweb_ucenter_member` [ RunTime:0.0080s ]
NOTIC: [8] Undefined index: order D:\WWW\lsgo\Application\Blog\Controller\IndexController.class.php 第 180 行.
SQL: SELECT * FROM `lsgoweb_document` WHERE `title` LIKE '%%' ORDER BY view DESC  [ RunTime:0.0010s ]
SQL: SHOW COLUMNS FROM `lsgoweb_blog_article_tag` [ RunTime:0.0080s ]
SQL: SELECT * FROM `lsgoweb_blog_article_tag`  [ RunTime:0.0010s ]
INFO: [ view_parse ] --START--
INFO: [ template_filter ] --START--
INFO: Run Behavior\ContentReplaceBehavior [ RunTime:0.001000s ]
INFO: [ template_filter ] --END-- [ RunTime:0.001000s ]
NOTIC: [8] Undefined variable: menu D:\WWW\lsgo\Runtime\Cache\Blog\75c02f746fdaa0392370296018cff839.php 第 39 行.
SQL: SHOW COLUMNS FROM `lsgoweb_ucenter_member` [ RunTime:0.0080s ]
SQL: SHOW COLUMNS FROM `lsgoweb_picture` [ RunTime:0.0080s ]
SQL: SELECT `id`,`head_picture_id`,`username` FROM `lsgoweb_ucenter_member` WHERE `id` = null LIMIT 1   [ RunTime:0.0010s ]
SQL: SELECT `path` FROM `lsgoweb_picture` WHERE `id` = null LIMIT 1   [ RunTime:0.0000s ]
NOTIC: [8] Use of undefined constant art - assumed 'art' D:\WWW\lsgo\Runtime\Cache\Blog\75c02f746fdaa0392370296018cff839.php 第 102 行.
NOTIC: [8] Undefined index: username D:\WWW\lsgo\Runtime\Cache\Blog\75c02f746fdaa0392370296018cff839.php 第 120 行.
NOTIC: [8] Undefined index:    D:\WWW\lsgo\Runtime\Cache\Blog\75c02f746fdaa0392370296018cff839.php 第 114 行.
NOTIC: [8] Undefined index: username D:\WWW\lsgo\Runtime\Cache\Blog\75c02f746fdaa0392370296018cff839.php 第 120 行.
NOTIC: [8] Undefined index: username D:\WWW\lsgo\Runtime\Cache\Blog\75c02f746fdaa0392370296018cff839.php 第 120 行.
NOTIC: [8] Undefined index: username D:\WWW\lsgo\Runtime\Cache\Blog\75c02f746fdaa0392370296018cff839.php 第 120 行.
NOTIC: [8] Undefined index: username D:\WWW\lsgo\Runtime\Cache\Blog\75c02f746fdaa0392370296018cff839.php 第 120 行.
NOTIC: [8] Undefined index: username D:\WWW\lsgo\Runtime\Cache\Blog\75c02f746fdaa0392370296018cff839.php 第 120 行.
NOTIC: [8] Undefined index: username D:\WWW\lsgo\Runtime\Cache\Blog\75c02f746fdaa0392370296018cff839.php 第 120 行.
NOTIC: [8] Undefined index: username D:\WWW\lsgo\Runtime\Cache\Blog\75c02f746fdaa0392370296018cff839.php 第 120 行.
NOTIC: [8] Undefined index: username D:\WWW\lsgo\Runtime\Cache\Blog\75c02f746fdaa0392370296018cff839.php 第 120 行.
NOTIC: [8] Undefined index: username D:\WWW\lsgo\Runtime\Cache\Blog\75c02f746fdaa0392370296018cff839.php 第 120 行.
NOTIC: [2] date() expects parameter 2 to be long, string given D:\WWW\lsgo\Runtime\Cache\Blog\75c02f746fdaa0392370296018cff839.php 第 123 行.
NOTIC: [8] Use of undefined constant art - assumed 'art' D:\WWW\lsgo\Runtime\Cache\Blog\75c02f746fdaa0392370296018cff839.php 第 191 行.
INFO: Run Behavior\ParseTemplateBehavior [ RunTime:0.033002s ]
INFO: [ view_parse ] --END-- [ RunTime:0.033002s ]
INFO: [ view_filter ] --START--
INFO: Run Behavior\WriteHtmlCacheBehavior [ RunTime:0.001000s ]
INFO: [ view_filter ] --END-- [ RunTime:0.001000s ]
INFO: [ app_end ] --START--
INFO: Run Behavior\ShowPageTraceBehavior [ RunTime:0.001000s ]
INFO: [ app_end ] --END-- [ RunTime:0.001000s ]

[ 2015-11-04T21:49:36+08:00 ] ::1 /lsgo/index.php/Blog/Index/search
INFO: [ app_init ] --START--
INFO: Run Behavior\BuildLiteBehavior [ RunTime:0.000000s ]
INFO: Run Common\Behavior\InitHookBehavior [ RunTime:0.002000s ]
INFO: [ app_init ] --END-- [ RunTime:0.002000s ]
INFO: [ app_begin ] --START--
INFO: Run Behavior\ReadHtmlCacheBehavior [ RunTime:0.001000s ]
INFO: [ app_begin ] --END-- [ RunTime:0.001000s ]
NOTIC: [8] Undefined index: keyword D:\WWW\lsgo\Application\Blog\Controller\IndexController.class.php 第 174 行.
NOTIC: [8] Undefined index: type D:\WWW\lsgo\Application\Blog\Controller\IndexController.class.php 第 175 行.
SQL: SHOW COLUMNS FROM `lsgoweb_document` [ RunTime:0.0090s ]
SQL: SHOW COLUMNS FROM `lsgoweb_ucenter_member` [ RunTime:0.0080s ]
NOTIC: [8] Undefined index: order D:\WWW\lsgo\Application\Blog\Controller\IndexController.class.php 第 180 行.
SQL: SELECT * FROM `lsgoweb_document` WHERE `title` LIKE '%%' ORDER BY view DESC  [ RunTime:0.0010s ]
SQL: SHOW COLUMNS FROM `lsgoweb_blog_article_tag` [ RunTime:0.0070s ]
SQL: SELECT * FROM `lsgoweb_blog_article_tag`  [ RunTime:0.0000s ]
INFO: [ view_parse ] --START--
INFO: [ template_filter ] --START--
INFO: Run Behavior\ContentReplaceBehavior [ RunTime:0.001000s ]
INFO: [ template_filter ] --END-- [ RunTime:0.001000s ]
NOTIC: [8] Undefined variable: menu D:\WWW\lsgo\Runtime\Cache\Blog\75c02f746fdaa0392370296018cff839.php 第 39 行.
SQL: SHOW COLUMNS FROM `lsgoweb_ucenter_member` [ RunTime:0.0080s ]
SQL: SHOW COLUMNS FROM `lsgoweb_picture` [ RunTime:0.0080s ]
SQL: SELECT `id`,`head_picture_id`,`username` FROM `lsgoweb_ucenter_member` WHERE `id` = null LIMIT 1   [ RunTime:0.0010s ]
SQL: SELECT `path` FROM `lsgoweb_picture` WHERE `id` = null LIMIT 1   [ RunTime:0.0000s ]
NOTIC: [8] Use of undefined constant art - assumed 'art' D:\WWW\lsgo\Runtime\Cache\Blog\75c02f746fdaa0392370296018cff839.php 第 102 行.
NOTIC: [8] Undefined index: username D:\WWW\lsgo\Runtime\Cache\Blog\75c02f746fdaa0392370296018cff839.php 第 120 行.
NOTIC: [8] Undefined index:    D:\WWW\lsgo\Runtime\Cache\Blog\75c02f746fdaa0392370296018cff839.php 第 114 行.
NOTIC: [8] Undefined index: username D:\WWW\lsgo\Runtime\Cache\Blog\75c02f746fdaa0392370296018cff839.php 第 120 行.
NOTIC: [8] Undefined index: username D:\WWW\lsgo\Runtime\Cache\Blog\75c02f746fdaa0392370296018cff839.php 第 120 行.
NOTIC: [8] Undefined index: username D:\WWW\lsgo\Runtime\Cache\Blog\75c02f746fdaa0392370296018cff839.php 第 120 行.
NOTIC: [8] Undefined index: username D:\WWW\lsgo\Runtime\Cache\Blog\75c02f746fdaa0392370296018cff839.php 第 120 行.
NOTIC: [8] Undefined index: username D:\WWW\lsgo\Runtime\Cache\Blog\75c02f746fdaa0392370296018cff839.php 第 120 行.
NOTIC: [8] Undefined index: username D:\WWW\lsgo\Runtime\Cache\Blog\75c02f746fdaa0392370296018cff839.php 第 120 行.
NOTIC: [8] Undefined index: username D:\WWW\lsgo\Runtime\Cache\Blog\75c02f746fdaa0392370296018cff839.php 第 120 行.
NOTIC: [8] Undefined index: username D:\WWW\lsgo\Runtime\Cache\Blog\75c02f746fdaa0392370296018cff839.php 第 120 行.
NOTIC: [8] Undefined index: username D:\WWW\lsgo\Runtime\Cache\Blog\75c02f746fdaa0392370296018cff839.php 第 120 行.
NOTIC: [2] date() expects parameter 2 to be long, string given D:\WWW\lsgo\Runtime\Cache\Blog\75c02f746fdaa0392370296018cff839.php 第 123 行.
NOTIC: [8] Use of undefined constant art - assumed 'art' D:\WWW\lsgo\Runtime\Cache\Blog\75c02f746fdaa0392370296018cff839.php 第 191 行.
INFO: Run Behavior\ParseTemplateBehavior [ RunTime:0.033001s ]
INFO: [ view_parse ] --END-- [ RunTime:0.033001s ]
INFO: [ view_filter ] --START--
INFO: Run Behavior\WriteHtmlCacheBehavior [ RunTime:0.000000s ]
INFO: [ view_filter ] --END-- [ RunTime:0.000000s ]
INFO: [ app_end ] --START--
INFO: Run Behavior\ShowPageTraceBehavior [ RunTime:0.000000s ]
INFO: [ app_end ] --END-- [ RunTime:0.001001s ]

[ 2015-11-04T21:49:37+08:00 ] ::1 /lsgo/index.php/Blog/Index/search
INFO: [ app_init ] --START--
INFO: Run Behavior\BuildLiteBehavior [ RunTime:0.000000s ]
INFO: Run Common\Behavior\InitHookBehavior [ RunTime:0.003000s ]
INFO: [ app_init ] --END-- [ RunTime:0.003000s ]
INFO: [ app_begin ] --START--
INFO: Run Behavior\ReadHtmlCacheBehavior [ RunTime:0.001000s ]
INFO: [ app_begin ] --END-- [ RunTime:0.001000s ]
NOTIC: [8] Undefined index: keyword D:\WWW\lsgo\Application\Blog\Controller\IndexController.class.php 第 174 行.
NOTIC: [8] Undefined index: type D:\WWW\lsgo\Application\Blog\Controller\IndexController.class.php 第 175 行.
SQL: SHOW COLUMNS FROM `lsgoweb_document` [ RunTime:0.0090s ]
SQL: SHOW COLUMNS FROM `lsgoweb_ucenter_member` [ RunTime:0.0080s ]
NOTIC: [8] Undefined index: order D:\WWW\lsgo\Application\Blog\Controller\IndexController.class.php 第 180 行.
SQL: SELECT * FROM `lsgoweb_document` WHERE `title` LIKE '%%' ORDER BY view DESC  [ RunTime:0.0010s ]
SQL: SHOW COLUMNS FROM `lsgoweb_blog_article_tag` [ RunTime:0.0080s ]
SQL: SELECT * FROM `lsgoweb_blog_article_tag`  [ RunTime:0.0010s ]
INFO: [ view_parse ] --START--
INFO: [ template_filter ] --START--
INFO: Run Behavior\ContentReplaceBehavior [ RunTime:0.001000s ]
INFO: [ template_filter ] --END-- [ RunTime:0.001000s ]
NOTIC: [8] Undefined variable: menu D:\WWW\lsgo\Runtime\Cache\Blog\75c02f746fdaa0392370296018cff839.php 第 39 行.
SQL: SHOW COLUMNS FROM `lsgoweb_ucenter_member` [ RunTime:0.0080s ]
SQL: SHOW COLUMNS FROM `lsgoweb_picture` [ RunTime:0.0080s ]
SQL: SELECT `id`,`head_picture_id`,`username` FROM `lsgoweb_ucenter_member` WHERE `id` = null LIMIT 1   [ RunTime:0.0010s ]
SQL: SELECT `path` FROM `lsgoweb_picture` WHERE `id` = null LIMIT 1   [ RunTime:0.0000s ]
NOTIC: [8] Use of undefined constant art - assumed 'art' D:\WWW\lsgo\Runtime\Cache\Blog\75c02f746fdaa0392370296018cff839.php 第 102 行.
NOTIC: [8] Undefined index: username D:\WWW\lsgo\Runtime\Cache\Blog\75c02f746fdaa0392370296018cff839.php 第 120 行.
NOTIC: [8] Undefined index:    D:\WWW\lsgo\Runtime\Cache\Blog\75c02f746fdaa0392370296018cff839.php 第 114 行.
NOTIC: [8] Undefined index: username D:\WWW\lsgo\Runtime\Cache\Blog\75c02f746fdaa0392370296018cff839.php 第 120 行.
NOTIC: [8] Undefined index: username D:\WWW\lsgo\Runtime\Cache\Blog\75c02f746fdaa0392370296018cff839.php 第 120 行.
NOTIC: [8] Undefined index: username D:\WWW\lsgo\Runtime\Cache\Blog\75c02f746fdaa0392370296018cff839.php 第 120 行.
NOTIC: [8] Undefined index: username D:\WWW\lsgo\Runtime\Cache\Blog\75c02f746fdaa0392370296018cff839.php 第 120 行.
NOTIC: [8] Undefined index: username D:\WWW\lsgo\Runtime\Cache\Blog\75c02f746fdaa0392370296018cff839.php 第 120 行.
NOTIC: [8] Undefined index: username D:\WWW\lsgo\Runtime\Cache\Blog\75c02f746fdaa0392370296018cff839.php 第 120 行.
NOTIC: [8] Undefined index: username D:\WWW\lsgo\Runtime\Cache\Blog\75c02f746fdaa0392370296018cff839.php 第 120 行.
NOTIC: [8] Undefined index: username D:\WWW\lsgo\Runtime\Cache\Blog\75c02f746fdaa0392370296018cff839.php 第 120 行.
NOTIC: [8] Undefined index: username D:\WWW\lsgo\Runtime\Cache\Blog\75c02f746fdaa0392370296018cff839.php 第 120 行.
NOTIC: [2] date() expects parameter 2 to be long, string given D:\WWW\lsgo\Runtime\Cache\Blog\75c02f746fdaa0392370296018cff839.php 第 123 行.
NOTIC: [8] Use of undefined constant art - assumed 'art' D:\WWW\lsgo\Runtime\Cache\Blog\75c02f746fdaa0392370296018cff839.php 第 191 行.
INFO: Run Behavior\ParseTemplateBehavior [ RunTime:0.033002s ]
INFO: [ view_parse ] --END-- [ RunTime:0.033002s ]
INFO: [ view_filter ] --START--
INFO: Run Behavior\WriteHtmlCacheBehavior [ RunTime:0.000000s ]
INFO: [ view_filter ] --END-- [ RunTime:0.000000s ]
INFO: [ app_end ] --START--
INFO: Run Behavior\ShowPageTraceBehavior [ RunTime:0.000000s ]
INFO: [ app_end ] --END-- [ RunTime:0.000000s ]

[ 2015-11-04T21:49:39+08:00 ] ::1 /lsgo/index.php/Blog/Index/search/type/article/order/time
INFO: [ app_init ] --START--
INFO: Run Behavior\BuildLiteBehavior [ RunTime:0.000000s ]
INFO: Run Common\Behavior\InitHookBehavior [ RunTime:0.004000s ]
INFO: [ app_init ] --END-- [ RunTime:0.005000s ]
INFO: [ app_begin ] --START--
INFO: Run Behavior\ReadHtmlCacheBehavior [ RunTime:0.001000s ]
INFO: [ app_begin ] --END-- [ RunTime:0.001000s ]
NOTIC: [8] Undefined index: keyword D:\WWW\lsgo\Application\Blog\Controller\IndexController.class.php 第 174 行.
SQL: SHOW COLUMNS FROM `lsgoweb_document` [ RunTime:0.0090s ]
SQL: SHOW COLUMNS FROM `lsgoweb_ucenter_member` [ RunTime:0.0080s ]
SQL: SELECT * FROM `lsgoweb_document` WHERE `title` LIKE '%%' ORDER BY update_time DESC  [ RunTime:0.0000s ]
SQL: SHOW COLUMNS FROM `lsgoweb_blog_article_tag` [ RunTime:0.0090s ]
SQL: SELECT * FROM `lsgoweb_blog_article_tag`  [ RunTime:0.0000s ]
INFO: [ view_parse ] --START--
INFO: [ template_filter ] --START--
INFO: Run Behavior\ContentReplaceBehavior [ RunTime:0.000000s ]
INFO: [ template_filter ] --END-- [ RunTime:0.000000s ]
NOTIC: [8] Undefined variable: menu D:\WWW\lsgo\Runtime\Cache\Blog\75c02f746fdaa0392370296018cff839.php 第 39 行.
SQL: SHOW COLUMNS FROM `lsgoweb_ucenter_member` [ RunTime:0.0080s ]
SQL: SHOW COLUMNS FROM `lsgoweb_picture` [ RunTime:0.0080s ]
SQL: SELECT `id`,`head_picture_id`,`username` FROM `lsgoweb_ucenter_member` WHERE `id` = null LIMIT 1   [ RunTime:0.0010s ]
SQL: SELECT `path` FROM `lsgoweb_picture` WHERE `id` = null LIMIT 1   [ RunTime:0.0000s ]
NOTIC: [8] Use of undefined constant art - assumed 'art' D:\WWW\lsgo\Runtime\Cache\Blog\75c02f746fdaa0392370296018cff839.php 第 102 行.
NOTIC: [8] Undefined index: username D:\WWW\lsgo\Runtime\Cache\Blog\75c02f746fdaa0392370296018cff839.php 第 120 行.
NOTIC: [8] Undefined index: username D:\WWW\lsgo\Runtime\Cache\Blog\75c02f746fdaa0392370296018cff839.php 第 120 行.
NOTIC: [8] Undefined index: username D:\WWW\lsgo\Runtime\Cache\Blog\75c02f746fdaa0392370296018cff839.php 第 120 行.
NOTIC: [8] Undefined index: username D:\WWW\lsgo\Runtime\Cache\Blog\75c02f746fdaa0392370296018cff839.php 第 120 行.
NOTIC: [8] Undefined index: username D:\WWW\lsgo\Runtime\Cache\Blog\75c02f746fdaa0392370296018cff839.php 第 120 行.
NOTIC: [8] Undefined index: username D:\WWW\lsgo\Runtime\Cache\Blog\75c02f746fdaa0392370296018cff839.php 第 120 行.
NOTIC: [8] Undefined index: username D:\WWW\lsgo\Runtime\Cache\Blog\75c02f746fdaa0392370296018cff839.php 第 120 行.
NOTIC: [8] Undefined index: username D:\WWW\lsgo\Runtime\Cache\Blog\75c02f746fdaa0392370296018cff839.php 第 120 行.
NOTIC: [8] Undefined index: username D:\WWW\lsgo\Runtime\Cache\Blog\75c02f746fdaa0392370296018cff839.php 第 120 行.
NOTIC: [8] Undefined index:    D:\WWW\lsgo\Runtime\Cache\Blog\75c02f746fdaa0392370296018cff839.php 第 114 行.
NOTIC: [8] Undefined index: username D:\WWW\lsgo\Runtime\Cache\Blog\75c02f746fdaa0392370296018cff839.php 第 120 行.
NOTIC: [2] date() expects parameter 2 to be long, string given D:\WWW\lsgo\Runtime\Cache\Blog\75c02f746fdaa0392370296018cff839.php 第 123 行.
NOTIC: [8] Use of undefined constant art - assumed 'art' D:\WWW\lsgo\Runtime\Cache\Blog\75c02f746fdaa0392370296018cff839.php 第 191 行.
INFO: Run Behavior\ParseTemplateBehavior [ RunTime:0.032002s ]
INFO: [ view_parse ] --END-- [ RunTime:0.032002s ]
INFO: [ view_filter ] --START--
INFO: Run Behavior\WriteHtmlCacheBehavior [ RunTime:0.000000s ]
INFO: [ view_filter ] --END-- [ RunTime:0.001000s ]
INFO: [ app_end ] --START--
INFO: Run Behavior\ShowPageTraceBehavior [ RunTime:0.000000s ]
INFO: [ app_end ] --END-- [ RunTime:0.000000s ]

[ 2015-11-04T21:49:41+08:00 ] ::1 /lsgo/index.php/Blog/Index/search/type/article/order/view
INFO: [ app_init ] --START--
INFO: Run Behavior\BuildLiteBehavior [ RunTime:0.000000s ]
INFO: Run Common\Behavior\InitHookBehavior [ RunTime:0.002000s ]
INFO: [ app_init ] --END-- [ RunTime:0.002000s ]
INFO: [ app_begin ] --START--
INFO: Run Behavior\ReadHtmlCacheBehavior [ RunTime:0.000000s ]
INFO: [ app_begin ] --END-- [ RunTime:0.001000s ]
NOTIC: [8] Undefined index: keyword D:\WWW\lsgo\Application\Blog\Controller\IndexController.class.php 第 174 行.
SQL: SHOW COLUMNS FROM `lsgoweb_document` [ RunTime:0.0090s ]
SQL: SHOW COLUMNS FROM `lsgoweb_ucenter_member` [ RunTime:0.0080s ]
SQL: SELECT * FROM `lsgoweb_document` WHERE `title` LIKE '%%' ORDER BY view DESC  [ RunTime:0.0010s ]
SQL: SHOW COLUMNS FROM `lsgoweb_blog_article_tag` [ RunTime:0.0080s ]
SQL: SELECT * FROM `lsgoweb_blog_article_tag`  [ RunTime:0.0000s ]
INFO: [ view_parse ] --START--
INFO: [ template_filter ] --START--
INFO: Run Behavior\ContentReplaceBehavior [ RunTime:0.001000s ]
INFO: [ template_filter ] --END-- [ RunTime:0.001000s ]
NOTIC: [8] Undefined variable: menu D:\WWW\lsgo\Runtime\Cache\Blog\75c02f746fdaa0392370296018cff839.php 第 39 行.
SQL: SHOW COLUMNS FROM `lsgoweb_ucenter_member` [ RunTime:0.0080s ]
SQL: SHOW COLUMNS FROM `lsgoweb_picture` [ RunTime:0.0070s ]
SQL: SELECT `id`,`head_picture_id`,`username` FROM `lsgoweb_ucenter_member` WHERE `id` = null LIMIT 1   [ RunTime:0.0010s ]
SQL: SELECT `path` FROM `lsgoweb_picture` WHERE `id` = null LIMIT 1   [ RunTime:0.0000s ]
NOTIC: [8] Use of undefined constant art - assumed 'art' D:\WWW\lsgo\Runtime\Cache\Blog\75c02f746fdaa0392370296018cff839.php 第 102 行.
NOTIC: [8] Undefined index: username D:\WWW\lsgo\Runtime\Cache\Blog\75c02f746fdaa0392370296018cff839.php 第 120 行.
NOTIC: [8] Undefined index:    D:\WWW\lsgo\Runtime\Cache\Blog\75c02f746fdaa0392370296018cff839.php 第 114 行.
NOTIC: [8] Undefined index: username D:\WWW\lsgo\Runtime\Cache\Blog\75c02f746fdaa0392370296018cff839.php 第 120 行.
NOTIC: [8] Undefined index: username D:\WWW\lsgo\Runtime\Cache\Blog\75c02f746fdaa0392370296018cff839.php 第 120 行.
NOTIC: [8] Undefined index: username D:\WWW\lsgo\Runtime\Cache\Blog\75c02f746fdaa0392370296018cff839.php 第 120 行.
NOTIC: [8] Undefined index: username D:\WWW\lsgo\Runtime\Cache\Blog\75c02f746fdaa0392370296018cff839.php 第 120 行.
NOTIC: [8] Undefined index: username D:\WWW\lsgo\Runtime\Cache\Blog\75c02f746fdaa0392370296018cff839.php 第 120 行.
NOTIC: [8] Undefined index: username D:\WWW\lsgo\Runtime\Cache\Blog\75c02f746fdaa0392370296018cff839.php 第 120 行.
NOTIC: [8] Undefined index: username D:\WWW\lsgo\Runtime\Cache\Blog\75c02f746fdaa0392370296018cff839.php 第 120 行.
NOTIC: [8] Undefined index: username D:\WWW\lsgo\Runtime\Cache\Blog\75c02f746fdaa0392370296018cff839.php 第 120 行.
NOTIC: [8] Undefined index: username D:\WWW\lsgo\Runtime\Cache\Blog\75c02f746fdaa0392370296018cff839.php 第 120 行.
NOTIC: [2] date() expects parameter 2 to be long, string given D:\WWW\lsgo\Runtime\Cache\Blog\75c02f746fdaa0392370296018cff839.php 第 123 行.
NOTIC: [8] Use of undefined constant art - assumed 'art' D:\WWW\lsgo\Runtime\Cache\Blog\75c02f746fdaa0392370296018cff839.php 第 191 行.
INFO: Run Behavior\ParseTemplateBehavior [ RunTime:0.031002s ]
INFO: [ view_parse ] --END-- [ RunTime:0.032002s ]
INFO: [ view_filter ] --START--
INFO: Run Behavior\WriteHtmlCacheBehavior [ RunTime:0.001000s ]
INFO: [ view_filter ] --END-- [ RunTime:0.001000s ]
INFO: [ app_end ] --START--
INFO: Run Behavior\ShowPageTraceBehavior [ RunTime:0.000000s ]
INFO: [ app_end ] --END-- [ RunTime:0.000000s ]

[ 2015-11-04T21:50:17+08:00 ] ::1 /lsgo/index.php/Blog/Index/
INFO: [ app_init ] --START--
INFO: Run Behavior\BuildLiteBehavior [ RunTime:0.000000s ]
INFO: Run Common\Behavior\InitHookBehavior [ RunTime:0.004000s ]
INFO: [ app_init ] --END-- [ RunTime:0.004000s ]
INFO: [ app_begin ] --START--
INFO: Run Behavior\ReadHtmlCacheBehavior [ RunTime:0.000000s ]
INFO: [ app_begin ] --END-- [ RunTime:0.000000s ]
SQL: SHOW COLUMNS FROM `lsgoweb_channel` [ RunTime:0.0460s ]
SQL: SELECT `title`,`url` FROM `lsgoweb_channel` WHERE `status` = 1 ORDER BY sort  [ RunTime:0.0030s ]
SQL: SHOW COLUMNS FROM `lsgoweb_category` [ RunTime:0.0250s ]
SQL: SELECT `title` FROM `lsgoweb_category` WHERE ( id=2 ) LIMIT 1   [ RunTime:0.0010s ]
SQL: SHOW COLUMNS FROM `lsgoweb_category` [ RunTime:0.0090s ]
SQL: SELECT `id`,`title` FROM `lsgoweb_category` WHERE `status` = 1 AND `pid` = 1 ORDER BY sort  [ RunTime:0.0010s ]
SQL: SHOW COLUMNS FROM `lsgoweb_picture` [ RunTime:0.0090s ]
SQL: SELECT `icon` FROM `lsgoweb_category` WHERE `id` = 2 LIMIT 1   [ RunTime:0.0000s ]
SQL: SELECT `path` FROM `lsgoweb_picture` WHERE `id` = 12 LIMIT 1   [ RunTime:0.0090s ]
SQL: SHOW COLUMNS FROM `lsgoweb_blog_article_tag` [ RunTime:0.0070s ]
SQL: SHOW COLUMNS FROM `lsgoweb_blog_article_tag` [ RunTime:0.0080s ]
SQL: SELECT `id`,`tag_name`,`tag_picture_id` FROM `lsgoweb_blog_article_tag` WHERE `status` = 1 AND `category_id` = 2 ORDER BY sort  [ RunTime:0.0000s ]
SQL: SELECT `path` FROM `lsgoweb_picture` WHERE `id` = 4 LIMIT 1   [ RunTime:0.0000s ]
SQL: SELECT `path` FROM `lsgoweb_picture` WHERE `id` = 5 LIMIT 1   [ RunTime:0.0000s ]
SQL: SELECT `path` FROM `lsgoweb_picture` WHERE `id` = 6 LIMIT 1   [ RunTime:0.0000s ]
SQL: SELECT `path` FROM `lsgoweb_picture` WHERE `id` = 7 LIMIT 1   [ RunTime:0.0000s ]
SQL: SELECT `path` FROM `lsgoweb_picture` WHERE `id` = 8 LIMIT 1   [ RunTime:0.0000s ]
SQL: SELECT `path` FROM `lsgoweb_picture` WHERE `id` = 9 LIMIT 1   [ RunTime:0.0000s ]
SQL: SELECT `path` FROM `lsgoweb_picture` WHERE `id` = 10 LIMIT 1   [ RunTime:0.0000s ]
SQL: SELECT `path` FROM `lsgoweb_picture` WHERE `id` = 11 LIMIT 1   [ RunTime:0.0000s ]
SQL: SHOW COLUMNS FROM `lsgoweb_document` [ RunTime:0.0080s ]
NOTIC: [8] Undefined offset: 0 D:\WWW\lsgo\ThinkPHP\Library\Think\Model.class.php 第 224 行.
SQL: SELECT `id`,`title`,`category_id`,`create_time` FROM `lsgoweb_document` WHERE `category_id` = 2 AND `display` = 1 AND `status` = 1 LIMIT 5   [ RunTime:0.0000s ]
SQL: SELECT COUNT(*) AS tp_count FROM `lsgoweb_document` WHERE `category_id` = 2 AND `display` = 1 AND `status` = 1 LIMIT 1   [ RunTime:0.0010s ]
INFO: [ view_parse ] --START--
INFO: [ template_filter ] --START--
INFO: Run Behavior\ContentReplaceBehavior [ RunTime:0.000000s ]
INFO: [ template_filter ] --END-- [ RunTime:0.000000s ]
NOTIC: [8] Undefined index: class D:\WWW\lsgo\Runtime\Cache\Blog\da38aaaeab14a3f431ea394c96895f42.php 第 41 行.
NOTIC: [8] Undefined index: class D:\WWW\lsgo\Runtime\Cache\Blog\da38aaaeab14a3f431ea394c96895f42.php 第 41 行.
NOTIC: [8] Undefined index: class D:\WWW\lsgo\Runtime\Cache\Blog\da38aaaeab14a3f431ea394c96895f42.php 第 41 行.
NOTIC: [8] Undefined index: class D:\WWW\lsgo\Runtime\Cache\Blog\da38aaaeab14a3f431ea394c96895f42.php 第 41 行.
SQL: SHOW COLUMNS FROM `lsgoweb_ucenter_member` [ RunTime:0.0080s ]
SQL: SELECT `id`,`head_picture_id`,`username` FROM `lsgoweb_ucenter_member` WHERE `id` = null LIMIT 1   [ RunTime:0.0010s ]
SQL: SELECT `path` FROM `lsgoweb_picture` WHERE `id` = null LIMIT 1   [ RunTime:0.0000s ]
NOTIC: [8] Undefined index: class D:\WWW\lsgo\Runtime\Cache\Blog\da38aaaeab14a3f431ea394c96895f42.php 第 87 行.
NOTIC: [8] Undefined index: class D:\WWW\lsgo\Runtime\Cache\Blog\da38aaaeab14a3f431ea394c96895f42.php 第 87 行.
NOTIC: [8] Undefined index: class D:\WWW\lsgo\Runtime\Cache\Blog\da38aaaeab14a3f431ea394c96895f42.php 第 87 行.
NOTIC: [8] Undefined index: class D:\WWW\lsgo\Runtime\Cache\Blog\da38aaaeab14a3f431ea394c96895f42.php 第 120 行.
NOTIC: [8] Undefined index: class D:\WWW\lsgo\Runtime\Cache\Blog\da38aaaeab14a3f431ea394c96895f42.php 第 120 行.
NOTIC: [8] Undefined index: class D:\WWW\lsgo\Runtime\Cache\Blog\da38aaaeab14a3f431ea394c96895f42.php 第 120 行.
NOTIC: [8] Undefined index: class D:\WWW\lsgo\Runtime\Cache\Blog\da38aaaeab14a3f431ea394c96895f42.php 第 120 行.
NOTIC: [8] Undefined index: class D:\WWW\lsgo\Runtime\Cache\Blog\da38aaaeab14a3f431ea394c96895f42.php 第 120 行.
NOTIC: [8] Undefined index: class D:\WWW\lsgo\Runtime\Cache\Blog\da38aaaeab14a3f431ea394c96895f42.php 第 120 行.
NOTIC: [8] Undefined index: class D:\WWW\lsgo\Runtime\Cache\Blog\da38aaaeab14a3f431ea394c96895f42.php 第 120 行.
NOTIC: [8] Undefined index: class D:\WWW\lsgo\Runtime\Cache\Blog\da38aaaeab14a3f431ea394c96895f42.php 第 120 行.
INFO: Run Behavior\ParseTemplateBehavior [ RunTime:0.061004s ]
INFO: [ view_parse ] --END-- [ RunTime:0.061004s ]
INFO: [ view_filter ] --START--
INFO: Run Behavior\WriteHtmlCacheBehavior [ RunTime:0.001000s ]
INFO: [ view_filter ] --END-- [ RunTime:0.001000s ]
INFO: [ app_end ] --START--
INFO: Run Behavior\ShowPageTraceBehavior [ RunTime:0.000000s ]
INFO: [ app_end ] --END-- [ RunTime:0.000000s ]

[ 2015-11-04T21:50:21+08:00 ] ::1 /lsgo/index.php?s=/Blog/Index/index.html
INFO: [ app_init ] --START--
INFO: Run Behavior\BuildLiteBehavior [ RunTime:0.000000s ]
INFO: Run Common\Behavior\InitHookBehavior [ RunTime:0.002000s ]
INFO: [ app_init ] --END-- [ RunTime:0.002000s ]
INFO: [ app_begin ] --START--
INFO: Run Behavior\ReadHtmlCacheBehavior [ RunTime:0.001000s ]
INFO: [ app_begin ] --END-- [ RunTime:0.001000s ]
SQL: SHOW COLUMNS FROM `lsgoweb_channel` [ RunTime:0.0090s ]
SQL: SELECT `title`,`url` FROM `lsgoweb_channel` WHERE `status` = 1 ORDER BY sort  [ RunTime:0.0000s ]
SQL: SHOW COLUMNS FROM `lsgoweb_category` [ RunTime:0.0090s ]
SQL: SELECT `title` FROM `lsgoweb_category` WHERE ( id=2 ) LIMIT 1   [ RunTime:0.0000s ]
SQL: SHOW COLUMNS FROM `lsgoweb_category` [ RunTime:0.0090s ]
SQL: SELECT `id`,`title` FROM `lsgoweb_category` WHERE `status` = 1 AND `pid` = 1 ORDER BY sort  [ RunTime:0.0000s ]
SQL: SHOW COLUMNS FROM `lsgoweb_picture` [ RunTime:0.0080s ]
SQL: SELECT `icon` FROM `lsgoweb_category` WHERE `id` = 2 LIMIT 1   [ RunTime:0.0010s ]
SQL: SELECT `path` FROM `lsgoweb_picture` WHERE `id` = 12 LIMIT 1   [ RunTime:0.0000s ]
SQL: SHOW COLUMNS FROM `lsgoweb_blog_article_tag` [ RunTime:0.0080s ]
SQL: SHOW COLUMNS FROM `lsgoweb_blog_article_tag` [ RunTime:0.0080s ]
SQL: SELECT `id`,`tag_name`,`tag_picture_id` FROM `lsgoweb_blog_article_tag` WHERE `status` = 1 AND `category_id` = 2 ORDER BY sort  [ RunTime:0.0000s ]
SQL: SELECT `path` FROM `lsgoweb_picture` WHERE `id` = 4 LIMIT 1   [ RunTime:0.0000s ]
SQL: SELECT `path` FROM `lsgoweb_picture` WHERE `id` = 5 LIMIT 1   [ RunTime:0.0010s ]
SQL: SELECT `path` FROM `lsgoweb_picture` WHERE `id` = 6 LIMIT 1   [ RunTime:0.0000s ]
SQL: SELECT `path` FROM `lsgoweb_picture` WHERE `id` = 7 LIMIT 1   [ RunTime:0.0000s ]
SQL: SELECT `path` FROM `lsgoweb_picture` WHERE `id` = 8 LIMIT 1   [ RunTime:0.0000s ]
SQL: SELECT `path` FROM `lsgoweb_picture` WHERE `id` = 9 LIMIT 1   [ RunTime:0.0000s ]
SQL: SELECT `path` FROM `lsgoweb_picture` WHERE `id` = 10 LIMIT 1   [ RunTime:0.0000s ]
SQL: SELECT `path` FROM `lsgoweb_picture` WHERE `id` = 11 LIMIT 1   [ RunTime:0.0000s ]
SQL: SHOW COLUMNS FROM `lsgoweb_document` [ RunTime:0.0080s ]
NOTIC: [8] Undefined offset: 0 D:\WWW\lsgo\ThinkPHP\Library\Think\Model.class.php 第 224 行.
SQL: SELECT `id`,`title`,`category_id`,`create_time` FROM `lsgoweb_document` WHERE `category_id` = 2 AND `display` = 1 AND `status` = 1 LIMIT 5   [ RunTime:0.0000s ]
SQL: SELECT COUNT(*) AS tp_count FROM `lsgoweb_document` WHERE `category_id` = 2 AND `display` = 1 AND `status` = 1 LIMIT 1   [ RunTime:0.0000s ]
SQL: SELECT `id`,`category_id`,`title`,`update_time` FROM `lsgoweb_document` WHERE `category_id` = 2 AND `display` = 1 AND `status` = 1 ORDER BY create_time  [ RunTime:0.0000s ]

[ 2015-11-04T21:50:25+08:00 ] ::1 /lsgo/index.php?s=/Blog/Index/index.html
INFO: [ app_init ] --START--
INFO: Run Behavior\BuildLiteBehavior [ RunTime:0.000000s ]
INFO: Run Common\Behavior\InitHookBehavior [ RunTime:0.002001s ]
INFO: [ app_init ] --END-- [ RunTime:0.003001s ]
INFO: [ app_begin ] --START--
INFO: Run Behavior\ReadHtmlCacheBehavior [ RunTime:0.001000s ]
INFO: [ app_begin ] --END-- [ RunTime:0.001000s ]
SQL: SHOW COLUMNS FROM `lsgoweb_channel` [ RunTime:0.0100s ]
SQL: SELECT `title`,`url` FROM `lsgoweb_channel` WHERE `status` = 1 ORDER BY sort  [ RunTime:0.0000s ]
SQL: SHOW COLUMNS FROM `lsgoweb_category` [ RunTime:0.0100s ]
SQL: SELECT `title` FROM `lsgoweb_category` WHERE ( id=2 ) LIMIT 1   [ RunTime:0.0000s ]
SQL: SHOW COLUMNS FROM `lsgoweb_category` [ RunTime:0.0000s ]
SQL: SELECT `id`,`title` FROM `lsgoweb_category` WHERE `status` = 1 AND `pid` = 1 ORDER BY sort  [ RunTime:0.0100s ]
SQL: SHOW COLUMNS FROM `lsgoweb_picture` [ RunTime:0.0000s ]
SQL: SELECT `icon` FROM `lsgoweb_category` WHERE `id` = 2 LIMIT 1   [ RunTime:0.0000s ]
SQL: SELECT `path` FROM `lsgoweb_picture` WHERE `id` = 12 LIMIT 1   [ RunTime:0.0000s ]
SQL: SHOW COLUMNS FROM `lsgoweb_blog_article_tag` [ RunTime:0.0100s ]
SQL: SHOW COLUMNS FROM `lsgoweb_blog_article_tag` [ RunTime:0.0100s ]
SQL: SELECT `id`,`tag_name`,`tag_picture_id` FROM `lsgoweb_blog_article_tag` WHERE `status` = 1 AND `category_id` = 2 ORDER BY sort  [ RunTime:0.0000s ]
SQL: SELECT `path` FROM `lsgoweb_picture` WHERE `id` = 4 LIMIT 1   [ RunTime:0.0000s ]
SQL: SELECT `path` FROM `lsgoweb_picture` WHERE `id` = 5 LIMIT 1   [ RunTime:0.0000s ]
SQL: SELECT `path` FROM `lsgoweb_picture` WHERE `id` = 6 LIMIT 1   [ RunTime:0.0000s ]
SQL: SELECT `path` FROM `lsgoweb_picture` WHERE `id` = 7 LIMIT 1   [ RunTime:0.0000s ]
SQL: SELECT `path` FROM `lsgoweb_picture` WHERE `id` = 8 LIMIT 1   [ RunTime:0.0000s ]
SQL: SELECT `path` FROM `lsgoweb_picture` WHERE `id` = 9 LIMIT 1   [ RunTime:0.0000s ]
SQL: SELECT `path` FROM `lsgoweb_picture` WHERE `id` = 10 LIMIT 1   [ RunTime:0.0000s ]
SQL: SELECT `path` FROM `lsgoweb_picture` WHERE `id` = 11 LIMIT 1   [ RunTime:0.0000s ]
SQL: SHOW COLUMNS FROM `lsgoweb_document` [ RunTime:0.0000s ]
NOTIC: [8] Undefined offset: 0 D:\WWW\lsgo\ThinkPHP\Library\Think\Model.class.php 第 224 行.
SQL: SELECT `id`,`title`,`category_id`,`create_time` FROM `lsgoweb_document` WHERE `category_id` = 2 AND `display` = 1 AND `status` = 1 LIMIT 5   [ RunTime:0.0000s ]
SQL: SELECT COUNT(*) AS tp_count FROM `lsgoweb_document` WHERE `category_id` = 2 AND `display` = 1 AND `status` = 1 LIMIT 1   [ RunTime:0.0000s ]
SQL: SELECT `id`,`category_id`,`title`,`update_time` FROM `lsgoweb_document` WHERE `category_id` = 2 AND `display` = 1 AND `status` = 1 AND `defualt_tag_id` = 7 ORDER BY create_time  [ RunTime:0.0000s ]
NOTIC: [2] Invalid argument supplied for foreach() D:\WWW\lsgo\Application\Blog\Model\DocumentModel.class.php 第 75 行.
NOTIC: [2] array_slice() expects parameter 1 to be array, null given D:\WWW\lsgo\Application\Blog\Model\DocumentModel.class.php 第 91 行.
NOTIC: [2] Invalid argument supplied for foreach() D:\WWW\lsgo\Application\Blog\Model\DocumentModel.class.php 第 110 行.

[ 2015-11-04T21:51:27+08:00 ] ::1 /lsgo/index.php?s=/Blog/Index/index.html
INFO: [ app_init ] --START--
INFO: Run Behavior\BuildLiteBehavior [ RunTime:0.000000s ]
INFO: Run Common\Behavior\InitHookBehavior [ RunTime:0.003001s ]
INFO: [ app_init ] --END-- [ RunTime:0.003001s ]
INFO: [ app_begin ] --START--
INFO: Run Behavior\ReadHtmlCacheBehavior [ RunTime:0.001000s ]
INFO: [ app_begin ] --END-- [ RunTime:0.001000s ]
SQL: SHOW COLUMNS FROM `lsgoweb_channel` [ RunTime:0.0000s ]
SQL: SELECT `title`,`url` FROM `lsgoweb_channel` WHERE `status` = 1 ORDER BY sort  [ RunTime:0.0000s ]
SQL: SHOW COLUMNS FROM `lsgoweb_category` [ RunTime:0.0000s ]
SQL: SELECT `title` FROM `lsgoweb_category` WHERE ( id=2 ) LIMIT 1   [ RunTime:0.0000s ]
SQL: SHOW COLUMNS FROM `lsgoweb_category` [ RunTime:0.0100s ]
SQL: SELECT `id`,`title` FROM `lsgoweb_category` WHERE `status` = 1 AND `pid` = 1 ORDER BY sort  [ RunTime:0.0000s ]
SQL: SHOW COLUMNS FROM `lsgoweb_picture` [ RunTime:0.0100s ]
SQL: SELECT `icon` FROM `lsgoweb_category` WHERE `id` = 2 LIMIT 1   [ RunTime:0.0000s ]
SQL: SELECT `path` FROM `lsgoweb_picture` WHERE `id` = 12 LIMIT 1   [ RunTime:0.0000s ]
SQL: SHOW COLUMNS FROM `lsgoweb_blog_article_tag` [ RunTime:0.0100s ]
SQL: SHOW COLUMNS FROM `lsgoweb_blog_article_tag` [ RunTime:0.0100s ]
SQL: SELECT `id`,`tag_name`,`tag_picture_id` FROM `lsgoweb_blog_article_tag` WHERE `status` = 1 AND `category_id` = 2 ORDER BY sort  [ RunTime:0.0000s ]
SQL: SELECT `path` FROM `lsgoweb_picture` WHERE `id` = 4 LIMIT 1   [ RunTime:0.0000s ]
SQL: SELECT `path` FROM `lsgoweb_picture` WHERE `id` = 5 LIMIT 1   [ RunTime:0.0000s ]
SQL: SELECT `path` FROM `lsgoweb_picture` WHERE `id` = 6 LIMIT 1   [ RunTime:0.0000s ]
SQL: SELECT `path` FROM `lsgoweb_picture` WHERE `id` = 7 LIMIT 1   [ RunTime:0.0000s ]
SQL: SELECT `path` FROM `lsgoweb_picture` WHERE `id` = 8 LIMIT 1   [ RunTime:0.0000s ]
SQL: SELECT `path` FROM `lsgoweb_picture` WHERE `id` = 9 LIMIT 1   [ RunTime:0.0000s ]
SQL: SELECT `path` FROM `lsgoweb_picture` WHERE `id` = 10 LIMIT 1   [ RunTime:0.0000s ]
SQL: SELECT `path` FROM `lsgoweb_picture` WHERE `id` = 11 LIMIT 1   [ RunTime:0.0000s ]
SQL: SHOW COLUMNS FROM `lsgoweb_document` [ RunTime:0.0100s ]
NOTIC: [8] Undefined offset: 0 D:\WWW\lsgo\ThinkPHP\Library\Think\Model.class.php 第 224 行.
SQL: SELECT `id`,`title`,`category_id`,`create_time` FROM `lsgoweb_document` WHERE `category_id` = 2 AND `display` = 1 AND `status` = 1 LIMIT 5   [ RunTime:0.0000s ]
SQL: SELECT COUNT(*) AS tp_count FROM `lsgoweb_document` WHERE `category_id` = 2 AND `display` = 1 AND `status` = 1 LIMIT 1   [ RunTime:0.0000s ]
SQL: SELECT `id`,`category_id`,`title`,`update_time` FROM `lsgoweb_document` WHERE `category_id` = 2 AND `display` = 1 AND `status` = 1 AND `defualt_tag_id` = 6 ORDER BY create_time  [ RunTime:0.0000s ]
NOTIC: [2] Invalid argument supplied for foreach() D:\WWW\lsgo\Application\Blog\Model\DocumentModel.class.php 第 75 行.
NOTIC: [2] array_slice() expects parameter 1 to be array, null given D:\WWW\lsgo\Application\Blog\Model\DocumentModel.class.php 第 91 行.
NOTIC: [2] Invalid argument supplied for foreach() D:\WWW\lsgo\Application\Blog\Model\DocumentModel.class.php 第 110 行.

[ 2015-11-04T21:51:27+08:00 ] ::1 /lsgo/index.php?s=/Blog/Index/index.html
INFO: [ app_init ] --START--
INFO: Run Behavior\BuildLiteBehavior [ RunTime:0.000000s ]
INFO: Run Common\Behavior\InitHookBehavior [ RunTime:0.011000s ]
INFO: [ app_init ] --END-- [ RunTime:0.011000s ]
INFO: [ app_begin ] --START--
INFO: Run Behavior\ReadHtmlCacheBehavior [ RunTime:0.000000s ]
INFO: [ app_begin ] --END-- [ RunTime:0.000000s ]
SQL: SHOW COLUMNS FROM `lsgoweb_channel` [ RunTime:0.0080s ]
SQL: SELECT `title`,`url` FROM `lsgoweb_channel` WHERE `status` = 1 ORDER BY sort  [ RunTime:0.0000s ]
SQL: SHOW COLUMNS FROM `lsgoweb_category` [ RunTime:0.0080s ]
SQL: SELECT `title` FROM `lsgoweb_category` WHERE ( id=2 ) LIMIT 1   [ RunTime:0.0000s ]
SQL: SHOW COLUMNS FROM `lsgoweb_category` [ RunTime:0.0070s ]
SQL: SELECT `id`,`title` FROM `lsgoweb_category` WHERE `status` = 1 AND `pid` = 1 ORDER BY sort  [ RunTime:0.0000s ]
SQL: SHOW COLUMNS FROM `lsgoweb_picture` [ RunTime:0.0100s ]
SQL: SELECT `icon` FROM `lsgoweb_category` WHERE `id` = 2 LIMIT 1   [ RunTime:0.0000s ]
SQL: SELECT `path` FROM `lsgoweb_picture` WHERE `id` = 12 LIMIT 1   [ RunTime:0.0000s ]
SQL: SHOW COLUMNS FROM `lsgoweb_blog_article_tag` [ RunTime:0.0100s ]
SQL: SHOW COLUMNS FROM `lsgoweb_blog_article_tag` [ RunTime:0.0000s ]
SQL: SELECT `id`,`tag_name`,`tag_picture_id` FROM `lsgoweb_blog_article_tag` WHERE `status` = 1 AND `category_id` = 2 ORDER BY sort  [ RunTime:0.0000s ]
SQL: SELECT `path` FROM `lsgoweb_picture` WHERE `id` = 4 LIMIT 1   [ RunTime:0.0000s ]
SQL: SELECT `path` FROM `lsgoweb_picture` WHERE `id` = 5 LIMIT 1   [ RunTime:0.0000s ]
SQL: SELECT `path` FROM `lsgoweb_picture` WHERE `id` = 6 LIMIT 1   [ RunTime:0.0000s ]
SQL: SELECT `path` FROM `lsgoweb_picture` WHERE `id` = 7 LIMIT 1   [ RunTime:0.0000s ]
SQL: SELECT `path` FROM `lsgoweb_picture` WHERE `id` = 8 LIMIT 1   [ RunTime:0.0000s ]
SQL: SELECT `path` FROM `lsgoweb_picture` WHERE `id` = 9 LIMIT 1   [ RunTime:0.0000s ]
SQL: SELECT `path` FROM `lsgoweb_picture` WHERE `id` = 10 LIMIT 1   [ RunTime:0.0000s ]
SQL: SELECT `path` FROM `lsgoweb_picture` WHERE `id` = 11 LIMIT 1   [ RunTime:0.0000s ]
SQL: SHOW COLUMNS FROM `lsgoweb_document` [ RunTime:0.0100s ]
NOTIC: [8] Undefined offset: 0 D:\WWW\lsgo\ThinkPHP\Library\Think\Model.class.php 第 224 行.
SQL: SELECT `id`,`title`,`category_id`,`create_time` FROM `lsgoweb_document` WHERE `category_id` = 2 AND `display` = 1 AND `status` = 1 LIMIT 5   [ RunTime:0.0000s ]
SQL: SELECT COUNT(*) AS tp_count FROM `lsgoweb_document` WHERE `category_id` = 2 AND `display` = 1 AND `status` = 1 LIMIT 1   [ RunTime:0.0000s ]
SQL: SELECT `id`,`category_id`,`title`,`update_time` FROM `lsgoweb_document` WHERE `category_id` = 2 AND `display` = 1 AND `status` = 1 AND `defualt_tag_id` = 3 ORDER BY create_time  [ RunTime:0.0000s ]

[ 2015-11-04T21:51:27+08:00 ] ::1 /lsgo/index.php?s=/Blog/Index/index.html
INFO: [ app_init ] --START--
INFO: Run Behavior\BuildLiteBehavior [ RunTime:0.000000s ]
INFO: Run Common\Behavior\InitHookBehavior [ RunTime:0.004000s ]
INFO: [ app_init ] --END-- [ RunTime:0.005000s ]
INFO: [ app_begin ] --START--
INFO: Run Behavior\ReadHtmlCacheBehavior [ RunTime:0.001000s ]
INFO: [ app_begin ] --END-- [ RunTime:0.001000s ]
SQL: SHOW COLUMNS FROM `lsgoweb_channel` [ RunTime:0.0070s ]
SQL: SELECT `title`,`url` FROM `lsgoweb_channel` WHERE `status` = 1 ORDER BY sort  [ RunTime:0.0010s ]
SQL: SHOW COLUMNS FROM `lsgoweb_category` [ RunTime:0.0020s ]
SQL: SELECT `title` FROM `lsgoweb_category` WHERE ( id=2 ) LIMIT 1   [ RunTime:0.0000s ]
SQL: SHOW COLUMNS FROM `lsgoweb_category` [ RunTime:0.0100s ]
SQL: SELECT `id`,`title` FROM `lsgoweb_category` WHERE `status` = 1 AND `pid` = 1 ORDER BY sort  [ RunTime:0.0000s ]
SQL: SHOW COLUMNS FROM `lsgoweb_picture` [ RunTime:0.0100s ]
SQL: SELECT `icon` FROM `lsgoweb_category` WHERE `id` = 2 LIMIT 1   [ RunTime:0.0000s ]
SQL: SELECT `path` FROM `lsgoweb_picture` WHERE `id` = 12 LIMIT 1   [ RunTime:0.0000s ]
SQL: SHOW COLUMNS FROM `lsgoweb_blog_article_tag` [ RunTime:0.0100s ]
SQL: SHOW COLUMNS FROM `lsgoweb_blog_article_tag` [ RunTime:0.0100s ]
SQL: SELECT `id`,`tag_name`,`tag_picture_id` FROM `lsgoweb_blog_article_tag` WHERE `status` = 1 AND `category_id` = 2 ORDER BY sort  [ RunTime:0.0000s ]
SQL: SELECT `path` FROM `lsgoweb_picture` WHERE `id` = 4 LIMIT 1   [ RunTime:0.0000s ]
SQL: SELECT `path` FROM `lsgoweb_picture` WHERE `id` = 5 LIMIT 1   [ RunTime:0.0000s ]
SQL: SELECT `path` FROM `lsgoweb_picture` WHERE `id` = 6 LIMIT 1   [ RunTime:0.0000s ]
SQL: SELECT `path` FROM `lsgoweb_picture` WHERE `id` = 7 LIMIT 1   [ RunTime:0.0000s ]
SQL: SELECT `path` FROM `lsgoweb_picture` WHERE `id` = 8 LIMIT 1   [ RunTime:0.0000s ]
SQL: SELECT `path` FROM `lsgoweb_picture` WHERE `id` = 9 LIMIT 1   [ RunTime:0.0000s ]
SQL: SELECT `path` FROM `lsgoweb_picture` WHERE `id` = 10 LIMIT 1   [ RunTime:0.0000s ]
SQL: SELECT `path` FROM `lsgoweb_picture` WHERE `id` = 11 LIMIT 1   [ RunTime:0.0000s ]
SQL: SHOW COLUMNS FROM `lsgoweb_document` [ RunTime:0.0100s ]
NOTIC: [8] Undefined offset: 0 D:\WWW\lsgo\ThinkPHP\Library\Think\Model.class.php 第 224 行.
SQL: SELECT `id`,`title`,`category_id`,`create_time` FROM `lsgoweb_document` WHERE `category_id` = 2 AND `display` = 1 AND `status` = 1 LIMIT 5   [ RunTime:0.0000s ]
SQL: SELECT COUNT(*) AS tp_count FROM `lsgoweb_document` WHERE `category_id` = 2 AND `display` = 1 AND `status` = 1 LIMIT 1   [ RunTime:0.0000s ]
SQL: SELECT `id`,`category_id`,`title`,`update_time` FROM `lsgoweb_document` WHERE `category_id` = 2 AND `display` = 1 AND `status` = 1 ORDER BY create_time  [ RunTime:0.0000s ]

[ 2015-11-04T21:51:28+08:00 ] ::1 /lsgo/index.php?s=/Blog/Index/index.html
INFO: [ app_init ] --START--
INFO: Run Behavior\BuildLiteBehavior [ RunTime:0.000000s ]
INFO: Run Common\Behavior\InitHookBehavior [ RunTime:0.002000s ]
INFO: [ app_init ] --END-- [ RunTime:0.002000s ]
INFO: [ app_begin ] --START--
INFO: Run Behavior\ReadHtmlCacheBehavior [ RunTime:0.001000s ]
INFO: [ app_begin ] --END-- [ RunTime:0.001000s ]
SQL: SHOW COLUMNS FROM `lsgoweb_channel` [ RunTime:0.0080s ]
SQL: SELECT `title`,`url` FROM `lsgoweb_channel` WHERE `status` = 1 ORDER BY sort  [ RunTime:0.0010s ]
SQL: SHOW COLUMNS FROM `lsgoweb_category` [ RunTime:0.0090s ]
SQL: SELECT `title` FROM `lsgoweb_category` WHERE ( id=2 ) LIMIT 1   [ RunTime:0.0000s ]
SQL: SHOW COLUMNS FROM `lsgoweb_category` [ RunTime:0.0080s ]
SQL: SELECT `id`,`title` FROM `lsgoweb_category` WHERE `status` = 1 AND `pid` = 1 ORDER BY sort  [ RunTime:0.0010s ]
SQL: SHOW COLUMNS FROM `lsgoweb_picture` [ RunTime:0.0080s ]
SQL: SELECT `icon` FROM `lsgoweb_category` WHERE `id` = 2 LIMIT 1   [ RunTime:0.0000s ]
SQL: SELECT `path` FROM `lsgoweb_picture` WHERE `id` = 12 LIMIT 1   [ RunTime:0.0010s ]
SQL: SHOW COLUMNS FROM `lsgoweb_blog_article_tag` [ RunTime:0.0090s ]
SQL: SHOW COLUMNS FROM `lsgoweb_blog_article_tag` [ RunTime:0.0050s ]
SQL: SELECT `id`,`tag_name`,`tag_picture_id` FROM `lsgoweb_blog_article_tag` WHERE `status` = 1 AND `category_id` = 2 ORDER BY sort  [ RunTime:0.0000s ]
SQL: SELECT `path` FROM `lsgoweb_picture` WHERE `id` = 4 LIMIT 1   [ RunTime:0.0000s ]
SQL: SELECT `path` FROM `lsgoweb_picture` WHERE `id` = 5 LIMIT 1   [ RunTime:0.0000s ]
SQL: SELECT `path` FROM `lsgoweb_picture` WHERE `id` = 6 LIMIT 1   [ RunTime:0.0000s ]
SQL: SELECT `path` FROM `lsgoweb_picture` WHERE `id` = 7 LIMIT 1   [ RunTime:0.0000s ]
SQL: SELECT `path` FROM `lsgoweb_picture` WHERE `id` = 8 LIMIT 1   [ RunTime:0.0000s ]
SQL: SELECT `path` FROM `lsgoweb_picture` WHERE `id` = 9 LIMIT 1   [ RunTime:0.0000s ]
SQL: SELECT `path` FROM `lsgoweb_picture` WHERE `id` = 10 LIMIT 1   [ RunTime:0.0000s ]
SQL: SELECT `path` FROM `lsgoweb_picture` WHERE `id` = 11 LIMIT 1   [ RunTime:0.0000s ]
SQL: SHOW COLUMNS FROM `lsgoweb_document` [ RunTime:0.0100s ]
NOTIC: [8] Undefined offset: 0 D:\WWW\lsgo\ThinkPHP\Library\Think\Model.class.php 第 224 行.
SQL: SELECT `id`,`title`,`category_id`,`create_time` FROM `lsgoweb_document` WHERE `category_id` = 2 AND `display` = 1 AND `status` = 1 LIMIT 5   [ RunTime:0.0000s ]
SQL: SELECT COUNT(*) AS tp_count FROM `lsgoweb_document` WHERE `category_id` = 2 AND `display` = 1 AND `status` = 1 LIMIT 1   [ RunTime:0.0000s ]
SQL: SELECT `id`,`category_id`,`title`,`update_time` FROM `lsgoweb_document` WHERE `category_id` = 2 AND `display` = 1 AND `status` = 1 AND `defualt_tag_id` = 4 ORDER BY create_time  [ RunTime:0.0000s ]

[ 2015-11-04T21:51:28+08:00 ] ::1 /lsgo/index.php?s=/Blog/Index/index.html
INFO: [ app_init ] --START--
INFO: Run Behavior\BuildLiteBehavior [ RunTime:0.000000s ]
INFO: Run Common\Behavior\InitHookBehavior [ RunTime:0.002000s ]
INFO: [ app_init ] --END-- [ RunTime:0.002000s ]
INFO: [ app_begin ] --START--
INFO: Run Behavior\ReadHtmlCacheBehavior [ RunTime:0.000000s ]
INFO: [ app_begin ] --END-- [ RunTime:0.000000s ]
SQL: SHOW COLUMNS FROM `lsgoweb_channel` [ RunTime:0.0080s ]
SQL: SELECT `title`,`url` FROM `lsgoweb_channel` WHERE `status` = 1 ORDER BY sort  [ RunTime:0.0000s ]
SQL: SHOW COLUMNS FROM `lsgoweb_category` [ RunTime:0.0080s ]
SQL: SELECT `title` FROM `lsgoweb_category` WHERE ( id=2 ) LIMIT 1   [ RunTime:0.0010s ]
SQL: SHOW COLUMNS FROM `lsgoweb_category` [ RunTime:0.0080s ]
SQL: SELECT `id`,`title` FROM `lsgoweb_category` WHERE `status` = 1 AND `pid` = 1 ORDER BY sort  [ RunTime:0.0000s ]
SQL: SHOW COLUMNS FROM `lsgoweb_picture` [ RunTime:0.0080s ]
SQL: SELECT `icon` FROM `lsgoweb_category` WHERE `id` = 2 LIMIT 1   [ RunTime:0.0000s ]
SQL: SELECT `path` FROM `lsgoweb_picture` WHERE `id` = 12 LIMIT 1   [ RunTime:0.0010s ]
SQL: SHOW COLUMNS FROM `lsgoweb_blog_article_tag` [ RunTime:0.0070s ]
SQL: SHOW COLUMNS FROM `lsgoweb_blog_article_tag` [ RunTime:0.0010s ]
SQL: SELECT `id`,`tag_name`,`tag_picture_id` FROM `lsgoweb_blog_article_tag` WHERE `status` = 1 AND `category_id` = 2 ORDER BY sort  [ RunTime:0.0000s ]
SQL: SELECT `path` FROM `lsgoweb_picture` WHERE `id` = 4 LIMIT 1   [ RunTime:0.0000s ]
SQL: SELECT `path` FROM `lsgoweb_picture` WHERE `id` = 5 LIMIT 1   [ RunTime:0.0000s ]
SQL: SELECT `path` FROM `lsgoweb_picture` WHERE `id` = 6 LIMIT 1   [ RunTime:0.0000s ]
SQL: SELECT `path` FROM `lsgoweb_picture` WHERE `id` = 7 LIMIT 1   [ RunTime:0.0000s ]
SQL: SELECT `path` FROM `lsgoweb_picture` WHERE `id` = 8 LIMIT 1   [ RunTime:0.0000s ]
SQL: SELECT `path` FROM `lsgoweb_picture` WHERE `id` = 9 LIMIT 1   [ RunTime:0.0000s ]
SQL: SELECT `path` FROM `lsgoweb_picture` WHERE `id` = 10 LIMIT 1   [ RunTime:0.0000s ]
SQL: SELECT `path` FROM `lsgoweb_picture` WHERE `id` = 11 LIMIT 1   [ RunTime:0.0100s ]
SQL: SHOW COLUMNS FROM `lsgoweb_document` [ RunTime:0.0000s ]
NOTIC: [8] Undefined offset: 0 D:\WWW\lsgo\ThinkPHP\Library\Think\Model.class.php 第 224 行.
SQL: SELECT `id`,`title`,`category_id`,`create_time` FROM `lsgoweb_document` WHERE `category_id` = 2 AND `display` = 1 AND `status` = 1 LIMIT 5   [ RunTime:0.0000s ]
SQL: SELECT COUNT(*) AS tp_count FROM `lsgoweb_document` WHERE `category_id` = 2 AND `display` = 1 AND `status` = 1 LIMIT 1   [ RunTime:0.0100s ]
SQL: SELECT `id`,`category_id`,`title`,`update_time` FROM `lsgoweb_document` WHERE `category_id` = 2 AND `display` = 1 AND `status` = 1 AND `defualt_tag_id` = 5 ORDER BY create_time  [ RunTime:0.0000s ]

[ 2015-11-04T21:51:29+08:00 ] ::1 /lsgo/index.php?s=/Blog/Index/index.html
INFO: [ app_init ] --START--
INFO: Run Behavior\BuildLiteBehavior [ RunTime:0.000000s ]
INFO: Run Common\Behavior\InitHookBehavior [ RunTime:0.003001s ]
INFO: [ app_init ] --END-- [ RunTime:0.004001s ]
INFO: [ app_begin ] --START--
INFO: Run Behavior\ReadHtmlCacheBehavior [ RunTime:0.001000s ]
INFO: [ app_begin ] --END-- [ RunTime:0.001000s ]
SQL: SHOW COLUMNS FROM `lsgoweb_channel` [ RunTime:0.0020s ]
SQL: SELECT `title`,`url` FROM `lsgoweb_channel` WHERE `status` = 1 ORDER BY sort  [ RunTime:0.0000s ]
SQL: SHOW COLUMNS FROM `lsgoweb_category` [ RunTime:0.0100s ]
SQL: SELECT `title` FROM `lsgoweb_category` WHERE ( id=2 ) LIMIT 1   [ RunTime:0.0000s ]
SQL: SHOW COLUMNS FROM `lsgoweb_category` [ RunTime:0.0100s ]
SQL: SELECT `id`,`title` FROM `lsgoweb_category` WHERE `status` = 1 AND `pid` = 1 ORDER BY sort  [ RunTime:0.0000s ]
SQL: SHOW COLUMNS FROM `lsgoweb_picture` [ RunTime:0.0100s ]
SQL: SELECT `icon` FROM `lsgoweb_category` WHERE `id` = 2 LIMIT 1   [ RunTime:0.0000s ]
SQL: SELECT `path` FROM `lsgoweb_picture` WHERE `id` = 12 LIMIT 1   [ RunTime:0.0000s ]
SQL: SHOW COLUMNS FROM `lsgoweb_blog_article_tag` [ RunTime:0.0100s ]
SQL: SHOW COLUMNS FROM `lsgoweb_blog_article_tag` [ RunTime:0.0100s ]
SQL: SELECT `id`,`tag_name`,`tag_picture_id` FROM `lsgoweb_blog_article_tag` WHERE `status` = 1 AND `category_id` = 2 ORDER BY sort  [ RunTime:0.0000s ]
SQL: SELECT `path` FROM `lsgoweb_picture` WHERE `id` = 4 LIMIT 1   [ RunTime:0.0000s ]
SQL: SELECT `path` FROM `lsgoweb_picture` WHERE `id` = 5 LIMIT 1   [ RunTime:0.0000s ]
SQL: SELECT `path` FROM `lsgoweb_picture` WHERE `id` = 6 LIMIT 1   [ RunTime:0.0000s ]
SQL: SELECT `path` FROM `lsgoweb_picture` WHERE `id` = 7 LIMIT 1   [ RunTime:0.0000s ]
SQL: SELECT `path` FROM `lsgoweb_picture` WHERE `id` = 8 LIMIT 1   [ RunTime:0.0000s ]
SQL: SELECT `path` FROM `lsgoweb_picture` WHERE `id` = 9 LIMIT 1   [ RunTime:0.0000s ]
SQL: SELECT `path` FROM `lsgoweb_picture` WHERE `id` = 10 LIMIT 1   [ RunTime:0.0000s ]
SQL: SELECT `path` FROM `lsgoweb_picture` WHERE `id` = 11 LIMIT 1   [ RunTime:0.0000s ]
SQL: SHOW COLUMNS FROM `lsgoweb_document` [ RunTime:0.0100s ]
NOTIC: [8] Undefined offset: 0 D:\WWW\lsgo\ThinkPHP\Library\Think\Model.class.php 第 224 行.
SQL: SELECT `id`,`title`,`category_id`,`create_time` FROM `lsgoweb_document` WHERE `category_id` = 2 AND `display` = 1 AND `status` = 1 LIMIT 5   [ RunTime:0.0000s ]
SQL: SELECT COUNT(*) AS tp_count FROM `lsgoweb_document` WHERE `category_id` = 2 AND `display` = 1 AND `status` = 1 LIMIT 1   [ RunTime:0.0000s ]
SQL: SELECT `id`,`category_id`,`title`,`update_time` FROM `lsgoweb_document` WHERE `category_id` = 2 AND `display` = 1 AND `status` = 1 AND `defualt_tag_id` = 1 ORDER BY create_time  [ RunTime:0.0000s ]

[ 2015-11-04T21:51:29+08:00 ] ::1 /lsgo/index.php?s=/Blog/Index/index.html
INFO: [ app_init ] --START--
INFO: Run Behavior\BuildLiteBehavior [ RunTime:0.000000s ]
INFO: Run Common\Behavior\InitHookBehavior [ RunTime:0.002000s ]
INFO: [ app_init ] --END-- [ RunTime:0.002000s ]
INFO: [ app_begin ] --START--
INFO: Run Behavior\ReadHtmlCacheBehavior [ RunTime:0.001000s ]
INFO: [ app_begin ] --END-- [ RunTime:0.001000s ]
SQL: SHOW COLUMNS FROM `lsgoweb_channel` [ RunTime:0.0060s ]
SQL: SELECT `title`,`url` FROM `lsgoweb_channel` WHERE `status` = 1 ORDER BY sort  [ RunTime:0.0000s ]
SQL: SHOW COLUMNS FROM `lsgoweb_category` [ RunTime:0.0100s ]
SQL: SELECT `title` FROM `lsgoweb_category` WHERE ( id=2 ) LIMIT 1   [ RunTime:0.0000s ]
SQL: SHOW COLUMNS FROM `lsgoweb_category` [ RunTime:0.0100s ]
SQL: SELECT `id`,`title` FROM `lsgoweb_category` WHERE `status` = 1 AND `pid` = 1 ORDER BY sort  [ RunTime:0.0000s ]
SQL: SHOW COLUMNS FROM `lsgoweb_picture` [ RunTime:0.0000s ]
SQL: SELECT `icon` FROM `lsgoweb_category` WHERE `id` = 2 LIMIT 1   [ RunTime:0.0000s ]
SQL: SELECT `path` FROM `lsgoweb_picture` WHERE `id` = 12 LIMIT 1   [ RunTime:0.0000s ]
SQL: SHOW COLUMNS FROM `lsgoweb_blog_article_tag` [ RunTime:0.0000s ]
SQL: SHOW COLUMNS FROM `lsgoweb_blog_article_tag` [ RunTime:0.0100s ]
SQL: SELECT `id`,`tag_name`,`tag_picture_id` FROM `lsgoweb_blog_article_tag` WHERE `status` = 1 AND `category_id` = 2 ORDER BY sort  [ RunTime:0.0000s ]
SQL: SELECT `path` FROM `lsgoweb_picture` WHERE `id` = 4 LIMIT 1   [ RunTime:0.0000s ]
SQL: SELECT `path` FROM `lsgoweb_picture` WHERE `id` = 5 LIMIT 1   [ RunTime:0.0000s ]
SQL: SELECT `path` FROM `lsgoweb_picture` WHERE `id` = 6 LIMIT 1   [ RunTime:0.0000s ]
SQL: SELECT `path` FROM `lsgoweb_picture` WHERE `id` = 7 LIMIT 1   [ RunTime:0.0000s ]
SQL: SELECT `path` FROM `lsgoweb_picture` WHERE `id` = 8 LIMIT 1   [ RunTime:0.0000s ]
SQL: SELECT `path` FROM `lsgoweb_picture` WHERE `id` = 9 LIMIT 1   [ RunTime:0.0000s ]
SQL: SELECT `path` FROM `lsgoweb_picture` WHERE `id` = 10 LIMIT 1   [ RunTime:0.0000s ]
SQL: SELECT `path` FROM `lsgoweb_picture` WHERE `id` = 11 LIMIT 1   [ RunTime:0.0100s ]
SQL: SHOW COLUMNS FROM `lsgoweb_document` [ RunTime:0.0000s ]
NOTIC: [8] Undefined offset: 0 D:\WWW\lsgo\ThinkPHP\Library\Think\Model.class.php 第 224 行.
SQL: SELECT `id`,`title`,`category_id`,`create_time` FROM `lsgoweb_document` WHERE `category_id` = 2 AND `display` = 1 AND `status` = 1 LIMIT 5   [ RunTime:0.0000s ]
SQL: SELECT COUNT(*) AS tp_count FROM `lsgoweb_document` WHERE `category_id` = 2 AND `display` = 1 AND `status` = 1 LIMIT 1   [ RunTime:0.0000s ]
SQL: SELECT `id`,`category_id`,`title`,`update_time` FROM `lsgoweb_document` WHERE `category_id` = 2 AND `display` = 1 AND `status` = 1 ORDER BY create_time  [ RunTime:0.0000s ]

[ 2015-11-04T21:51:29+08:00 ] ::1 /lsgo/index.php?s=/Blog/Index/index.html
INFO: [ app_init ] --START--
INFO: Run Behavior\BuildLiteBehavior [ RunTime:0.000000s ]
INFO: Run Common\Behavior\InitHookBehavior [ RunTime:0.002000s ]
INFO: [ app_init ] --END-- [ RunTime:0.003000s ]
INFO: [ app_begin ] --START--
INFO: Run Behavior\ReadHtmlCacheBehavior [ RunTime:0.001000s ]
INFO: [ app_begin ] --END-- [ RunTime:0.001000s ]
SQL: SHOW COLUMNS FROM `lsgoweb_channel` [ RunTime:0.0100s ]
SQL: SELECT `title`,`url` FROM `lsgoweb_channel` WHERE `status` = 1 ORDER BY sort  [ RunTime:0.0000s ]
SQL: SHOW COLUMNS FROM `lsgoweb_category` [ RunTime:0.0100s ]
SQL: SELECT `title` FROM `lsgoweb_category` WHERE ( id=2 ) LIMIT 1   [ RunTime:0.0000s ]
SQL: SHOW COLUMNS FROM `lsgoweb_category` [ RunTime:0.0100s ]
SQL: SELECT `id`,`title` FROM `lsgoweb_category` WHERE `status` = 1 AND `pid` = 1 ORDER BY sort  [ RunTime:0.0000s ]
SQL: SHOW COLUMNS FROM `lsgoweb_picture` [ RunTime:0.0100s ]
SQL: SELECT `icon` FROM `lsgoweb_category` WHERE `id` = 2 LIMIT 1   [ RunTime:0.0000s ]
SQL: SELECT `path` FROM `lsgoweb_picture` WHERE `id` = 12 LIMIT 1   [ RunTime:0.0000s ]
SQL: SHOW COLUMNS FROM `lsgoweb_blog_article_tag` [ RunTime:0.0100s ]
SQL: SHOW COLUMNS FROM `lsgoweb_blog_article_tag` [ RunTime:0.0160s ]
SQL: SELECT `id`,`tag_name`,`tag_picture_id` FROM `lsgoweb_blog_article_tag` WHERE `status` = 1 AND `category_id` = 2 ORDER BY sort  [ RunTime:0.0010s ]
SQL: SELECT `path` FROM `lsgoweb_picture` WHERE `id` = 4 LIMIT 1   [ RunTime:0.0000s ]
SQL: SELECT `path` FROM `lsgoweb_picture` WHERE `id` = 5 LIMIT 1   [ RunTime:0.0010s ]
SQL: SELECT `path` FROM `lsgoweb_picture` WHERE `id` = 6 LIMIT 1   [ RunTime:0.0000s ]
SQL: SELECT `path` FROM `lsgoweb_picture` WHERE `id` = 7 LIMIT 1   [ RunTime:0.0000s ]
SQL: SELECT `path` FROM `lsgoweb_picture` WHERE `id` = 8 LIMIT 1   [ RunTime:0.0000s ]
SQL: SELECT `path` FROM `lsgoweb_picture` WHERE `id` = 9 LIMIT 1   [ RunTime:0.0000s ]
SQL: SELECT `path` FROM `lsgoweb_picture` WHERE `id` = 10 LIMIT 1   [ RunTime:0.0000s ]
SQL: SELECT `path` FROM `lsgoweb_picture` WHERE `id` = 11 LIMIT 1   [ RunTime:0.0000s ]
SQL: SHOW COLUMNS FROM `lsgoweb_document` [ RunTime:0.0080s ]
NOTIC: [8] Undefined offset: 0 D:\WWW\lsgo\ThinkPHP\Library\Think\Model.class.php 第 224 行.
SQL: SELECT `id`,`title`,`category_id`,`create_time` FROM `lsgoweb_document` WHERE `category_id` = 2 AND `display` = 1 AND `status` = 1 LIMIT 5   [ RunTime:0.0000s ]
SQL: SELECT COUNT(*) AS tp_count FROM `lsgoweb_document` WHERE `category_id` = 2 AND `display` = 1 AND `status` = 1 LIMIT 1   [ RunTime:0.0000s ]
SQL: SELECT `id`,`category_id`,`title`,`update_time` FROM `lsgoweb_document` WHERE `category_id` = 2 AND `display` = 1 AND `status` = 1 ORDER BY create_time  [ RunTime:0.0010s ]

[ 2015-11-04T21:51:30+08:00 ] ::1 /lsgo/index.php?s=/Blog/Index/index.html
INFO: [ app_init ] --START--
INFO: Run Behavior\BuildLiteBehavior [ RunTime:0.000000s ]
INFO: Run Common\Behavior\InitHookBehavior [ RunTime:0.003001s ]
INFO: [ app_init ] --END-- [ RunTime:0.004001s ]
INFO: [ app_begin ] --START--
INFO: Run Behavior\ReadHtmlCacheBehavior [ RunTime:0.000000s ]
INFO: [ app_begin ] --END-- [ RunTime:0.001000s ]
SQL: SHOW COLUMNS FROM `lsgoweb_channel` [ RunTime:0.0100s ]
SQL: SELECT `title`,`url` FROM `lsgoweb_channel` WHERE `status` = 1 ORDER BY sort  [ RunTime:0.0000s ]
SQL: SHOW COLUMNS FROM `lsgoweb_category` [ RunTime:0.0000s ]
SQL: SELECT `title` FROM `lsgoweb_category` WHERE ( id=2 ) LIMIT 1   [ RunTime:0.0100s ]
SQL: SHOW COLUMNS FROM `lsgoweb_category` [ RunTime:0.0000s ]
SQL: SELECT `id`,`title` FROM `lsgoweb_category` WHERE `status` = 1 AND `pid` = 1 ORDER BY sort  [ RunTime:0.0000s ]
SQL: SHOW COLUMNS FROM `lsgoweb_picture` [ RunTime:0.0000s ]
SQL: SELECT `icon` FROM `lsgoweb_category` WHERE `id` = 2 LIMIT 1   [ RunTime:0.0000s ]
SQL: SELECT `path` FROM `lsgoweb_picture` WHERE `id` = 12 LIMIT 1   [ RunTime:0.0000s ]
SQL: SHOW COLUMNS FROM `lsgoweb_blog_article_tag` [ RunTime:0.0100s ]
SQL: SHOW COLUMNS FROM `lsgoweb_blog_article_tag` [ RunTime:0.0100s ]
SQL: SELECT `id`,`tag_name`,`tag_picture_id` FROM `lsgoweb_blog_article_tag` WHERE `status` = 1 AND `category_id` = 2 ORDER BY sort  [ RunTime:0.0000s ]
SQL: SELECT `path` FROM `lsgoweb_picture` WHERE `id` = 4 LIMIT 1   [ RunTime:0.0000s ]
SQL: SELECT `path` FROM `lsgoweb_picture` WHERE `id` = 5 LIMIT 1   [ RunTime:0.0000s ]
SQL: SELECT `path` FROM `lsgoweb_picture` WHERE `id` = 6 LIMIT 1   [ RunTime:0.0000s ]
SQL: SELECT `path` FROM `lsgoweb_picture` WHERE `id` = 7 LIMIT 1   [ RunTime:0.0000s ]
SQL: SELECT `path` FROM `lsgoweb_picture` WHERE `id` = 8 LIMIT 1   [ RunTime:0.0000s ]
SQL: SELECT `path` FROM `lsgoweb_picture` WHERE `id` = 9 LIMIT 1   [ RunTime:0.0000s ]
SQL: SELECT `path` FROM `lsgoweb_picture` WHERE `id` = 10 LIMIT 1   [ RunTime:0.0000s ]
SQL: SELECT `path` FROM `lsgoweb_picture` WHERE `id` = 11 LIMIT 1   [ RunTime:0.0000s ]
SQL: SHOW COLUMNS FROM `lsgoweb_document` [ RunTime:0.0000s ]
NOTIC: [8] Undefined offset: 0 D:\WWW\lsgo\ThinkPHP\Library\Think\Model.class.php 第 224 行.
SQL: SELECT `id`,`title`,`category_id`,`create_time` FROM `lsgoweb_document` WHERE `category_id` = 2 AND `display` = 1 AND `status` = 1 LIMIT 5   [ RunTime:0.0000s ]
SQL: SELECT COUNT(*) AS tp_count FROM `lsgoweb_document` WHERE `category_id` = 2 AND `display` = 1 AND `status` = 1 LIMIT 1   [ RunTime:0.0100s ]
SQL: SELECT `id`,`category_id`,`title`,`update_time` FROM `lsgoweb_document` WHERE `category_id` = 2 AND `display` = 1 AND `status` = 1 AND `defualt_tag_id` = 4 ORDER BY create_time  [ RunTime:0.0000s ]

[ 2015-11-04T21:51:30+08:00 ] ::1 /lsgo/index.php?s=/Blog/Index/index.html
INFO: [ app_init ] --START--
INFO: Run Behavior\BuildLiteBehavior [ RunTime:0.000000s ]
INFO: Run Common\Behavior\InitHookBehavior [ RunTime:0.002000s ]
INFO: [ app_init ] --END-- [ RunTime:0.002000s ]
INFO: [ app_begin ] --START--
INFO: Run Behavior\ReadHtmlCacheBehavior [ RunTime:0.000000s ]
INFO: [ app_begin ] --END-- [ RunTime:0.000000s ]
SQL: SHOW COLUMNS FROM `lsgoweb_channel` [ RunTime:0.0070s ]
SQL: SELECT `title`,`url` FROM `lsgoweb_channel` WHERE `status` = 1 ORDER BY sort  [ RunTime:0.0000s ]
SQL: SHOW COLUMNS FROM `lsgoweb_category` [ RunTime:0.0100s ]
SQL: SELECT `title` FROM `lsgoweb_category` WHERE ( id=2 ) LIMIT 1   [ RunTime:0.0000s ]
SQL: SHOW COLUMNS FROM `lsgoweb_category` [ RunTime:0.0100s ]
SQL: SELECT `id`,`title` FROM `lsgoweb_category` WHERE `status` = 1 AND `pid` = 1 ORDER BY sort  [ RunTime:0.0000s ]
SQL: SHOW COLUMNS FROM `lsgoweb_picture` [ RunTime:0.0100s ]
SQL: SELECT `icon` FROM `lsgoweb_category` WHERE `id` = 2 LIMIT 1   [ RunTime:0.0000s ]
SQL: SELECT `path` FROM `lsgoweb_picture` WHERE `id` = 12 LIMIT 1   [ RunTime:0.0000s ]
SQL: SHOW COLUMNS FROM `lsgoweb_blog_article_tag` [ RunTime:0.0100s ]
SQL: SHOW COLUMNS FROM `lsgoweb_blog_article_tag` [ RunTime:0.0100s ]
SQL: SELECT `id`,`tag_name`,`tag_picture_id` FROM `lsgoweb_blog_article_tag` WHERE `status` = 1 AND `category_id` = 2 ORDER BY sort  [ RunTime:0.0000s ]
SQL: SELECT `path` FROM `lsgoweb_picture` WHERE `id` = 4 LIMIT 1   [ RunTime:0.0000s ]
SQL: SELECT `path` FROM `lsgoweb_picture` WHERE `id` = 5 LIMIT 1   [ RunTime:0.0000s ]
SQL: SELECT `path` FROM `lsgoweb_picture` WHERE `id` = 6 LIMIT 1   [ RunTime:0.0000s ]
SQL: SELECT `path` FROM `lsgoweb_picture` WHERE `id` = 7 LIMIT 1   [ RunTime:0.0000s ]
SQL: SELECT `path` FROM `lsgoweb_picture` WHERE `id` = 8 LIMIT 1   [ RunTime:0.0000s ]
SQL: SELECT `path` FROM `lsgoweb_picture` WHERE `id` = 9 LIMIT 1   [ RunTime:0.0000s ]
SQL: SELECT `path` FROM `lsgoweb_picture` WHERE `id` = 10 LIMIT 1   [ RunTime:0.0000s ]
SQL: SELECT `path` FROM `lsgoweb_picture` WHERE `id` = 11 LIMIT 1   [ RunTime:0.0000s ]
SQL: SHOW COLUMNS FROM `lsgoweb_document` [ RunTime:0.0100s ]
NOTIC: [8] Undefined offset: 0 D:\WWW\lsgo\ThinkPHP\Library\Think\Model.class.php 第 224 行.
SQL: SELECT `id`,`title`,`category_id`,`create_time` FROM `lsgoweb_document` WHERE `category_id` = 2 AND `display` = 1 AND `status` = 1 LIMIT 5   [ RunTime:0.0000s ]
SQL: SELECT COUNT(*) AS tp_count FROM `lsgoweb_document` WHERE `category_id` = 2 AND `display` = 1 AND `status` = 1 LIMIT 1   [ RunTime:0.0000s ]
SQL: SELECT `id`,`category_id`,`title`,`update_time` FROM `lsgoweb_document` WHERE `category_id` = 2 AND `display` = 1 AND `status` = 1 AND `defualt_tag_id` = 1 ORDER BY create_time  [ RunTime:0.0000s ]

[ 2015-11-04T21:51:30+08:00 ] ::1 /lsgo/index.php?s=/Blog/Index/index.html
INFO: [ app_init ] --START--
INFO: Run Behavior\BuildLiteBehavior [ RunTime:0.000000s ]
INFO: Run Common\Behavior\InitHookBehavior [ RunTime:0.010000s ]
INFO: [ app_init ] --END-- [ RunTime:0.010000s ]
INFO: [ app_begin ] --START--
INFO: Run Behavior\ReadHtmlCacheBehavior [ RunTime:0.001000s ]
INFO: [ app_begin ] --END-- [ RunTime:0.001000s ]
SQL: SHOW COLUMNS FROM `lsgoweb_channel` [ RunTime:0.0070s ]
SQL: SELECT `title`,`url` FROM `lsgoweb_channel` WHERE `status` = 1 ORDER BY sort  [ RunTime:0.0000s ]
SQL: SHOW COLUMNS FROM `lsgoweb_category` [ RunTime:0.0100s ]
SQL: SELECT `title` FROM `lsgoweb_category` WHERE ( id=2 ) LIMIT 1   [ RunTime:0.0000s ]
SQL: SHOW COLUMNS FROM `lsgoweb_category` [ RunTime:0.0000s ]
SQL: SELECT `id`,`title` FROM `lsgoweb_category` WHERE `status` = 1 AND `pid` = 1 ORDER BY sort  [ RunTime:0.0100s ]
SQL: SHOW COLUMNS FROM `lsgoweb_picture` [ RunTime:0.0000s ]
SQL: SELECT `icon` FROM `lsgoweb_category` WHERE `id` = 2 LIMIT 1   [ RunTime:0.0000s ]
SQL: SELECT `path` FROM `lsgoweb_picture` WHERE `id` = 12 LIMIT 1   [ RunTime:0.0000s ]
SQL: SHOW COLUMNS FROM `lsgoweb_blog_article_tag` [ RunTime:0.0000s ]
SQL: SHOW COLUMNS FROM `lsgoweb_blog_article_tag` [ RunTime:0.0100s ]
SQL: SELECT `id`,`tag_name`,`tag_picture_id` FROM `lsgoweb_blog_article_tag` WHERE `status` = 1 AND `category_id` = 2 ORDER BY sort  [ RunTime:0.0000s ]
SQL: SELECT `path` FROM `lsgoweb_picture` WHERE `id` = 4 LIMIT 1   [ RunTime:0.0000s ]
SQL: SELECT `path` FROM `lsgoweb_picture` WHERE `id` = 5 LIMIT 1   [ RunTime:0.0000s ]
SQL: SELECT `path` FROM `lsgoweb_picture` WHERE `id` = 6 LIMIT 1   [ RunTime:0.0000s ]
SQL: SELECT `path` FROM `lsgoweb_picture` WHERE `id` = 7 LIMIT 1   [ RunTime:0.0000s ]
SQL: SELECT `path` FROM `lsgoweb_picture` WHERE `id` = 8 LIMIT 1   [ RunTime:0.0000s ]
SQL: SELECT `path` FROM `lsgoweb_picture` WHERE `id` = 9 LIMIT 1   [ RunTime:0.0000s ]
SQL: SELECT `path` FROM `lsgoweb_picture` WHERE `id` = 10 LIMIT 1   [ RunTime:0.0000s ]
SQL: SELECT `path` FROM `lsgoweb_picture` WHERE `id` = 11 LIMIT 1   [ RunTime:0.0000s ]
SQL: SHOW COLUMNS FROM `lsgoweb_document` [ RunTime:0.0100s ]
NOTIC: [8] Undefined offset: 0 D:\WWW\lsgo\ThinkPHP\Library\Think\Model.class.php 第 224 行.
SQL: SELECT `id`,`title`,`category_id`,`create_time` FROM `lsgoweb_document` WHERE `category_id` = 2 AND `display` = 1 AND `status` = 1 LIMIT 5   [ RunTime:0.0000s ]
SQL: SELECT COUNT(*) AS tp_count FROM `lsgoweb_document` WHERE `category_id` = 2 AND `display` = 1 AND `status` = 1 LIMIT 1   [ RunTime:0.0000s ]
SQL: SELECT `id`,`category_id`,`title`,`update_time` FROM `lsgoweb_document` WHERE `category_id` = 2 AND `display` = 1 AND `status` = 1 ORDER BY create_time  [ RunTime:0.0100s ]

[ 2015-11-04T21:51:31+08:00 ] ::1 /lsgo/index.php?s=/Blog/Article/lists/category/2.html
INFO: [ app_init ] --START--
INFO: Run Behavior\BuildLiteBehavior [ RunTime:0.000000s ]
INFO: Run Common\Behavior\InitHookBehavior [ RunTime:0.002000s ]
INFO: [ app_init ] --END-- [ RunTime:0.002000s ]
INFO: [ app_begin ] --START--
INFO: Run Behavior\ReadHtmlCacheBehavior [ RunTime:0.000000s ]
INFO: [ app_begin ] --END-- [ RunTime:0.000000s ]
SQL: SHOW COLUMNS FROM `lsgoweb_channel` [ RunTime:0.0080s ]
SQL: SELECT `title`,`url` FROM `lsgoweb_channel` WHERE `status` = 1 ORDER BY sort  [ RunTime:0.0000s ]
SQL: SHOW COLUMNS FROM `lsgoweb_document` [ RunTime:0.0080s ]
SQL: SELECT bt.id,bt.uid,bt.title,bt.tag_ids,bt.view,bt.comment,bt.update_time,p.username FROM lsgoweb_document bt left join lsgoweb_ucenter_member p on bt.uid = p.id  WHERE ( bt.category_id=2 AND bt.status = 1 )  [ RunTime:0.0000s ]
SQL: SHOW COLUMNS FROM `lsgoweb_category` [ RunTime:0.0080s ]
SQL: SHOW COLUMNS FROM `lsgoweb_blog_article_tag` [ RunTime:0.0070s ]
SQL: SELECT `id`,`tag_name` FROM `lsgoweb_blog_article_tag` WHERE ( status = 1 )  [ RunTime:0.0000s ]
SQL: SELECT `id`,`title` FROM `lsgoweb_category` WHERE `status` = 1 AND `pid` = 1 ORDER BY sort  [ RunTime:0.0010s ]
INFO: [ view_parse ] --START--
INFO: [ template_filter ] --START--
INFO: Run Behavior\ContentReplaceBehavior [ RunTime:0.000000s ]
INFO: [ template_filter ] --END-- [ RunTime:0.000000s ]
NOTIC: [8] Undefined index: class D:\WWW\lsgo\Runtime\Cache\Blog\adca04b5234fbfdd0b6f0d89136dbbb5.php 第 42 行.
NOTIC: [8] Undefined index: class D:\WWW\lsgo\Runtime\Cache\Blog\adca04b5234fbfdd0b6f0d89136dbbb5.php 第 42 行.
NOTIC: [8] Undefined index: class D:\WWW\lsgo\Runtime\Cache\Blog\adca04b5234fbfdd0b6f0d89136dbbb5.php 第 42 行.
NOTIC: [8] Undefined index: class D:\WWW\lsgo\Runtime\Cache\Blog\adca04b5234fbfdd0b6f0d89136dbbb5.php 第 42 行.
SQL: SHOW COLUMNS FROM `lsgoweb_ucenter_member` [ RunTime:0.0080s ]
SQL: SHOW COLUMNS FROM `lsgoweb_picture` [ RunTime:0.0070s ]
SQL: SELECT `id`,`head_picture_id`,`username` FROM `lsgoweb_ucenter_member` WHERE `id` = null LIMIT 1   [ RunTime:0.0000s ]
SQL: SELECT `path` FROM `lsgoweb_picture` WHERE `id` = null LIMIT 1   [ RunTime:0.0000s ]
NOTIC: [8] Undefined index: class D:\WWW\lsgo\Runtime\Cache\Blog\adca04b5234fbfdd0b6f0d89136dbbb5.php 第 88 行.
NOTIC: [8] Undefined index: class D:\WWW\lsgo\Runtime\Cache\Blog\adca04b5234fbfdd0b6f0d89136dbbb5.php 第 88 行.
NOTIC: [8] Undefined index: class D:\WWW\lsgo\Runtime\Cache\Blog\adca04b5234fbfdd0b6f0d89136dbbb5.php 第 88 行.
NOTIC: [8] Undefined index:    D:\WWW\lsgo\Runtime\Cache\Blog\adca04b5234fbfdd0b6f0d89136dbbb5.php 第 117 行.
INFO: Run Behavior\ParseTemplateBehavior [ RunTime:0.058003s ]
INFO: [ view_parse ] --END-- [ RunTime:0.058003s ]
INFO: [ view_filter ] --START--
INFO: Run Behavior\WriteHtmlCacheBehavior [ RunTime:0.000000s ]
INFO: [ view_filter ] --END-- [ RunTime:0.000000s ]
INFO: [ app_end ] --START--
INFO: Run Behavior\ShowPageTraceBehavior [ RunTime:0.000000s ]
INFO: [ app_end ] --END-- [ RunTime:0.002000s ]

