[ 2015-11-01T21:48:45+08:00 ] ::1 /lsgo/index.php?s=/Blog/Index/search
INFO: [ app_init ] --START--
INFO: Run Behavior\BuildLiteBehavior [ RunTime:0.000000s ]
INFO: Run Common\Behavior\InitHookBehavior [ RunTime:0.020001s ]
INFO: [ app_init ] --END-- [ RunTime:0.024001s ]
INFO: [ app_begin ] --START--
INFO: Run Behavior\ReadHtmlCacheBehavior [ RunTime:0.003000s ]
INFO: [ app_begin ] --END-- [ RunTime:0.003000s ]

[ 2015-11-01T21:49:45+08:00 ] ::1 /lsgo/index.php?s=/Blog/Index/search
INFO: [ app_init ] --START--
INFO: Run Behavior\BuildLiteBehavior [ RunTime:0.000000s ]
INFO: Run Common\Behavior\InitHookBehavior [ RunTime:0.006001s ]
INFO: [ app_init ] --END-- [ RunTime:0.006001s ]
INFO: [ app_begin ] --START--
INFO: Run Behavior\ReadHtmlCacheBehavior [ RunTime:0.001000s ]
INFO: [ app_begin ] --END-- [ RunTime:0.002000s ]

[ 2015-11-01T21:49:46+08:00 ] ::1 /lsgo/index.php?s=/Blog/Index/search
INFO: [ app_init ] --START--
INFO: Run Behavior\BuildLiteBehavior [ RunTime:0.000000s ]
INFO: Run Common\Behavior\InitHookBehavior [ RunTime:0.005001s ]
INFO: [ app_init ] --END-- [ RunTime:0.005001s ]
INFO: [ app_begin ] --START--
INFO: Run Behavior\ReadHtmlCacheBehavior [ RunTime:0.001000s ]
INFO: [ app_begin ] --END-- [ RunTime:0.001000s ]

[ 2015-11-01T21:49:46+08:00 ] ::1 /lsgo/index.php?s=/Blog/Index/search
INFO: [ app_init ] --START--
INFO: Run Behavior\BuildLiteBehavior [ RunTime:0.000000s ]
INFO: Run Common\Behavior\InitHookBehavior [ RunTime:0.006001s ]
INFO: [ app_init ] --END-- [ RunTime:0.006001s ]
INFO: [ app_begin ] --START--
INFO: Run Behavior\ReadHtmlCacheBehavior [ RunTime:0.002000s ]
INFO: [ app_begin ] --END-- [ RunTime:0.002000s ]

[ 2015-11-01T21:49:46+08:00 ] ::1 /lsgo/index.php?s=/Blog/Index/search
INFO: [ app_init ] --START--
INFO: Run Behavior\BuildLiteBehavior [ RunTime:0.000000s ]
INFO: Run Common\Behavior\InitHookBehavior [ RunTime:0.005001s ]
INFO: [ app_init ] --END-- [ RunTime:0.006001s ]
INFO: [ app_begin ] --START--
INFO: Run Behavior\ReadHtmlCacheBehavior [ RunTime:0.001000s ]
INFO: [ app_begin ] --END-- [ RunTime:0.001000s ]

[ 2015-11-01T21:49:47+08:00 ] ::1 /lsgo/index.php?s=/Blog/Index/search
INFO: [ app_init ] --START--
INFO: Run Behavior\BuildLiteBehavior [ RunTime:0.000000s ]
INFO: Run Common\Behavior\InitHookBehavior [ RunTime:0.008001s ]
INFO: [ app_init ] --END-- [ RunTime:0.009001s ]
INFO: [ app_begin ] --START--
INFO: Run Behavior\ReadHtmlCacheBehavior [ RunTime:0.002000s ]
INFO: [ app_begin ] --END-- [ RunTime:0.002000s ]

[ 2015-11-01T21:49:47+08:00 ] ::1 /lsgo/index.php?s=/Blog/Index/search
INFO: [ app_init ] --START--
INFO: Run Behavior\BuildLiteBehavior [ RunTime:0.000000s ]
INFO: Run Common\Behavior\InitHookBehavior [ RunTime:0.006000s ]
INFO: [ app_init ] --END-- [ RunTime:0.007000s ]
INFO: [ app_begin ] --START--
INFO: Run Behavior\ReadHtmlCacheBehavior [ RunTime:0.001000s ]
INFO: [ app_begin ] --END-- [ RunTime:0.001000s ]

[ 2015-11-01T21:49:47+08:00 ] ::1 /lsgo/index.php?s=/Blog/Index/search
INFO: [ app_init ] --START--
INFO: Run Behavior\BuildLiteBehavior [ RunTime:0.000000s ]
INFO: Run Common\Behavior\InitHookBehavior [ RunTime:0.005000s ]
INFO: [ app_init ] --END-- [ RunTime:0.006001s ]
INFO: [ app_begin ] --START--
INFO: Run Behavior\ReadHtmlCacheBehavior [ RunTime:0.001000s ]
INFO: [ app_begin ] --END-- [ RunTime:0.001000s ]

[ 2015-11-01T21:49:47+08:00 ] ::1 /lsgo/index.php?s=/Blog/Index/search
INFO: [ app_init ] --START--
INFO: Run Behavior\BuildLiteBehavior [ RunTime:0.000000s ]
INFO: Run Common\Behavior\InitHookBehavior [ RunTime:0.006000s ]
INFO: [ app_init ] --END-- [ RunTime:0.006000s ]
INFO: [ app_begin ] --START--
INFO: Run Behavior\ReadHtmlCacheBehavior [ RunTime:0.002000s ]
INFO: [ app_begin ] --END-- [ RunTime:0.002000s ]

[ 2015-11-01T21:49:48+08:00 ] ::1 /lsgo/index.php?s=/Blog/Index/search
INFO: [ app_init ] --START--
INFO: Run Behavior\BuildLiteBehavior [ RunTime:0.000000s ]
INFO: Run Common\Behavior\InitHookBehavior [ RunTime:0.005000s ]
INFO: [ app_init ] --END-- [ RunTime:0.005000s ]
INFO: [ app_begin ] --START--
INFO: Run Behavior\ReadHtmlCacheBehavior [ RunTime:0.001000s ]
INFO: [ app_begin ] --END-- [ RunTime:0.001000s ]

[ 2015-11-01T21:51:50+08:00 ] ::1 /lsgo/index.php?s=/Blog/Index/search
INFO: [ app_init ] --START--
INFO: Run Behavior\BuildLiteBehavior [ RunTime:0.000000s ]
INFO: Run Common\Behavior\InitHookBehavior [ RunTime:0.005000s ]
INFO: [ app_init ] --END-- [ RunTime:0.005000s ]
INFO: [ app_begin ] --START--
INFO: Run Behavior\ReadHtmlCacheBehavior [ RunTime:0.001000s ]
INFO: [ app_begin ] --END-- [ RunTime:0.001000s ]

[ 2015-11-01T21:52:50+08:00 ] ::1 /lsgo/index.php?s=/Blog/Index/search
INFO: [ app_init ] --START--
INFO: Run Behavior\BuildLiteBehavior [ RunTime:0.000000s ]
INFO: Run Common\Behavior\InitHookBehavior [ RunTime:0.005000s ]
INFO: [ app_init ] --END-- [ RunTime:0.005000s ]
INFO: [ app_begin ] --START--
INFO: Run Behavior\ReadHtmlCacheBehavior [ RunTime:0.001000s ]
INFO: [ app_begin ] --END-- [ RunTime:0.001000s ]

[ 2015-11-01T21:53:14+08:00 ] ::1 /lsgo/index.php?s=/Blog/Index/search
INFO: [ app_init ] --START--
INFO: Run Behavior\BuildLiteBehavior [ RunTime:0.000000s ]
INFO: Run Common\Behavior\InitHookBehavior [ RunTime:0.005000s ]
INFO: [ app_init ] --END-- [ RunTime:0.006000s ]
INFO: [ app_begin ] --START--
INFO: Run Behavior\ReadHtmlCacheBehavior [ RunTime:0.001000s ]
INFO: [ app_begin ] --END-- [ RunTime:0.001000s ]

[ 2015-11-01T21:53:15+08:00 ] ::1 /lsgo/index.php?s=/Blog/Index/search
INFO: [ app_init ] --START--
INFO: Run Behavior\BuildLiteBehavior [ RunTime:0.000000s ]
INFO: Run Common\Behavior\InitHookBehavior [ RunTime:0.006000s ]
INFO: [ app_init ] --END-- [ RunTime:0.007000s ]
INFO: [ app_begin ] --START--
INFO: Run Behavior\ReadHtmlCacheBehavior [ RunTime:0.001000s ]
INFO: [ app_begin ] --END-- [ RunTime:0.001000s ]

[ 2015-11-01T21:53:15+08:00 ] ::1 /lsgo/index.php?s=/Blog/Index/search
INFO: [ app_init ] --START--
INFO: Run Behavior\BuildLiteBehavior [ RunTime:0.000000s ]
INFO: Run Common\Behavior\InitHookBehavior [ RunTime:0.005000s ]
INFO: [ app_init ] --END-- [ RunTime:0.005000s ]
INFO: [ app_begin ] --START--
INFO: Run Behavior\ReadHtmlCacheBehavior [ RunTime:0.001000s ]
INFO: [ app_begin ] --END-- [ RunTime:0.001000s ]

[ 2015-11-01T21:53:15+08:00 ] ::1 /lsgo/index.php?s=/Blog/Index/search
INFO: [ app_init ] --START--
INFO: Run Behavior\BuildLiteBehavior [ RunTime:0.000000s ]
INFO: Run Common\Behavior\InitHookBehavior [ RunTime:0.005000s ]
INFO: [ app_init ] --END-- [ RunTime:0.006000s ]
INFO: [ app_begin ] --START--
INFO: Run Behavior\ReadHtmlCacheBehavior [ RunTime:0.001000s ]
INFO: [ app_begin ] --END-- [ RunTime:0.001000s ]

[ 2015-11-01T21:53:35+08:00 ] ::1 /lsgo/index.php?s=/Blog/Index/search
INFO: [ app_init ] --START--
INFO: Run Behavior\BuildLiteBehavior [ RunTime:0.000000s ]
INFO: Run Common\Behavior\InitHookBehavior [ RunTime:0.005001s ]
INFO: [ app_init ] --END-- [ RunTime:0.005001s ]
INFO: [ app_begin ] --START--
INFO: Run Behavior\ReadHtmlCacheBehavior [ RunTime:0.001000s ]
INFO: [ app_begin ] --END-- [ RunTime:0.001000s ]
NOTIC: [8] Undefined index: keyword D:\WWW\lsgo\Application\Blog\Controller\IndexController.class.php 第 174 行.
NOTIC: [8] Undefined index: type D:\WWW\lsgo\Application\Blog\Controller\IndexController.class.php 第 175 行.
SQL: SHOW COLUMNS FROM `lsgoweb_document` [ RunTime:0.0240s ]
SQL: SHOW COLUMNS FROM `lsgoweb_ucenter_member` [ RunTime:0.0240s ]
NOTIC: [8] Undefined index: order D:\WWW\lsgo\Application\Blog\Controller\IndexController.class.php 第 180 行.
SQL: SELECT * FROM `lsgoweb_document` WHERE `title` LIKE '%%' ORDER BY view DESC  [ RunTime:0.0250s ]
SQL: SHOW COLUMNS FROM `lsgoweb_blog_article_tag` [ RunTime:0.0170s ]
SQL: SELECT * FROM `lsgoweb_blog_article_tag`  [ RunTime:0.0010s ]
INFO: [ view_parse ] --START--
INFO: [ template_filter ] --START--
INFO: Run Behavior\ContentReplaceBehavior [ RunTime:0.000000s ]
INFO: [ template_filter ] --END-- [ RunTime:0.000000s ]
NOTIC: [8] Undefined variable: menu D:\WWW\lsgo\Runtime\Cache\Blog\75c02f746fdaa0392370296018cff839.php 第 39 行.
SQL: SHOW COLUMNS FROM `lsgoweb_ucenter_member` [ RunTime:0.0100s ]
SQL: SHOW COLUMNS FROM `lsgoweb_picture` [ RunTime:0.0200s ]
SQL: SELECT `id`,`head_picture_id`,`username` FROM `lsgoweb_ucenter_member` WHERE `id` = null LIMIT 1   [ RunTime:0.0010s ]
SQL: SELECT `path` FROM `lsgoweb_picture` WHERE `id` = null LIMIT 1   [ RunTime:0.0000s ]
NOTIC: [8] Use of undefined constant art - assumed 'art' D:\WWW\lsgo\Runtime\Cache\Blog\75c02f746fdaa0392370296018cff839.php 第 102 行.
NOTIC: [8] Undefined index: username D:\WWW\lsgo\Runtime\Cache\Blog\75c02f746fdaa0392370296018cff839.php 第 120 行.
NOTIC: [8] Undefined index: username D:\WWW\lsgo\Runtime\Cache\Blog\75c02f746fdaa0392370296018cff839.php 第 120 行.
NOTIC: [8] Undefined index: username D:\WWW\lsgo\Runtime\Cache\Blog\75c02f746fdaa0392370296018cff839.php 第 120 行.
NOTIC: [8] Undefined index: username D:\WWW\lsgo\Runtime\Cache\Blog\75c02f746fdaa0392370296018cff839.php 第 120 行.
NOTIC: [8] Undefined index: username D:\WWW\lsgo\Runtime\Cache\Blog\75c02f746fdaa0392370296018cff839.php 第 120 行.
NOTIC: [8] Undefined index: username D:\WWW\lsgo\Runtime\Cache\Blog\75c02f746fdaa0392370296018cff839.php 第 120 行.
NOTIC: [8] Undefined index: username D:\WWW\lsgo\Runtime\Cache\Blog\75c02f746fdaa0392370296018cff839.php 第 120 行.
NOTIC: [8] Undefined index: username D:\WWW\lsgo\Runtime\Cache\Blog\75c02f746fdaa0392370296018cff839.php 第 120 行.
NOTIC: [8] Undefined index: username D:\WWW\lsgo\Runtime\Cache\Blog\75c02f746fdaa0392370296018cff839.php 第 120 行.
NOTIC: [8] Undefined index: username D:\WWW\lsgo\Runtime\Cache\Blog\75c02f746fdaa0392370296018cff839.php 第 120 行.
NOTIC: [2] date() expects parameter 2 to be long, string given D:\WWW\lsgo\Runtime\Cache\Blog\75c02f746fdaa0392370296018cff839.php 第 123 行.
NOTIC: [8] Use of undefined constant art - assumed 'art' D:\WWW\lsgo\Runtime\Cache\Blog\75c02f746fdaa0392370296018cff839.php 第 191 行.
INFO: Run Behavior\ParseTemplateBehavior [ RunTime:0.132008s ]
INFO: [ view_parse ] --END-- [ RunTime:0.132008s ]
INFO: [ view_filter ] --START--
INFO: Run Behavior\WriteHtmlCacheBehavior [ RunTime:0.002000s ]
INFO: [ view_filter ] --END-- [ RunTime:0.002000s ]
INFO: [ app_end ] --START--
INFO: Run Behavior\ShowPageTraceBehavior [ RunTime:0.002000s ]
INFO: [ app_end ] --END-- [ RunTime:0.002000s ]

[ 2015-11-01T21:53:35+08:00 ] ::1 /lsgo/index.php?s=/Blog/Index/search
INFO: [ app_init ] --START--
INFO: Run Behavior\BuildLiteBehavior [ RunTime:0.000000s ]
INFO: Run Common\Behavior\InitHookBehavior [ RunTime:0.005000s ]
INFO: [ app_init ] --END-- [ RunTime:0.006000s ]
INFO: [ app_begin ] --START--
INFO: Run Behavior\ReadHtmlCacheBehavior [ RunTime:0.002000s ]
INFO: [ app_begin ] --END-- [ RunTime:0.002000s ]
NOTIC: [8] Undefined index: keyword D:\WWW\lsgo\Application\Blog\Controller\IndexController.class.php 第 174 行.
NOTIC: [8] Undefined index: type D:\WWW\lsgo\Application\Blog\Controller\IndexController.class.php 第 175 行.
SQL: SHOW COLUMNS FROM `lsgoweb_document` [ RunTime:0.0100s ]
SQL: SHOW COLUMNS FROM `lsgoweb_ucenter_member` [ RunTime:0.0100s ]
NOTIC: [8] Undefined index: order D:\WWW\lsgo\Application\Blog\Controller\IndexController.class.php 第 180 行.
SQL: SELECT * FROM `lsgoweb_document` WHERE `title` LIKE '%%' ORDER BY view DESC  [ RunTime:0.0000s ]
SQL: SHOW COLUMNS FROM `lsgoweb_blog_article_tag` [ RunTime:0.0100s ]
SQL: SELECT * FROM `lsgoweb_blog_article_tag`  [ RunTime:0.0000s ]
INFO: [ view_parse ] --START--
INFO: [ template_filter ] --START--
INFO: Run Behavior\ContentReplaceBehavior [ RunTime:0.000000s ]
INFO: [ template_filter ] --END-- [ RunTime:0.000000s ]
NOTIC: [8] Undefined variable: menu D:\WWW\lsgo\Runtime\Cache\Blog\75c02f746fdaa0392370296018cff839.php 第 39 行.
SQL: SHOW COLUMNS FROM `lsgoweb_ucenter_member` [ RunTime:0.0000s ]
SQL: SHOW COLUMNS FROM `lsgoweb_picture` [ RunTime:0.0000s ]
SQL: SELECT `id`,`head_picture_id`,`username` FROM `lsgoweb_ucenter_member` WHERE `id` = null LIMIT 1   [ RunTime:0.0000s ]
SQL: SELECT `path` FROM `lsgoweb_picture` WHERE `id` = null LIMIT 1   [ RunTime:0.0000s ]
NOTIC: [8] Use of undefined constant art - assumed 'art' D:\WWW\lsgo\Runtime\Cache\Blog\75c02f746fdaa0392370296018cff839.php 第 102 行.
NOTIC: [8] Undefined index: username D:\WWW\lsgo\Runtime\Cache\Blog\75c02f746fdaa0392370296018cff839.php 第 120 行.
NOTIC: [8] Undefined index: username D:\WWW\lsgo\Runtime\Cache\Blog\75c02f746fdaa0392370296018cff839.php 第 120 行.
NOTIC: [8] Undefined index: username D:\WWW\lsgo\Runtime\Cache\Blog\75c02f746fdaa0392370296018cff839.php 第 120 行.
NOTIC: [8] Undefined index: username D:\WWW\lsgo\Runtime\Cache\Blog\75c02f746fdaa0392370296018cff839.php 第 120 行.
NOTIC: [8] Undefined index: username D:\WWW\lsgo\Runtime\Cache\Blog\75c02f746fdaa0392370296018cff839.php 第 120 行.
NOTIC: [8] Undefined index: username D:\WWW\lsgo\Runtime\Cache\Blog\75c02f746fdaa0392370296018cff839.php 第 120 行.
NOTIC: [8] Undefined index: username D:\WWW\lsgo\Runtime\Cache\Blog\75c02f746fdaa0392370296018cff839.php 第 120 行.
NOTIC: [8] Undefined index: username D:\WWW\lsgo\Runtime\Cache\Blog\75c02f746fdaa0392370296018cff839.php 第 120 行.
NOTIC: [8] Undefined index: username D:\WWW\lsgo\Runtime\Cache\Blog\75c02f746fdaa0392370296018cff839.php 第 120 行.
NOTIC: [8] Undefined index: username D:\WWW\lsgo\Runtime\Cache\Blog\75c02f746fdaa0392370296018cff839.php 第 120 行.
NOTIC: [2] date() expects parameter 2 to be long, string given D:\WWW\lsgo\Runtime\Cache\Blog\75c02f746fdaa0392370296018cff839.php 第 123 行.
NOTIC: [8] Use of undefined constant art - assumed 'art' D:\WWW\lsgo\Runtime\Cache\Blog\75c02f746fdaa0392370296018cff839.php 第 191 行.
INFO: Run Behavior\ParseTemplateBehavior [ RunTime:0.040000s ]
INFO: [ view_parse ] --END-- [ RunTime:0.040000s ]
INFO: [ view_filter ] --START--
INFO: Run Behavior\WriteHtmlCacheBehavior [ RunTime:0.000000s ]
INFO: [ view_filter ] --END-- [ RunTime:0.000000s ]
INFO: [ app_end ] --START--
INFO: Run Behavior\ShowPageTraceBehavior [ RunTime:0.000000s ]
INFO: [ app_end ] --END-- [ RunTime:0.000000s ]

[ 2015-11-01T21:53:35+08:00 ] ::1 /lsgo/index.php?s=/Blog/Index/search
INFO: [ app_init ] --START--
INFO: Run Behavior\BuildLiteBehavior [ RunTime:0.000000s ]
INFO: Run Common\Behavior\InitHookBehavior [ RunTime:0.005000s ]
INFO: [ app_init ] --END-- [ RunTime:0.005000s ]
INFO: [ app_begin ] --START--
INFO: Run Behavior\ReadHtmlCacheBehavior [ RunTime:0.001000s ]
INFO: [ app_begin ] --END-- [ RunTime:0.001000s ]
NOTIC: [8] Undefined index: keyword D:\WWW\lsgo\Application\Blog\Controller\IndexController.class.php 第 174 行.
NOTIC: [8] Undefined index: type D:\WWW\lsgo\Application\Blog\Controller\IndexController.class.php 第 175 行.
SQL: SHOW COLUMNS FROM `lsgoweb_document` [ RunTime:0.0090s ]
SQL: SHOW COLUMNS FROM `lsgoweb_ucenter_member` [ RunTime:0.0090s ]
NOTIC: [8] Undefined index: order D:\WWW\lsgo\Application\Blog\Controller\IndexController.class.php 第 180 行.
SQL: SELECT * FROM `lsgoweb_document` WHERE `title` LIKE '%%' ORDER BY view DESC  [ RunTime:0.0010s ]
SQL: SHOW COLUMNS FROM `lsgoweb_blog_article_tag` [ RunTime:0.0090s ]
SQL: SELECT * FROM `lsgoweb_blog_article_tag`  [ RunTime:0.0000s ]
INFO: [ view_parse ] --START--
INFO: [ template_filter ] --START--
INFO: Run Behavior\ContentReplaceBehavior [ RunTime:0.000000s ]
INFO: [ template_filter ] --END-- [ RunTime:0.000000s ]
NOTIC: [8] Undefined variable: menu D:\WWW\lsgo\Runtime\Cache\Blog\75c02f746fdaa0392370296018cff839.php 第 39 行.
SQL: SHOW COLUMNS FROM `lsgoweb_ucenter_member` [ RunTime:0.0090s ]
SQL: SHOW COLUMNS FROM `lsgoweb_picture` [ RunTime:0.0080s ]
SQL: SELECT `id`,`head_picture_id`,`username` FROM `lsgoweb_ucenter_member` WHERE `id` = null LIMIT 1   [ RunTime:0.0000s ]
SQL: SELECT `path` FROM `lsgoweb_picture` WHERE `id` = null LIMIT 1   [ RunTime:0.0000s ]
NOTIC: [8] Use of undefined constant art - assumed 'art' D:\WWW\lsgo\Runtime\Cache\Blog\75c02f746fdaa0392370296018cff839.php 第 102 行.
NOTIC: [8] Undefined index: username D:\WWW\lsgo\Runtime\Cache\Blog\75c02f746fdaa0392370296018cff839.php 第 120 行.
NOTIC: [8] Undefined index: username D:\WWW\lsgo\Runtime\Cache\Blog\75c02f746fdaa0392370296018cff839.php 第 120 行.
NOTIC: [8] Undefined index: username D:\WWW\lsgo\Runtime\Cache\Blog\75c02f746fdaa0392370296018cff839.php 第 120 行.
NOTIC: [8] Undefined index: username D:\WWW\lsgo\Runtime\Cache\Blog\75c02f746fdaa0392370296018cff839.php 第 120 行.
NOTIC: [8] Undefined index: username D:\WWW\lsgo\Runtime\Cache\Blog\75c02f746fdaa0392370296018cff839.php 第 120 行.
NOTIC: [8] Undefined index: username D:\WWW\lsgo\Runtime\Cache\Blog\75c02f746fdaa0392370296018cff839.php 第 120 行.
NOTIC: [8] Undefined index: username D:\WWW\lsgo\Runtime\Cache\Blog\75c02f746fdaa0392370296018cff839.php 第 120 行.
NOTIC: [8] Undefined index: username D:\WWW\lsgo\Runtime\Cache\Blog\75c02f746fdaa0392370296018cff839.php 第 120 行.
NOTIC: [8] Undefined index: username D:\WWW\lsgo\Runtime\Cache\Blog\75c02f746fdaa0392370296018cff839.php 第 120 行.
NOTIC: [8] Undefined index: username D:\WWW\lsgo\Runtime\Cache\Blog\75c02f746fdaa0392370296018cff839.php 第 120 行.
NOTIC: [2] date() expects parameter 2 to be long, string given D:\WWW\lsgo\Runtime\Cache\Blog\75c02f746fdaa0392370296018cff839.php 第 123 行.
NOTIC: [8] Use of undefined constant art - assumed 'art' D:\WWW\lsgo\Runtime\Cache\Blog\75c02f746fdaa0392370296018cff839.php 第 191 行.
INFO: Run Behavior\ParseTemplateBehavior [ RunTime:0.041002s ]
INFO: [ view_parse ] --END-- [ RunTime:0.041002s ]
INFO: [ view_filter ] --START--
INFO: Run Behavior\WriteHtmlCacheBehavior [ RunTime:0.001000s ]
INFO: [ view_filter ] --END-- [ RunTime:0.001000s ]
INFO: [ app_end ] --START--
INFO: Run Behavior\ShowPageTraceBehavior [ RunTime:0.002001s ]
INFO: [ app_end ] --END-- [ RunTime:0.002001s ]

[ 2015-11-01T21:53:37+08:00 ] ::1 /lsgo/index.php?s=/Blog/Index/search
INFO: [ app_init ] --START--
INFO: Run Behavior\BuildLiteBehavior [ RunTime:0.000000s ]
INFO: Run Common\Behavior\InitHookBehavior [ RunTime:0.010000s ]
INFO: [ app_init ] --END-- [ RunTime:0.011000s ]
INFO: [ app_begin ] --START--
INFO: Run Behavior\ReadHtmlCacheBehavior [ RunTime:0.004000s ]
INFO: [ app_begin ] --END-- [ RunTime:0.004000s ]
NOTIC: [8] Undefined index: keyword D:\WWW\lsgo\Application\Blog\Controller\IndexController.class.php 第 174 行.
NOTIC: [8] Undefined index: type D:\WWW\lsgo\Application\Blog\Controller\IndexController.class.php 第 175 行.
SQL: SHOW COLUMNS FROM `lsgoweb_document` [ RunTime:0.0100s ]
SQL: SHOW COLUMNS FROM `lsgoweb_ucenter_member` [ RunTime:0.0100s ]
NOTIC: [8] Undefined index: order D:\WWW\lsgo\Application\Blog\Controller\IndexController.class.php 第 180 行.
SQL: SELECT * FROM `lsgoweb_document` WHERE `title` LIKE '%%' ORDER BY view DESC  [ RunTime:0.0010s ]
SQL: SHOW COLUMNS FROM `lsgoweb_blog_article_tag` [ RunTime:0.0090s ]
SQL: SELECT * FROM `lsgoweb_blog_article_tag`  [ RunTime:0.0010s ]
INFO: [ view_parse ] --START--
INFO: [ template_filter ] --START--
INFO: Run Behavior\ContentReplaceBehavior [ RunTime:0.000000s ]
INFO: [ template_filter ] --END-- [ RunTime:0.000000s ]
NOTIC: [8] Undefined variable: menu D:\WWW\lsgo\Runtime\Cache\Blog\75c02f746fdaa0392370296018cff839.php 第 39 行.
SQL: SHOW COLUMNS FROM `lsgoweb_ucenter_member` [ RunTime:0.0090s ]
SQL: SHOW COLUMNS FROM `lsgoweb_picture` [ RunTime:0.0080s ]
SQL: SELECT `id`,`head_picture_id`,`username` FROM `lsgoweb_ucenter_member` WHERE `id` = null LIMIT 1   [ RunTime:0.0000s ]
SQL: SELECT `path` FROM `lsgoweb_picture` WHERE `id` = null LIMIT 1   [ RunTime:0.0010s ]
NOTIC: [8] Use of undefined constant art - assumed 'art' D:\WWW\lsgo\Runtime\Cache\Blog\75c02f746fdaa0392370296018cff839.php 第 102 行.
NOTIC: [8] Undefined index: username D:\WWW\lsgo\Runtime\Cache\Blog\75c02f746fdaa0392370296018cff839.php 第 120 行.
NOTIC: [8] Undefined index: username D:\WWW\lsgo\Runtime\Cache\Blog\75c02f746fdaa0392370296018cff839.php 第 120 行.
NOTIC: [8] Undefined index: username D:\WWW\lsgo\Runtime\Cache\Blog\75c02f746fdaa0392370296018cff839.php 第 120 行.
NOTIC: [8] Undefined index: username D:\WWW\lsgo\Runtime\Cache\Blog\75c02f746fdaa0392370296018cff839.php 第 120 行.
NOTIC: [8] Undefined index: username D:\WWW\lsgo\Runtime\Cache\Blog\75c02f746fdaa0392370296018cff839.php 第 120 行.
NOTIC: [8] Undefined index: username D:\WWW\lsgo\Runtime\Cache\Blog\75c02f746fdaa0392370296018cff839.php 第 120 行.
NOTIC: [8] Undefined index: username D:\WWW\lsgo\Runtime\Cache\Blog\75c02f746fdaa0392370296018cff839.php 第 120 行.
NOTIC: [8] Undefined index: username D:\WWW\lsgo\Runtime\Cache\Blog\75c02f746fdaa0392370296018cff839.php 第 120 行.
NOTIC: [8] Undefined index: username D:\WWW\lsgo\Runtime\Cache\Blog\75c02f746fdaa0392370296018cff839.php 第 120 行.
NOTIC: [8] Undefined index: username D:\WWW\lsgo\Runtime\Cache\Blog\75c02f746fdaa0392370296018cff839.php 第 120 行.
NOTIC: [2] date() expects parameter 2 to be long, string given D:\WWW\lsgo\Runtime\Cache\Blog\75c02f746fdaa0392370296018cff839.php 第 123 行.
NOTIC: [8] Use of undefined constant art - assumed 'art' D:\WWW\lsgo\Runtime\Cache\Blog\75c02f746fdaa0392370296018cff839.php 第 191 行.
INFO: Run Behavior\ParseTemplateBehavior [ RunTime:0.044002s ]
INFO: [ view_parse ] --END-- [ RunTime:0.044002s ]
INFO: [ view_filter ] --START--
INFO: Run Behavior\WriteHtmlCacheBehavior [ RunTime:0.001000s ]
INFO: [ view_filter ] --END-- [ RunTime:0.001000s ]
INFO: [ app_end ] --START--
INFO: Run Behavior\ShowPageTraceBehavior [ RunTime:0.001000s ]
INFO: [ app_end ] --END-- [ RunTime:0.001000s ]

[ 2015-11-01T21:53:55+08:00 ] ::1 /lsgo/index.php?s=/Blog/Index/search/keywords/zj.html
INFO: [ app_init ] --START--
INFO: Run Behavior\BuildLiteBehavior [ RunTime:0.000000s ]
INFO: Run Common\Behavior\InitHookBehavior [ RunTime:0.005001s ]
INFO: [ app_init ] --END-- [ RunTime:0.006001s ]
INFO: [ app_begin ] --START--
INFO: Run Behavior\ReadHtmlCacheBehavior [ RunTime:0.001000s ]
INFO: [ app_begin ] --END-- [ RunTime:0.001000s ]
NOTIC: [8] Undefined index: keyword D:\WWW\lsgo\Application\Blog\Controller\IndexController.class.php 第 174 行.
NOTIC: [8] Undefined index: type D:\WWW\lsgo\Application\Blog\Controller\IndexController.class.php 第 175 行.
SQL: SHOW COLUMNS FROM `lsgoweb_document` [ RunTime:0.0090s ]
SQL: SHOW COLUMNS FROM `lsgoweb_ucenter_member` [ RunTime:0.0080s ]
NOTIC: [8] Undefined index: order D:\WWW\lsgo\Application\Blog\Controller\IndexController.class.php 第 180 行.
SQL: SELECT * FROM `lsgoweb_document` WHERE `title` LIKE '%%' ORDER BY view DESC  [ RunTime:0.0000s ]
SQL: SHOW COLUMNS FROM `lsgoweb_blog_article_tag` [ RunTime:0.0080s ]
SQL: SELECT * FROM `lsgoweb_blog_article_tag`  [ RunTime:0.0000s ]
INFO: [ view_parse ] --START--
INFO: [ template_filter ] --START--
INFO: Run Behavior\ContentReplaceBehavior [ RunTime:0.000000s ]
INFO: [ template_filter ] --END-- [ RunTime:0.000000s ]
NOTIC: [8] Undefined variable: menu D:\WWW\lsgo\Runtime\Cache\Blog\75c02f746fdaa0392370296018cff839.php 第 39 行.
SQL: SHOW COLUMNS FROM `lsgoweb_ucenter_member` [ RunTime:0.0090s ]
SQL: SHOW COLUMNS FROM `lsgoweb_picture` [ RunTime:0.0080s ]
SQL: SELECT `id`,`head_picture_id`,`username` FROM `lsgoweb_ucenter_member` WHERE `id` = null LIMIT 1   [ RunTime:0.0000s ]
SQL: SELECT `path` FROM `lsgoweb_picture` WHERE `id` = null LIMIT 1   [ RunTime:0.0000s ]
NOTIC: [8] Use of undefined constant art - assumed 'art' D:\WWW\lsgo\Runtime\Cache\Blog\75c02f746fdaa0392370296018cff839.php 第 102 行.
NOTIC: [8] Undefined index: username D:\WWW\lsgo\Runtime\Cache\Blog\75c02f746fdaa0392370296018cff839.php 第 120 行.
NOTIC: [8] Undefined index: username D:\WWW\lsgo\Runtime\Cache\Blog\75c02f746fdaa0392370296018cff839.php 第 120 行.
NOTIC: [8] Undefined index: username D:\WWW\lsgo\Runtime\Cache\Blog\75c02f746fdaa0392370296018cff839.php 第 120 行.
NOTIC: [8] Undefined index: username D:\WWW\lsgo\Runtime\Cache\Blog\75c02f746fdaa0392370296018cff839.php 第 120 行.
NOTIC: [8] Undefined index: username D:\WWW\lsgo\Runtime\Cache\Blog\75c02f746fdaa0392370296018cff839.php 第 120 行.
NOTIC: [8] Undefined index: username D:\WWW\lsgo\Runtime\Cache\Blog\75c02f746fdaa0392370296018cff839.php 第 120 行.
NOTIC: [8] Undefined index: username D:\WWW\lsgo\Runtime\Cache\Blog\75c02f746fdaa0392370296018cff839.php 第 120 行.
NOTIC: [8] Undefined index: username D:\WWW\lsgo\Runtime\Cache\Blog\75c02f746fdaa0392370296018cff839.php 第 120 行.
NOTIC: [8] Undefined index: username D:\WWW\lsgo\Runtime\Cache\Blog\75c02f746fdaa0392370296018cff839.php 第 120 行.
NOTIC: [8] Undefined index: username D:\WWW\lsgo\Runtime\Cache\Blog\75c02f746fdaa0392370296018cff839.php 第 120 行.
NOTIC: [2] date() expects parameter 2 to be long, string given D:\WWW\lsgo\Runtime\Cache\Blog\75c02f746fdaa0392370296018cff839.php 第 123 行.
NOTIC: [8] Use of undefined constant art - assumed 'art' D:\WWW\lsgo\Runtime\Cache\Blog\75c02f746fdaa0392370296018cff839.php 第 191 行.
INFO: Run Behavior\ParseTemplateBehavior [ RunTime:0.043003s ]
INFO: [ view_parse ] --END-- [ RunTime:0.043003s ]
INFO: [ view_filter ] --START--
INFO: Run Behavior\WriteHtmlCacheBehavior [ RunTime:0.001000s ]
INFO: [ view_filter ] --END-- [ RunTime:0.001000s ]
INFO: [ app_end ] --START--
INFO: Run Behavior\ShowPageTraceBehavior [ RunTime:0.002000s ]
INFO: [ app_end ] --END-- [ RunTime:0.002000s ]

[ 2015-11-01T21:53:57+08:00 ] ::1 /lsgo/index.php?s=/Blog/Index/search/keywords/zj.html
INFO: [ app_init ] --START--
INFO: Run Behavior\BuildLiteBehavior [ RunTime:0.000000s ]
INFO: Run Common\Behavior\InitHookBehavior [ RunTime:0.005000s ]
INFO: [ app_init ] --END-- [ RunTime:0.005000s ]
INFO: [ app_begin ] --START--
INFO: Run Behavior\ReadHtmlCacheBehavior [ RunTime:0.001000s ]
INFO: [ app_begin ] --END-- [ RunTime:0.001000s ]
NOTIC: [8] Undefined index: keyword D:\WWW\lsgo\Application\Blog\Controller\IndexController.class.php 第 174 行.
NOTIC: [8] Undefined index: type D:\WWW\lsgo\Application\Blog\Controller\IndexController.class.php 第 175 行.
SQL: SHOW COLUMNS FROM `lsgoweb_document` [ RunTime:0.0090s ]
SQL: SHOW COLUMNS FROM `lsgoweb_ucenter_member` [ RunTime:0.0080s ]
NOTIC: [8] Undefined index: order D:\WWW\lsgo\Application\Blog\Controller\IndexController.class.php 第 180 行.
SQL: SELECT * FROM `lsgoweb_document` WHERE `title` LIKE '%%' ORDER BY view DESC  [ RunTime:0.0000s ]
SQL: SHOW COLUMNS FROM `lsgoweb_blog_article_tag` [ RunTime:0.0090s ]
SQL: SELECT * FROM `lsgoweb_blog_article_tag`  [ RunTime:0.0010s ]
INFO: [ view_parse ] --START--
INFO: [ template_filter ] --START--
INFO: Run Behavior\ContentReplaceBehavior [ RunTime:0.000000s ]
INFO: [ template_filter ] --END-- [ RunTime:0.000000s ]
NOTIC: [8] Undefined variable: menu D:\WWW\lsgo\Runtime\Cache\Blog\75c02f746fdaa0392370296018cff839.php 第 39 行.
SQL: SHOW COLUMNS FROM `lsgoweb_ucenter_member` [ RunTime:0.0090s ]
SQL: SHOW COLUMNS FROM `lsgoweb_picture` [ RunTime:0.0080s ]
SQL: SELECT `id`,`head_picture_id`,`username` FROM `lsgoweb_ucenter_member` WHERE `id` = null LIMIT 1   [ RunTime:0.0000s ]
SQL: SELECT `path` FROM `lsgoweb_picture` WHERE `id` = null LIMIT 1   [ RunTime:0.0000s ]
NOTIC: [8] Use of undefined constant art - assumed 'art' D:\WWW\lsgo\Runtime\Cache\Blog\75c02f746fdaa0392370296018cff839.php 第 102 行.
NOTIC: [8] Undefined index: username D:\WWW\lsgo\Runtime\Cache\Blog\75c02f746fdaa0392370296018cff839.php 第 120 行.
NOTIC: [8] Undefined index: username D:\WWW\lsgo\Runtime\Cache\Blog\75c02f746fdaa0392370296018cff839.php 第 120 行.
NOTIC: [8] Undefined index: username D:\WWW\lsgo\Runtime\Cache\Blog\75c02f746fdaa0392370296018cff839.php 第 120 行.
NOTIC: [8] Undefined index: username D:\WWW\lsgo\Runtime\Cache\Blog\75c02f746fdaa0392370296018cff839.php 第 120 行.
NOTIC: [8] Undefined index: username D:\WWW\lsgo\Runtime\Cache\Blog\75c02f746fdaa0392370296018cff839.php 第 120 行.
NOTIC: [8] Undefined index: username D:\WWW\lsgo\Runtime\Cache\Blog\75c02f746fdaa0392370296018cff839.php 第 120 行.
NOTIC: [8] Undefined index: username D:\WWW\lsgo\Runtime\Cache\Blog\75c02f746fdaa0392370296018cff839.php 第 120 行.
NOTIC: [8] Undefined index: username D:\WWW\lsgo\Runtime\Cache\Blog\75c02f746fdaa0392370296018cff839.php 第 120 行.
NOTIC: [8] Undefined index: username D:\WWW\lsgo\Runtime\Cache\Blog\75c02f746fdaa0392370296018cff839.php 第 120 行.
NOTIC: [8] Undefined index: username D:\WWW\lsgo\Runtime\Cache\Blog\75c02f746fdaa0392370296018cff839.php 第 120 行.
NOTIC: [2] date() expects parameter 2 to be long, string given D:\WWW\lsgo\Runtime\Cache\Blog\75c02f746fdaa0392370296018cff839.php 第 123 行.
NOTIC: [8] Use of undefined constant art - assumed 'art' D:\WWW\lsgo\Runtime\Cache\Blog\75c02f746fdaa0392370296018cff839.php 第 191 行.
INFO: Run Behavior\ParseTemplateBehavior [ RunTime:0.042002s ]
INFO: [ view_parse ] --END-- [ RunTime:0.042002s ]
INFO: [ view_filter ] --START--
INFO: Run Behavior\WriteHtmlCacheBehavior [ RunTime:0.002000s ]
INFO: [ view_filter ] --END-- [ RunTime:0.002000s ]
INFO: [ app_end ] --START--
INFO: Run Behavior\ShowPageTraceBehavior [ RunTime:0.001000s ]
INFO: [ app_end ] --END-- [ RunTime:0.001000s ]

[ 2015-11-01T21:54:01+08:00 ] ::1 /lsgo/index.php?s=/Blog/Index/search/
INFO: [ app_init ] --START--
INFO: Run Behavior\BuildLiteBehavior [ RunTime:0.000000s ]
INFO: Run Common\Behavior\InitHookBehavior [ RunTime:0.005000s ]
INFO: [ app_init ] --END-- [ RunTime:0.006000s ]
INFO: [ app_begin ] --START--
INFO: Run Behavior\ReadHtmlCacheBehavior [ RunTime:0.002000s ]
INFO: [ app_begin ] --END-- [ RunTime:0.002000s ]
NOTIC: [8] Undefined index: keyword D:\WWW\lsgo\Application\Blog\Controller\IndexController.class.php 第 174 行.
NOTIC: [8] Undefined index: type D:\WWW\lsgo\Application\Blog\Controller\IndexController.class.php 第 175 行.
SQL: SHOW COLUMNS FROM `lsgoweb_document` [ RunTime:0.0090s ]
SQL: SHOW COLUMNS FROM `lsgoweb_ucenter_member` [ RunTime:0.0090s ]
NOTIC: [8] Undefined index: order D:\WWW\lsgo\Application\Blog\Controller\IndexController.class.php 第 180 行.
SQL: SELECT * FROM `lsgoweb_document` WHERE `title` LIKE '%%' ORDER BY view DESC  [ RunTime:0.0010s ]
SQL: SHOW COLUMNS FROM `lsgoweb_blog_article_tag` [ RunTime:0.0100s ]
SQL: SELECT * FROM `lsgoweb_blog_article_tag`  [ RunTime:0.0000s ]
INFO: [ view_parse ] --START--
INFO: [ template_filter ] --START--
INFO: Run Behavior\ContentReplaceBehavior [ RunTime:0.000000s ]
INFO: [ template_filter ] --END-- [ RunTime:0.000000s ]
NOTIC: [8] Undefined variable: menu D:\WWW\lsgo\Runtime\Cache\Blog\75c02f746fdaa0392370296018cff839.php 第 39 行.
SQL: SHOW COLUMNS FROM `lsgoweb_ucenter_member` [ RunTime:0.0080s ]
SQL: SHOW COLUMNS FROM `lsgoweb_picture` [ RunTime:0.0090s ]
SQL: SELECT `id`,`head_picture_id`,`username` FROM `lsgoweb_ucenter_member` WHERE `id` = null LIMIT 1   [ RunTime:0.0000s ]
SQL: SELECT `path` FROM `lsgoweb_picture` WHERE `id` = null LIMIT 1   [ RunTime:0.0010s ]
NOTIC: [8] Use of undefined constant art - assumed 'art' D:\WWW\lsgo\Runtime\Cache\Blog\75c02f746fdaa0392370296018cff839.php 第 102 行.
NOTIC: [8] Undefined index: username D:\WWW\lsgo\Runtime\Cache\Blog\75c02f746fdaa0392370296018cff839.php 第 120 行.
NOTIC: [8] Undefined index: username D:\WWW\lsgo\Runtime\Cache\Blog\75c02f746fdaa0392370296018cff839.php 第 120 行.
NOTIC: [8] Undefined index: username D:\WWW\lsgo\Runtime\Cache\Blog\75c02f746fdaa0392370296018cff839.php 第 120 行.
NOTIC: [8] Undefined index: username D:\WWW\lsgo\Runtime\Cache\Blog\75c02f746fdaa0392370296018cff839.php 第 120 行.
NOTIC: [8] Undefined index: username D:\WWW\lsgo\Runtime\Cache\Blog\75c02f746fdaa0392370296018cff839.php 第 120 行.
NOTIC: [8] Undefined index: username D:\WWW\lsgo\Runtime\Cache\Blog\75c02f746fdaa0392370296018cff839.php 第 120 行.
NOTIC: [8] Undefined index: username D:\WWW\lsgo\Runtime\Cache\Blog\75c02f746fdaa0392370296018cff839.php 第 120 行.
NOTIC: [8] Undefined index: username D:\WWW\lsgo\Runtime\Cache\Blog\75c02f746fdaa0392370296018cff839.php 第 120 行.
NOTIC: [8] Undefined index: username D:\WWW\lsgo\Runtime\Cache\Blog\75c02f746fdaa0392370296018cff839.php 第 120 行.
NOTIC: [8] Undefined index: username D:\WWW\lsgo\Runtime\Cache\Blog\75c02f746fdaa0392370296018cff839.php 第 120 行.
NOTIC: [2] date() expects parameter 2 to be long, string given D:\WWW\lsgo\Runtime\Cache\Blog\75c02f746fdaa0392370296018cff839.php 第 123 行.
NOTIC: [8] Use of undefined constant art - assumed 'art' D:\WWW\lsgo\Runtime\Cache\Blog\75c02f746fdaa0392370296018cff839.php 第 191 行.
INFO: Run Behavior\ParseTemplateBehavior [ RunTime:0.042002s ]
INFO: [ view_parse ] --END-- [ RunTime:0.042002s ]
INFO: [ view_filter ] --START--
INFO: Run Behavior\WriteHtmlCacheBehavior [ RunTime:0.001001s ]
INFO: [ view_filter ] --END-- [ RunTime:0.001001s ]
INFO: [ app_end ] --START--
INFO: Run Behavior\ShowPageTraceBehavior [ RunTime:0.002000s ]
INFO: [ app_end ] --END-- [ RunTime:0.002000s ]

[ 2015-11-01T21:54:09+08:00 ] ::1 /lsgo/index.php/Blog/Index/search
INFO: [ app_init ] --START--
INFO: Run Behavior\BuildLiteBehavior [ RunTime:0.000000s ]
INFO: Run Common\Behavior\InitHookBehavior [ RunTime:0.004001s ]
INFO: [ app_init ] --END-- [ RunTime:0.005001s ]
INFO: [ app_begin ] --START--
INFO: Run Behavior\ReadHtmlCacheBehavior [ RunTime:0.001000s ]
INFO: [ app_begin ] --END-- [ RunTime:0.001000s ]
NOTIC: [8] Undefined index: keyword D:\WWW\lsgo\Application\Blog\Controller\IndexController.class.php 第 174 行.
NOTIC: [8] Undefined index: type D:\WWW\lsgo\Application\Blog\Controller\IndexController.class.php 第 175 行.
SQL: SHOW COLUMNS FROM `lsgoweb_document` [ RunTime:0.0090s ]
SQL: SHOW COLUMNS FROM `lsgoweb_ucenter_member` [ RunTime:0.0090s ]
NOTIC: [8] Undefined index: order D:\WWW\lsgo\Application\Blog\Controller\IndexController.class.php 第 180 行.
SQL: SELECT * FROM `lsgoweb_document` WHERE `title` LIKE '%%' ORDER BY view DESC  [ RunTime:0.0010s ]
SQL: SHOW COLUMNS FROM `lsgoweb_blog_article_tag` [ RunTime:0.0080s ]
SQL: SELECT * FROM `lsgoweb_blog_article_tag`  [ RunTime:0.0010s ]
INFO: [ view_parse ] --START--
INFO: [ template_filter ] --START--
INFO: Run Behavior\ContentReplaceBehavior [ RunTime:0.000000s ]
INFO: [ template_filter ] --END-- [ RunTime:0.000000s ]
NOTIC: [8] Undefined variable: menu D:\WWW\lsgo\Runtime\Cache\Blog\75c02f746fdaa0392370296018cff839.php 第 39 行.
SQL: SHOW COLUMNS FROM `lsgoweb_ucenter_member` [ RunTime:0.0090s ]
SQL: SHOW COLUMNS FROM `lsgoweb_picture` [ RunTime:0.0080s ]
SQL: SELECT `id`,`head_picture_id`,`username` FROM `lsgoweb_ucenter_member` WHERE `id` = null LIMIT 1   [ RunTime:0.0000s ]
SQL: SELECT `path` FROM `lsgoweb_picture` WHERE `id` = null LIMIT 1   [ RunTime:0.0000s ]
NOTIC: [8] Use of undefined constant art - assumed 'art' D:\WWW\lsgo\Runtime\Cache\Blog\75c02f746fdaa0392370296018cff839.php 第 102 行.
NOTIC: [8] Undefined index: username D:\WWW\lsgo\Runtime\Cache\Blog\75c02f746fdaa0392370296018cff839.php 第 120 行.
NOTIC: [8] Undefined index: username D:\WWW\lsgo\Runtime\Cache\Blog\75c02f746fdaa0392370296018cff839.php 第 120 行.
NOTIC: [8] Undefined index: username D:\WWW\lsgo\Runtime\Cache\Blog\75c02f746fdaa0392370296018cff839.php 第 120 行.
NOTIC: [8] Undefined index: username D:\WWW\lsgo\Runtime\Cache\Blog\75c02f746fdaa0392370296018cff839.php 第 120 行.
NOTIC: [8] Undefined index: username D:\WWW\lsgo\Runtime\Cache\Blog\75c02f746fdaa0392370296018cff839.php 第 120 行.
NOTIC: [8] Undefined index: username D:\WWW\lsgo\Runtime\Cache\Blog\75c02f746fdaa0392370296018cff839.php 第 120 行.
NOTIC: [8] Undefined index: username D:\WWW\lsgo\Runtime\Cache\Blog\75c02f746fdaa0392370296018cff839.php 第 120 行.
NOTIC: [8] Undefined index: username D:\WWW\lsgo\Runtime\Cache\Blog\75c02f746fdaa0392370296018cff839.php 第 120 行.
NOTIC: [8] Undefined index: username D:\WWW\lsgo\Runtime\Cache\Blog\75c02f746fdaa0392370296018cff839.php 第 120 行.
NOTIC: [8] Undefined index: username D:\WWW\lsgo\Runtime\Cache\Blog\75c02f746fdaa0392370296018cff839.php 第 120 行.
NOTIC: [2] date() expects parameter 2 to be long, string given D:\WWW\lsgo\Runtime\Cache\Blog\75c02f746fdaa0392370296018cff839.php 第 123 行.
NOTIC: [8] Use of undefined constant art - assumed 'art' D:\WWW\lsgo\Runtime\Cache\Blog\75c02f746fdaa0392370296018cff839.php 第 191 行.
INFO: Run Behavior\ParseTemplateBehavior [ RunTime:0.041002s ]
INFO: [ view_parse ] --END-- [ RunTime:0.041002s ]
INFO: [ view_filter ] --START--
INFO: Run Behavior\WriteHtmlCacheBehavior [ RunTime:0.001000s ]
INFO: [ view_filter ] --END-- [ RunTime:0.001000s ]
INFO: [ app_end ] --START--
INFO: Run Behavior\ShowPageTraceBehavior [ RunTime:0.001000s ]
INFO: [ app_end ] --END-- [ RunTime:0.001000s ]

[ 2015-11-01T21:54:11+08:00 ] ::1 /lsgo/index.php/Blog/Index/search
INFO: [ app_init ] --START--
INFO: Run Behavior\BuildLiteBehavior [ RunTime:0.000000s ]
INFO: Run Common\Behavior\InitHookBehavior [ RunTime:0.005001s ]
INFO: [ app_init ] --END-- [ RunTime:0.006001s ]
INFO: [ app_begin ] --START--
INFO: Run Behavior\ReadHtmlCacheBehavior [ RunTime:0.001000s ]
INFO: [ app_begin ] --END-- [ RunTime:0.001000s ]
NOTIC: [8] Undefined index: keyword D:\WWW\lsgo\Application\Blog\Controller\IndexController.class.php 第 174 行.
NOTIC: [8] Undefined index: type D:\WWW\lsgo\Application\Blog\Controller\IndexController.class.php 第 175 行.
SQL: SHOW COLUMNS FROM `lsgoweb_document` [ RunTime:0.0090s ]
SQL: SHOW COLUMNS FROM `lsgoweb_ucenter_member` [ RunTime:0.0090s ]
NOTIC: [8] Undefined index: order D:\WWW\lsgo\Application\Blog\Controller\IndexController.class.php 第 180 行.
SQL: SELECT * FROM `lsgoweb_document` WHERE `title` LIKE '%%' ORDER BY view DESC  [ RunTime:0.0010s ]
SQL: SHOW COLUMNS FROM `lsgoweb_blog_article_tag` [ RunTime:0.0080s ]
SQL: SELECT * FROM `lsgoweb_blog_article_tag`  [ RunTime:0.0000s ]
INFO: [ view_parse ] --START--
INFO: [ template_filter ] --START--
INFO: Run Behavior\ContentReplaceBehavior [ RunTime:0.000000s ]
INFO: [ template_filter ] --END-- [ RunTime:0.000000s ]
NOTIC: [8] Undefined variable: menu D:\WWW\lsgo\Runtime\Cache\Blog\75c02f746fdaa0392370296018cff839.php 第 39 行.
SQL: SHOW COLUMNS FROM `lsgoweb_ucenter_member` [ RunTime:0.0080s ]
SQL: SHOW COLUMNS FROM `lsgoweb_picture` [ RunTime:0.0090s ]
SQL: SELECT `id`,`head_picture_id`,`username` FROM `lsgoweb_ucenter_member` WHERE `id` = null LIMIT 1   [ RunTime:0.0000s ]
SQL: SELECT `path` FROM `lsgoweb_picture` WHERE `id` = null LIMIT 1   [ RunTime:0.0010s ]
NOTIC: [8] Use of undefined constant art - assumed 'art' D:\WWW\lsgo\Runtime\Cache\Blog\75c02f746fdaa0392370296018cff839.php 第 102 行.
NOTIC: [8] Undefined index: username D:\WWW\lsgo\Runtime\Cache\Blog\75c02f746fdaa0392370296018cff839.php 第 120 行.
NOTIC: [8] Undefined index: username D:\WWW\lsgo\Runtime\Cache\Blog\75c02f746fdaa0392370296018cff839.php 第 120 行.
NOTIC: [8] Undefined index: username D:\WWW\lsgo\Runtime\Cache\Blog\75c02f746fdaa0392370296018cff839.php 第 120 行.
NOTIC: [8] Undefined index: username D:\WWW\lsgo\Runtime\Cache\Blog\75c02f746fdaa0392370296018cff839.php 第 120 行.
NOTIC: [8] Undefined index: username D:\WWW\lsgo\Runtime\Cache\Blog\75c02f746fdaa0392370296018cff839.php 第 120 行.
NOTIC: [8] Undefined index: username D:\WWW\lsgo\Runtime\Cache\Blog\75c02f746fdaa0392370296018cff839.php 第 120 行.
NOTIC: [8] Undefined index: username D:\WWW\lsgo\Runtime\Cache\Blog\75c02f746fdaa0392370296018cff839.php 第 120 行.
NOTIC: [8] Undefined index: username D:\WWW\lsgo\Runtime\Cache\Blog\75c02f746fdaa0392370296018cff839.php 第 120 行.
NOTIC: [8] Undefined index: username D:\WWW\lsgo\Runtime\Cache\Blog\75c02f746fdaa0392370296018cff839.php 第 120 行.
NOTIC: [8] Undefined index: username D:\WWW\lsgo\Runtime\Cache\Blog\75c02f746fdaa0392370296018cff839.php 第 120 行.
NOTIC: [2] date() expects parameter 2 to be long, string given D:\WWW\lsgo\Runtime\Cache\Blog\75c02f746fdaa0392370296018cff839.php 第 123 行.
NOTIC: [8] Use of undefined constant art - assumed 'art' D:\WWW\lsgo\Runtime\Cache\Blog\75c02f746fdaa0392370296018cff839.php 第 191 行.
INFO: Run Behavior\ParseTemplateBehavior [ RunTime:0.041002s ]
INFO: [ view_parse ] --END-- [ RunTime:0.041002s ]
INFO: [ view_filter ] --START--
INFO: Run Behavior\WriteHtmlCacheBehavior [ RunTime:0.001000s ]
INFO: [ view_filter ] --END-- [ RunTime:0.001000s ]
INFO: [ app_end ] --START--
INFO: Run Behavior\ShowPageTraceBehavior [ RunTime:0.001000s ]
INFO: [ app_end ] --END-- [ RunTime:0.001000s ]

[ 2015-11-01T21:54:12+08:00 ] ::1 /lsgo/index.php/Blog/Index/search/type/article
INFO: [ app_init ] --START--
INFO: Run Behavior\BuildLiteBehavior [ RunTime:0.000000s ]
INFO: Run Common\Behavior\InitHookBehavior [ RunTime:0.005000s ]
INFO: [ app_init ] --END-- [ RunTime:0.005000s ]
INFO: [ app_begin ] --START--
INFO: Run Behavior\ReadHtmlCacheBehavior [ RunTime:0.001000s ]
INFO: [ app_begin ] --END-- [ RunTime:0.001000s ]
NOTIC: [8] Undefined index: keyword D:\WWW\lsgo\Application\Blog\Controller\IndexController.class.php 第 174 行.
SQL: SHOW COLUMNS FROM `lsgoweb_document` [ RunTime:0.0100s ]
SQL: SHOW COLUMNS FROM `lsgoweb_ucenter_member` [ RunTime:0.0080s ]
NOTIC: [8] Undefined index: order D:\WWW\lsgo\Application\Blog\Controller\IndexController.class.php 第 180 行.
SQL: SELECT * FROM `lsgoweb_document` WHERE `title` LIKE '%%' ORDER BY view DESC  [ RunTime:0.0000s ]
SQL: SHOW COLUMNS FROM `lsgoweb_blog_article_tag` [ RunTime:0.0080s ]
SQL: SELECT * FROM `lsgoweb_blog_article_tag`  [ RunTime:0.0010s ]
INFO: [ view_parse ] --START--
INFO: [ template_filter ] --START--
INFO: Run Behavior\ContentReplaceBehavior [ RunTime:0.000000s ]
INFO: [ template_filter ] --END-- [ RunTime:0.000000s ]
NOTIC: [8] Undefined variable: menu D:\WWW\lsgo\Runtime\Cache\Blog\75c02f746fdaa0392370296018cff839.php 第 39 行.
SQL: SHOW COLUMNS FROM `lsgoweb_ucenter_member` [ RunTime:0.0080s ]
SQL: SHOW COLUMNS FROM `lsgoweb_picture` [ RunTime:0.0080s ]
SQL: SELECT `id`,`head_picture_id`,`username` FROM `lsgoweb_ucenter_member` WHERE `id` = null LIMIT 1   [ RunTime:0.0000s ]
SQL: SELECT `path` FROM `lsgoweb_picture` WHERE `id` = null LIMIT 1   [ RunTime:0.0000s ]
NOTIC: [8] Use of undefined constant art - assumed 'art' D:\WWW\lsgo\Runtime\Cache\Blog\75c02f746fdaa0392370296018cff839.php 第 102 行.
NOTIC: [8] Undefined index: username D:\WWW\lsgo\Runtime\Cache\Blog\75c02f746fdaa0392370296018cff839.php 第 120 行.
NOTIC: [8] Undefined index: username D:\WWW\lsgo\Runtime\Cache\Blog\75c02f746fdaa0392370296018cff839.php 第 120 行.
NOTIC: [8] Undefined index: username D:\WWW\lsgo\Runtime\Cache\Blog\75c02f746fdaa0392370296018cff839.php 第 120 行.
NOTIC: [8] Undefined index: username D:\WWW\lsgo\Runtime\Cache\Blog\75c02f746fdaa0392370296018cff839.php 第 120 行.
NOTIC: [8] Undefined index: username D:\WWW\lsgo\Runtime\Cache\Blog\75c02f746fdaa0392370296018cff839.php 第 120 行.
NOTIC: [8] Undefined index: username D:\WWW\lsgo\Runtime\Cache\Blog\75c02f746fdaa0392370296018cff839.php 第 120 行.
NOTIC: [8] Undefined index: username D:\WWW\lsgo\Runtime\Cache\Blog\75c02f746fdaa0392370296018cff839.php 第 120 行.
NOTIC: [8] Undefined index: username D:\WWW\lsgo\Runtime\Cache\Blog\75c02f746fdaa0392370296018cff839.php 第 120 行.
NOTIC: [8] Undefined index: username D:\WWW\lsgo\Runtime\Cache\Blog\75c02f746fdaa0392370296018cff839.php 第 120 行.
NOTIC: [8] Undefined index: username D:\WWW\lsgo\Runtime\Cache\Blog\75c02f746fdaa0392370296018cff839.php 第 120 行.
NOTIC: [2] date() expects parameter 2 to be long, string given D:\WWW\lsgo\Runtime\Cache\Blog\75c02f746fdaa0392370296018cff839.php 第 123 行.
NOTIC: [8] Use of undefined constant art - assumed 'art' D:\WWW\lsgo\Runtime\Cache\Blog\75c02f746fdaa0392370296018cff839.php 第 191 行.
INFO: Run Behavior\ParseTemplateBehavior [ RunTime:0.041002s ]
INFO: [ view_parse ] --END-- [ RunTime:0.041002s ]
INFO: [ view_filter ] --START--
INFO: Run Behavior\WriteHtmlCacheBehavior [ RunTime:0.001000s ]
INFO: [ view_filter ] --END-- [ RunTime:0.001000s ]
INFO: [ app_end ] --START--
INFO: Run Behavior\ShowPageTraceBehavior [ RunTime:0.002000s ]
INFO: [ app_end ] --END-- [ RunTime:0.002000s ]

[ 2015-11-01T21:54:13+08:00 ] ::1 /lsgo/index.php/Blog/Index/search/type/user
INFO: [ app_init ] --START--
INFO: Run Behavior\BuildLiteBehavior [ RunTime:0.000000s ]
INFO: Run Common\Behavior\InitHookBehavior [ RunTime:0.006000s ]
INFO: [ app_init ] --END-- [ RunTime:0.006000s ]
INFO: [ app_begin ] --START--
INFO: Run Behavior\ReadHtmlCacheBehavior [ RunTime:0.001001s ]
INFO: [ app_begin ] --END-- [ RunTime:0.001001s ]
NOTIC: [8] Undefined index: keyword D:\WWW\lsgo\Application\Blog\Controller\IndexController.class.php 第 174 行.
SQL: SHOW COLUMNS FROM `lsgoweb_document` [ RunTime:0.0100s ]
SQL: SHOW COLUMNS FROM `lsgoweb_ucenter_member` [ RunTime:0.0080s ]
SQL: SELECT * FROM `lsgoweb_ucenter_member` WHERE `username` LIKE '%%'  [ RunTime:0.0050s ]
SQL: SHOW COLUMNS FROM `lsgoweb_blog_article_tag` [ RunTime:0.0090s ]
SQL: SELECT * FROM `lsgoweb_blog_article_tag`  [ RunTime:0.0000s ]
INFO: [ view_parse ] --START--
INFO: [ template_filter ] --START--
INFO: Run Behavior\ContentReplaceBehavior [ RunTime:0.000000s ]
INFO: [ template_filter ] --END-- [ RunTime:0.000000s ]
NOTIC: [8] Undefined variable: menu D:\WWW\lsgo\Runtime\Cache\Blog\75c02f746fdaa0392370296018cff839.php 第 39 行.
SQL: SHOW COLUMNS FROM `lsgoweb_ucenter_member` [ RunTime:0.0080s ]
SQL: SHOW COLUMNS FROM `lsgoweb_picture` [ RunTime:0.0090s ]
SQL: SELECT `id`,`head_picture_id`,`username` FROM `lsgoweb_ucenter_member` WHERE `id` = null LIMIT 1   [ RunTime:0.0000s ]
SQL: SELECT `path` FROM `lsgoweb_picture` WHERE `id` = null LIMIT 1   [ RunTime:0.0000s ]
NOTIC: [8] Use of undefined constant art - assumed 'art' D:\WWW\lsgo\Runtime\Cache\Blog\75c02f746fdaa0392370296018cff839.php 第 102 行.
NOTIC: [8] Use of undefined constant art - assumed 'art' D:\WWW\lsgo\Runtime\Cache\Blog\75c02f746fdaa0392370296018cff839.php 第 191 行.
INFO: Run Behavior\ParseTemplateBehavior [ RunTime:0.040002s ]
INFO: [ view_parse ] --END-- [ RunTime:0.040002s ]
INFO: [ view_filter ] --START--
INFO: Run Behavior\WriteHtmlCacheBehavior [ RunTime:0.001000s ]
INFO: [ view_filter ] --END-- [ RunTime:0.001000s ]
INFO: [ app_end ] --START--
INFO: Run Behavior\ShowPageTraceBehavior [ RunTime:0.001000s ]
INFO: [ app_end ] --END-- [ RunTime:0.001000s ]

[ 2015-11-01T21:54:15+08:00 ] ::1 /lsgo/index.php/Blog/Index/search/type/article
INFO: [ app_init ] --START--
INFO: Run Behavior\BuildLiteBehavior [ RunTime:0.000000s ]
INFO: Run Common\Behavior\InitHookBehavior [ RunTime:0.009000s ]
INFO: [ app_init ] --END-- [ RunTime:0.010000s ]
INFO: [ app_begin ] --START--
INFO: Run Behavior\ReadHtmlCacheBehavior [ RunTime:0.001000s ]
INFO: [ app_begin ] --END-- [ RunTime:0.001000s ]
NOTIC: [8] Undefined index: keyword D:\WWW\lsgo\Application\Blog\Controller\IndexController.class.php 第 174 行.
SQL: SHOW COLUMNS FROM `lsgoweb_document` [ RunTime:0.0090s ]
SQL: SHOW COLUMNS FROM `lsgoweb_ucenter_member` [ RunTime:0.0090s ]
NOTIC: [8] Undefined index: order D:\WWW\lsgo\Application\Blog\Controller\IndexController.class.php 第 180 行.
SQL: SELECT * FROM `lsgoweb_document` WHERE `title` LIKE '%%' ORDER BY view DESC  [ RunTime:0.0010s ]
SQL: SHOW COLUMNS FROM `lsgoweb_blog_article_tag` [ RunTime:0.0090s ]
SQL: SELECT * FROM `lsgoweb_blog_article_tag`  [ RunTime:0.0010s ]
INFO: [ view_parse ] --START--
INFO: [ template_filter ] --START--
INFO: Run Behavior\ContentReplaceBehavior [ RunTime:0.001000s ]
INFO: [ template_filter ] --END-- [ RunTime:0.001000s ]
NOTIC: [8] Undefined variable: menu D:\WWW\lsgo\Runtime\Cache\Blog\75c02f746fdaa0392370296018cff839.php 第 39 行.
SQL: SHOW COLUMNS FROM `lsgoweb_ucenter_member` [ RunTime:0.0090s ]
SQL: SHOW COLUMNS FROM `lsgoweb_picture` [ RunTime:0.0090s ]
SQL: SELECT `id`,`head_picture_id`,`username` FROM `lsgoweb_ucenter_member` WHERE `id` = null LIMIT 1   [ RunTime:0.0000s ]
SQL: SELECT `path` FROM `lsgoweb_picture` WHERE `id` = null LIMIT 1   [ RunTime:0.0000s ]
NOTIC: [8] Use of undefined constant art - assumed 'art' D:\WWW\lsgo\Runtime\Cache\Blog\75c02f746fdaa0392370296018cff839.php 第 102 行.
NOTIC: [8] Undefined index: username D:\WWW\lsgo\Runtime\Cache\Blog\75c02f746fdaa0392370296018cff839.php 第 120 行.
NOTIC: [8] Undefined index: username D:\WWW\lsgo\Runtime\Cache\Blog\75c02f746fdaa0392370296018cff839.php 第 120 行.
NOTIC: [8] Undefined index: username D:\WWW\lsgo\Runtime\Cache\Blog\75c02f746fdaa0392370296018cff839.php 第 120 行.
NOTIC: [8] Undefined index: username D:\WWW\lsgo\Runtime\Cache\Blog\75c02f746fdaa0392370296018cff839.php 第 120 行.
NOTIC: [8] Undefined index: username D:\WWW\lsgo\Runtime\Cache\Blog\75c02f746fdaa0392370296018cff839.php 第 120 行.
NOTIC: [8] Undefined index: username D:\WWW\lsgo\Runtime\Cache\Blog\75c02f746fdaa0392370296018cff839.php 第 120 行.
NOTIC: [8] Undefined index: username D:\WWW\lsgo\Runtime\Cache\Blog\75c02f746fdaa0392370296018cff839.php 第 120 行.
NOTIC: [8] Undefined index: username D:\WWW\lsgo\Runtime\Cache\Blog\75c02f746fdaa0392370296018cff839.php 第 120 行.
NOTIC: [8] Undefined index: username D:\WWW\lsgo\Runtime\Cache\Blog\75c02f746fdaa0392370296018cff839.php 第 120 行.
NOTIC: [8] Undefined index: username D:\WWW\lsgo\Runtime\Cache\Blog\75c02f746fdaa0392370296018cff839.php 第 120 行.
NOTIC: [2] date() expects parameter 2 to be long, string given D:\WWW\lsgo\Runtime\Cache\Blog\75c02f746fdaa0392370296018cff839.php 第 123 行.
NOTIC: [8] Use of undefined constant art - assumed 'art' D:\WWW\lsgo\Runtime\Cache\Blog\75c02f746fdaa0392370296018cff839.php 第 191 行.
INFO: Run Behavior\ParseTemplateBehavior [ RunTime:0.044003s ]
INFO: [ view_parse ] --END-- [ RunTime:0.044003s ]
INFO: [ view_filter ] --START--
INFO: Run Behavior\WriteHtmlCacheBehavior [ RunTime:0.001000s ]
INFO: [ view_filter ] --END-- [ RunTime:0.001000s ]
INFO: [ app_end ] --START--
INFO: Run Behavior\ShowPageTraceBehavior [ RunTime:0.001000s ]
INFO: [ app_end ] --END-- [ RunTime:0.001000s ]

[ 2015-11-01T21:54:16+08:00 ] ::1 /lsgo/index.php/Blog/Index/search/type/user
INFO: [ app_init ] --START--
INFO: Run Behavior\BuildLiteBehavior [ RunTime:0.000000s ]
INFO: Run Common\Behavior\InitHookBehavior [ RunTime:0.006001s ]
INFO: [ app_init ] --END-- [ RunTime:0.007001s ]
INFO: [ app_begin ] --START--
INFO: Run Behavior\ReadHtmlCacheBehavior [ RunTime:0.001000s ]
INFO: [ app_begin ] --END-- [ RunTime:0.001000s ]
NOTIC: [8] Undefined index: keyword D:\WWW\lsgo\Application\Blog\Controller\IndexController.class.php 第 174 行.
SQL: SHOW COLUMNS FROM `lsgoweb_document` [ RunTime:0.0100s ]
SQL: SHOW COLUMNS FROM `lsgoweb_ucenter_member` [ RunTime:0.0080s ]
SQL: SELECT * FROM `lsgoweb_ucenter_member` WHERE `username` LIKE '%%'  [ RunTime:0.0000s ]
SQL: SHOW COLUMNS FROM `lsgoweb_blog_article_tag` [ RunTime:0.0090s ]
SQL: SELECT * FROM `lsgoweb_blog_article_tag`  [ RunTime:0.0000s ]
INFO: [ view_parse ] --START--
INFO: [ template_filter ] --START--
INFO: Run Behavior\ContentReplaceBehavior [ RunTime:0.000000s ]
INFO: [ template_filter ] --END-- [ RunTime:0.000000s ]
NOTIC: [8] Undefined variable: menu D:\WWW\lsgo\Runtime\Cache\Blog\75c02f746fdaa0392370296018cff839.php 第 39 行.
SQL: SHOW COLUMNS FROM `lsgoweb_ucenter_member` [ RunTime:0.0090s ]
SQL: SHOW COLUMNS FROM `lsgoweb_picture` [ RunTime:0.0080s ]
SQL: SELECT `id`,`head_picture_id`,`username` FROM `lsgoweb_ucenter_member` WHERE `id` = null LIMIT 1   [ RunTime:0.0000s ]
SQL: SELECT `path` FROM `lsgoweb_picture` WHERE `id` = null LIMIT 1   [ RunTime:0.0000s ]
NOTIC: [8] Use of undefined constant art - assumed 'art' D:\WWW\lsgo\Runtime\Cache\Blog\75c02f746fdaa0392370296018cff839.php 第 102 行.
NOTIC: [8] Use of undefined constant art - assumed 'art' D:\WWW\lsgo\Runtime\Cache\Blog\75c02f746fdaa0392370296018cff839.php 第 191 行.
INFO: Run Behavior\ParseTemplateBehavior [ RunTime:0.040002s ]
INFO: [ view_parse ] --END-- [ RunTime:0.040002s ]
INFO: [ view_filter ] --START--
INFO: Run Behavior\WriteHtmlCacheBehavior [ RunTime:0.001001s ]
INFO: [ view_filter ] --END-- [ RunTime:0.001001s ]
INFO: [ app_end ] --START--
INFO: Run Behavior\ShowPageTraceBehavior [ RunTime:0.001000s ]
INFO: [ app_end ] --END-- [ RunTime:0.001000s ]

[ 2015-11-01T21:54:21+08:00 ] ::1 /lsgo/index.php/Blog/Index/search
INFO: [ app_init ] --START--
INFO: Run Behavior\BuildLiteBehavior [ RunTime:0.000000s ]
INFO: Run Common\Behavior\InitHookBehavior [ RunTime:0.006001s ]
INFO: [ app_init ] --END-- [ RunTime:0.006001s ]
INFO: [ app_begin ] --START--
INFO: Run Behavior\ReadHtmlCacheBehavior [ RunTime:0.001000s ]
INFO: [ app_begin ] --END-- [ RunTime:0.001000s ]
NOTIC: [8] Undefined index: keyword D:\WWW\lsgo\Application\Blog\Controller\IndexController.class.php 第 174 行.
NOTIC: [8] Undefined index: type D:\WWW\lsgo\Application\Blog\Controller\IndexController.class.php 第 175 行.
SQL: SHOW COLUMNS FROM `lsgoweb_document` [ RunTime:0.0090s ]
SQL: SHOW COLUMNS FROM `lsgoweb_ucenter_member` [ RunTime:0.0090s ]
NOTIC: [8] Undefined index: order D:\WWW\lsgo\Application\Blog\Controller\IndexController.class.php 第 180 行.
SQL: SELECT * FROM `lsgoweb_document` WHERE `title` LIKE '%%' ORDER BY view DESC  [ RunTime:0.0010s ]
SQL: SHOW COLUMNS FROM `lsgoweb_blog_article_tag` [ RunTime:0.0080s ]
SQL: SELECT * FROM `lsgoweb_blog_article_tag`  [ RunTime:0.0010s ]
INFO: [ view_parse ] --START--
INFO: [ template_filter ] --START--
INFO: Run Behavior\ContentReplaceBehavior [ RunTime:0.000000s ]
INFO: [ template_filter ] --END-- [ RunTime:0.000000s ]
NOTIC: [8] Undefined variable: menu D:\WWW\lsgo\Runtime\Cache\Blog\75c02f746fdaa0392370296018cff839.php 第 39 行.
SQL: SHOW COLUMNS FROM `lsgoweb_ucenter_member` [ RunTime:0.0100s ]
SQL: SHOW COLUMNS FROM `lsgoweb_picture` [ RunTime:0.0160s ]
SQL: SELECT `id`,`head_picture_id`,`username` FROM `lsgoweb_ucenter_member` WHERE `id` = null LIMIT 1   [ RunTime:0.0000s ]
SQL: SELECT `path` FROM `lsgoweb_picture` WHERE `id` = null LIMIT 1   [ RunTime:0.0000s ]
NOTIC: [8] Use of undefined constant art - assumed 'art' D:\WWW\lsgo\Runtime\Cache\Blog\75c02f746fdaa0392370296018cff839.php 第 102 行.
NOTIC: [8] Undefined index: username D:\WWW\lsgo\Runtime\Cache\Blog\75c02f746fdaa0392370296018cff839.php 第 120 行.
NOTIC: [8] Undefined index: username D:\WWW\lsgo\Runtime\Cache\Blog\75c02f746fdaa0392370296018cff839.php 第 120 行.
NOTIC: [8] Undefined index: username D:\WWW\lsgo\Runtime\Cache\Blog\75c02f746fdaa0392370296018cff839.php 第 120 行.
NOTIC: [8] Undefined index: username D:\WWW\lsgo\Runtime\Cache\Blog\75c02f746fdaa0392370296018cff839.php 第 120 行.
NOTIC: [8] Undefined index: username D:\WWW\lsgo\Runtime\Cache\Blog\75c02f746fdaa0392370296018cff839.php 第 120 行.
NOTIC: [8] Undefined index: username D:\WWW\lsgo\Runtime\Cache\Blog\75c02f746fdaa0392370296018cff839.php 第 120 行.
NOTIC: [8] Undefined index: username D:\WWW\lsgo\Runtime\Cache\Blog\75c02f746fdaa0392370296018cff839.php 第 120 行.
NOTIC: [8] Undefined index: username D:\WWW\lsgo\Runtime\Cache\Blog\75c02f746fdaa0392370296018cff839.php 第 120 行.
NOTIC: [8] Undefined index: username D:\WWW\lsgo\Runtime\Cache\Blog\75c02f746fdaa0392370296018cff839.php 第 120 行.
NOTIC: [8] Undefined index: username D:\WWW\lsgo\Runtime\Cache\Blog\75c02f746fdaa0392370296018cff839.php 第 120 行.
NOTIC: [2] date() expects parameter 2 to be long, string given D:\WWW\lsgo\Runtime\Cache\Blog\75c02f746fdaa0392370296018cff839.php 第 123 行.
NOTIC: [8] Use of undefined constant art - assumed 'art' D:\WWW\lsgo\Runtime\Cache\Blog\75c02f746fdaa0392370296018cff839.php 第 191 行.
INFO: Run Behavior\ParseTemplateBehavior [ RunTime:0.042001s ]
INFO: [ view_parse ] --END-- [ RunTime:0.042001s ]
INFO: [ view_filter ] --START--
INFO: Run Behavior\WriteHtmlCacheBehavior [ RunTime:0.001000s ]
INFO: [ view_filter ] --END-- [ RunTime:0.001000s ]
INFO: [ app_end ] --START--
INFO: Run Behavior\ShowPageTraceBehavior [ RunTime:0.001000s ]
INFO: [ app_end ] --END-- [ RunTime:0.001000s ]

[ 2015-11-01T21:54:31+08:00 ] ::1 /lsgo/index.php/Blog/Index/search/type/article
INFO: [ app_init ] --START--
INFO: Run Behavior\BuildLiteBehavior [ RunTime:0.000000s ]
INFO: Run Common\Behavior\InitHookBehavior [ RunTime:0.005000s ]
INFO: [ app_init ] --END-- [ RunTime:0.006000s ]
INFO: [ app_begin ] --START--
INFO: Run Behavior\ReadHtmlCacheBehavior [ RunTime:0.001000s ]
INFO: [ app_begin ] --END-- [ RunTime:0.001000s ]
NOTIC: [8] Undefined index: keyword D:\WWW\lsgo\Application\Blog\Controller\IndexController.class.php 第 174 行.
SQL: SHOW COLUMNS FROM `lsgoweb_document` [ RunTime:0.0090s ]
SQL: SHOW COLUMNS FROM `lsgoweb_ucenter_member` [ RunTime:0.0090s ]
NOTIC: [8] Undefined index: order D:\WWW\lsgo\Application\Blog\Controller\IndexController.class.php 第 180 行.
SQL: SELECT * FROM `lsgoweb_document` WHERE `title` LIKE '%%' ORDER BY view DESC  [ RunTime:0.0010s ]
SQL: SHOW COLUMNS FROM `lsgoweb_blog_article_tag` [ RunTime:0.0090s ]
SQL: SELECT * FROM `lsgoweb_blog_article_tag`  [ RunTime:0.0000s ]
INFO: [ view_parse ] --START--
INFO: [ template_filter ] --START--
INFO: Run Behavior\ContentReplaceBehavior [ RunTime:0.000000s ]
INFO: [ template_filter ] --END-- [ RunTime:0.000000s ]
NOTIC: [8] Undefined variable: menu D:\WWW\lsgo\Runtime\Cache\Blog\75c02f746fdaa0392370296018cff839.php 第 39 行.
SQL: SHOW COLUMNS FROM `lsgoweb_ucenter_member` [ RunTime:0.0080s ]
SQL: SHOW COLUMNS FROM `lsgoweb_picture` [ RunTime:0.0090s ]
SQL: SELECT `id`,`head_picture_id`,`username` FROM `lsgoweb_ucenter_member` WHERE `id` = null LIMIT 1   [ RunTime:0.0000s ]
SQL: SELECT `path` FROM `lsgoweb_picture` WHERE `id` = null LIMIT 1   [ RunTime:0.0000s ]
NOTIC: [8] Use of undefined constant art - assumed 'art' D:\WWW\lsgo\Runtime\Cache\Blog\75c02f746fdaa0392370296018cff839.php 第 102 行.
NOTIC: [8] Undefined index: username D:\WWW\lsgo\Runtime\Cache\Blog\75c02f746fdaa0392370296018cff839.php 第 120 行.
NOTIC: [8] Undefined index: username D:\WWW\lsgo\Runtime\Cache\Blog\75c02f746fdaa0392370296018cff839.php 第 120 行.
NOTIC: [8] Undefined index: username D:\WWW\lsgo\Runtime\Cache\Blog\75c02f746fdaa0392370296018cff839.php 第 120 行.
NOTIC: [8] Undefined index: username D:\WWW\lsgo\Runtime\Cache\Blog\75c02f746fdaa0392370296018cff839.php 第 120 行.
NOTIC: [8] Undefined index: username D:\WWW\lsgo\Runtime\Cache\Blog\75c02f746fdaa0392370296018cff839.php 第 120 行.
NOTIC: [8] Undefined index: username D:\WWW\lsgo\Runtime\Cache\Blog\75c02f746fdaa0392370296018cff839.php 第 120 行.
NOTIC: [8] Undefined index: username D:\WWW\lsgo\Runtime\Cache\Blog\75c02f746fdaa0392370296018cff839.php 第 120 行.
NOTIC: [8] Undefined index: username D:\WWW\lsgo\Runtime\Cache\Blog\75c02f746fdaa0392370296018cff839.php 第 120 行.
NOTIC: [8] Undefined index: username D:\WWW\lsgo\Runtime\Cache\Blog\75c02f746fdaa0392370296018cff839.php 第 120 行.
NOTIC: [8] Undefined index: username D:\WWW\lsgo\Runtime\Cache\Blog\75c02f746fdaa0392370296018cff839.php 第 120 行.
NOTIC: [2] date() expects parameter 2 to be long, string given D:\WWW\lsgo\Runtime\Cache\Blog\75c02f746fdaa0392370296018cff839.php 第 123 行.
NOTIC: [8] Use of undefined constant art - assumed 'art' D:\WWW\lsgo\Runtime\Cache\Blog\75c02f746fdaa0392370296018cff839.php 第 191 行.
INFO: Run Behavior\ParseTemplateBehavior [ RunTime:0.040002s ]
INFO: [ view_parse ] --END-- [ RunTime:0.040002s ]
INFO: [ view_filter ] --START--
INFO: Run Behavior\WriteHtmlCacheBehavior [ RunTime:0.001000s ]
INFO: [ view_filter ] --END-- [ RunTime:0.001000s ]
INFO: [ app_end ] --START--
INFO: Run Behavior\ShowPageTraceBehavior [ RunTime:0.001000s ]
INFO: [ app_end ] --END-- [ RunTime:0.001000s ]

[ 2015-11-01T21:55:28+08:00 ] ::1 /lsgo/index.php/Blog/Index/search/type/article
INFO: [ app_init ] --START--
INFO: Run Behavior\BuildLiteBehavior [ RunTime:0.000000s ]
INFO: Run Common\Behavior\InitHookBehavior [ RunTime:0.005000s ]
INFO: [ app_init ] --END-- [ RunTime:0.006000s ]
INFO: [ app_begin ] --START--
INFO: Run Behavior\ReadHtmlCacheBehavior [ RunTime:0.002000s ]
INFO: [ app_begin ] --END-- [ RunTime:0.002000s ]
NOTIC: [8] Undefined index: keyword D:\WWW\lsgo\Application\Blog\Controller\IndexController.class.php 第 174 行.
SQL: SHOW COLUMNS FROM `lsgoweb_document` [ RunTime:0.0090s ]
SQL: SHOW COLUMNS FROM `lsgoweb_ucenter_member` [ RunTime:0.0090s ]
NOTIC: [8] Undefined index: order D:\WWW\lsgo\Application\Blog\Controller\IndexController.class.php 第 180 行.
SQL: SELECT * FROM `lsgoweb_document` WHERE `title` LIKE '%%' ORDER BY view DESC  [ RunTime:0.0010s ]
SQL: SHOW COLUMNS FROM `lsgoweb_blog_article_tag` [ RunTime:0.0080s ]
SQL: SELECT * FROM `lsgoweb_blog_article_tag`  [ RunTime:0.0010s ]
INFO: [ view_parse ] --START--
INFO: [ template_filter ] --START--
INFO: Run Behavior\ContentReplaceBehavior [ RunTime:0.000000s ]
INFO: [ template_filter ] --END-- [ RunTime:0.000000s ]
NOTIC: [8] Undefined variable: menu D:\WWW\lsgo\Runtime\Cache\Blog\75c02f746fdaa0392370296018cff839.php 第 39 行.
SQL: SHOW COLUMNS FROM `lsgoweb_ucenter_member` [ RunTime:0.0090s ]
SQL: SHOW COLUMNS FROM `lsgoweb_picture` [ RunTime:0.0090s ]
SQL: SELECT `id`,`head_picture_id`,`username` FROM `lsgoweb_ucenter_member` WHERE `id` = null LIMIT 1   [ RunTime:0.0000s ]
SQL: SELECT `path` FROM `lsgoweb_picture` WHERE `id` = null LIMIT 1   [ RunTime:0.0010s ]
NOTIC: [8] Use of undefined constant art - assumed 'art' D:\WWW\lsgo\Runtime\Cache\Blog\75c02f746fdaa0392370296018cff839.php 第 102 行.
NOTIC: [8] Undefined index: username D:\WWW\lsgo\Runtime\Cache\Blog\75c02f746fdaa0392370296018cff839.php 第 120 行.
NOTIC: [8] Undefined index: username D:\WWW\lsgo\Runtime\Cache\Blog\75c02f746fdaa0392370296018cff839.php 第 120 行.
NOTIC: [8] Undefined index: username D:\WWW\lsgo\Runtime\Cache\Blog\75c02f746fdaa0392370296018cff839.php 第 120 行.
NOTIC: [8] Undefined index: username D:\WWW\lsgo\Runtime\Cache\Blog\75c02f746fdaa0392370296018cff839.php 第 120 行.
NOTIC: [8] Undefined index: username D:\WWW\lsgo\Runtime\Cache\Blog\75c02f746fdaa0392370296018cff839.php 第 120 行.
NOTIC: [8] Undefined index: username D:\WWW\lsgo\Runtime\Cache\Blog\75c02f746fdaa0392370296018cff839.php 第 120 行.
NOTIC: [8] Undefined index: username D:\WWW\lsgo\Runtime\Cache\Blog\75c02f746fdaa0392370296018cff839.php 第 120 行.
NOTIC: [8] Undefined index: username D:\WWW\lsgo\Runtime\Cache\Blog\75c02f746fdaa0392370296018cff839.php 第 120 行.
NOTIC: [8] Undefined index: username D:\WWW\lsgo\Runtime\Cache\Blog\75c02f746fdaa0392370296018cff839.php 第 120 行.
NOTIC: [8] Undefined index: username D:\WWW\lsgo\Runtime\Cache\Blog\75c02f746fdaa0392370296018cff839.php 第 120 行.
NOTIC: [2] date() expects parameter 2 to be long, string given D:\WWW\lsgo\Runtime\Cache\Blog\75c02f746fdaa0392370296018cff839.php 第 123 行.
NOTIC: [8] Use of undefined constant art - assumed 'art' D:\WWW\lsgo\Runtime\Cache\Blog\75c02f746fdaa0392370296018cff839.php 第 191 行.
INFO: Run Behavior\ParseTemplateBehavior [ RunTime:0.043003s ]
INFO: [ view_parse ] --END-- [ RunTime:0.043003s ]
INFO: [ view_filter ] --START--
INFO: Run Behavior\WriteHtmlCacheBehavior [ RunTime:0.001000s ]
INFO: [ view_filter ] --END-- [ RunTime:0.001000s ]
INFO: [ app_end ] --START--
INFO: Run Behavior\ShowPageTraceBehavior [ RunTime:0.002000s ]
INFO: [ app_end ] --END-- [ RunTime:0.002000s ]

[ 2015-11-01T21:55:28+08:00 ] ::1 /lsgo/index.php/Blog/Index/search/type/user
INFO: [ app_init ] --START--
INFO: Run Behavior\BuildLiteBehavior [ RunTime:0.000000s ]
INFO: Run Common\Behavior\InitHookBehavior [ RunTime:0.005000s ]
INFO: [ app_init ] --END-- [ RunTime:0.006000s ]
INFO: [ app_begin ] --START--
INFO: Run Behavior\ReadHtmlCacheBehavior [ RunTime:0.002001s ]
INFO: [ app_begin ] --END-- [ RunTime:0.002001s ]
NOTIC: [8] Undefined index: keyword D:\WWW\lsgo\Application\Blog\Controller\IndexController.class.php 第 174 行.
SQL: SHOW COLUMNS FROM `lsgoweb_document` [ RunTime:0.0090s ]
SQL: SHOW COLUMNS FROM `lsgoweb_ucenter_member` [ RunTime:0.0090s ]
SQL: SELECT * FROM `lsgoweb_ucenter_member` WHERE `username` LIKE '%%'  [ RunTime:0.0010s ]
SQL: SHOW COLUMNS FROM `lsgoweb_blog_article_tag` [ RunTime:0.0080s ]
SQL: SELECT * FROM `lsgoweb_blog_article_tag`  [ RunTime:0.0000s ]
INFO: [ view_parse ] --START--
INFO: [ template_filter ] --START--
INFO: Run Behavior\ContentReplaceBehavior [ RunTime:0.000000s ]
INFO: [ template_filter ] --END-- [ RunTime:0.000000s ]
NOTIC: [8] Undefined variable: menu D:\WWW\lsgo\Runtime\Cache\Blog\75c02f746fdaa0392370296018cff839.php 第 39 行.
SQL: SHOW COLUMNS FROM `lsgoweb_ucenter_member` [ RunTime:0.0090s ]
SQL: SHOW COLUMNS FROM `lsgoweb_picture` [ RunTime:0.0090s ]
SQL: SELECT `id`,`head_picture_id`,`username` FROM `lsgoweb_ucenter_member` WHERE `id` = null LIMIT 1   [ RunTime:0.0000s ]
SQL: SELECT `path` FROM `lsgoweb_picture` WHERE `id` = null LIMIT 1   [ RunTime:0.0000s ]
NOTIC: [8] Use of undefined constant art - assumed 'art' D:\WWW\lsgo\Runtime\Cache\Blog\75c02f746fdaa0392370296018cff839.php 第 102 行.
NOTIC: [8] Use of undefined constant art - assumed 'art' D:\WWW\lsgo\Runtime\Cache\Blog\75c02f746fdaa0392370296018cff839.php 第 191 行.
INFO: Run Behavior\ParseTemplateBehavior [ RunTime:0.041002s ]
INFO: [ view_parse ] --END-- [ RunTime:0.041002s ]
INFO: [ view_filter ] --START--
INFO: Run Behavior\WriteHtmlCacheBehavior [ RunTime:0.001000s ]
INFO: [ view_filter ] --END-- [ RunTime:0.001000s ]
INFO: [ app_end ] --START--
INFO: Run Behavior\ShowPageTraceBehavior [ RunTime:0.001000s ]
INFO: [ app_end ] --END-- [ RunTime:0.001000s ]

[ 2015-11-01T21:55:29+08:00 ] ::1 /lsgo/index.php/Blog/Index/search/type/article
INFO: [ app_init ] --START--
INFO: Run Behavior\BuildLiteBehavior [ RunTime:0.000000s ]
INFO: Run Common\Behavior\InitHookBehavior [ RunTime:0.009001s ]
INFO: [ app_init ] --END-- [ RunTime:0.010001s ]
INFO: [ app_begin ] --START--
INFO: Run Behavior\ReadHtmlCacheBehavior [ RunTime:0.002000s ]
INFO: [ app_begin ] --END-- [ RunTime:0.002000s ]
NOTIC: [8] Undefined index: keyword D:\WWW\lsgo\Application\Blog\Controller\IndexController.class.php 第 174 行.
SQL: SHOW COLUMNS FROM `lsgoweb_document` [ RunTime:0.0090s ]
SQL: SHOW COLUMNS FROM `lsgoweb_ucenter_member` [ RunTime:0.0090s ]
NOTIC: [8] Undefined index: order D:\WWW\lsgo\Application\Blog\Controller\IndexController.class.php 第 180 行.
SQL: SELECT * FROM `lsgoweb_document` WHERE `title` LIKE '%%' ORDER BY view DESC  [ RunTime:0.0010s ]
SQL: SHOW COLUMNS FROM `lsgoweb_blog_article_tag` [ RunTime:0.0090s ]
SQL: SELECT * FROM `lsgoweb_blog_article_tag`  [ RunTime:0.0000s ]
INFO: [ view_parse ] --START--
INFO: [ template_filter ] --START--
INFO: Run Behavior\ContentReplaceBehavior [ RunTime:0.000000s ]
INFO: [ template_filter ] --END-- [ RunTime:0.000000s ]
NOTIC: [8] Undefined variable: menu D:\WWW\lsgo\Runtime\Cache\Blog\75c02f746fdaa0392370296018cff839.php 第 39 行.
SQL: SHOW COLUMNS FROM `lsgoweb_ucenter_member` [ RunTime:0.0090s ]
SQL: SHOW COLUMNS FROM `lsgoweb_picture` [ RunTime:0.0080s ]
SQL: SELECT `id`,`head_picture_id`,`username` FROM `lsgoweb_ucenter_member` WHERE `id` = null LIMIT 1   [ RunTime:0.0000s ]
SQL: SELECT `path` FROM `lsgoweb_picture` WHERE `id` = null LIMIT 1   [ RunTime:0.0000s ]
NOTIC: [8] Use of undefined constant art - assumed 'art' D:\WWW\lsgo\Runtime\Cache\Blog\75c02f746fdaa0392370296018cff839.php 第 102 行.
NOTIC: [8] Undefined index: username D:\WWW\lsgo\Runtime\Cache\Blog\75c02f746fdaa0392370296018cff839.php 第 120 行.
NOTIC: [8] Undefined index: username D:\WWW\lsgo\Runtime\Cache\Blog\75c02f746fdaa0392370296018cff839.php 第 120 行.
NOTIC: [8] Undefined index: username D:\WWW\lsgo\Runtime\Cache\Blog\75c02f746fdaa0392370296018cff839.php 第 120 行.
NOTIC: [8] Undefined index: username D:\WWW\lsgo\Runtime\Cache\Blog\75c02f746fdaa0392370296018cff839.php 第 120 行.
NOTIC: [8] Undefined index: username D:\WWW\lsgo\Runtime\Cache\Blog\75c02f746fdaa0392370296018cff839.php 第 120 行.
NOTIC: [8] Undefined index: username D:\WWW\lsgo\Runtime\Cache\Blog\75c02f746fdaa0392370296018cff839.php 第 120 行.
NOTIC: [8] Undefined index: username D:\WWW\lsgo\Runtime\Cache\Blog\75c02f746fdaa0392370296018cff839.php 第 120 行.
NOTIC: [8] Undefined index: username D:\WWW\lsgo\Runtime\Cache\Blog\75c02f746fdaa0392370296018cff839.php 第 120 行.
NOTIC: [8] Undefined index: username D:\WWW\lsgo\Runtime\Cache\Blog\75c02f746fdaa0392370296018cff839.php 第 120 行.
NOTIC: [8] Undefined index: username D:\WWW\lsgo\Runtime\Cache\Blog\75c02f746fdaa0392370296018cff839.php 第 120 行.
NOTIC: [2] date() expects parameter 2 to be long, string given D:\WWW\lsgo\Runtime\Cache\Blog\75c02f746fdaa0392370296018cff839.php 第 123 行.
NOTIC: [8] Use of undefined constant art - assumed 'art' D:\WWW\lsgo\Runtime\Cache\Blog\75c02f746fdaa0392370296018cff839.php 第 191 行.
INFO: Run Behavior\ParseTemplateBehavior [ RunTime:0.042002s ]
INFO: [ view_parse ] --END-- [ RunTime:0.042002s ]
INFO: [ view_filter ] --START--
INFO: Run Behavior\WriteHtmlCacheBehavior [ RunTime:0.002001s ]
INFO: [ view_filter ] --END-- [ RunTime:0.002001s ]
INFO: [ app_end ] --START--
INFO: Run Behavior\ShowPageTraceBehavior [ RunTime:0.002000s ]
INFO: [ app_end ] --END-- [ RunTime:0.002000s ]

[ 2015-11-01T21:55:30+08:00 ] ::1 /lsgo/index.php/Blog/Index/search/type/user
INFO: [ app_init ] --START--
INFO: Run Behavior\BuildLiteBehavior [ RunTime:0.000000s ]
INFO: Run Common\Behavior\InitHookBehavior [ RunTime:0.005000s ]
INFO: [ app_init ] --END-- [ RunTime:0.006000s ]
INFO: [ app_begin ] --START--
INFO: Run Behavior\ReadHtmlCacheBehavior [ RunTime:0.001000s ]
INFO: [ app_begin ] --END-- [ RunTime:0.001000s ]
NOTIC: [8] Undefined index: keyword D:\WWW\lsgo\Application\Blog\Controller\IndexController.class.php 第 174 行.
SQL: SHOW COLUMNS FROM `lsgoweb_document` [ RunTime:0.0090s ]
SQL: SHOW COLUMNS FROM `lsgoweb_ucenter_member` [ RunTime:0.0090s ]
SQL: SELECT * FROM `lsgoweb_ucenter_member` WHERE `username` LIKE '%%'  [ RunTime:0.0000s ]
SQL: SHOW COLUMNS FROM `lsgoweb_blog_article_tag` [ RunTime:0.0090s ]
SQL: SELECT * FROM `lsgoweb_blog_article_tag`  [ RunTime:0.0000s ]
INFO: [ view_parse ] --START--
INFO: [ template_filter ] --START--
INFO: Run Behavior\ContentReplaceBehavior [ RunTime:0.000000s ]
INFO: [ template_filter ] --END-- [ RunTime:0.000000s ]
NOTIC: [8] Undefined variable: menu D:\WWW\lsgo\Runtime\Cache\Blog\75c02f746fdaa0392370296018cff839.php 第 39 行.
SQL: SHOW COLUMNS FROM `lsgoweb_ucenter_member` [ RunTime:0.0080s ]
SQL: SHOW COLUMNS FROM `lsgoweb_picture` [ RunTime:0.0090s ]
SQL: SELECT `id`,`head_picture_id`,`username` FROM `lsgoweb_ucenter_member` WHERE `id` = null LIMIT 1   [ RunTime:0.0000s ]
SQL: SELECT `path` FROM `lsgoweb_picture` WHERE `id` = null LIMIT 1   [ RunTime:0.0000s ]
NOTIC: [8] Use of undefined constant art - assumed 'art' D:\WWW\lsgo\Runtime\Cache\Blog\75c02f746fdaa0392370296018cff839.php 第 102 行.
NOTIC: [8] Use of undefined constant art - assumed 'art' D:\WWW\lsgo\Runtime\Cache\Blog\75c02f746fdaa0392370296018cff839.php 第 191 行.
INFO: Run Behavior\ParseTemplateBehavior [ RunTime:0.041003s ]
INFO: [ view_parse ] --END-- [ RunTime:0.041003s ]
INFO: [ view_filter ] --START--
INFO: Run Behavior\WriteHtmlCacheBehavior [ RunTime:0.001000s ]
INFO: [ view_filter ] --END-- [ RunTime:0.002000s ]
INFO: [ app_end ] --START--
INFO: Run Behavior\ShowPageTraceBehavior [ RunTime:0.001000s ]
INFO: [ app_end ] --END-- [ RunTime:0.001000s ]

[ 2015-11-01T21:55:31+08:00 ] ::1 /lsgo/index.php/Blog/Index/search/type/article
INFO: [ app_init ] --START--
INFO: Run Behavior\BuildLiteBehavior [ RunTime:0.000000s ]
INFO: Run Common\Behavior\InitHookBehavior [ RunTime:0.006000s ]
INFO: [ app_init ] --END-- [ RunTime:0.007000s ]
INFO: [ app_begin ] --START--
INFO: Run Behavior\ReadHtmlCacheBehavior [ RunTime:0.002000s ]
INFO: [ app_begin ] --END-- [ RunTime:0.002000s ]
NOTIC: [8] Undefined index: keyword D:\WWW\lsgo\Application\Blog\Controller\IndexController.class.php 第 174 行.
SQL: SHOW COLUMNS FROM `lsgoweb_document` [ RunTime:0.0100s ]
SQL: SHOW COLUMNS FROM `lsgoweb_ucenter_member` [ RunTime:0.0080s ]
NOTIC: [8] Undefined index: order D:\WWW\lsgo\Application\Blog\Controller\IndexController.class.php 第 180 行.
SQL: SELECT * FROM `lsgoweb_document` WHERE `title` LIKE '%%' ORDER BY view DESC  [ RunTime:0.0000s ]
SQL: SHOW COLUMNS FROM `lsgoweb_blog_article_tag` [ RunTime:0.0090s ]
SQL: SELECT * FROM `lsgoweb_blog_article_tag`  [ RunTime:0.0010s ]
INFO: [ view_parse ] --START--
INFO: [ template_filter ] --START--
INFO: Run Behavior\ContentReplaceBehavior [ RunTime:0.000000s ]
INFO: [ template_filter ] --END-- [ RunTime:0.000000s ]
NOTIC: [8] Undefined variable: menu D:\WWW\lsgo\Runtime\Cache\Blog\75c02f746fdaa0392370296018cff839.php 第 39 行.
SQL: SHOW COLUMNS FROM `lsgoweb_ucenter_member` [ RunTime:0.0080s ]
SQL: SHOW COLUMNS FROM `lsgoweb_picture` [ RunTime:0.0090s ]
SQL: SELECT `id`,`head_picture_id`,`username` FROM `lsgoweb_ucenter_member` WHERE `id` = null LIMIT 1   [ RunTime:0.0000s ]
SQL: SELECT `path` FROM `lsgoweb_picture` WHERE `id` = null LIMIT 1   [ RunTime:0.0010s ]
NOTIC: [8] Use of undefined constant art - assumed 'art' D:\WWW\lsgo\Runtime\Cache\Blog\75c02f746fdaa0392370296018cff839.php 第 102 行.
NOTIC: [8] Undefined index: username D:\WWW\lsgo\Runtime\Cache\Blog\75c02f746fdaa0392370296018cff839.php 第 120 行.
NOTIC: [8] Undefined index: username D:\WWW\lsgo\Runtime\Cache\Blog\75c02f746fdaa0392370296018cff839.php 第 120 行.
NOTIC: [8] Undefined index: username D:\WWW\lsgo\Runtime\Cache\Blog\75c02f746fdaa0392370296018cff839.php 第 120 行.
NOTIC: [8] Undefined index: username D:\WWW\lsgo\Runtime\Cache\Blog\75c02f746fdaa0392370296018cff839.php 第 120 行.
NOTIC: [8] Undefined index: username D:\WWW\lsgo\Runtime\Cache\Blog\75c02f746fdaa0392370296018cff839.php 第 120 行.
NOTIC: [8] Undefined index: username D:\WWW\lsgo\Runtime\Cache\Blog\75c02f746fdaa0392370296018cff839.php 第 120 行.
NOTIC: [8] Undefined index: username D:\WWW\lsgo\Runtime\Cache\Blog\75c02f746fdaa0392370296018cff839.php 第 120 行.
NOTIC: [8] Undefined index: username D:\WWW\lsgo\Runtime\Cache\Blog\75c02f746fdaa0392370296018cff839.php 第 120 行.
NOTIC: [8] Undefined index: username D:\WWW\lsgo\Runtime\Cache\Blog\75c02f746fdaa0392370296018cff839.php 第 120 行.
NOTIC: [8] Undefined index: username D:\WWW\lsgo\Runtime\Cache\Blog\75c02f746fdaa0392370296018cff839.php 第 120 行.
NOTIC: [2] date() expects parameter 2 to be long, string given D:\WWW\lsgo\Runtime\Cache\Blog\75c02f746fdaa0392370296018cff839.php 第 123 行.
NOTIC: [8] Use of undefined constant art - assumed 'art' D:\WWW\lsgo\Runtime\Cache\Blog\75c02f746fdaa0392370296018cff839.php 第 191 行.
INFO: Run Behavior\ParseTemplateBehavior [ RunTime:0.042002s ]
INFO: [ view_parse ] --END-- [ RunTime:0.043002s ]
INFO: [ view_filter ] --START--
INFO: Run Behavior\WriteHtmlCacheBehavior [ RunTime:0.001000s ]
INFO: [ view_filter ] --END-- [ RunTime:0.001000s ]
INFO: [ app_end ] --START--
INFO: Run Behavior\ShowPageTraceBehavior [ RunTime:0.002000s ]
INFO: [ app_end ] --END-- [ RunTime:0.002000s ]

[ 2015-11-01T21:55:31+08:00 ] ::1 /lsgo/index.php/Blog/Index/search/type/user
INFO: [ app_init ] --START--
INFO: Run Behavior\BuildLiteBehavior [ RunTime:0.000000s ]
INFO: Run Common\Behavior\InitHookBehavior [ RunTime:0.007000s ]
INFO: [ app_init ] --END-- [ RunTime:0.008000s ]
INFO: [ app_begin ] --START--
INFO: Run Behavior\ReadHtmlCacheBehavior [ RunTime:0.002000s ]
INFO: [ app_begin ] --END-- [ RunTime:0.002000s ]
NOTIC: [8] Undefined index: keyword D:\WWW\lsgo\Application\Blog\Controller\IndexController.class.php 第 174 行.
SQL: SHOW COLUMNS FROM `lsgoweb_document` [ RunTime:0.0110s ]
SQL: SHOW COLUMNS FROM `lsgoweb_ucenter_member` [ RunTime:0.0110s ]
SQL: SELECT * FROM `lsgoweb_ucenter_member` WHERE `username` LIKE '%%'  [ RunTime:0.0000s ]
SQL: SHOW COLUMNS FROM `lsgoweb_blog_article_tag` [ RunTime:0.0120s ]
SQL: SELECT * FROM `lsgoweb_blog_article_tag`  [ RunTime:0.0000s ]
INFO: [ view_parse ] --START--
INFO: [ template_filter ] --START--
INFO: Run Behavior\ContentReplaceBehavior [ RunTime:0.001000s ]
INFO: [ template_filter ] --END-- [ RunTime:0.001000s ]
NOTIC: [8] Undefined variable: menu D:\WWW\lsgo\Runtime\Cache\Blog\75c02f746fdaa0392370296018cff839.php 第 39 行.
SQL: SHOW COLUMNS FROM `lsgoweb_ucenter_member` [ RunTime:0.0100s ]
SQL: SHOW COLUMNS FROM `lsgoweb_picture` [ RunTime:0.0090s ]
SQL: SELECT `id`,`head_picture_id`,`username` FROM `lsgoweb_ucenter_member` WHERE `id` = null LIMIT 1   [ RunTime:0.0010s ]
SQL: SELECT `path` FROM `lsgoweb_picture` WHERE `id` = null LIMIT 1   [ RunTime:0.0000s ]
NOTIC: [8] Use of undefined constant art - assumed 'art' D:\WWW\lsgo\Runtime\Cache\Blog\75c02f746fdaa0392370296018cff839.php 第 102 行.
NOTIC: [8] Use of undefined constant art - assumed 'art' D:\WWW\lsgo\Runtime\Cache\Blog\75c02f746fdaa0392370296018cff839.php 第 191 行.
INFO: Run Behavior\ParseTemplateBehavior [ RunTime:0.042002s ]
INFO: [ view_parse ] --END-- [ RunTime:0.042002s ]
INFO: [ view_filter ] --START--
INFO: Run Behavior\WriteHtmlCacheBehavior [ RunTime:0.002000s ]
INFO: [ view_filter ] --END-- [ RunTime:0.002000s ]
INFO: [ app_end ] --START--
INFO: Run Behavior\ShowPageTraceBehavior [ RunTime:0.001000s ]
INFO: [ app_end ] --END-- [ RunTime:0.001000s ]

[ 2015-11-01T22:02:07+08:00 ] ::1 /lsgo/index.php/Blog/Index/search/type/article
INFO: [ app_init ] --START--
INFO: Run Behavior\BuildLiteBehavior [ RunTime:0.000000s ]
INFO: Run Common\Behavior\InitHookBehavior [ RunTime:0.006000s ]
INFO: [ app_init ] --END-- [ RunTime:0.007000s ]
INFO: [ app_begin ] --START--
INFO: Run Behavior\ReadHtmlCacheBehavior [ RunTime:0.002000s ]
INFO: [ app_begin ] --END-- [ RunTime:0.002000s ]
NOTIC: [8] Undefined index: keyword D:\WWW\lsgo\Application\Blog\Controller\IndexController.class.php 第 174 行.
SQL: SHOW COLUMNS FROM `lsgoweb_document` [ RunTime:0.0090s ]
SQL: SHOW COLUMNS FROM `lsgoweb_ucenter_member` [ RunTime:0.0090s ]
NOTIC: [8] Undefined index: order D:\WWW\lsgo\Application\Blog\Controller\IndexController.class.php 第 180 行.
SQL: SELECT * FROM `lsgoweb_document` WHERE `title` LIKE '%%' ORDER BY view DESC  [ RunTime:0.0010s ]
SQL: SHOW COLUMNS FROM `lsgoweb_blog_article_tag` [ RunTime:0.0080s ]
SQL: SELECT * FROM `lsgoweb_blog_article_tag`  [ RunTime:0.0000s ]
INFO: [ view_parse ] --START--
INFO: [ template_filter ] --START--
INFO: Run Behavior\ContentReplaceBehavior [ RunTime:0.000000s ]
INFO: [ template_filter ] --END-- [ RunTime:0.000000s ]
NOTIC: [8] Undefined variable: menu D:\WWW\lsgo\Runtime\Cache\Blog\75c02f746fdaa0392370296018cff839.php 第 39 行.
SQL: SHOW COLUMNS FROM `lsgoweb_ucenter_member` [ RunTime:0.0090s ]
SQL: SHOW COLUMNS FROM `lsgoweb_picture` [ RunTime:0.0080s ]
SQL: SELECT `id`,`head_picture_id`,`username` FROM `lsgoweb_ucenter_member` WHERE `id` = null LIMIT 1   [ RunTime:0.0010s ]
SQL: SELECT `path` FROM `lsgoweb_picture` WHERE `id` = null LIMIT 1   [ RunTime:0.0000s ]
NOTIC: [8] Use of undefined constant art - assumed 'art' D:\WWW\lsgo\Runtime\Cache\Blog\75c02f746fdaa0392370296018cff839.php 第 102 行.
NOTIC: [8] Undefined index: username D:\WWW\lsgo\Runtime\Cache\Blog\75c02f746fdaa0392370296018cff839.php 第 120 行.
NOTIC: [8] Undefined index: username D:\WWW\lsgo\Runtime\Cache\Blog\75c02f746fdaa0392370296018cff839.php 第 120 行.
NOTIC: [8] Undefined index: username D:\WWW\lsgo\Runtime\Cache\Blog\75c02f746fdaa0392370296018cff839.php 第 120 行.
NOTIC: [8] Undefined index: username D:\WWW\lsgo\Runtime\Cache\Blog\75c02f746fdaa0392370296018cff839.php 第 120 行.
NOTIC: [8] Undefined index: username D:\WWW\lsgo\Runtime\Cache\Blog\75c02f746fdaa0392370296018cff839.php 第 120 行.
NOTIC: [8] Undefined index: username D:\WWW\lsgo\Runtime\Cache\Blog\75c02f746fdaa0392370296018cff839.php 第 120 行.
NOTIC: [8] Undefined index: username D:\WWW\lsgo\Runtime\Cache\Blog\75c02f746fdaa0392370296018cff839.php 第 120 行.
NOTIC: [8] Undefined index: username D:\WWW\lsgo\Runtime\Cache\Blog\75c02f746fdaa0392370296018cff839.php 第 120 行.
NOTIC: [8] Undefined index: username D:\WWW\lsgo\Runtime\Cache\Blog\75c02f746fdaa0392370296018cff839.php 第 120 行.
NOTIC: [8] Undefined index: username D:\WWW\lsgo\Runtime\Cache\Blog\75c02f746fdaa0392370296018cff839.php 第 120 行.
NOTIC: [2] date() expects parameter 2 to be long, string given D:\WWW\lsgo\Runtime\Cache\Blog\75c02f746fdaa0392370296018cff839.php 第 123 行.
NOTIC: [8] Use of undefined constant art - assumed 'art' D:\WWW\lsgo\Runtime\Cache\Blog\75c02f746fdaa0392370296018cff839.php 第 191 行.
INFO: Run Behavior\ParseTemplateBehavior [ RunTime:0.043003s ]
INFO: [ view_parse ] --END-- [ RunTime:0.043003s ]
INFO: [ view_filter ] --START--
INFO: Run Behavior\WriteHtmlCacheBehavior [ RunTime:0.001000s ]
INFO: [ view_filter ] --END-- [ RunTime:0.001000s ]
INFO: [ app_end ] --START--
INFO: Run Behavior\ShowPageTraceBehavior [ RunTime:0.001000s ]
INFO: [ app_end ] --END-- [ RunTime:0.001000s ]

[ 2015-11-01T22:02:19+08:00 ] ::1 /lsgo/index.php/Blog/Index/search/type/article
INFO: [ app_init ] --START--
INFO: Run Behavior\BuildLiteBehavior [ RunTime:0.000000s ]
INFO: Run Common\Behavior\InitHookBehavior [ RunTime:0.005000s ]
INFO: [ app_init ] --END-- [ RunTime:0.006000s ]
INFO: [ app_begin ] --START--
INFO: Run Behavior\ReadHtmlCacheBehavior [ RunTime:0.001000s ]
INFO: [ app_begin ] --END-- [ RunTime:0.002000s ]
NOTIC: [8] Undefined index: keyword D:\WWW\lsgo\Application\Blog\Controller\IndexController.class.php 第 174 行.
SQL: SHOW COLUMNS FROM `lsgoweb_document` [ RunTime:0.0080s ]
SQL: SHOW COLUMNS FROM `lsgoweb_ucenter_member` [ RunTime:0.0080s ]
NOTIC: [8] Undefined index: order D:\WWW\lsgo\Application\Blog\Controller\IndexController.class.php 第 180 行.
SQL: SELECT * FROM `lsgoweb_document` WHERE `title` LIKE '%%' ORDER BY view DESC  [ RunTime:0.0010s ]
SQL: SHOW COLUMNS FROM `lsgoweb_blog_article_tag` [ RunTime:0.0090s ]
SQL: SELECT * FROM `lsgoweb_blog_article_tag`  [ RunTime:0.0010s ]
INFO: [ view_parse ] --START--
INFO: [ template_filter ] --START--
INFO: Run Behavior\ContentReplaceBehavior [ RunTime:0.000000s ]
INFO: [ template_filter ] --END-- [ RunTime:0.000000s ]
NOTIC: [8] Undefined variable: menu D:\WWW\lsgo\Runtime\Cache\Blog\75c02f746fdaa0392370296018cff839.php 第 39 行.
SQL: SHOW COLUMNS FROM `lsgoweb_ucenter_member` [ RunTime:0.0090s ]
SQL: SHOW COLUMNS FROM `lsgoweb_picture` [ RunTime:0.0080s ]
SQL: SELECT `id`,`head_picture_id`,`username` FROM `lsgoweb_ucenter_member` WHERE `id` = null LIMIT 1   [ RunTime:0.0000s ]
SQL: SELECT `path` FROM `lsgoweb_picture` WHERE `id` = null LIMIT 1   [ RunTime:0.0000s ]
NOTIC: [8] Use of undefined constant art - assumed 'art' D:\WWW\lsgo\Runtime\Cache\Blog\75c02f746fdaa0392370296018cff839.php 第 102 行.
NOTIC: [8] Undefined index: username D:\WWW\lsgo\Runtime\Cache\Blog\75c02f746fdaa0392370296018cff839.php 第 120 行.
NOTIC: [8] Undefined index: username D:\WWW\lsgo\Runtime\Cache\Blog\75c02f746fdaa0392370296018cff839.php 第 120 行.
NOTIC: [8] Undefined index: username D:\WWW\lsgo\Runtime\Cache\Blog\75c02f746fdaa0392370296018cff839.php 第 120 行.
NOTIC: [8] Undefined index: username D:\WWW\lsgo\Runtime\Cache\Blog\75c02f746fdaa0392370296018cff839.php 第 120 行.
NOTIC: [8] Undefined index: username D:\WWW\lsgo\Runtime\Cache\Blog\75c02f746fdaa0392370296018cff839.php 第 120 行.
NOTIC: [8] Undefined index: username D:\WWW\lsgo\Runtime\Cache\Blog\75c02f746fdaa0392370296018cff839.php 第 120 行.
NOTIC: [8] Undefined index: username D:\WWW\lsgo\Runtime\Cache\Blog\75c02f746fdaa0392370296018cff839.php 第 120 行.
NOTIC: [8] Undefined index: username D:\WWW\lsgo\Runtime\Cache\Blog\75c02f746fdaa0392370296018cff839.php 第 120 行.
NOTIC: [8] Undefined index: username D:\WWW\lsgo\Runtime\Cache\Blog\75c02f746fdaa0392370296018cff839.php 第 120 行.
NOTIC: [8] Undefined index: username D:\WWW\lsgo\Runtime\Cache\Blog\75c02f746fdaa0392370296018cff839.php 第 120 行.
NOTIC: [2] date() expects parameter 2 to be long, string given D:\WWW\lsgo\Runtime\Cache\Blog\75c02f746fdaa0392370296018cff839.php 第 123 行.
NOTIC: [8] Use of undefined constant art - assumed 'art' D:\WWW\lsgo\Runtime\Cache\Blog\75c02f746fdaa0392370296018cff839.php 第 191 行.
INFO: Run Behavior\ParseTemplateBehavior [ RunTime:0.043003s ]
INFO: [ view_parse ] --END-- [ RunTime:0.043003s ]
INFO: [ view_filter ] --START--
INFO: Run Behavior\WriteHtmlCacheBehavior [ RunTime:0.002000s ]
INFO: [ view_filter ] --END-- [ RunTime:0.002000s ]
INFO: [ app_end ] --START--
INFO: Run Behavior\ShowPageTraceBehavior [ RunTime:0.001000s ]
INFO: [ app_end ] --END-- [ RunTime:0.001000s ]

[ 2015-11-01T22:02:23+08:00 ] ::1 /lsgo/index.php/Blog/Index/search/type/article
INFO: [ app_init ] --START--
INFO: Run Behavior\BuildLiteBehavior [ RunTime:0.000000s ]
INFO: Run Common\Behavior\InitHookBehavior [ RunTime:0.006001s ]
INFO: [ app_init ] --END-- [ RunTime:0.006001s ]
INFO: [ app_begin ] --START--
INFO: Run Behavior\ReadHtmlCacheBehavior [ RunTime:0.002000s ]
INFO: [ app_begin ] --END-- [ RunTime:0.002000s ]
NOTIC: [8] Undefined index: keyword D:\WWW\lsgo\Application\Blog\Controller\IndexController.class.php 第 174 行.
SQL: SHOW COLUMNS FROM `lsgoweb_document` [ RunTime:0.0090s ]
SQL: SHOW COLUMNS FROM `lsgoweb_ucenter_member` [ RunTime:0.0090s ]
NOTIC: [8] Undefined index: order D:\WWW\lsgo\Application\Blog\Controller\IndexController.class.php 第 180 行.
SQL: SELECT * FROM `lsgoweb_document` WHERE `title` LIKE '%%' ORDER BY view DESC  [ RunTime:0.0010s ]
SQL: SHOW COLUMNS FROM `lsgoweb_blog_article_tag` [ RunTime:0.0080s ]
SQL: SELECT * FROM `lsgoweb_blog_article_tag`  [ RunTime:0.0010s ]
INFO: [ view_parse ] --START--
INFO: [ template_filter ] --START--
INFO: Run Behavior\ContentReplaceBehavior [ RunTime:0.000000s ]
INFO: [ template_filter ] --END-- [ RunTime:0.000000s ]
NOTIC: [8] Undefined variable: menu D:\WWW\lsgo\Runtime\Cache\Blog\75c02f746fdaa0392370296018cff839.php 第 39 行.
SQL: SHOW COLUMNS FROM `lsgoweb_ucenter_member` [ RunTime:0.0090s ]
SQL: SHOW COLUMNS FROM `lsgoweb_picture` [ RunTime:0.0090s ]
SQL: SELECT `id`,`head_picture_id`,`username` FROM `lsgoweb_ucenter_member` WHERE `id` = null LIMIT 1   [ RunTime:0.0010s ]
SQL: SELECT `path` FROM `lsgoweb_picture` WHERE `id` = null LIMIT 1   [ RunTime:0.0000s ]
NOTIC: [8] Use of undefined constant art - assumed 'art' D:\WWW\lsgo\Runtime\Cache\Blog\75c02f746fdaa0392370296018cff839.php 第 102 行.
NOTIC: [8] Undefined index: username D:\WWW\lsgo\Runtime\Cache\Blog\75c02f746fdaa0392370296018cff839.php 第 120 行.
NOTIC: [8] Undefined index: username D:\WWW\lsgo\Runtime\Cache\Blog\75c02f746fdaa0392370296018cff839.php 第 120 行.
NOTIC: [8] Undefined index: username D:\WWW\lsgo\Runtime\Cache\Blog\75c02f746fdaa0392370296018cff839.php 第 120 行.
NOTIC: [8] Undefined index: username D:\WWW\lsgo\Runtime\Cache\Blog\75c02f746fdaa0392370296018cff839.php 第 120 行.
NOTIC: [8] Undefined index: username D:\WWW\lsgo\Runtime\Cache\Blog\75c02f746fdaa0392370296018cff839.php 第 120 行.
NOTIC: [8] Undefined index: username D:\WWW\lsgo\Runtime\Cache\Blog\75c02f746fdaa0392370296018cff839.php 第 120 行.
NOTIC: [8] Undefined index: username D:\WWW\lsgo\Runtime\Cache\Blog\75c02f746fdaa0392370296018cff839.php 第 120 行.
NOTIC: [8] Undefined index: username D:\WWW\lsgo\Runtime\Cache\Blog\75c02f746fdaa0392370296018cff839.php 第 120 行.
NOTIC: [8] Undefined index: username D:\WWW\lsgo\Runtime\Cache\Blog\75c02f746fdaa0392370296018cff839.php 第 120 行.
NOTIC: [8] Undefined index: username D:\WWW\lsgo\Runtime\Cache\Blog\75c02f746fdaa0392370296018cff839.php 第 120 行.
NOTIC: [2] date() expects parameter 2 to be long, string given D:\WWW\lsgo\Runtime\Cache\Blog\75c02f746fdaa0392370296018cff839.php 第 123 行.
NOTIC: [8] Use of undefined constant art - assumed 'art' D:\WWW\lsgo\Runtime\Cache\Blog\75c02f746fdaa0392370296018cff839.php 第 191 行.
INFO: Run Behavior\ParseTemplateBehavior [ RunTime:0.043002s ]
INFO: [ view_parse ] --END-- [ RunTime:0.043002s ]
INFO: [ view_filter ] --START--
INFO: Run Behavior\WriteHtmlCacheBehavior [ RunTime:0.001000s ]
INFO: [ view_filter ] --END-- [ RunTime:0.001000s ]
INFO: [ app_end ] --START--
INFO: Run Behavior\ShowPageTraceBehavior [ RunTime:0.001000s ]
INFO: [ app_end ] --END-- [ RunTime:0.001000s ]

