[ 2015-11-05T19:32:56+08:00 ] ::1 /lsgo/index.php?s=/Blog/Index/index.html
INFO: [ app_init ] --START--
INFO: Run Behavior\BuildLiteBehavior [ RunTime:0.000000s ]
INFO: Run Common\Behavior\InitHookBehavior [ RunTime:0.004000s ]
INFO: [ app_init ] --END-- [ RunTime:0.005000s ]
INFO: [ app_begin ] --START--
INFO: Run Behavior\ReadHtmlCacheBehavior [ RunTime:0.000000s ]
INFO: [ app_begin ] --END-- [ RunTime:0.000000s ]
SQL: SHOW COLUMNS FROM `lsgoweb_channel` [ RunTime:0.0920s ]
SQL: SELECT `title`,`url` FROM `lsgoweb_channel` WHERE `status` = 1 ORDER BY sort  [ RunTime:0.4360s ]
SQL: SHOW COLUMNS FROM `lsgoweb_category` [ RunTime:0.4990s ]
SQL: SELECT `title` FROM `lsgoweb_category` WHERE ( id=2 ) LIMIT 1   [ RunTime:0.0000s ]
SQL: SHOW COLUMNS FROM `lsgoweb_category` [ RunTime:0.0490s ]
SQL: SELECT `id`,`title` FROM `lsgoweb_category` WHERE `status` = 1 AND `pid` = 1 ORDER BY sort  [ RunTime:0.0000s ]
SQL: SHOW COLUMNS FROM `lsgoweb_picture` [ RunTime:0.0750s ]
SQL: SELECT `icon` FROM `lsgoweb_category` WHERE `id` = 2 LIMIT 1   [ RunTime:0.0000s ]
SQL: SELECT `path` FROM `lsgoweb_picture` WHERE `id` = 12 LIMIT 1   [ RunTime:0.0500s ]
SQL: SHOW COLUMNS FROM `lsgoweb_blog_article_tag` [ RunTime:0.6700s ]
SQL: SHOW COLUMNS FROM `lsgoweb_blog_article_tag` [ RunTime:0.0690s ]
SQL: SELECT `id`,`tag_name`,`tag_picture_id` FROM `lsgoweb_blog_article_tag` WHERE `status` = 1 AND `category_id` = 2 ORDER BY sort  [ RunTime:0.0010s ]
SQL: SELECT `path` FROM `lsgoweb_picture` WHERE `id` = 4 LIMIT 1   [ RunTime:0.0000s ]
SQL: SELECT `path` FROM `lsgoweb_picture` WHERE `id` = 5 LIMIT 1   [ RunTime:0.0000s ]
SQL: SELECT `path` FROM `lsgoweb_picture` WHERE `id` = 6 LIMIT 1   [ RunTime:0.0010s ]
SQL: SELECT `path` FROM `lsgoweb_picture` WHERE `id` = 7 LIMIT 1   [ RunTime:0.0000s ]
SQL: SELECT `path` FROM `lsgoweb_picture` WHERE `id` = 8 LIMIT 1   [ RunTime:0.0000s ]
SQL: SELECT `path` FROM `lsgoweb_picture` WHERE `id` = 9 LIMIT 1   [ RunTime:0.0010s ]
SQL: SELECT `path` FROM `lsgoweb_picture` WHERE `id` = 10 LIMIT 1   [ RunTime:0.0000s ]
SQL: SELECT `path` FROM `lsgoweb_picture` WHERE `id` = 11 LIMIT 1   [ RunTime:0.0000s ]
SQL: SHOW COLUMNS FROM `lsgoweb_document` [ RunTime:0.0850s ]
NOTIC: [8] Undefined offset: 0 D:\WWW\lsgo\ThinkPHP\Library\Think\Model.class.php 第 224 行.
SQL: SELECT `id`,`title`,`category_id`,`create_time` FROM `lsgoweb_document` WHERE `category_id` = 2 AND `display` = 1 AND `status` = 1 LIMIT 5   [ RunTime:0.0010s ]
SQL: SELECT COUNT(*) AS tp_count FROM `lsgoweb_document` WHERE `category_id` = 2 AND `display` = 1 AND `status` = 1 LIMIT 1   [ RunTime:0.0010s ]
INFO: [ view_parse ] --START--
INFO: [ template_filter ] --START--
INFO: Run Behavior\ContentReplaceBehavior [ RunTime:0.001000s ]
INFO: [ template_filter ] --END-- [ RunTime:0.001000s ]
NOTIC: [8] Undefined index: class D:\WWW\lsgo\Runtime\Cache\Blog\da38aaaeab14a3f431ea394c96895f42.php 第 41 行.
NOTIC: [8] Undefined index: class D:\WWW\lsgo\Runtime\Cache\Blog\da38aaaeab14a3f431ea394c96895f42.php 第 41 行.
NOTIC: [8] Undefined index: class D:\WWW\lsgo\Runtime\Cache\Blog\da38aaaeab14a3f431ea394c96895f42.php 第 41 行.
NOTIC: [8] Undefined index: class D:\WWW\lsgo\Runtime\Cache\Blog\da38aaaeab14a3f431ea394c96895f42.php 第 41 行.
SQL: SHOW COLUMNS FROM `lsgoweb_ucenter_member` [ RunTime:0.0960s ]
SQL: SELECT `id`,`head_picture_id`,`username` FROM `lsgoweb_ucenter_member` WHERE `id` = null LIMIT 1   [ RunTime:0.0010s ]
SQL: SELECT `path` FROM `lsgoweb_picture` WHERE `id` = null LIMIT 1   [ RunTime:0.0000s ]
NOTIC: [8] Undefined index: class D:\WWW\lsgo\Runtime\Cache\Blog\da38aaaeab14a3f431ea394c96895f42.php 第 87 行.
NOTIC: [8] Undefined index: class D:\WWW\lsgo\Runtime\Cache\Blog\da38aaaeab14a3f431ea394c96895f42.php 第 87 行.
NOTIC: [8] Undefined index: class D:\WWW\lsgo\Runtime\Cache\Blog\da38aaaeab14a3f431ea394c96895f42.php 第 87 行.
NOTIC: [8] Undefined index: class D:\WWW\lsgo\Runtime\Cache\Blog\da38aaaeab14a3f431ea394c96895f42.php 第 120 行.
NOTIC: [8] Undefined index: class D:\WWW\lsgo\Runtime\Cache\Blog\da38aaaeab14a3f431ea394c96895f42.php 第 120 行.
NOTIC: [8] Undefined index: class D:\WWW\lsgo\Runtime\Cache\Blog\da38aaaeab14a3f431ea394c96895f42.php 第 120 行.
NOTIC: [8] Undefined index: class D:\WWW\lsgo\Runtime\Cache\Blog\da38aaaeab14a3f431ea394c96895f42.php 第 120 行.
NOTIC: [8] Undefined index: class D:\WWW\lsgo\Runtime\Cache\Blog\da38aaaeab14a3f431ea394c96895f42.php 第 120 行.
NOTIC: [8] Undefined index: class D:\WWW\lsgo\Runtime\Cache\Blog\da38aaaeab14a3f431ea394c96895f42.php 第 120 行.
NOTIC: [8] Undefined index: class D:\WWW\lsgo\Runtime\Cache\Blog\da38aaaeab14a3f431ea394c96895f42.php 第 120 行.
NOTIC: [8] Undefined index: class D:\WWW\lsgo\Runtime\Cache\Blog\da38aaaeab14a3f431ea394c96895f42.php 第 120 行.
INFO: Run Behavior\ParseTemplateBehavior [ RunTime:0.250014s ]
INFO: [ view_parse ] --END-- [ RunTime:0.250014s ]
INFO: [ view_filter ] --START--
INFO: Run Behavior\WriteHtmlCacheBehavior [ RunTime:0.001000s ]
INFO: [ view_filter ] --END-- [ RunTime:0.001000s ]
INFO: [ app_end ] --START--
INFO: Run Behavior\ShowPageTraceBehavior [ RunTime:0.002000s ]
INFO: [ app_end ] --END-- [ RunTime:0.002000s ]

[ 2015-11-05T19:39:19+08:00 ] ::1 /lsgo/index.php?s=/Blog/Index/index.html
INFO: [ app_init ] --START--
INFO: Run Behavior\BuildLiteBehavior [ RunTime:0.000000s ]
INFO: Run Common\Behavior\InitHookBehavior [ RunTime:0.003000s ]
INFO: [ app_init ] --END-- [ RunTime:0.004000s ]
INFO: [ app_begin ] --START--
INFO: Run Behavior\ReadHtmlCacheBehavior [ RunTime:0.001000s ]
INFO: [ app_begin ] --END-- [ RunTime:0.001000s ]
SQL: SHOW COLUMNS FROM `lsgoweb_channel` [ RunTime:0.0080s ]
SQL: SELECT `title`,`url` FROM `lsgoweb_channel` WHERE `status` = 1 ORDER BY sort  [ RunTime:0.0010s ]
SQL: SHOW COLUMNS FROM `lsgoweb_category` [ RunTime:0.0080s ]
SQL: SELECT `title` FROM `lsgoweb_category` WHERE ( id=2 ) LIMIT 1   [ RunTime:0.0000s ]
SQL: SHOW COLUMNS FROM `lsgoweb_category` [ RunTime:0.0080s ]
SQL: SELECT `id`,`title` FROM `lsgoweb_category` WHERE `status` = 1 AND `pid` = 1 ORDER BY sort  [ RunTime:0.0000s ]
SQL: SHOW COLUMNS FROM `lsgoweb_picture` [ RunTime:0.0070s ]
SQL: SELECT `icon` FROM `lsgoweb_category` WHERE `id` = 2 LIMIT 1   [ RunTime:0.0000s ]
SQL: SELECT `path` FROM `lsgoweb_picture` WHERE `id` = 12 LIMIT 1   [ RunTime:0.0000s ]
SQL: SHOW COLUMNS FROM `lsgoweb_blog_article_tag` [ RunTime:0.0080s ]
SQL: SHOW COLUMNS FROM `lsgoweb_blog_article_tag` [ RunTime:0.0080s ]
SQL: SELECT `id`,`tag_name`,`tag_picture_id` FROM `lsgoweb_blog_article_tag` WHERE `status` = 1 AND `category_id` = 2 ORDER BY sort  [ RunTime:0.0000s ]
SQL: SELECT `path` FROM `lsgoweb_picture` WHERE `id` = 4 LIMIT 1   [ RunTime:0.0000s ]
SQL: SELECT `path` FROM `lsgoweb_picture` WHERE `id` = 5 LIMIT 1   [ RunTime:0.0000s ]
SQL: SELECT `path` FROM `lsgoweb_picture` WHERE `id` = 6 LIMIT 1   [ RunTime:0.0000s ]
SQL: SELECT `path` FROM `lsgoweb_picture` WHERE `id` = 7 LIMIT 1   [ RunTime:0.0000s ]
SQL: SELECT `path` FROM `lsgoweb_picture` WHERE `id` = 8 LIMIT 1   [ RunTime:0.0000s ]
SQL: SELECT `path` FROM `lsgoweb_picture` WHERE `id` = 9 LIMIT 1   [ RunTime:0.0000s ]
SQL: SELECT `path` FROM `lsgoweb_picture` WHERE `id` = 10 LIMIT 1   [ RunTime:0.0000s ]
SQL: SELECT `path` FROM `lsgoweb_picture` WHERE `id` = 11 LIMIT 1   [ RunTime:0.0000s ]
SQL: SHOW COLUMNS FROM `lsgoweb_document` [ RunTime:0.0090s ]
NOTIC: [8] Undefined offset: 0 D:\WWW\lsgo\ThinkPHP\Library\Think\Model.class.php 第 224 行.
SQL: SELECT `id`,`title`,`category_id`,`create_time` FROM `lsgoweb_document` WHERE `category_id` = 2 AND `display` = 1 AND `status` = 1 LIMIT 5   [ RunTime:0.0010s ]
SQL: SELECT COUNT(*) AS tp_count FROM `lsgoweb_document` WHERE `category_id` = 2 AND `display` = 1 AND `status` = 1 LIMIT 1   [ RunTime:0.0000s ]
SQL: SELECT `id`,`category_id`,`title`,`update_time` FROM `lsgoweb_document` WHERE `category_id` = 2 AND `display` = 1 AND `status` = 1 AND `defualt_tag_id` = 8 ORDER BY create_time  [ RunTime:0.0000s ]
NOTIC: [2] Invalid argument supplied for foreach() D:\WWW\lsgo\Application\Blog\Model\DocumentModel.class.php 第 75 行.
NOTIC: [2] array_slice() expects parameter 1 to be array, null given D:\WWW\lsgo\Application\Blog\Model\DocumentModel.class.php 第 91 行.
NOTIC: [2] Invalid argument supplied for foreach() D:\WWW\lsgo\Application\Blog\Model\DocumentModel.class.php 第 110 行.

[ 2015-11-05T19:39:19+08:00 ] ::1 /lsgo/index.php?s=/Blog/Index/index.html
INFO: [ app_init ] --START--
INFO: Run Behavior\BuildLiteBehavior [ RunTime:0.000000s ]
INFO: Run Common\Behavior\InitHookBehavior [ RunTime:0.003000s ]
INFO: [ app_init ] --END-- [ RunTime:0.004000s ]
INFO: [ app_begin ] --START--
INFO: Run Behavior\ReadHtmlCacheBehavior [ RunTime:0.001000s ]
INFO: [ app_begin ] --END-- [ RunTime:0.001000s ]
SQL: SHOW COLUMNS FROM `lsgoweb_channel` [ RunTime:0.0080s ]
SQL: SELECT `title`,`url` FROM `lsgoweb_channel` WHERE `status` = 1 ORDER BY sort  [ RunTime:0.0000s ]
SQL: SHOW COLUMNS FROM `lsgoweb_category` [ RunTime:0.0080s ]
SQL: SELECT `title` FROM `lsgoweb_category` WHERE ( id=2 ) LIMIT 1   [ RunTime:0.0010s ]
SQL: SHOW COLUMNS FROM `lsgoweb_category` [ RunTime:0.0080s ]
SQL: SELECT `id`,`title` FROM `lsgoweb_category` WHERE `status` = 1 AND `pid` = 1 ORDER BY sort  [ RunTime:0.0000s ]
SQL: SHOW COLUMNS FROM `lsgoweb_picture` [ RunTime:0.0070s ]
SQL: SELECT `icon` FROM `lsgoweb_category` WHERE `id` = 2 LIMIT 1   [ RunTime:0.0000s ]
SQL: SELECT `path` FROM `lsgoweb_picture` WHERE `id` = 12 LIMIT 1   [ RunTime:0.0000s ]
SQL: SHOW COLUMNS FROM `lsgoweb_blog_article_tag` [ RunTime:0.0080s ]
SQL: SHOW COLUMNS FROM `lsgoweb_blog_article_tag` [ RunTime:0.0080s ]
SQL: SELECT `id`,`tag_name`,`tag_picture_id` FROM `lsgoweb_blog_article_tag` WHERE `status` = 1 AND `category_id` = 2 ORDER BY sort  [ RunTime:0.0010s ]
SQL: SELECT `path` FROM `lsgoweb_picture` WHERE `id` = 4 LIMIT 1   [ RunTime:0.0000s ]
SQL: SELECT `path` FROM `lsgoweb_picture` WHERE `id` = 5 LIMIT 1   [ RunTime:0.0010s ]
SQL: SELECT `path` FROM `lsgoweb_picture` WHERE `id` = 6 LIMIT 1   [ RunTime:0.0000s ]
SQL: SELECT `path` FROM `lsgoweb_picture` WHERE `id` = 7 LIMIT 1   [ RunTime:0.0000s ]
SQL: SELECT `path` FROM `lsgoweb_picture` WHERE `id` = 8 LIMIT 1   [ RunTime:0.0010s ]
SQL: SELECT `path` FROM `lsgoweb_picture` WHERE `id` = 9 LIMIT 1   [ RunTime:0.0000s ]
SQL: SELECT `path` FROM `lsgoweb_picture` WHERE `id` = 10 LIMIT 1   [ RunTime:0.0000s ]
SQL: SELECT `path` FROM `lsgoweb_picture` WHERE `id` = 11 LIMIT 1   [ RunTime:0.0010s ]
SQL: SHOW COLUMNS FROM `lsgoweb_document` [ RunTime:0.0080s ]
NOTIC: [8] Undefined offset: 0 D:\WWW\lsgo\ThinkPHP\Library\Think\Model.class.php 第 224 行.
SQL: SELECT `id`,`title`,`category_id`,`create_time` FROM `lsgoweb_document` WHERE `category_id` = 2 AND `display` = 1 AND `status` = 1 LIMIT 5   [ RunTime:0.0000s ]
SQL: SELECT COUNT(*) AS tp_count FROM `lsgoweb_document` WHERE `category_id` = 2 AND `display` = 1 AND `status` = 1 LIMIT 1   [ RunTime:0.0000s ]
SQL: SELECT `id`,`category_id`,`title`,`update_time` FROM `lsgoweb_document` WHERE `category_id` = 2 AND `display` = 1 AND `status` = 1 AND `defualt_tag_id` = 5 ORDER BY create_time  [ RunTime:0.0010s ]

[ 2015-11-05T19:39:19+08:00 ] ::1 /lsgo/index.php?s=/Blog/Index/index.html
INFO: [ app_init ] --START--
INFO: Run Behavior\BuildLiteBehavior [ RunTime:0.000000s ]
INFO: Run Common\Behavior\InitHookBehavior [ RunTime:0.003000s ]
INFO: [ app_init ] --END-- [ RunTime:0.004000s ]
INFO: [ app_begin ] --START--
INFO: Run Behavior\ReadHtmlCacheBehavior [ RunTime:0.001000s ]
INFO: [ app_begin ] --END-- [ RunTime:0.001000s ]
SQL: SHOW COLUMNS FROM `lsgoweb_channel` [ RunTime:0.0080s ]
SQL: SELECT `title`,`url` FROM `lsgoweb_channel` WHERE `status` = 1 ORDER BY sort  [ RunTime:0.0000s ]
SQL: SHOW COLUMNS FROM `lsgoweb_category` [ RunTime:0.0080s ]
SQL: SELECT `title` FROM `lsgoweb_category` WHERE ( id=2 ) LIMIT 1   [ RunTime:0.0000s ]
SQL: SHOW COLUMNS FROM `lsgoweb_category` [ RunTime:0.0090s ]
SQL: SELECT `id`,`title` FROM `lsgoweb_category` WHERE `status` = 1 AND `pid` = 1 ORDER BY sort  [ RunTime:0.0010s ]
SQL: SHOW COLUMNS FROM `lsgoweb_picture` [ RunTime:0.0080s ]
SQL: SELECT `icon` FROM `lsgoweb_category` WHERE `id` = 2 LIMIT 1   [ RunTime:0.0010s ]
SQL: SELECT `path` FROM `lsgoweb_picture` WHERE `id` = 12 LIMIT 1   [ RunTime:0.0000s ]
SQL: SHOW COLUMNS FROM `lsgoweb_blog_article_tag` [ RunTime:0.0080s ]
SQL: SHOW COLUMNS FROM `lsgoweb_blog_article_tag` [ RunTime:0.0080s ]
SQL: SELECT `id`,`tag_name`,`tag_picture_id` FROM `lsgoweb_blog_article_tag` WHERE `status` = 1 AND `category_id` = 2 ORDER BY sort  [ RunTime:0.0000s ]
SQL: SELECT `path` FROM `lsgoweb_picture` WHERE `id` = 4 LIMIT 1   [ RunTime:0.0000s ]
SQL: SELECT `path` FROM `lsgoweb_picture` WHERE `id` = 5 LIMIT 1   [ RunTime:0.0000s ]
SQL: SELECT `path` FROM `lsgoweb_picture` WHERE `id` = 6 LIMIT 1   [ RunTime:0.0010s ]
SQL: SELECT `path` FROM `lsgoweb_picture` WHERE `id` = 7 LIMIT 1   [ RunTime:0.0000s ]
SQL: SELECT `path` FROM `lsgoweb_picture` WHERE `id` = 8 LIMIT 1   [ RunTime:0.0000s ]
SQL: SELECT `path` FROM `lsgoweb_picture` WHERE `id` = 9 LIMIT 1   [ RunTime:0.0000s ]
SQL: SELECT `path` FROM `lsgoweb_picture` WHERE `id` = 10 LIMIT 1   [ RunTime:0.0000s ]
SQL: SELECT `path` FROM `lsgoweb_picture` WHERE `id` = 11 LIMIT 1   [ RunTime:0.0000s ]
SQL: SHOW COLUMNS FROM `lsgoweb_document` [ RunTime:0.0080s ]
NOTIC: [8] Undefined offset: 0 D:\WWW\lsgo\ThinkPHP\Library\Think\Model.class.php 第 224 行.
SQL: SELECT `id`,`title`,`category_id`,`create_time` FROM `lsgoweb_document` WHERE `category_id` = 2 AND `display` = 1 AND `status` = 1 LIMIT 5   [ RunTime:0.0000s ]
SQL: SELECT COUNT(*) AS tp_count FROM `lsgoweb_document` WHERE `category_id` = 2 AND `display` = 1 AND `status` = 1 LIMIT 1   [ RunTime:0.0010s ]
SQL: SELECT `id`,`category_id`,`title`,`update_time` FROM `lsgoweb_document` WHERE `category_id` = 2 AND `display` = 1 AND `status` = 1 AND `defualt_tag_id` = 2 ORDER BY create_time  [ RunTime:0.0000s ]

[ 2015-11-05T19:41:47+08:00 ] ::1 /lsgo/index.php?s=/Blog/Index/index.html
INFO: [ app_init ] --START--
INFO: Run Behavior\BuildLiteBehavior [ RunTime:0.000000s ]
INFO: Run Common\Behavior\InitHookBehavior [ RunTime:0.001000s ]
INFO: [ app_init ] --END-- [ RunTime:0.002000s ]
INFO: [ app_begin ] --START--
INFO: Run Behavior\ReadHtmlCacheBehavior [ RunTime:0.001000s ]
INFO: [ app_begin ] --END-- [ RunTime:0.001000s ]
SQL: SHOW COLUMNS FROM `lsgoweb_channel` [ RunTime:0.0080s ]
SQL: SELECT `title`,`url` FROM `lsgoweb_channel` WHERE `status` = 1 ORDER BY sort  [ RunTime:0.0010s ]
SQL: SHOW COLUMNS FROM `lsgoweb_category` [ RunTime:0.0080s ]
SQL: SELECT `title` FROM `lsgoweb_category` WHERE ( id=2 ) LIMIT 1   [ RunTime:0.0000s ]
SQL: SHOW COLUMNS FROM `lsgoweb_category` [ RunTime:0.0090s ]
SQL: SELECT `id`,`title` FROM `lsgoweb_category` WHERE `status` = 1 AND `pid` = 1 ORDER BY sort  [ RunTime:0.0010s ]
SQL: SHOW COLUMNS FROM `lsgoweb_picture` [ RunTime:0.0080s ]
SQL: SELECT `icon` FROM `lsgoweb_category` WHERE `id` = 2 LIMIT 1   [ RunTime:0.0000s ]
SQL: SELECT `path` FROM `lsgoweb_picture` WHERE `id` = 12 LIMIT 1   [ RunTime:0.0000s ]
SQL: SHOW COLUMNS FROM `lsgoweb_blog_article_tag` [ RunTime:0.0090s ]
SQL: SHOW COLUMNS FROM `lsgoweb_blog_article_tag` [ RunTime:0.0070s ]
SQL: SELECT `id`,`tag_name`,`tag_picture_id` FROM `lsgoweb_blog_article_tag` WHERE `status` = 1 AND `category_id` = 2 ORDER BY sort  [ RunTime:0.0000s ]
SQL: SELECT `path` FROM `lsgoweb_picture` WHERE `id` = 4 LIMIT 1   [ RunTime:0.0010s ]
SQL: SELECT `path` FROM `lsgoweb_picture` WHERE `id` = 5 LIMIT 1   [ RunTime:0.0000s ]
SQL: SELECT `path` FROM `lsgoweb_picture` WHERE `id` = 6 LIMIT 1   [ RunTime:0.0000s ]
SQL: SELECT `path` FROM `lsgoweb_picture` WHERE `id` = 7 LIMIT 1   [ RunTime:0.0000s ]
SQL: SELECT `path` FROM `lsgoweb_picture` WHERE `id` = 8 LIMIT 1   [ RunTime:0.0000s ]
SQL: SELECT `path` FROM `lsgoweb_picture` WHERE `id` = 9 LIMIT 1   [ RunTime:0.0010s ]
SQL: SELECT `path` FROM `lsgoweb_picture` WHERE `id` = 10 LIMIT 1   [ RunTime:0.0000s ]
SQL: SELECT `path` FROM `lsgoweb_picture` WHERE `id` = 11 LIMIT 1   [ RunTime:0.0000s ]
SQL: SHOW COLUMNS FROM `lsgoweb_document` [ RunTime:0.0080s ]
NOTIC: [8] Undefined offset: 0 D:\WWW\lsgo\ThinkPHP\Library\Think\Model.class.php 第 224 行.
SQL: SELECT `id`,`title`,`category_id`,`create_time` FROM `lsgoweb_document` WHERE `category_id` = 2 AND `display` = 1 AND `status` = 1 LIMIT 5   [ RunTime:0.0000s ]
SQL: SELECT COUNT(*) AS tp_count FROM `lsgoweb_document` WHERE `category_id` = 2 AND `display` = 1 AND `status` = 1 LIMIT 1   [ RunTime:0.0010s ]
INFO: [ view_parse ] --START--
INFO: [ template_filter ] --START--
INFO: Run Behavior\ContentReplaceBehavior [ RunTime:0.000000s ]
INFO: [ template_filter ] --END-- [ RunTime:0.000000s ]
NOTIC: [8] Undefined index: class D:\WWW\lsgo\Runtime\Cache\Blog\da38aaaeab14a3f431ea394c96895f42.php 第 41 行.
NOTIC: [8] Undefined index: class D:\WWW\lsgo\Runtime\Cache\Blog\da38aaaeab14a3f431ea394c96895f42.php 第 41 行.
NOTIC: [8] Undefined index: class D:\WWW\lsgo\Runtime\Cache\Blog\da38aaaeab14a3f431ea394c96895f42.php 第 41 行.
NOTIC: [8] Undefined index: class D:\WWW\lsgo\Runtime\Cache\Blog\da38aaaeab14a3f431ea394c96895f42.php 第 41 行.
SQL: SHOW COLUMNS FROM `lsgoweb_ucenter_member` [ RunTime:0.0110s ]
SQL: SELECT `id`,`head_picture_id`,`username` FROM `lsgoweb_ucenter_member` WHERE `id` = null LIMIT 1   [ RunTime:0.0010s ]
SQL: SELECT `path` FROM `lsgoweb_picture` WHERE `id` = null LIMIT 1   [ RunTime:0.0000s ]
NOTIC: [8] Undefined index: class D:\WWW\lsgo\Runtime\Cache\Blog\da38aaaeab14a3f431ea394c96895f42.php 第 87 行.
NOTIC: [8] Undefined index: class D:\WWW\lsgo\Runtime\Cache\Blog\da38aaaeab14a3f431ea394c96895f42.php 第 87 行.
NOTIC: [8] Undefined index: class D:\WWW\lsgo\Runtime\Cache\Blog\da38aaaeab14a3f431ea394c96895f42.php 第 87 行.
NOTIC: [8] Undefined index: class D:\WWW\lsgo\Runtime\Cache\Blog\da38aaaeab14a3f431ea394c96895f42.php 第 120 行.
NOTIC: [8] Undefined index: class D:\WWW\lsgo\Runtime\Cache\Blog\da38aaaeab14a3f431ea394c96895f42.php 第 120 行.
NOTIC: [8] Undefined index: class D:\WWW\lsgo\Runtime\Cache\Blog\da38aaaeab14a3f431ea394c96895f42.php 第 120 行.
NOTIC: [8] Undefined index: class D:\WWW\lsgo\Runtime\Cache\Blog\da38aaaeab14a3f431ea394c96895f42.php 第 120 行.
NOTIC: [8] Undefined index: class D:\WWW\lsgo\Runtime\Cache\Blog\da38aaaeab14a3f431ea394c96895f42.php 第 120 行.
NOTIC: [8] Undefined index: class D:\WWW\lsgo\Runtime\Cache\Blog\da38aaaeab14a3f431ea394c96895f42.php 第 120 行.
NOTIC: [8] Undefined index: class D:\WWW\lsgo\Runtime\Cache\Blog\da38aaaeab14a3f431ea394c96895f42.php 第 120 行.
NOTIC: [8] Undefined index: class D:\WWW\lsgo\Runtime\Cache\Blog\da38aaaeab14a3f431ea394c96895f42.php 第 120 行.
INFO: Run Behavior\ParseTemplateBehavior [ RunTime:0.109006s ]
INFO: [ view_parse ] --END-- [ RunTime:0.109006s ]
INFO: [ view_filter ] --START--
INFO: Run Behavior\WriteHtmlCacheBehavior [ RunTime:0.001000s ]
INFO: [ view_filter ] --END-- [ RunTime:0.001000s ]
INFO: [ app_end ] --START--
INFO: Run Behavior\ShowPageTraceBehavior [ RunTime:0.002000s ]
INFO: [ app_end ] --END-- [ RunTime:0.002000s ]

[ 2015-11-05T19:41:59+08:00 ] ::1 /lsgo/index.php?s=/Blog/Index/search
INFO: [ app_init ] --START--
INFO: Run Behavior\BuildLiteBehavior [ RunTime:0.000000s ]
INFO: Run Common\Behavior\InitHookBehavior [ RunTime:0.002001s ]
INFO: [ app_init ] --END-- [ RunTime:0.002001s ]
INFO: [ app_begin ] --START--
INFO: Run Behavior\ReadHtmlCacheBehavior [ RunTime:0.000000s ]
INFO: [ app_begin ] --END-- [ RunTime:0.000000s ]
NOTIC: [8] Undefined index: keyword D:\WWW\lsgo\Application\Blog\Controller\IndexController.class.php 第 174 行.
NOTIC: [8] Undefined index: type D:\WWW\lsgo\Application\Blog\Controller\IndexController.class.php 第 175 行.
SQL: SHOW COLUMNS FROM `lsgoweb_document` [ RunTime:0.0090s ]
SQL: SHOW COLUMNS FROM `lsgoweb_ucenter_member` [ RunTime:0.0070s ]
NOTIC: [8] Undefined index: order D:\WWW\lsgo\Application\Blog\Controller\IndexController.class.php 第 180 行.
SQL: SELECT * FROM `lsgoweb_document` WHERE `title` LIKE '%%' ORDER BY view DESC  [ RunTime:0.0350s ]
SQL: SHOW COLUMNS FROM `lsgoweb_blog_article_tag` [ RunTime:0.0130s ]
SQL: SELECT * FROM `lsgoweb_blog_article_tag`  [ RunTime:0.0010s ]
INFO: [ view_parse ] --START--
INFO: [ template_filter ] --START--
INFO: Run Behavior\ContentReplaceBehavior [ RunTime:0.001000s ]
INFO: [ template_filter ] --END-- [ RunTime:0.001000s ]
NOTIC: [8] Undefined variable: menu D:\WWW\lsgo\Runtime\Cache\Blog\75c02f746fdaa0392370296018cff839.php 第 39 行.
SQL: SHOW COLUMNS FROM `lsgoweb_ucenter_member` [ RunTime:0.0100s ]
SQL: SHOW COLUMNS FROM `lsgoweb_picture` [ RunTime:0.0100s ]
SQL: SELECT `id`,`head_picture_id`,`username` FROM `lsgoweb_ucenter_member` WHERE `id` = null LIMIT 1   [ RunTime:0.0000s ]
SQL: SELECT `path` FROM `lsgoweb_picture` WHERE `id` = null LIMIT 1   [ RunTime:0.0010s ]
NOTIC: [8] Use of undefined constant art - assumed 'art' D:\WWW\lsgo\Runtime\Cache\Blog\75c02f746fdaa0392370296018cff839.php 第 102 行.
NOTIC: [8] Undefined index: username D:\WWW\lsgo\Runtime\Cache\Blog\75c02f746fdaa0392370296018cff839.php 第 120 行.
NOTIC: [8] Undefined index:    D:\WWW\lsgo\Runtime\Cache\Blog\75c02f746fdaa0392370296018cff839.php 第 114 行.
NOTIC: [8] Undefined index: username D:\WWW\lsgo\Runtime\Cache\Blog\75c02f746fdaa0392370296018cff839.php 第 120 行.
NOTIC: [8] Undefined index: username D:\WWW\lsgo\Runtime\Cache\Blog\75c02f746fdaa0392370296018cff839.php 第 120 行.
NOTIC: [8] Undefined index: username D:\WWW\lsgo\Runtime\Cache\Blog\75c02f746fdaa0392370296018cff839.php 第 120 行.
NOTIC: [8] Undefined index: username D:\WWW\lsgo\Runtime\Cache\Blog\75c02f746fdaa0392370296018cff839.php 第 120 行.
NOTIC: [8] Undefined index: username D:\WWW\lsgo\Runtime\Cache\Blog\75c02f746fdaa0392370296018cff839.php 第 120 行.
NOTIC: [8] Undefined index: username D:\WWW\lsgo\Runtime\Cache\Blog\75c02f746fdaa0392370296018cff839.php 第 120 行.
NOTIC: [8] Undefined index: username D:\WWW\lsgo\Runtime\Cache\Blog\75c02f746fdaa0392370296018cff839.php 第 120 行.
NOTIC: [8] Undefined index: username D:\WWW\lsgo\Runtime\Cache\Blog\75c02f746fdaa0392370296018cff839.php 第 120 行.
NOTIC: [8] Undefined index: username D:\WWW\lsgo\Runtime\Cache\Blog\75c02f746fdaa0392370296018cff839.php 第 120 行.
NOTIC: [2] date() expects parameter 2 to be long, string given D:\WWW\lsgo\Runtime\Cache\Blog\75c02f746fdaa0392370296018cff839.php 第 123 行.
NOTIC: [8] Use of undefined constant art - assumed 'art' D:\WWW\lsgo\Runtime\Cache\Blog\75c02f746fdaa0392370296018cff839.php 第 191 行.
INFO: Run Behavior\ParseTemplateBehavior [ RunTime:0.100006s ]
INFO: [ view_parse ] --END-- [ RunTime:0.100006s ]
INFO: [ view_filter ] --START--
INFO: Run Behavior\WriteHtmlCacheBehavior [ RunTime:0.001000s ]
INFO: [ view_filter ] --END-- [ RunTime:0.001000s ]
INFO: [ app_end ] --START--
INFO: Run Behavior\ShowPageTraceBehavior [ RunTime:0.002000s ]
INFO: [ app_end ] --END-- [ RunTime:0.002000s ]

[ 2015-11-05T19:42:18+08:00 ] ::1 /lsgo/index.php?s=/Blog/Index/search
INFO: [ app_init ] --START--
INFO: Run Behavior\BuildLiteBehavior [ RunTime:0.000000s ]
INFO: Run Common\Behavior\InitHookBehavior [ RunTime:0.015600s ]
INFO: [ app_init ] --END-- [ RunTime:0.015600s ]
INFO: [ app_begin ] --START--
INFO: Run Behavior\ReadHtmlCacheBehavior [ RunTime:0.001000s ]
INFO: [ app_begin ] --END-- [ RunTime:0.001000s ]
NOTIC: [8] Undefined index: keyword D:\WWW\lsgo\Application\Blog\Controller\IndexController.class.php 第 174 行.
NOTIC: [8] Undefined index: type D:\WWW\lsgo\Application\Blog\Controller\IndexController.class.php 第 175 行.
SQL: SHOW COLUMNS FROM `lsgoweb_document` [ RunTime:0.0080s ]
SQL: SHOW COLUMNS FROM `lsgoweb_ucenter_member` [ RunTime:0.0080s ]
NOTIC: [8] Undefined index: order D:\WWW\lsgo\Application\Blog\Controller\IndexController.class.php 第 180 行.
SQL: SELECT * FROM `lsgoweb_document` WHERE `title` LIKE '%%' ORDER BY view DESC  [ RunTime:0.0000s ]
SQL: SHOW COLUMNS FROM `lsgoweb_blog_article_tag` [ RunTime:0.0070s ]
SQL: SELECT * FROM `lsgoweb_blog_article_tag`  [ RunTime:0.0010s ]
INFO: [ app_end ] --START--
INFO: Run Behavior\ShowPageTraceBehavior [ RunTime:0.001000s ]
INFO: [ app_end ] --END-- [ RunTime:0.001000s ]

[ 2015-11-05T19:42:28+08:00 ] ::1 /lsgo/index.php?s=/Blog/Index/search/keywords/zj.html
INFO: [ app_init ] --START--
INFO: Run Behavior\BuildLiteBehavior [ RunTime:0.000000s ]
INFO: Run Common\Behavior\InitHookBehavior [ RunTime:0.004000s ]
INFO: [ app_init ] --END-- [ RunTime:0.004000s ]
INFO: [ app_begin ] --START--
INFO: Run Behavior\ReadHtmlCacheBehavior [ RunTime:0.001000s ]
INFO: [ app_begin ] --END-- [ RunTime:0.001000s ]
NOTIC: [8] Undefined index: keyword D:\WWW\lsgo\Application\Blog\Controller\IndexController.class.php 第 174 行.
NOTIC: [8] Undefined index: type D:\WWW\lsgo\Application\Blog\Controller\IndexController.class.php 第 175 行.
SQL: SHOW COLUMNS FROM `lsgoweb_document` [ RunTime:0.0070s ]
SQL: SHOW COLUMNS FROM `lsgoweb_ucenter_member` [ RunTime:0.0080s ]
NOTIC: [8] Undefined index: order D:\WWW\lsgo\Application\Blog\Controller\IndexController.class.php 第 180 行.
SQL: SELECT * FROM `lsgoweb_document` WHERE `title` LIKE '%%' ORDER BY view DESC  [ RunTime:0.0000s ]
SQL: SHOW COLUMNS FROM `lsgoweb_blog_article_tag` [ RunTime:0.0080s ]
SQL: SELECT * FROM `lsgoweb_blog_article_tag`  [ RunTime:0.0000s ]
INFO: [ app_end ] --START--
INFO: Run Behavior\ShowPageTraceBehavior [ RunTime:0.001000s ]
INFO: [ app_end ] --END-- [ RunTime:0.001000s ]

[ 2015-11-05T19:43:03+08:00 ] ::1 /lsgo/index.php?s=/Blog/Index/search/keywords/zj.html
INFO: [ app_init ] --START--
INFO: Run Behavior\BuildLiteBehavior [ RunTime:0.000000s ]
INFO: Run Common\Behavior\InitHookBehavior [ RunTime:0.000000s ]
INFO: [ app_init ] --END-- [ RunTime:0.000000s ]
INFO: [ app_begin ] --START--
INFO: Run Behavior\ReadHtmlCacheBehavior [ RunTime:0.000000s ]
INFO: [ app_begin ] --END-- [ RunTime:0.000000s ]
NOTIC: [8] Undefined index: keyword D:\WWW\lsgo\Application\Blog\Controller\IndexController.class.php 第 174 行.
NOTIC: [8] Undefined index: type D:\WWW\lsgo\Application\Blog\Controller\IndexController.class.php 第 175 行.
SQL: SHOW COLUMNS FROM `lsgoweb_document` [ RunTime:0.0080s ]
SQL: SHOW COLUMNS FROM `lsgoweb_ucenter_member` [ RunTime:0.0080s ]
NOTIC: [8] Undefined index: order D:\WWW\lsgo\Application\Blog\Controller\IndexController.class.php 第 180 行.
SQL: SELECT * FROM `lsgoweb_document` WHERE `title` LIKE '%%' ORDER BY view DESC  [ RunTime:0.0010s ]
SQL: SHOW COLUMNS FROM `lsgoweb_blog_article_tag` [ RunTime:0.0080s ]
SQL: SELECT * FROM `lsgoweb_blog_article_tag`  [ RunTime:0.0000s ]
INFO: [ app_end ] --START--
INFO: Run Behavior\ShowPageTraceBehavior [ RunTime:0.001000s ]
INFO: [ app_end ] --END-- [ RunTime:0.001000s ]

[ 2015-11-05T19:45:03+08:00 ] ::1 /lsgo/index.php?s=/Blog/Index/index.html
INFO: [ app_init ] --START--
INFO: Run Behavior\BuildLiteBehavior [ RunTime:0.000000s ]
INFO: Run Common\Behavior\InitHookBehavior [ RunTime:0.002000s ]
INFO: [ app_init ] --END-- [ RunTime:0.002000s ]
INFO: [ app_begin ] --START--
INFO: Run Behavior\ReadHtmlCacheBehavior [ RunTime:0.000000s ]
INFO: [ app_begin ] --END-- [ RunTime:0.000000s ]
SQL: SHOW COLUMNS FROM `lsgoweb_channel` [ RunTime:0.0090s ]
SQL: SELECT `title`,`url` FROM `lsgoweb_channel` WHERE `status` = 1 ORDER BY sort  [ RunTime:0.0000s ]
SQL: SHOW COLUMNS FROM `lsgoweb_category` [ RunTime:0.0080s ]
SQL: SELECT `title` FROM `lsgoweb_category` WHERE ( id=2 ) LIMIT 1   [ RunTime:0.0010s ]
SQL: SHOW COLUMNS FROM `lsgoweb_category` [ RunTime:0.0080s ]
SQL: SELECT `id`,`title` FROM `lsgoweb_category` WHERE `status` = 1 AND `pid` = 1 ORDER BY sort  [ RunTime:0.0010s ]
SQL: SHOW COLUMNS FROM `lsgoweb_picture` [ RunTime:0.0080s ]
SQL: SELECT `icon` FROM `lsgoweb_category` WHERE `id` = 2 LIMIT 1   [ RunTime:0.0010s ]
SQL: SELECT `path` FROM `lsgoweb_picture` WHERE `id` = 12 LIMIT 1   [ RunTime:0.0000s ]
SQL: SHOW COLUMNS FROM `lsgoweb_blog_article_tag` [ RunTime:0.0070s ]
SQL: SHOW COLUMNS FROM `lsgoweb_blog_article_tag` [ RunTime:0.0080s ]
SQL: SELECT `id`,`tag_name`,`tag_picture_id` FROM `lsgoweb_blog_article_tag` WHERE `status` = 1 AND `category_id` = 2 ORDER BY sort  [ RunTime:0.0000s ]
SQL: SELECT `path` FROM `lsgoweb_picture` WHERE `id` = 4 LIMIT 1   [ RunTime:0.0000s ]
SQL: SELECT `path` FROM `lsgoweb_picture` WHERE `id` = 5 LIMIT 1   [ RunTime:0.0010s ]
SQL: SELECT `path` FROM `lsgoweb_picture` WHERE `id` = 6 LIMIT 1   [ RunTime:0.0000s ]
SQL: SELECT `path` FROM `lsgoweb_picture` WHERE `id` = 7 LIMIT 1   [ RunTime:0.0000s ]
SQL: SELECT `path` FROM `lsgoweb_picture` WHERE `id` = 8 LIMIT 1   [ RunTime:0.0000s ]
SQL: SELECT `path` FROM `lsgoweb_picture` WHERE `id` = 9 LIMIT 1   [ RunTime:0.0000s ]
SQL: SELECT `path` FROM `lsgoweb_picture` WHERE `id` = 10 LIMIT 1   [ RunTime:0.0000s ]
SQL: SELECT `path` FROM `lsgoweb_picture` WHERE `id` = 11 LIMIT 1   [ RunTime:0.0000s ]
SQL: SHOW COLUMNS FROM `lsgoweb_document` [ RunTime:0.0070s ]
NOTIC: [8] Undefined offset: 0 D:\WWW\lsgo\ThinkPHP\Library\Think\Model.class.php 第 224 行.
SQL: SELECT `id`,`title`,`category_id`,`create_time` FROM `lsgoweb_document` WHERE `category_id` = 2 AND `display` = 1 AND `status` = 1 LIMIT 5   [ RunTime:0.0000s ]
SQL: SELECT COUNT(*) AS tp_count FROM `lsgoweb_document` WHERE `category_id` = 2 AND `display` = 1 AND `status` = 1 LIMIT 1   [ RunTime:0.0000s ]
INFO: [ view_parse ] --START--
INFO: [ template_filter ] --START--
INFO: Run Behavior\ContentReplaceBehavior [ RunTime:0.000000s ]
INFO: [ template_filter ] --END-- [ RunTime:0.000000s ]
NOTIC: [8] Undefined index: class D:\WWW\lsgo\Runtime\Cache\Blog\da38aaaeab14a3f431ea394c96895f42.php 第 41 行.
NOTIC: [8] Undefined index: class D:\WWW\lsgo\Runtime\Cache\Blog\da38aaaeab14a3f431ea394c96895f42.php 第 41 行.
NOTIC: [8] Undefined index: class D:\WWW\lsgo\Runtime\Cache\Blog\da38aaaeab14a3f431ea394c96895f42.php 第 41 行.
NOTIC: [8] Undefined index: class D:\WWW\lsgo\Runtime\Cache\Blog\da38aaaeab14a3f431ea394c96895f42.php 第 41 行.
SQL: SHOW COLUMNS FROM `lsgoweb_ucenter_member` [ RunTime:0.0080s ]
SQL: SELECT `id`,`head_picture_id`,`username` FROM `lsgoweb_ucenter_member` WHERE `id` = null LIMIT 1   [ RunTime:0.0000s ]
SQL: SELECT `path` FROM `lsgoweb_picture` WHERE `id` = null LIMIT 1   [ RunTime:0.0000s ]
NOTIC: [8] Undefined index: class D:\WWW\lsgo\Runtime\Cache\Blog\da38aaaeab14a3f431ea394c96895f42.php 第 87 行.
NOTIC: [8] Undefined index: class D:\WWW\lsgo\Runtime\Cache\Blog\da38aaaeab14a3f431ea394c96895f42.php 第 87 行.
NOTIC: [8] Undefined index: class D:\WWW\lsgo\Runtime\Cache\Blog\da38aaaeab14a3f431ea394c96895f42.php 第 87 行.
NOTIC: [8] Undefined index: class D:\WWW\lsgo\Runtime\Cache\Blog\da38aaaeab14a3f431ea394c96895f42.php 第 120 行.
NOTIC: [8] Undefined index: class D:\WWW\lsgo\Runtime\Cache\Blog\da38aaaeab14a3f431ea394c96895f42.php 第 120 行.
NOTIC: [8] Undefined index: class D:\WWW\lsgo\Runtime\Cache\Blog\da38aaaeab14a3f431ea394c96895f42.php 第 120 行.
NOTIC: [8] Undefined index: class D:\WWW\lsgo\Runtime\Cache\Blog\da38aaaeab14a3f431ea394c96895f42.php 第 120 行.
NOTIC: [8] Undefined index: class D:\WWW\lsgo\Runtime\Cache\Blog\da38aaaeab14a3f431ea394c96895f42.php 第 120 行.
NOTIC: [8] Undefined index: class D:\WWW\lsgo\Runtime\Cache\Blog\da38aaaeab14a3f431ea394c96895f42.php 第 120 行.
NOTIC: [8] Undefined index: class D:\WWW\lsgo\Runtime\Cache\Blog\da38aaaeab14a3f431ea394c96895f42.php 第 120 行.
NOTIC: [8] Undefined index: class D:\WWW\lsgo\Runtime\Cache\Blog\da38aaaeab14a3f431ea394c96895f42.php 第 120 行.
INFO: Run Behavior\ParseTemplateBehavior [ RunTime:0.031002s ]
INFO: [ view_parse ] --END-- [ RunTime:0.031002s ]
INFO: [ view_filter ] --START--
INFO: Run Behavior\WriteHtmlCacheBehavior [ RunTime:0.001000s ]
INFO: [ view_filter ] --END-- [ RunTime:0.001000s ]
INFO: [ app_end ] --START--
INFO: Run Behavior\ShowPageTraceBehavior [ RunTime:0.002000s ]
INFO: [ app_end ] --END-- [ RunTime:0.002000s ]

[ 2015-11-05T19:45:13+08:00 ] ::1 /lsgo/index.php?s=/Blog/Index/index.html
INFO: [ app_init ] --START--
INFO: Run Behavior\BuildLiteBehavior [ RunTime:0.000000s ]
INFO: Run Common\Behavior\InitHookBehavior [ RunTime:0.000000s ]
INFO: [ app_init ] --END-- [ RunTime:0.000000s ]
INFO: [ app_begin ] --START--
INFO: Run Behavior\ReadHtmlCacheBehavior [ RunTime:0.000000s ]
INFO: [ app_begin ] --END-- [ RunTime:0.000000s ]
SQL: SHOW COLUMNS FROM `lsgoweb_channel` [ RunTime:0.0156s ]
SQL: SELECT `title`,`url` FROM `lsgoweb_channel` WHERE `status` = 1 ORDER BY sort  [ RunTime:0.0000s ]
SQL: SHOW COLUMNS FROM `lsgoweb_category` [ RunTime:0.0000s ]
SQL: SELECT `title` FROM `lsgoweb_category` WHERE ( id=2 ) LIMIT 1   [ RunTime:0.0000s ]
SQL: SHOW COLUMNS FROM `lsgoweb_category` [ RunTime:0.0156s ]
SQL: SELECT `id`,`title` FROM `lsgoweb_category` WHERE `status` = 1 AND `pid` = 1 ORDER BY sort  [ RunTime:0.0000s ]
SQL: SHOW COLUMNS FROM `lsgoweb_picture` [ RunTime:0.0156s ]
SQL: SELECT `icon` FROM `lsgoweb_category` WHERE `id` = 2 LIMIT 1   [ RunTime:0.0000s ]
SQL: SELECT `path` FROM `lsgoweb_picture` WHERE `id` = 12 LIMIT 1   [ RunTime:0.0000s ]
SQL: SHOW COLUMNS FROM `lsgoweb_blog_article_tag` [ RunTime:0.0000s ]
SQL: SHOW COLUMNS FROM `lsgoweb_blog_article_tag` [ RunTime:0.0156s ]
SQL: SELECT `id`,`tag_name`,`tag_picture_id` FROM `lsgoweb_blog_article_tag` WHERE `status` = 1 AND `category_id` = 2 ORDER BY sort  [ RunTime:0.0000s ]
SQL: SELECT `path` FROM `lsgoweb_picture` WHERE `id` = 4 LIMIT 1   [ RunTime:0.0000s ]
SQL: SELECT `path` FROM `lsgoweb_picture` WHERE `id` = 5 LIMIT 1   [ RunTime:0.0000s ]
SQL: SELECT `path` FROM `lsgoweb_picture` WHERE `id` = 6 LIMIT 1   [ RunTime:0.0000s ]
SQL: SELECT `path` FROM `lsgoweb_picture` WHERE `id` = 7 LIMIT 1   [ RunTime:0.0000s ]
SQL: SELECT `path` FROM `lsgoweb_picture` WHERE `id` = 8 LIMIT 1   [ RunTime:0.0000s ]
SQL: SELECT `path` FROM `lsgoweb_picture` WHERE `id` = 9 LIMIT 1   [ RunTime:0.0000s ]
SQL: SELECT `path` FROM `lsgoweb_picture` WHERE `id` = 10 LIMIT 1   [ RunTime:0.0000s ]
SQL: SELECT `path` FROM `lsgoweb_picture` WHERE `id` = 11 LIMIT 1   [ RunTime:0.0000s ]
SQL: SHOW COLUMNS FROM `lsgoweb_document` [ RunTime:0.0000s ]
NOTIC: [8] Undefined offset: 0 D:\WWW\lsgo\ThinkPHP\Library\Think\Model.class.php 第 224 行.
SQL: SELECT `id`,`title`,`category_id`,`create_time` FROM `lsgoweb_document` WHERE `category_id` = 2 AND `display` = 1 AND `status` = 1 LIMIT 5   [ RunTime:0.0156s ]
SQL: SELECT COUNT(*) AS tp_count FROM `lsgoweb_document` WHERE `category_id` = 2 AND `display` = 1 AND `status` = 1 LIMIT 1   [ RunTime:0.0000s ]
INFO: [ view_parse ] --START--
INFO: [ template_filter ] --START--
INFO: Run Behavior\ContentReplaceBehavior [ RunTime:0.000000s ]
INFO: [ template_filter ] --END-- [ RunTime:0.000000s ]
NOTIC: [8] Undefined index: class D:\WWW\lsgo\Runtime\Cache\Blog\da38aaaeab14a3f431ea394c96895f42.php 第 41 行.
NOTIC: [8] Undefined index: class D:\WWW\lsgo\Runtime\Cache\Blog\da38aaaeab14a3f431ea394c96895f42.php 第 41 行.
NOTIC: [8] Undefined index: class D:\WWW\lsgo\Runtime\Cache\Blog\da38aaaeab14a3f431ea394c96895f42.php 第 41 行.
NOTIC: [8] Undefined index: class D:\WWW\lsgo\Runtime\Cache\Blog\da38aaaeab14a3f431ea394c96895f42.php 第 41 行.
SQL: SHOW COLUMNS FROM `lsgoweb_ucenter_member` [ RunTime:0.0000s ]
SQL: SELECT `id`,`head_picture_id`,`username` FROM `lsgoweb_ucenter_member` WHERE `id` = null LIMIT 1   [ RunTime:0.0000s ]
SQL: SELECT `path` FROM `lsgoweb_picture` WHERE `id` = null LIMIT 1   [ RunTime:0.0000s ]
NOTIC: [8] Undefined index: class D:\WWW\lsgo\Runtime\Cache\Blog\da38aaaeab14a3f431ea394c96895f42.php 第 87 行.
NOTIC: [8] Undefined index: class D:\WWW\lsgo\Runtime\Cache\Blog\da38aaaeab14a3f431ea394c96895f42.php 第 87 行.
NOTIC: [8] Undefined index: class D:\WWW\lsgo\Runtime\Cache\Blog\da38aaaeab14a3f431ea394c96895f42.php 第 87 行.
NOTIC: [8] Undefined index: class D:\WWW\lsgo\Runtime\Cache\Blog\da38aaaeab14a3f431ea394c96895f42.php 第 120 行.
NOTIC: [8] Undefined index: class D:\WWW\lsgo\Runtime\Cache\Blog\da38aaaeab14a3f431ea394c96895f42.php 第 120 行.
NOTIC: [8] Undefined index: class D:\WWW\lsgo\Runtime\Cache\Blog\da38aaaeab14a3f431ea394c96895f42.php 第 120 行.
NOTIC: [8] Undefined index: class D:\WWW\lsgo\Runtime\Cache\Blog\da38aaaeab14a3f431ea394c96895f42.php 第 120 行.
NOTIC: [8] Undefined index: class D:\WWW\lsgo\Runtime\Cache\Blog\da38aaaeab14a3f431ea394c96895f42.php 第 120 行.
NOTIC: [8] Undefined index: class D:\WWW\lsgo\Runtime\Cache\Blog\da38aaaeab14a3f431ea394c96895f42.php 第 120 行.
NOTIC: [8] Undefined index: class D:\WWW\lsgo\Runtime\Cache\Blog\da38aaaeab14a3f431ea394c96895f42.php 第 120 行.
NOTIC: [8] Undefined index: class D:\WWW\lsgo\Runtime\Cache\Blog\da38aaaeab14a3f431ea394c96895f42.php 第 120 行.
INFO: Run Behavior\ParseTemplateBehavior [ RunTime:0.015600s ]
INFO: [ view_parse ] --END-- [ RunTime:0.015600s ]
INFO: [ view_filter ] --START--
INFO: Run Behavior\WriteHtmlCacheBehavior [ RunTime:0.015600s ]
INFO: [ view_filter ] --END-- [ RunTime:0.015600s ]
INFO: [ app_end ] --START--
INFO: Run Behavior\ShowPageTraceBehavior [ RunTime:0.000000s ]
INFO: [ app_end ] --END-- [ RunTime:0.000000s ]

[ 2015-11-05T19:45:57+08:00 ] ::1 /lsgo/index.php?s=/Blog/Index/index.html
INFO: [ app_init ] --START--
INFO: Run Behavior\BuildLiteBehavior [ RunTime:0.000000s ]
INFO: Run Common\Behavior\InitHookBehavior [ RunTime:0.002000s ]
INFO: [ app_init ] --END-- [ RunTime:0.002000s ]
INFO: [ app_begin ] --START--
INFO: Run Behavior\ReadHtmlCacheBehavior [ RunTime:0.000000s ]
INFO: [ app_begin ] --END-- [ RunTime:0.001000s ]
SQL: SHOW COLUMNS FROM `lsgoweb_channel` [ RunTime:0.0090s ]
SQL: SELECT `title`,`url` FROM `lsgoweb_channel` WHERE `status` = 1 ORDER BY sort  [ RunTime:0.0000s ]
SQL: SHOW COLUMNS FROM `lsgoweb_category` [ RunTime:0.0080s ]
SQL: SELECT `title` FROM `lsgoweb_category` WHERE ( id=2 ) LIMIT 1   [ RunTime:0.0000s ]
SQL: SHOW COLUMNS FROM `lsgoweb_category` [ RunTime:0.0080s ]
SQL: SELECT `id`,`title` FROM `lsgoweb_category` WHERE `status` = 1 AND `pid` = 1 ORDER BY sort  [ RunTime:0.0000s ]
SQL: SHOW COLUMNS FROM `lsgoweb_picture` [ RunTime:0.0080s ]
SQL: SELECT `icon` FROM `lsgoweb_category` WHERE `id` = 2 LIMIT 1   [ RunTime:0.0000s ]
SQL: SELECT `path` FROM `lsgoweb_picture` WHERE `id` = 12 LIMIT 1   [ RunTime:0.0010s ]
SQL: SHOW COLUMNS FROM `lsgoweb_blog_article_tag` [ RunTime:0.0080s ]
SQL: SHOW COLUMNS FROM `lsgoweb_blog_article_tag` [ RunTime:0.0080s ]
SQL: SELECT `id`,`tag_name`,`tag_picture_id` FROM `lsgoweb_blog_article_tag` WHERE `status` = 1 AND `category_id` = 2 ORDER BY sort  [ RunTime:0.0010s ]
SQL: SELECT `path` FROM `lsgoweb_picture` WHERE `id` = 4 LIMIT 1   [ RunTime:0.0000s ]
SQL: SELECT `path` FROM `lsgoweb_picture` WHERE `id` = 5 LIMIT 1   [ RunTime:0.0010s ]
SQL: SELECT `path` FROM `lsgoweb_picture` WHERE `id` = 6 LIMIT 1   [ RunTime:0.0000s ]
SQL: SELECT `path` FROM `lsgoweb_picture` WHERE `id` = 7 LIMIT 1   [ RunTime:0.0000s ]
SQL: SELECT `path` FROM `lsgoweb_picture` WHERE `id` = 8 LIMIT 1   [ RunTime:0.0000s ]
SQL: SELECT `path` FROM `lsgoweb_picture` WHERE `id` = 9 LIMIT 1   [ RunTime:0.0000s ]
SQL: SELECT `path` FROM `lsgoweb_picture` WHERE `id` = 10 LIMIT 1   [ RunTime:0.0000s ]
SQL: SELECT `path` FROM `lsgoweb_picture` WHERE `id` = 11 LIMIT 1   [ RunTime:0.0000s ]
SQL: SHOW COLUMNS FROM `lsgoweb_document` [ RunTime:0.0090s ]
NOTIC: [8] Undefined offset: 0 D:\WWW\lsgo\ThinkPHP\Library\Think\Model.class.php 第 224 行.
SQL: SELECT `id`,`title`,`category_id`,`create_time` FROM `lsgoweb_document` WHERE `category_id` = 2 AND `display` = 1 AND `status` = 1 LIMIT 5   [ RunTime:0.0010s ]
SQL: SELECT COUNT(*) AS tp_count FROM `lsgoweb_document` WHERE `category_id` = 2 AND `display` = 1 AND `status` = 1 LIMIT 1   [ RunTime:0.0000s ]
INFO: [ view_parse ] --START--
INFO: [ template_filter ] --START--
INFO: Run Behavior\ContentReplaceBehavior [ RunTime:0.000000s ]
INFO: [ template_filter ] --END-- [ RunTime:0.000000s ]
NOTIC: [8] Undefined index: class D:\WWW\lsgo\Runtime\Cache\Blog\da38aaaeab14a3f431ea394c96895f42.php 第 41 行.
NOTIC: [8] Undefined index: class D:\WWW\lsgo\Runtime\Cache\Blog\da38aaaeab14a3f431ea394c96895f42.php 第 41 行.
NOTIC: [8] Undefined index: class D:\WWW\lsgo\Runtime\Cache\Blog\da38aaaeab14a3f431ea394c96895f42.php 第 41 行.
NOTIC: [8] Undefined index: class D:\WWW\lsgo\Runtime\Cache\Blog\da38aaaeab14a3f431ea394c96895f42.php 第 41 行.
SQL: SHOW COLUMNS FROM `lsgoweb_ucenter_member` [ RunTime:0.0090s ]
SQL: SELECT `id`,`head_picture_id`,`username` FROM `lsgoweb_ucenter_member` WHERE `id` = null LIMIT 1   [ RunTime:0.0000s ]
SQL: SELECT `path` FROM `lsgoweb_picture` WHERE `id` = null LIMIT 1   [ RunTime:0.0000s ]
NOTIC: [8] Undefined index: class D:\WWW\lsgo\Runtime\Cache\Blog\da38aaaeab14a3f431ea394c96895f42.php 第 87 行.
NOTIC: [8] Undefined index: class D:\WWW\lsgo\Runtime\Cache\Blog\da38aaaeab14a3f431ea394c96895f42.php 第 87 行.
NOTIC: [8] Undefined index: class D:\WWW\lsgo\Runtime\Cache\Blog\da38aaaeab14a3f431ea394c96895f42.php 第 87 行.
NOTIC: [8] Undefined index: class D:\WWW\lsgo\Runtime\Cache\Blog\da38aaaeab14a3f431ea394c96895f42.php 第 120 行.
NOTIC: [8] Undefined index: class D:\WWW\lsgo\Runtime\Cache\Blog\da38aaaeab14a3f431ea394c96895f42.php 第 120 行.
NOTIC: [8] Undefined index: class D:\WWW\lsgo\Runtime\Cache\Blog\da38aaaeab14a3f431ea394c96895f42.php 第 120 行.
NOTIC: [8] Undefined index: class D:\WWW\lsgo\Runtime\Cache\Blog\da38aaaeab14a3f431ea394c96895f42.php 第 120 行.
NOTIC: [8] Undefined index: class D:\WWW\lsgo\Runtime\Cache\Blog\da38aaaeab14a3f431ea394c96895f42.php 第 120 行.
NOTIC: [8] Undefined index: class D:\WWW\lsgo\Runtime\Cache\Blog\da38aaaeab14a3f431ea394c96895f42.php 第 120 行.
NOTIC: [8] Undefined index: class D:\WWW\lsgo\Runtime\Cache\Blog\da38aaaeab14a3f431ea394c96895f42.php 第 120 行.
NOTIC: [8] Undefined index: class D:\WWW\lsgo\Runtime\Cache\Blog\da38aaaeab14a3f431ea394c96895f42.php 第 120 行.
INFO: Run Behavior\ParseTemplateBehavior [ RunTime:0.031002s ]
INFO: [ view_parse ] --END-- [ RunTime:0.031002s ]
INFO: [ view_filter ] --START--
INFO: Run Behavior\WriteHtmlCacheBehavior [ RunTime:0.001000s ]
INFO: [ view_filter ] --END-- [ RunTime:0.001000s ]
INFO: [ app_end ] --START--
INFO: Run Behavior\ShowPageTraceBehavior [ RunTime:0.001000s ]
INFO: [ app_end ] --END-- [ RunTime:0.001000s ]

[ 2015-11-05T20:57:42+08:00 ] ::1 /lsgo/index.php?s=/Blog/Index/index.html
INFO: [ app_init ] --START--
INFO: Run Behavior\BuildLiteBehavior [ RunTime:0.000000s ]
INFO: Run Common\Behavior\InitHookBehavior [ RunTime:0.002000s ]
INFO: [ app_init ] --END-- [ RunTime:0.002000s ]
INFO: [ app_begin ] --START--
INFO: Run Behavior\ReadHtmlCacheBehavior [ RunTime:0.001000s ]
INFO: [ app_begin ] --END-- [ RunTime:0.001000s ]
SQL: SHOW COLUMNS FROM `lsgoweb_channel` [ RunTime:0.0180s ]
SQL: SELECT `title`,`url` FROM `lsgoweb_channel` WHERE `status` = 1 ORDER BY sort  [ RunTime:0.0050s ]
SQL: SHOW COLUMNS FROM `lsgoweb_category` [ RunTime:0.0240s ]
SQL: SELECT `title` FROM `lsgoweb_category` WHERE ( id=2 ) LIMIT 1   [ RunTime:0.0010s ]
SQL: SHOW COLUMNS FROM `lsgoweb_category` [ RunTime:0.0080s ]
SQL: SELECT `id`,`title` FROM `lsgoweb_category` WHERE `status` = 1 AND `pid` = 1 ORDER BY sort  [ RunTime:0.0010s ]
SQL: SHOW COLUMNS FROM `lsgoweb_picture` [ RunTime:0.0150s ]
SQL: SELECT `icon` FROM `lsgoweb_category` WHERE `id` = 2 LIMIT 1   [ RunTime:0.0010s ]
SQL: SELECT `path` FROM `lsgoweb_picture` WHERE `id` = 12 LIMIT 1   [ RunTime:0.0050s ]
SQL: SHOW COLUMNS FROM `lsgoweb_blog_article_tag` [ RunTime:0.0170s ]
SQL: SHOW COLUMNS FROM `lsgoweb_blog_article_tag` [ RunTime:0.0080s ]
SQL: SELECT `id`,`tag_name`,`tag_picture_id` FROM `lsgoweb_blog_article_tag` WHERE `status` = 1 AND `category_id` = 2 ORDER BY sort  [ RunTime:0.0000s ]
SQL: SELECT `path` FROM `lsgoweb_picture` WHERE `id` = 4 LIMIT 1   [ RunTime:0.0000s ]
SQL: SELECT `path` FROM `lsgoweb_picture` WHERE `id` = 5 LIMIT 1   [ RunTime:0.0000s ]
SQL: SELECT `path` FROM `lsgoweb_picture` WHERE `id` = 6 LIMIT 1   [ RunTime:0.0000s ]
SQL: SELECT `path` FROM `lsgoweb_picture` WHERE `id` = 7 LIMIT 1   [ RunTime:0.0010s ]
SQL: SELECT `path` FROM `lsgoweb_picture` WHERE `id` = 8 LIMIT 1   [ RunTime:0.0000s ]
SQL: SELECT `path` FROM `lsgoweb_picture` WHERE `id` = 9 LIMIT 1   [ RunTime:0.0000s ]
SQL: SELECT `path` FROM `lsgoweb_picture` WHERE `id` = 10 LIMIT 1   [ RunTime:0.0010s ]
SQL: SELECT `path` FROM `lsgoweb_picture` WHERE `id` = 11 LIMIT 1   [ RunTime:0.0000s ]
SQL: SHOW COLUMNS FROM `lsgoweb_document` [ RunTime:0.0120s ]
NOTIC: [8] Undefined offset: 0 D:\WWW\lsgo\ThinkPHP\Library\Think\Model.class.php 第 224 行.
SQL: SELECT `id`,`title`,`category_id`,`create_time` FROM `lsgoweb_document` WHERE `category_id` = 2 AND `display` = 1 AND `status` = 1 LIMIT 5   [ RunTime:0.0050s ]
SQL: SELECT COUNT(*) AS tp_count FROM `lsgoweb_document` WHERE `category_id` = 2 AND `display` = 1 AND `status` = 1 LIMIT 1   [ RunTime:0.0000s ]
INFO: [ view_parse ] --START--
INFO: [ template_filter ] --START--
INFO: Run Behavior\ContentReplaceBehavior [ RunTime:0.000000s ]
INFO: [ template_filter ] --END-- [ RunTime:0.000000s ]
NOTIC: [8] Undefined index: class D:\WWW\lsgo\Runtime\Cache\Blog\da38aaaeab14a3f431ea394c96895f42.php 第 41 行.
NOTIC: [8] Undefined index: class D:\WWW\lsgo\Runtime\Cache\Blog\da38aaaeab14a3f431ea394c96895f42.php 第 41 行.
NOTIC: [8] Undefined index: class D:\WWW\lsgo\Runtime\Cache\Blog\da38aaaeab14a3f431ea394c96895f42.php 第 41 行.
NOTIC: [8] Undefined index: class D:\WWW\lsgo\Runtime\Cache\Blog\da38aaaeab14a3f431ea394c96895f42.php 第 41 行.
SQL: SHOW COLUMNS FROM `lsgoweb_ucenter_member` [ RunTime:0.0240s ]
SQL: SELECT `id`,`head_picture_id`,`username` FROM `lsgoweb_ucenter_member` WHERE `id` = null LIMIT 1   [ RunTime:0.0010s ]
SQL: SELECT `path` FROM `lsgoweb_picture` WHERE `id` = null LIMIT 1   [ RunTime:0.0000s ]
NOTIC: [8] Undefined index: class D:\WWW\lsgo\Runtime\Cache\Blog\da38aaaeab14a3f431ea394c96895f42.php 第 87 行.
NOTIC: [8] Undefined index: class D:\WWW\lsgo\Runtime\Cache\Blog\da38aaaeab14a3f431ea394c96895f42.php 第 87 行.
NOTIC: [8] Undefined index: class D:\WWW\lsgo\Runtime\Cache\Blog\da38aaaeab14a3f431ea394c96895f42.php 第 87 行.
NOTIC: [8] Undefined index: class D:\WWW\lsgo\Runtime\Cache\Blog\da38aaaeab14a3f431ea394c96895f42.php 第 120 行.
NOTIC: [8] Undefined index: class D:\WWW\lsgo\Runtime\Cache\Blog\da38aaaeab14a3f431ea394c96895f42.php 第 120 行.
NOTIC: [8] Undefined index: class D:\WWW\lsgo\Runtime\Cache\Blog\da38aaaeab14a3f431ea394c96895f42.php 第 120 行.
NOTIC: [8] Undefined index: class D:\WWW\lsgo\Runtime\Cache\Blog\da38aaaeab14a3f431ea394c96895f42.php 第 120 行.
NOTIC: [8] Undefined index: class D:\WWW\lsgo\Runtime\Cache\Blog\da38aaaeab14a3f431ea394c96895f42.php 第 120 行.
NOTIC: [8] Undefined index: class D:\WWW\lsgo\Runtime\Cache\Blog\da38aaaeab14a3f431ea394c96895f42.php 第 120 行.
NOTIC: [8] Undefined index: class D:\WWW\lsgo\Runtime\Cache\Blog\da38aaaeab14a3f431ea394c96895f42.php 第 120 行.
NOTIC: [8] Undefined index: class D:\WWW\lsgo\Runtime\Cache\Blog\da38aaaeab14a3f431ea394c96895f42.php 第 120 行.
INFO: Run Behavior\ParseTemplateBehavior [ RunTime:0.127205s ]
INFO: [ view_parse ] --END-- [ RunTime:0.127205s ]
INFO: [ view_filter ] --START--
INFO: Run Behavior\WriteHtmlCacheBehavior [ RunTime:0.002000s ]
INFO: [ view_filter ] --END-- [ RunTime:0.002000s ]
INFO: [ app_end ] --START--
INFO: Run Behavior\ShowPageTraceBehavior [ RunTime:0.003001s ]
INFO: [ app_end ] --END-- [ RunTime:0.003001s ]

[ 2015-11-05T20:57:43+08:00 ] ::1 /lsgo/index.php?s=/Blog/Index/index.html
INFO: [ app_init ] --START--
INFO: Run Behavior\BuildLiteBehavior [ RunTime:0.000000s ]
INFO: Run Common\Behavior\InitHookBehavior [ RunTime:0.000000s ]
INFO: [ app_init ] --END-- [ RunTime:0.000000s ]
INFO: [ app_begin ] --START--
INFO: Run Behavior\ReadHtmlCacheBehavior [ RunTime:0.000000s ]
INFO: [ app_begin ] --END-- [ RunTime:0.000000s ]
SQL: SHOW COLUMNS FROM `lsgoweb_channel` [ RunTime:0.0156s ]
SQL: SELECT `title`,`url` FROM `lsgoweb_channel` WHERE `status` = 1 ORDER BY sort  [ RunTime:0.0000s ]
SQL: SHOW COLUMNS FROM `lsgoweb_category` [ RunTime:0.0000s ]
SQL: SELECT `title` FROM `lsgoweb_category` WHERE ( id=2 ) LIMIT 1   [ RunTime:0.0000s ]
SQL: SHOW COLUMNS FROM `lsgoweb_category` [ RunTime:0.0156s ]
SQL: SELECT `id`,`title` FROM `lsgoweb_category` WHERE `status` = 1 AND `pid` = 1 ORDER BY sort  [ RunTime:0.0000s ]
SQL: SHOW COLUMNS FROM `lsgoweb_picture` [ RunTime:0.0156s ]
SQL: SELECT `icon` FROM `lsgoweb_category` WHERE `id` = 2 LIMIT 1   [ RunTime:0.0000s ]
SQL: SELECT `path` FROM `lsgoweb_picture` WHERE `id` = 12 LIMIT 1   [ RunTime:0.0000s ]
SQL: SHOW COLUMNS FROM `lsgoweb_blog_article_tag` [ RunTime:0.0000s ]
SQL: SHOW COLUMNS FROM `lsgoweb_blog_article_tag` [ RunTime:0.0156s ]
SQL: SELECT `id`,`tag_name`,`tag_picture_id` FROM `lsgoweb_blog_article_tag` WHERE `status` = 1 AND `category_id` = 2 ORDER BY sort  [ RunTime:0.0000s ]
SQL: SELECT `path` FROM `lsgoweb_picture` WHERE `id` = 4 LIMIT 1   [ RunTime:0.0000s ]
SQL: SELECT `path` FROM `lsgoweb_picture` WHERE `id` = 5 LIMIT 1   [ RunTime:0.0000s ]
SQL: SELECT `path` FROM `lsgoweb_picture` WHERE `id` = 6 LIMIT 1   [ RunTime:0.0000s ]
SQL: SELECT `path` FROM `lsgoweb_picture` WHERE `id` = 7 LIMIT 1   [ RunTime:0.0000s ]
SQL: SELECT `path` FROM `lsgoweb_picture` WHERE `id` = 8 LIMIT 1   [ RunTime:0.0000s ]
SQL: SELECT `path` FROM `lsgoweb_picture` WHERE `id` = 9 LIMIT 1   [ RunTime:0.0000s ]
SQL: SELECT `path` FROM `lsgoweb_picture` WHERE `id` = 10 LIMIT 1   [ RunTime:0.0000s ]
SQL: SELECT `path` FROM `lsgoweb_picture` WHERE `id` = 11 LIMIT 1   [ RunTime:0.0000s ]
SQL: SHOW COLUMNS FROM `lsgoweb_document` [ RunTime:0.0000s ]
NOTIC: [8] Undefined offset: 0 D:\WWW\lsgo\ThinkPHP\Library\Think\Model.class.php 第 224 行.
SQL: SELECT `id`,`title`,`category_id`,`create_time` FROM `lsgoweb_document` WHERE `category_id` = 2 AND `display` = 1 AND `status` = 1 LIMIT 5   [ RunTime:0.0000s ]
SQL: SELECT COUNT(*) AS tp_count FROM `lsgoweb_document` WHERE `category_id` = 2 AND `display` = 1 AND `status` = 1 LIMIT 1   [ RunTime:0.0000s ]
INFO: [ view_parse ] --START--
INFO: [ template_filter ] --START--
INFO: Run Behavior\ContentReplaceBehavior [ RunTime:0.000000s ]
INFO: [ template_filter ] --END-- [ RunTime:0.000000s ]
NOTIC: [8] Undefined index: class D:\WWW\lsgo\Runtime\Cache\Blog\da38aaaeab14a3f431ea394c96895f42.php 第 41 行.
NOTIC: [8] Undefined index: class D:\WWW\lsgo\Runtime\Cache\Blog\da38aaaeab14a3f431ea394c96895f42.php 第 41 行.
NOTIC: [8] Undefined index: class D:\WWW\lsgo\Runtime\Cache\Blog\da38aaaeab14a3f431ea394c96895f42.php 第 41 行.
NOTIC: [8] Undefined index: class D:\WWW\lsgo\Runtime\Cache\Blog\da38aaaeab14a3f431ea394c96895f42.php 第 41 行.
SQL: SHOW COLUMNS FROM `lsgoweb_ucenter_member` [ RunTime:0.0156s ]
SQL: SELECT `id`,`head_picture_id`,`username` FROM `lsgoweb_ucenter_member` WHERE `id` = null LIMIT 1   [ RunTime:0.0000s ]
SQL: SELECT `path` FROM `lsgoweb_picture` WHERE `id` = null LIMIT 1   [ RunTime:0.0000s ]
NOTIC: [8] Undefined index: class D:\WWW\lsgo\Runtime\Cache\Blog\da38aaaeab14a3f431ea394c96895f42.php 第 87 行.
NOTIC: [8] Undefined index: class D:\WWW\lsgo\Runtime\Cache\Blog\da38aaaeab14a3f431ea394c96895f42.php 第 87 行.
NOTIC: [8] Undefined index: class D:\WWW\lsgo\Runtime\Cache\Blog\da38aaaeab14a3f431ea394c96895f42.php 第 87 行.
NOTIC: [8] Undefined index: class D:\WWW\lsgo\Runtime\Cache\Blog\da38aaaeab14a3f431ea394c96895f42.php 第 120 行.
NOTIC: [8] Undefined index: class D:\WWW\lsgo\Runtime\Cache\Blog\da38aaaeab14a3f431ea394c96895f42.php 第 120 行.
NOTIC: [8] Undefined index: class D:\WWW\lsgo\Runtime\Cache\Blog\da38aaaeab14a3f431ea394c96895f42.php 第 120 行.
NOTIC: [8] Undefined index: class D:\WWW\lsgo\Runtime\Cache\Blog\da38aaaeab14a3f431ea394c96895f42.php 第 120 行.
NOTIC: [8] Undefined index: class D:\WWW\lsgo\Runtime\Cache\Blog\da38aaaeab14a3f431ea394c96895f42.php 第 120 行.
NOTIC: [8] Undefined index: class D:\WWW\lsgo\Runtime\Cache\Blog\da38aaaeab14a3f431ea394c96895f42.php 第 120 行.
NOTIC: [8] Undefined index: class D:\WWW\lsgo\Runtime\Cache\Blog\da38aaaeab14a3f431ea394c96895f42.php 第 120 行.
NOTIC: [8] Undefined index: class D:\WWW\lsgo\Runtime\Cache\Blog\da38aaaeab14a3f431ea394c96895f42.php 第 120 行.
INFO: Run Behavior\ParseTemplateBehavior [ RunTime:0.031200s ]
INFO: [ view_parse ] --END-- [ RunTime:0.031200s ]
INFO: [ view_filter ] --START--
INFO: Run Behavior\WriteHtmlCacheBehavior [ RunTime:0.000000s ]
INFO: [ view_filter ] --END-- [ RunTime:0.000000s ]
INFO: [ app_end ] --START--
INFO: Run Behavior\ShowPageTraceBehavior [ RunTime:0.000000s ]
INFO: [ app_end ] --END-- [ RunTime:0.000000s ]

[ 2015-11-05T20:57:44+08:00 ] ::1 /lsgo/index.php?s=/Blog/Index/index.html
INFO: [ app_init ] --START--
INFO: Run Behavior\BuildLiteBehavior [ RunTime:0.000000s ]
INFO: Run Common\Behavior\InitHookBehavior [ RunTime:0.015600s ]
INFO: [ app_init ] --END-- [ RunTime:0.015600s ]
INFO: [ app_begin ] --START--
INFO: Run Behavior\ReadHtmlCacheBehavior [ RunTime:0.000000s ]
INFO: [ app_begin ] --END-- [ RunTime:0.000000s ]
SQL: SHOW COLUMNS FROM `lsgoweb_channel` [ RunTime:0.0156s ]
SQL: SELECT `title`,`url` FROM `lsgoweb_channel` WHERE `status` = 1 ORDER BY sort  [ RunTime:0.0000s ]
SQL: SHOW COLUMNS FROM `lsgoweb_category` [ RunTime:0.0000s ]
SQL: SELECT `title` FROM `lsgoweb_category` WHERE ( id=2 ) LIMIT 1   [ RunTime:0.0000s ]
SQL: SHOW COLUMNS FROM `lsgoweb_category` [ RunTime:0.0226s ]
SQL: SELECT `id`,`title` FROM `lsgoweb_category` WHERE `status` = 1 AND `pid` = 1 ORDER BY sort  [ RunTime:0.0000s ]
SQL: SHOW COLUMNS FROM `lsgoweb_picture` [ RunTime:0.0070s ]
SQL: SELECT `icon` FROM `lsgoweb_category` WHERE `id` = 2 LIMIT 1   [ RunTime:0.0010s ]
SQL: SELECT `path` FROM `lsgoweb_picture` WHERE `id` = 12 LIMIT 1   [ RunTime:0.0000s ]
SQL: SHOW COLUMNS FROM `lsgoweb_blog_article_tag` [ RunTime:0.0070s ]
SQL: SHOW COLUMNS FROM `lsgoweb_blog_article_tag` [ RunTime:0.0070s ]
SQL: SELECT `id`,`tag_name`,`tag_picture_id` FROM `lsgoweb_blog_article_tag` WHERE `status` = 1 AND `category_id` = 2 ORDER BY sort  [ RunTime:0.0140s ]
SQL: SELECT `path` FROM `lsgoweb_picture` WHERE `id` = 4 LIMIT 1   [ RunTime:0.0000s ]
SQL: SELECT `path` FROM `lsgoweb_picture` WHERE `id` = 5 LIMIT 1   [ RunTime:0.0000s ]
SQL: SELECT `path` FROM `lsgoweb_picture` WHERE `id` = 6 LIMIT 1   [ RunTime:0.0010s ]
SQL: SELECT `path` FROM `lsgoweb_picture` WHERE `id` = 7 LIMIT 1   [ RunTime:0.0000s ]
SQL: SELECT `path` FROM `lsgoweb_picture` WHERE `id` = 8 LIMIT 1   [ RunTime:0.0000s ]
SQL: SELECT `path` FROM `lsgoweb_picture` WHERE `id` = 9 LIMIT 1   [ RunTime:0.0000s ]
SQL: SELECT `path` FROM `lsgoweb_picture` WHERE `id` = 10 LIMIT 1   [ RunTime:0.0000s ]
SQL: SELECT `path` FROM `lsgoweb_picture` WHERE `id` = 11 LIMIT 1   [ RunTime:0.0000s ]
SQL: SHOW COLUMNS FROM `lsgoweb_document` [ RunTime:0.0080s ]
NOTIC: [8] Undefined offset: 0 D:\WWW\lsgo\ThinkPHP\Library\Think\Model.class.php 第 224 行.
SQL: SELECT `id`,`title`,`category_id`,`create_time` FROM `lsgoweb_document` WHERE `category_id` = 2 AND `display` = 1 AND `status` = 1 LIMIT 5   [ RunTime:0.0000s ]
SQL: SELECT COUNT(*) AS tp_count FROM `lsgoweb_document` WHERE `category_id` = 2 AND `display` = 1 AND `status` = 1 LIMIT 1   [ RunTime:0.0000s ]
INFO: [ view_parse ] --START--
INFO: [ template_filter ] --START--
INFO: Run Behavior\ContentReplaceBehavior [ RunTime:0.000000s ]
INFO: [ template_filter ] --END-- [ RunTime:0.000000s ]
NOTIC: [8] Undefined index: class D:\WWW\lsgo\Runtime\Cache\Blog\da38aaaeab14a3f431ea394c96895f42.php 第 41 行.
NOTIC: [8] Undefined index: class D:\WWW\lsgo\Runtime\Cache\Blog\da38aaaeab14a3f431ea394c96895f42.php 第 41 行.
NOTIC: [8] Undefined index: class D:\WWW\lsgo\Runtime\Cache\Blog\da38aaaeab14a3f431ea394c96895f42.php 第 41 行.
NOTIC: [8] Undefined index: class D:\WWW\lsgo\Runtime\Cache\Blog\da38aaaeab14a3f431ea394c96895f42.php 第 41 行.
SQL: SHOW COLUMNS FROM `lsgoweb_ucenter_member` [ RunTime:0.0080s ]
SQL: SELECT `id`,`head_picture_id`,`username` FROM `lsgoweb_ucenter_member` WHERE `id` = null LIMIT 1   [ RunTime:0.0000s ]
SQL: SELECT `path` FROM `lsgoweb_picture` WHERE `id` = null LIMIT 1   [ RunTime:0.0000s ]
NOTIC: [8] Undefined index: class D:\WWW\lsgo\Runtime\Cache\Blog\da38aaaeab14a3f431ea394c96895f42.php 第 87 行.
NOTIC: [8] Undefined index: class D:\WWW\lsgo\Runtime\Cache\Blog\da38aaaeab14a3f431ea394c96895f42.php 第 87 行.
NOTIC: [8] Undefined index: class D:\WWW\lsgo\Runtime\Cache\Blog\da38aaaeab14a3f431ea394c96895f42.php 第 87 行.
NOTIC: [8] Undefined index: class D:\WWW\lsgo\Runtime\Cache\Blog\da38aaaeab14a3f431ea394c96895f42.php 第 120 行.
NOTIC: [8] Undefined index: class D:\WWW\lsgo\Runtime\Cache\Blog\da38aaaeab14a3f431ea394c96895f42.php 第 120 行.
NOTIC: [8] Undefined index: class D:\WWW\lsgo\Runtime\Cache\Blog\da38aaaeab14a3f431ea394c96895f42.php 第 120 行.
NOTIC: [8] Undefined index: class D:\WWW\lsgo\Runtime\Cache\Blog\da38aaaeab14a3f431ea394c96895f42.php 第 120 行.
NOTIC: [8] Undefined index: class D:\WWW\lsgo\Runtime\Cache\Blog\da38aaaeab14a3f431ea394c96895f42.php 第 120 行.
NOTIC: [8] Undefined index: class D:\WWW\lsgo\Runtime\Cache\Blog\da38aaaeab14a3f431ea394c96895f42.php 第 120 行.
NOTIC: [8] Undefined index: class D:\WWW\lsgo\Runtime\Cache\Blog\da38aaaeab14a3f431ea394c96895f42.php 第 120 行.
NOTIC: [8] Undefined index: class D:\WWW\lsgo\Runtime\Cache\Blog\da38aaaeab14a3f431ea394c96895f42.php 第 120 行.
INFO: Run Behavior\ParseTemplateBehavior [ RunTime:0.029002s ]
INFO: [ view_parse ] --END-- [ RunTime:0.029002s ]
INFO: [ view_filter ] --START--
INFO: Run Behavior\WriteHtmlCacheBehavior [ RunTime:0.001000s ]
INFO: [ view_filter ] --END-- [ RunTime:0.001000s ]
INFO: [ app_end ] --START--
INFO: Run Behavior\ShowPageTraceBehavior [ RunTime:0.001000s ]
INFO: [ app_end ] --END-- [ RunTime:0.001000s ]

[ 2015-11-05T20:57:46+08:00 ] ::1 /lsgo/index.php?s=/Blog/Index/index.html
INFO: [ app_init ] --START--
INFO: Run Behavior\BuildLiteBehavior [ RunTime:0.000000s ]
INFO: Run Common\Behavior\InitHookBehavior [ RunTime:0.015600s ]
INFO: [ app_init ] --END-- [ RunTime:0.015600s ]
INFO: [ app_begin ] --START--
INFO: Run Behavior\ReadHtmlCacheBehavior [ RunTime:0.000000s ]
INFO: [ app_begin ] --END-- [ RunTime:0.000000s ]
SQL: SHOW COLUMNS FROM `lsgoweb_channel` [ RunTime:0.0156s ]
SQL: SELECT `title`,`url` FROM `lsgoweb_channel` WHERE `status` = 1 ORDER BY sort  [ RunTime:0.0000s ]
SQL: SHOW COLUMNS FROM `lsgoweb_category` [ RunTime:0.0000s ]
SQL: SELECT `title` FROM `lsgoweb_category` WHERE ( id=2 ) LIMIT 1   [ RunTime:0.0000s ]
SQL: SHOW COLUMNS FROM `lsgoweb_category` [ RunTime:0.0156s ]
SQL: SELECT `id`,`title` FROM `lsgoweb_category` WHERE `status` = 1 AND `pid` = 1 ORDER BY sort  [ RunTime:0.0000s ]
SQL: SHOW COLUMNS FROM `lsgoweb_picture` [ RunTime:0.0166s ]
SQL: SELECT `icon` FROM `lsgoweb_category` WHERE `id` = 2 LIMIT 1   [ RunTime:0.0010s ]
SQL: SELECT `path` FROM `lsgoweb_picture` WHERE `id` = 12 LIMIT 1   [ RunTime:0.0000s ]
SQL: SHOW COLUMNS FROM `lsgoweb_blog_article_tag` [ RunTime:0.0070s ]
SQL: SHOW COLUMNS FROM `lsgoweb_blog_article_tag` [ RunTime:0.0080s ]
SQL: SELECT `id`,`tag_name`,`tag_picture_id` FROM `lsgoweb_blog_article_tag` WHERE `status` = 1 AND `category_id` = 2 ORDER BY sort  [ RunTime:0.0000s ]
SQL: SELECT `path` FROM `lsgoweb_picture` WHERE `id` = 4 LIMIT 1   [ RunTime:0.0010s ]
SQL: SELECT `path` FROM `lsgoweb_picture` WHERE `id` = 5 LIMIT 1   [ RunTime:0.0000s ]
SQL: SELECT `path` FROM `lsgoweb_picture` WHERE `id` = 6 LIMIT 1   [ RunTime:0.0000s ]
SQL: SELECT `path` FROM `lsgoweb_picture` WHERE `id` = 7 LIMIT 1   [ RunTime:0.0010s ]
SQL: SELECT `path` FROM `lsgoweb_picture` WHERE `id` = 8 LIMIT 1   [ RunTime:0.0000s ]
SQL: SELECT `path` FROM `lsgoweb_picture` WHERE `id` = 9 LIMIT 1   [ RunTime:0.0000s ]
SQL: SELECT `path` FROM `lsgoweb_picture` WHERE `id` = 10 LIMIT 1   [ RunTime:0.0000s ]
SQL: SELECT `path` FROM `lsgoweb_picture` WHERE `id` = 11 LIMIT 1   [ RunTime:0.0000s ]
SQL: SHOW COLUMNS FROM `lsgoweb_document` [ RunTime:0.0080s ]
NOTIC: [8] Undefined offset: 0 D:\WWW\lsgo\ThinkPHP\Library\Think\Model.class.php 第 224 行.
SQL: SELECT `id`,`title`,`category_id`,`create_time` FROM `lsgoweb_document` WHERE `category_id` = 2 AND `display` = 1 AND `status` = 1 LIMIT 5   [ RunTime:0.0010s ]
SQL: SELECT COUNT(*) AS tp_count FROM `lsgoweb_document` WHERE `category_id` = 2 AND `display` = 1 AND `status` = 1 LIMIT 1   [ RunTime:0.0000s ]
INFO: [ view_parse ] --START--
INFO: [ template_filter ] --START--
INFO: Run Behavior\ContentReplaceBehavior [ RunTime:0.000000s ]
INFO: [ template_filter ] --END-- [ RunTime:0.000000s ]
NOTIC: [8] Undefined index: class D:\WWW\lsgo\Runtime\Cache\Blog\da38aaaeab14a3f431ea394c96895f42.php 第 41 行.
NOTIC: [8] Undefined index: class D:\WWW\lsgo\Runtime\Cache\Blog\da38aaaeab14a3f431ea394c96895f42.php 第 41 行.
NOTIC: [8] Undefined index: class D:\WWW\lsgo\Runtime\Cache\Blog\da38aaaeab14a3f431ea394c96895f42.php 第 41 行.
NOTIC: [8] Undefined index: class D:\WWW\lsgo\Runtime\Cache\Blog\da38aaaeab14a3f431ea394c96895f42.php 第 41 行.
SQL: SHOW COLUMNS FROM `lsgoweb_ucenter_member` [ RunTime:0.0080s ]
SQL: SELECT `id`,`head_picture_id`,`username` FROM `lsgoweb_ucenter_member` WHERE `id` = null LIMIT 1   [ RunTime:0.0000s ]
SQL: SELECT `path` FROM `lsgoweb_picture` WHERE `id` = null LIMIT 1   [ RunTime:0.0000s ]
NOTIC: [8] Undefined index: class D:\WWW\lsgo\Runtime\Cache\Blog\da38aaaeab14a3f431ea394c96895f42.php 第 87 行.
NOTIC: [8] Undefined index: class D:\WWW\lsgo\Runtime\Cache\Blog\da38aaaeab14a3f431ea394c96895f42.php 第 87 行.
NOTIC: [8] Undefined index: class D:\WWW\lsgo\Runtime\Cache\Blog\da38aaaeab14a3f431ea394c96895f42.php 第 87 行.
NOTIC: [8] Undefined index: class D:\WWW\lsgo\Runtime\Cache\Blog\da38aaaeab14a3f431ea394c96895f42.php 第 120 行.
NOTIC: [8] Undefined index: class D:\WWW\lsgo\Runtime\Cache\Blog\da38aaaeab14a3f431ea394c96895f42.php 第 120 行.
NOTIC: [8] Undefined index: class D:\WWW\lsgo\Runtime\Cache\Blog\da38aaaeab14a3f431ea394c96895f42.php 第 120 行.
NOTIC: [8] Undefined index: class D:\WWW\lsgo\Runtime\Cache\Blog\da38aaaeab14a3f431ea394c96895f42.php 第 120 行.
NOTIC: [8] Undefined index: class D:\WWW\lsgo\Runtime\Cache\Blog\da38aaaeab14a3f431ea394c96895f42.php 第 120 行.
NOTIC: [8] Undefined index: class D:\WWW\lsgo\Runtime\Cache\Blog\da38aaaeab14a3f431ea394c96895f42.php 第 120 行.
NOTIC: [8] Undefined index: class D:\WWW\lsgo\Runtime\Cache\Blog\da38aaaeab14a3f431ea394c96895f42.php 第 120 行.
NOTIC: [8] Undefined index: class D:\WWW\lsgo\Runtime\Cache\Blog\da38aaaeab14a3f431ea394c96895f42.php 第 120 行.
INFO: Run Behavior\ParseTemplateBehavior [ RunTime:0.028001s ]
INFO: [ view_parse ] --END-- [ RunTime:0.028001s ]
INFO: [ view_filter ] --START--
INFO: Run Behavior\WriteHtmlCacheBehavior [ RunTime:0.001000s ]
INFO: [ view_filter ] --END-- [ RunTime:0.001000s ]
INFO: [ app_end ] --START--
INFO: Run Behavior\ShowPageTraceBehavior [ RunTime:0.001000s ]
INFO: [ app_end ] --END-- [ RunTime:0.001000s ]

[ 2015-11-05T20:57:48+08:00 ] ::1 /lsgo/index.php?s=/Blog/Index/index/category/3.html
INFO: [ app_init ] --START--
INFO: Run Behavior\BuildLiteBehavior [ RunTime:0.000000s ]
INFO: Run Common\Behavior\InitHookBehavior [ RunTime:0.002000s ]
INFO: [ app_init ] --END-- [ RunTime:0.002000s ]
INFO: [ app_begin ] --START--
INFO: Run Behavior\ReadHtmlCacheBehavior [ RunTime:0.001000s ]
INFO: [ app_begin ] --END-- [ RunTime:0.001000s ]
SQL: SHOW COLUMNS FROM `lsgoweb_channel` [ RunTime:0.0070s ]
SQL: SELECT `title`,`url` FROM `lsgoweb_channel` WHERE `status` = 1 ORDER BY sort  [ RunTime:0.0010s ]
SQL: SHOW COLUMNS FROM `lsgoweb_category` [ RunTime:0.0080s ]
SQL: SELECT `title` FROM `lsgoweb_category` WHERE ( id=3 ) LIMIT 1   [ RunTime:0.0000s ]
SQL: SHOW COLUMNS FROM `lsgoweb_category` [ RunTime:0.0080s ]
SQL: SELECT `id`,`title` FROM `lsgoweb_category` WHERE `status` = 1 AND `pid` = 1 ORDER BY sort  [ RunTime:0.0000s ]
SQL: SHOW COLUMNS FROM `lsgoweb_picture` [ RunTime:0.0070s ]
SQL: SELECT `icon` FROM `lsgoweb_category` WHERE `id` = 3 LIMIT 1   [ RunTime:0.0010s ]
SQL: SELECT `path` FROM `lsgoweb_picture` WHERE `id` = 1 LIMIT 1   [ RunTime:0.0000s ]
SQL: SHOW COLUMNS FROM `lsgoweb_blog_article_tag` [ RunTime:0.0070s ]
SQL: SHOW COLUMNS FROM `lsgoweb_blog_article_tag` [ RunTime:0.0080s ]
SQL: SELECT `id`,`tag_name`,`tag_picture_id` FROM `lsgoweb_blog_article_tag` WHERE `status` = 1 AND `category_id` = 3 ORDER BY sort  [ RunTime:0.0010s ]
NOTIC: [2] Invalid argument supplied for foreach() D:\WWW\lsgo\Application\Blog\Model\BlogArticleTagModel.class.php 第 43 行.
SQL: SHOW COLUMNS FROM `lsgoweb_document` [ RunTime:0.0080s ]
NOTIC: [8] Undefined offset: 0 D:\WWW\lsgo\ThinkPHP\Library\Think\Model.class.php 第 224 行.
SQL: SELECT `id`,`title`,`category_id`,`create_time` FROM `lsgoweb_document` WHERE `category_id` = 3 AND `display` = 1 AND `status` = 1 LIMIT 5   [ RunTime:0.0000s ]
NOTIC: [2] Invalid argument supplied for foreach() D:\WWW\lsgo\Application\Blog\Model\DocumentModel.class.php 第 41 行.
SQL: SELECT COUNT(*) AS tp_count FROM `lsgoweb_document` WHERE `category_id` = 3 AND `display` = 1 AND `status` = 1 LIMIT 1   [ RunTime:0.0000s ]
INFO: [ view_parse ] --START--
INFO: [ template_filter ] --START--
INFO: Run Behavior\ContentReplaceBehavior [ RunTime:0.000000s ]
INFO: [ template_filter ] --END-- [ RunTime:0.000000s ]
NOTIC: [8] Undefined index: class D:\WWW\lsgo\Runtime\Cache\Blog\da38aaaeab14a3f431ea394c96895f42.php 第 41 行.
NOTIC: [8] Undefined index: class D:\WWW\lsgo\Runtime\Cache\Blog\da38aaaeab14a3f431ea394c96895f42.php 第 41 行.
NOTIC: [8] Undefined index: class D:\WWW\lsgo\Runtime\Cache\Blog\da38aaaeab14a3f431ea394c96895f42.php 第 41 行.
NOTIC: [8] Undefined index: class D:\WWW\lsgo\Runtime\Cache\Blog\da38aaaeab14a3f431ea394c96895f42.php 第 41 行.
SQL: SHOW COLUMNS FROM `lsgoweb_ucenter_member` [ RunTime:0.0080s ]
SQL: SELECT `id`,`head_picture_id`,`username` FROM `lsgoweb_ucenter_member` WHERE `id` = null LIMIT 1   [ RunTime:0.0000s ]
SQL: SELECT `path` FROM `lsgoweb_picture` WHERE `id` = null LIMIT 1   [ RunTime:0.0000s ]
NOTIC: [8] Undefined index: class D:\WWW\lsgo\Runtime\Cache\Blog\da38aaaeab14a3f431ea394c96895f42.php 第 87 行.
NOTIC: [8] Undefined index: class D:\WWW\lsgo\Runtime\Cache\Blog\da38aaaeab14a3f431ea394c96895f42.php 第 87 行.
NOTIC: [8] Undefined index: class D:\WWW\lsgo\Runtime\Cache\Blog\da38aaaeab14a3f431ea394c96895f42.php 第 87 行.
INFO: Run Behavior\ParseTemplateBehavior [ RunTime:0.025002s ]
INFO: [ view_parse ] --END-- [ RunTime:0.025002s ]
INFO: [ view_filter ] --START--
INFO: Run Behavior\WriteHtmlCacheBehavior [ RunTime:0.001000s ]
INFO: [ view_filter ] --END-- [ RunTime:0.001000s ]
INFO: [ app_end ] --START--
INFO: Run Behavior\ShowPageTraceBehavior [ RunTime:0.001000s ]
INFO: [ app_end ] --END-- [ RunTime:0.001000s ]

[ 2015-11-05T20:57:52+08:00 ] ::1 /lsgo/index.php?s=/Blog/Index/index/category/4.html
INFO: [ app_init ] --START--
INFO: Run Behavior\BuildLiteBehavior [ RunTime:0.000000s ]
INFO: Run Common\Behavior\InitHookBehavior [ RunTime:0.003001s ]
INFO: [ app_init ] --END-- [ RunTime:0.004001s ]
INFO: [ app_begin ] --START--
INFO: Run Behavior\ReadHtmlCacheBehavior [ RunTime:0.001000s ]
INFO: [ app_begin ] --END-- [ RunTime:0.001000s ]
SQL: SHOW COLUMNS FROM `lsgoweb_channel` [ RunTime:0.0090s ]
SQL: SELECT `title`,`url` FROM `lsgoweb_channel` WHERE `status` = 1 ORDER BY sort  [ RunTime:0.0000s ]
SQL: SHOW COLUMNS FROM `lsgoweb_category` [ RunTime:0.0090s ]
SQL: SELECT `title` FROM `lsgoweb_category` WHERE ( id=4 ) LIMIT 1   [ RunTime:0.0000s ]
SQL: SHOW COLUMNS FROM `lsgoweb_category` [ RunTime:0.0100s ]
SQL: SELECT `id`,`title` FROM `lsgoweb_category` WHERE `status` = 1 AND `pid` = 1 ORDER BY sort  [ RunTime:0.0000s ]
SQL: SHOW COLUMNS FROM `lsgoweb_picture` [ RunTime:0.0090s ]
SQL: SELECT `icon` FROM `lsgoweb_category` WHERE `id` = 4 LIMIT 1   [ RunTime:0.0010s ]
SQL: SELECT `path` FROM `lsgoweb_picture` WHERE `id` = 2 LIMIT 1   [ RunTime:0.0000s ]
SQL: SHOW COLUMNS FROM `lsgoweb_blog_article_tag` [ RunTime:0.0090s ]
SQL: SHOW COLUMNS FROM `lsgoweb_blog_article_tag` [ RunTime:0.0080s ]
SQL: SELECT `id`,`tag_name`,`tag_picture_id` FROM `lsgoweb_blog_article_tag` WHERE `status` = 1 AND `category_id` = 4 ORDER BY sort  [ RunTime:0.0010s ]
NOTIC: [2] Invalid argument supplied for foreach() D:\WWW\lsgo\Application\Blog\Model\BlogArticleTagModel.class.php 第 43 行.
SQL: SHOW COLUMNS FROM `lsgoweb_document` [ RunTime:0.0080s ]
NOTIC: [8] Undefined offset: 0 D:\WWW\lsgo\ThinkPHP\Library\Think\Model.class.php 第 224 行.
SQL: SELECT `id`,`title`,`category_id`,`create_time` FROM `lsgoweb_document` WHERE `category_id` = 4 AND `display` = 1 AND `status` = 1 LIMIT 5   [ RunTime:0.0000s ]
NOTIC: [2] Invalid argument supplied for foreach() D:\WWW\lsgo\Application\Blog\Model\DocumentModel.class.php 第 41 行.
SQL: SELECT COUNT(*) AS tp_count FROM `lsgoweb_document` WHERE `category_id` = 4 AND `display` = 1 AND `status` = 1 LIMIT 1   [ RunTime:0.0000s ]
INFO: [ view_parse ] --START--
INFO: [ template_filter ] --START--
INFO: Run Behavior\ContentReplaceBehavior [ RunTime:0.000000s ]
INFO: [ template_filter ] --END-- [ RunTime:0.000000s ]
NOTIC: [8] Undefined index: class D:\WWW\lsgo\Runtime\Cache\Blog\da38aaaeab14a3f431ea394c96895f42.php 第 41 行.
NOTIC: [8] Undefined index: class D:\WWW\lsgo\Runtime\Cache\Blog\da38aaaeab14a3f431ea394c96895f42.php 第 41 行.
NOTIC: [8] Undefined index: class D:\WWW\lsgo\Runtime\Cache\Blog\da38aaaeab14a3f431ea394c96895f42.php 第 41 行.
NOTIC: [8] Undefined index: class D:\WWW\lsgo\Runtime\Cache\Blog\da38aaaeab14a3f431ea394c96895f42.php 第 41 行.
SQL: SHOW COLUMNS FROM `lsgoweb_ucenter_member` [ RunTime:0.0080s ]
SQL: SELECT `id`,`head_picture_id`,`username` FROM `lsgoweb_ucenter_member` WHERE `id` = null LIMIT 1   [ RunTime:0.0000s ]
SQL: SELECT `path` FROM `lsgoweb_picture` WHERE `id` = null LIMIT 1   [ RunTime:0.0010s ]
NOTIC: [8] Undefined index: class D:\WWW\lsgo\Runtime\Cache\Blog\da38aaaeab14a3f431ea394c96895f42.php 第 87 行.
NOTIC: [8] Undefined index: class D:\WWW\lsgo\Runtime\Cache\Blog\da38aaaeab14a3f431ea394c96895f42.php 第 87 行.
NOTIC: [8] Undefined index: class D:\WWW\lsgo\Runtime\Cache\Blog\da38aaaeab14a3f431ea394c96895f42.php 第 87 行.
INFO: Run Behavior\ParseTemplateBehavior [ RunTime:0.026001s ]
INFO: [ view_parse ] --END-- [ RunTime:0.026001s ]
INFO: [ view_filter ] --START--
INFO: Run Behavior\WriteHtmlCacheBehavior [ RunTime:0.001000s ]
INFO: [ view_filter ] --END-- [ RunTime:0.001000s ]
INFO: [ app_end ] --START--
INFO: Run Behavior\ShowPageTraceBehavior [ RunTime:0.001000s ]
INFO: [ app_end ] --END-- [ RunTime:0.001000s ]

[ 2015-11-05T20:57:54+08:00 ] ::1 /lsgo/index.php?s=/Blog/Index/index/category/3.html
INFO: [ app_init ] --START--
INFO: Run Behavior\BuildLiteBehavior [ RunTime:0.000000s ]
INFO: Run Common\Behavior\InitHookBehavior [ RunTime:0.003000s ]
INFO: [ app_init ] --END-- [ RunTime:0.003000s ]
INFO: [ app_begin ] --START--
INFO: Run Behavior\ReadHtmlCacheBehavior [ RunTime:0.001001s ]
INFO: [ app_begin ] --END-- [ RunTime:0.001001s ]
SQL: SHOW COLUMNS FROM `lsgoweb_channel` [ RunTime:0.0080s ]
SQL: SELECT `title`,`url` FROM `lsgoweb_channel` WHERE `status` = 1 ORDER BY sort  [ RunTime:0.0010s ]
SQL: SHOW COLUMNS FROM `lsgoweb_category` [ RunTime:0.0080s ]
SQL: SELECT `title` FROM `lsgoweb_category` WHERE ( id=3 ) LIMIT 1   [ RunTime:0.0000s ]
SQL: SHOW COLUMNS FROM `lsgoweb_category` [ RunTime:0.0080s ]
SQL: SELECT `id`,`title` FROM `lsgoweb_category` WHERE `status` = 1 AND `pid` = 1 ORDER BY sort  [ RunTime:0.0000s ]
SQL: SHOW COLUMNS FROM `lsgoweb_picture` [ RunTime:0.0070s ]
SQL: SELECT `icon` FROM `lsgoweb_category` WHERE `id` = 3 LIMIT 1   [ RunTime:0.0000s ]
SQL: SELECT `path` FROM `lsgoweb_picture` WHERE `id` = 1 LIMIT 1   [ RunTime:0.0000s ]
SQL: SHOW COLUMNS FROM `lsgoweb_blog_article_tag` [ RunTime:0.0080s ]
SQL: SHOW COLUMNS FROM `lsgoweb_blog_article_tag` [ RunTime:0.0070s ]
SQL: SELECT `id`,`tag_name`,`tag_picture_id` FROM `lsgoweb_blog_article_tag` WHERE `status` = 1 AND `category_id` = 3 ORDER BY sort  [ RunTime:0.0000s ]
NOTIC: [2] Invalid argument supplied for foreach() D:\WWW\lsgo\Application\Blog\Model\BlogArticleTagModel.class.php 第 43 行.
SQL: SHOW COLUMNS FROM `lsgoweb_document` [ RunTime:0.0080s ]
NOTIC: [8] Undefined offset: 0 D:\WWW\lsgo\ThinkPHP\Library\Think\Model.class.php 第 224 行.
SQL: SELECT `id`,`title`,`category_id`,`create_time` FROM `lsgoweb_document` WHERE `category_id` = 3 AND `display` = 1 AND `status` = 1 LIMIT 5   [ RunTime:0.0000s ]
NOTIC: [2] Invalid argument supplied for foreach() D:\WWW\lsgo\Application\Blog\Model\DocumentModel.class.php 第 41 行.
SQL: SELECT COUNT(*) AS tp_count FROM `lsgoweb_document` WHERE `category_id` = 3 AND `display` = 1 AND `status` = 1 LIMIT 1   [ RunTime:0.0000s ]
INFO: [ view_parse ] --START--
INFO: [ template_filter ] --START--
INFO: Run Behavior\ContentReplaceBehavior [ RunTime:0.000000s ]
INFO: [ template_filter ] --END-- [ RunTime:0.000000s ]
NOTIC: [8] Undefined index: class D:\WWW\lsgo\Runtime\Cache\Blog\da38aaaeab14a3f431ea394c96895f42.php 第 41 行.
NOTIC: [8] Undefined index: class D:\WWW\lsgo\Runtime\Cache\Blog\da38aaaeab14a3f431ea394c96895f42.php 第 41 行.
NOTIC: [8] Undefined index: class D:\WWW\lsgo\Runtime\Cache\Blog\da38aaaeab14a3f431ea394c96895f42.php 第 41 行.
NOTIC: [8] Undefined index: class D:\WWW\lsgo\Runtime\Cache\Blog\da38aaaeab14a3f431ea394c96895f42.php 第 41 行.
SQL: SHOW COLUMNS FROM `lsgoweb_ucenter_member` [ RunTime:0.0070s ]
SQL: SELECT `id`,`head_picture_id`,`username` FROM `lsgoweb_ucenter_member` WHERE `id` = null LIMIT 1   [ RunTime:0.0010s ]
SQL: SELECT `path` FROM `lsgoweb_picture` WHERE `id` = null LIMIT 1   [ RunTime:0.0000s ]
NOTIC: [8] Undefined index: class D:\WWW\lsgo\Runtime\Cache\Blog\da38aaaeab14a3f431ea394c96895f42.php 第 87 行.
NOTIC: [8] Undefined index: class D:\WWW\lsgo\Runtime\Cache\Blog\da38aaaeab14a3f431ea394c96895f42.php 第 87 行.
NOTIC: [8] Undefined index: class D:\WWW\lsgo\Runtime\Cache\Blog\da38aaaeab14a3f431ea394c96895f42.php 第 87 行.
INFO: Run Behavior\ParseTemplateBehavior [ RunTime:0.024001s ]
INFO: [ view_parse ] --END-- [ RunTime:0.024001s ]
INFO: [ view_filter ] --START--
INFO: Run Behavior\WriteHtmlCacheBehavior [ RunTime:0.001000s ]
INFO: [ view_filter ] --END-- [ RunTime:0.001000s ]
INFO: [ app_end ] --START--
INFO: Run Behavior\ShowPageTraceBehavior [ RunTime:0.001000s ]
INFO: [ app_end ] --END-- [ RunTime:0.001000s ]

[ 2015-11-05T20:57:55+08:00 ] ::1 /lsgo/index.php?s=/Blog/Index/index/category/4.html
INFO: [ app_init ] --START--
INFO: Run Behavior\BuildLiteBehavior [ RunTime:0.000000s ]
INFO: Run Common\Behavior\InitHookBehavior [ RunTime:0.002000s ]
INFO: [ app_init ] --END-- [ RunTime:0.003000s ]
INFO: [ app_begin ] --START--
INFO: Run Behavior\ReadHtmlCacheBehavior [ RunTime:0.001000s ]
INFO: [ app_begin ] --END-- [ RunTime:0.001000s ]
SQL: SHOW COLUMNS FROM `lsgoweb_channel` [ RunTime:0.0080s ]
SQL: SELECT `title`,`url` FROM `lsgoweb_channel` WHERE `status` = 1 ORDER BY sort  [ RunTime:0.0000s ]
SQL: SHOW COLUMNS FROM `lsgoweb_category` [ RunTime:0.0080s ]
SQL: SELECT `title` FROM `lsgoweb_category` WHERE ( id=4 ) LIMIT 1   [ RunTime:0.0000s ]
SQL: SHOW COLUMNS FROM `lsgoweb_category` [ RunTime:0.0080s ]
SQL: SELECT `id`,`title` FROM `lsgoweb_category` WHERE `status` = 1 AND `pid` = 1 ORDER BY sort  [ RunTime:0.0000s ]
SQL: SHOW COLUMNS FROM `lsgoweb_picture` [ RunTime:0.0080s ]
SQL: SELECT `icon` FROM `lsgoweb_category` WHERE `id` = 4 LIMIT 1   [ RunTime:0.0000s ]
SQL: SELECT `path` FROM `lsgoweb_picture` WHERE `id` = 2 LIMIT 1   [ RunTime:0.0000s ]
SQL: SHOW COLUMNS FROM `lsgoweb_blog_article_tag` [ RunTime:0.0070s ]
SQL: SHOW COLUMNS FROM `lsgoweb_blog_article_tag` [ RunTime:0.0070s ]
SQL: SELECT `id`,`tag_name`,`tag_picture_id` FROM `lsgoweb_blog_article_tag` WHERE `status` = 1 AND `category_id` = 4 ORDER BY sort  [ RunTime:0.0010s ]
NOTIC: [2] Invalid argument supplied for foreach() D:\WWW\lsgo\Application\Blog\Model\BlogArticleTagModel.class.php 第 43 行.
SQL: SHOW COLUMNS FROM `lsgoweb_document` [ RunTime:0.0080s ]
NOTIC: [8] Undefined offset: 0 D:\WWW\lsgo\ThinkPHP\Library\Think\Model.class.php 第 224 行.
SQL: SELECT `id`,`title`,`category_id`,`create_time` FROM `lsgoweb_document` WHERE `category_id` = 4 AND `display` = 1 AND `status` = 1 LIMIT 5   [ RunTime:0.0010s ]
NOTIC: [2] Invalid argument supplied for foreach() D:\WWW\lsgo\Application\Blog\Model\DocumentModel.class.php 第 41 行.
SQL: SELECT COUNT(*) AS tp_count FROM `lsgoweb_document` WHERE `category_id` = 4 AND `display` = 1 AND `status` = 1 LIMIT 1   [ RunTime:0.0000s ]
INFO: [ view_parse ] --START--
INFO: [ template_filter ] --START--
INFO: Run Behavior\ContentReplaceBehavior [ RunTime:0.000000s ]
INFO: [ template_filter ] --END-- [ RunTime:0.000000s ]
NOTIC: [8] Undefined index: class D:\WWW\lsgo\Runtime\Cache\Blog\da38aaaeab14a3f431ea394c96895f42.php 第 41 行.
NOTIC: [8] Undefined index: class D:\WWW\lsgo\Runtime\Cache\Blog\da38aaaeab14a3f431ea394c96895f42.php 第 41 行.
NOTIC: [8] Undefined index: class D:\WWW\lsgo\Runtime\Cache\Blog\da38aaaeab14a3f431ea394c96895f42.php 第 41 行.
NOTIC: [8] Undefined index: class D:\WWW\lsgo\Runtime\Cache\Blog\da38aaaeab14a3f431ea394c96895f42.php 第 41 行.
SQL: SHOW COLUMNS FROM `lsgoweb_ucenter_member` [ RunTime:0.0070s ]
SQL: SELECT `id`,`head_picture_id`,`username` FROM `lsgoweb_ucenter_member` WHERE `id` = null LIMIT 1   [ RunTime:0.0000s ]
SQL: SELECT `path` FROM `lsgoweb_picture` WHERE `id` = null LIMIT 1   [ RunTime:0.0000s ]
NOTIC: [8] Undefined index: class D:\WWW\lsgo\Runtime\Cache\Blog\da38aaaeab14a3f431ea394c96895f42.php 第 87 行.
NOTIC: [8] Undefined index: class D:\WWW\lsgo\Runtime\Cache\Blog\da38aaaeab14a3f431ea394c96895f42.php 第 87 行.
NOTIC: [8] Undefined index: class D:\WWW\lsgo\Runtime\Cache\Blog\da38aaaeab14a3f431ea394c96895f42.php 第 87 行.
INFO: Run Behavior\ParseTemplateBehavior [ RunTime:0.026001s ]
INFO: [ view_parse ] --END-- [ RunTime:0.026001s ]
INFO: [ view_filter ] --START--
INFO: Run Behavior\WriteHtmlCacheBehavior [ RunTime:0.001000s ]
INFO: [ view_filter ] --END-- [ RunTime:0.001000s ]
INFO: [ app_end ] --START--
INFO: Run Behavior\ShowPageTraceBehavior [ RunTime:0.001000s ]
INFO: [ app_end ] --END-- [ RunTime:0.001000s ]

[ 2015-11-05T20:57:55+08:00 ] ::1 /lsgo/index.php?s=/Blog/Index/index.html
INFO: [ app_init ] --START--
INFO: Run Behavior\BuildLiteBehavior [ RunTime:0.000000s ]
INFO: Run Common\Behavior\InitHookBehavior [ RunTime:0.002000s ]
INFO: [ app_init ] --END-- [ RunTime:0.002000s ]
INFO: [ app_begin ] --START--
INFO: Run Behavior\ReadHtmlCacheBehavior [ RunTime:0.000000s ]
INFO: [ app_begin ] --END-- [ RunTime:0.000000s ]
SQL: SHOW COLUMNS FROM `lsgoweb_channel` [ RunTime:0.0156s ]
SQL: SELECT `title`,`url` FROM `lsgoweb_channel` WHERE `status` = 1 ORDER BY sort  [ RunTime:0.0000s ]
SQL: SHOW COLUMNS FROM `lsgoweb_category` [ RunTime:0.0156s ]
SQL: SELECT `title` FROM `lsgoweb_category` WHERE ( id=2 ) LIMIT 1   [ RunTime:0.0000s ]
SQL: SHOW COLUMNS FROM `lsgoweb_category` [ RunTime:0.0000s ]
SQL: SELECT `id`,`title` FROM `lsgoweb_category` WHERE `status` = 1 AND `pid` = 1 ORDER BY sort  [ RunTime:0.0000s ]
SQL: SHOW COLUMNS FROM `lsgoweb_picture` [ RunTime:0.0156s ]
SQL: SELECT `icon` FROM `lsgoweb_category` WHERE `id` = 2 LIMIT 1   [ RunTime:0.0000s ]
SQL: SELECT `path` FROM `lsgoweb_picture` WHERE `id` = 12 LIMIT 1   [ RunTime:0.0000s ]
SQL: SHOW COLUMNS FROM `lsgoweb_blog_article_tag` [ RunTime:0.0156s ]
SQL: SHOW COLUMNS FROM `lsgoweb_blog_article_tag` [ RunTime:0.0000s ]
SQL: SELECT `id`,`tag_name`,`tag_picture_id` FROM `lsgoweb_blog_article_tag` WHERE `status` = 1 AND `category_id` = 2 ORDER BY sort  [ RunTime:0.0000s ]
SQL: SELECT `path` FROM `lsgoweb_picture` WHERE `id` = 4 LIMIT 1   [ RunTime:0.0000s ]
SQL: SELECT `path` FROM `lsgoweb_picture` WHERE `id` = 5 LIMIT 1   [ RunTime:0.0000s ]
SQL: SELECT `path` FROM `lsgoweb_picture` WHERE `id` = 6 LIMIT 1   [ RunTime:0.0000s ]
SQL: SELECT `path` FROM `lsgoweb_picture` WHERE `id` = 7 LIMIT 1   [ RunTime:0.0000s ]
SQL: SELECT `path` FROM `lsgoweb_picture` WHERE `id` = 8 LIMIT 1   [ RunTime:0.0000s ]
SQL: SELECT `path` FROM `lsgoweb_picture` WHERE `id` = 9 LIMIT 1   [ RunTime:0.0000s ]
SQL: SELECT `path` FROM `lsgoweb_picture` WHERE `id` = 10 LIMIT 1   [ RunTime:0.0000s ]
SQL: SELECT `path` FROM `lsgoweb_picture` WHERE `id` = 11 LIMIT 1   [ RunTime:0.0000s ]
SQL: SHOW COLUMNS FROM `lsgoweb_document` [ RunTime:0.0156s ]
NOTIC: [8] Undefined offset: 0 D:\WWW\lsgo\ThinkPHP\Library\Think\Model.class.php 第 224 行.
SQL: SELECT `id`,`title`,`category_id`,`create_time` FROM `lsgoweb_document` WHERE `category_id` = 2 AND `display` = 1 AND `status` = 1 LIMIT 5   [ RunTime:0.0000s ]
SQL: SELECT COUNT(*) AS tp_count FROM `lsgoweb_document` WHERE `category_id` = 2 AND `display` = 1 AND `status` = 1 LIMIT 1   [ RunTime:0.0000s ]
SQL: SELECT `id`,`category_id`,`title`,`update_time` FROM `lsgoweb_document` WHERE `category_id` = 4 AND `display` = 1 AND `status` = 1 ORDER BY create_time  [ RunTime:0.0000s ]
NOTIC: [2] Invalid argument supplied for foreach() D:\WWW\lsgo\Application\Blog\Model\DocumentModel.class.php 第 75 行.
NOTIC: [2] array_slice() expects parameter 1 to be array, null given D:\WWW\lsgo\Application\Blog\Model\DocumentModel.class.php 第 91 行.
NOTIC: [2] Invalid argument supplied for foreach() D:\WWW\lsgo\Application\Blog\Model\DocumentModel.class.php 第 110 行.

[ 2015-11-05T20:57:56+08:00 ] ::1 /lsgo/index.php?s=/Blog/Index/index.html
INFO: [ app_init ] --START--
INFO: Run Behavior\BuildLiteBehavior [ RunTime:0.000000s ]
INFO: Run Common\Behavior\InitHookBehavior [ RunTime:0.002000s ]
INFO: [ app_init ] --END-- [ RunTime:0.003000s ]
INFO: [ app_begin ] --START--
INFO: Run Behavior\ReadHtmlCacheBehavior [ RunTime:0.000000s ]
INFO: [ app_begin ] --END-- [ RunTime:0.000000s ]
SQL: SHOW COLUMNS FROM `lsgoweb_channel` [ RunTime:0.0156s ]
SQL: SELECT `title`,`url` FROM `lsgoweb_channel` WHERE `status` = 1 ORDER BY sort  [ RunTime:0.0000s ]
SQL: SHOW COLUMNS FROM `lsgoweb_category` [ RunTime:0.0000s ]
SQL: SELECT `title` FROM `lsgoweb_category` WHERE ( id=2 ) LIMIT 1   [ RunTime:0.0156s ]
SQL: SHOW COLUMNS FROM `lsgoweb_category` [ RunTime:0.0000s ]
SQL: SELECT `id`,`title` FROM `lsgoweb_category` WHERE `status` = 1 AND `pid` = 1 ORDER BY sort  [ RunTime:0.0000s ]
SQL: SHOW COLUMNS FROM `lsgoweb_picture` [ RunTime:0.0156s ]
SQL: SELECT `icon` FROM `lsgoweb_category` WHERE `id` = 2 LIMIT 1   [ RunTime:0.0000s ]
SQL: SELECT `path` FROM `lsgoweb_picture` WHERE `id` = 12 LIMIT 1   [ RunTime:0.0000s ]
SQL: SHOW COLUMNS FROM `lsgoweb_blog_article_tag` [ RunTime:0.0000s ]
SQL: SHOW COLUMNS FROM `lsgoweb_blog_article_tag` [ RunTime:0.0156s ]
SQL: SELECT `id`,`tag_name`,`tag_picture_id` FROM `lsgoweb_blog_article_tag` WHERE `status` = 1 AND `category_id` = 2 ORDER BY sort  [ RunTime:0.0000s ]
SQL: SELECT `path` FROM `lsgoweb_picture` WHERE `id` = 4 LIMIT 1   [ RunTime:0.0000s ]
SQL: SELECT `path` FROM `lsgoweb_picture` WHERE `id` = 5 LIMIT 1   [ RunTime:0.0000s ]
SQL: SELECT `path` FROM `lsgoweb_picture` WHERE `id` = 6 LIMIT 1   [ RunTime:0.0000s ]
SQL: SELECT `path` FROM `lsgoweb_picture` WHERE `id` = 7 LIMIT 1   [ RunTime:0.0000s ]
SQL: SELECT `path` FROM `lsgoweb_picture` WHERE `id` = 8 LIMIT 1   [ RunTime:0.0000s ]
SQL: SELECT `path` FROM `lsgoweb_picture` WHERE `id` = 9 LIMIT 1   [ RunTime:0.0000s ]
SQL: SELECT `path` FROM `lsgoweb_picture` WHERE `id` = 10 LIMIT 1   [ RunTime:0.0000s ]
SQL: SELECT `path` FROM `lsgoweb_picture` WHERE `id` = 11 LIMIT 1   [ RunTime:0.0000s ]
SQL: SHOW COLUMNS FROM `lsgoweb_document` [ RunTime:0.0156s ]
NOTIC: [8] Undefined offset: 0 D:\WWW\lsgo\ThinkPHP\Library\Think\Model.class.php 第 224 行.
SQL: SELECT `id`,`title`,`category_id`,`create_time` FROM `lsgoweb_document` WHERE `category_id` = 2 AND `display` = 1 AND `status` = 1 LIMIT 5   [ RunTime:0.0000s ]
SQL: SELECT COUNT(*) AS tp_count FROM `lsgoweb_document` WHERE `category_id` = 2 AND `display` = 1 AND `status` = 1 LIMIT 1   [ RunTime:0.0000s ]
SQL: SELECT `id`,`category_id`,`title`,`update_time` FROM `lsgoweb_document` WHERE `category_id` = 4 AND `display` = 1 AND `status` = 1 ORDER BY create_time  [ RunTime:0.0000s ]
NOTIC: [2] Invalid argument supplied for foreach() D:\WWW\lsgo\Application\Blog\Model\DocumentModel.class.php 第 75 行.
NOTIC: [2] array_slice() expects parameter 1 to be array, null given D:\WWW\lsgo\Application\Blog\Model\DocumentModel.class.php 第 91 行.
NOTIC: [2] Invalid argument supplied for foreach() D:\WWW\lsgo\Application\Blog\Model\DocumentModel.class.php 第 110 行.

[ 2015-11-05T20:57:56+08:00 ] ::1 /lsgo/index.php?s=/Blog/Article/lists/category/4.html
INFO: [ app_init ] --START--
INFO: Run Behavior\BuildLiteBehavior [ RunTime:0.000000s ]
INFO: Run Common\Behavior\InitHookBehavior [ RunTime:0.003000s ]
INFO: [ app_init ] --END-- [ RunTime:0.003000s ]
INFO: [ app_begin ] --START--
INFO: Run Behavior\ReadHtmlCacheBehavior [ RunTime:0.000000s ]
INFO: [ app_begin ] --END-- [ RunTime:0.000000s ]
SQL: SHOW COLUMNS FROM `lsgoweb_channel` [ RunTime:0.0080s ]
SQL: SELECT `title`,`url` FROM `lsgoweb_channel` WHERE `status` = 1 ORDER BY sort  [ RunTime:0.0010s ]
SQL: SHOW COLUMNS FROM `lsgoweb_document` [ RunTime:0.0090s ]
SQL: SELECT bt.id,bt.uid,bt.title,bt.tag_ids,bt.view,bt.comment,bt.update_time,p.username FROM lsgoweb_document bt left join lsgoweb_ucenter_member p on bt.uid = p.id  WHERE ( bt.category_id=4 AND bt.status = 1 )  [ RunTime:0.0010s ]
SQL: SHOW COLUMNS FROM `lsgoweb_category` [ RunTime:0.0080s ]
SQL: SHOW COLUMNS FROM `lsgoweb_blog_article_tag` [ RunTime:0.0080s ]
SQL: SELECT `id`,`tag_name` FROM `lsgoweb_blog_article_tag` WHERE ( status = 1 )  [ RunTime:0.0010s ]
NOTIC: [2] Invalid argument supplied for foreach() D:\WWW\lsgo\Application\Blog\Controller\ArticleController.class.php 第 135 行.
SQL: SELECT `id`,`title` FROM `lsgoweb_category` WHERE `status` = 1 AND `pid` = 1 ORDER BY sort  [ RunTime:0.0000s ]
INFO: [ view_parse ] --START--
INFO: [ template_filter ] --START--
INFO: Run Behavior\ContentReplaceBehavior [ RunTime:0.000000s ]
INFO: [ template_filter ] --END-- [ RunTime:0.001000s ]
NOTIC: [8] Undefined index: class D:\WWW\lsgo\Runtime\Cache\Blog\adca04b5234fbfdd0b6f0d89136dbbb5.php 第 42 行.
NOTIC: [8] Undefined index: class D:\WWW\lsgo\Runtime\Cache\Blog\adca04b5234fbfdd0b6f0d89136dbbb5.php 第 42 行.
NOTIC: [8] Undefined index: class D:\WWW\lsgo\Runtime\Cache\Blog\adca04b5234fbfdd0b6f0d89136dbbb5.php 第 42 行.
NOTIC: [8] Undefined index: class D:\WWW\lsgo\Runtime\Cache\Blog\adca04b5234fbfdd0b6f0d89136dbbb5.php 第 42 行.
SQL: SHOW COLUMNS FROM `lsgoweb_ucenter_member` [ RunTime:0.0080s ]
SQL: SHOW COLUMNS FROM `lsgoweb_picture` [ RunTime:0.0080s ]
SQL: SELECT `id`,`head_picture_id`,`username` FROM `lsgoweb_ucenter_member` WHERE `id` = null LIMIT 1   [ RunTime:0.0000s ]
SQL: SELECT `path` FROM `lsgoweb_picture` WHERE `id` = null LIMIT 1   [ RunTime:0.0000s ]
NOTIC: [8] Undefined index: class D:\WWW\lsgo\Runtime\Cache\Blog\adca04b5234fbfdd0b6f0d89136dbbb5.php 第 88 行.
NOTIC: [8] Undefined index: class D:\WWW\lsgo\Runtime\Cache\Blog\adca04b5234fbfdd0b6f0d89136dbbb5.php 第 88 行.
NOTIC: [8] Undefined index: class D:\WWW\lsgo\Runtime\Cache\Blog\adca04b5234fbfdd0b6f0d89136dbbb5.php 第 88 行.
INFO: Run Behavior\ParseTemplateBehavior [ RunTime:0.068004s ]
INFO: [ view_parse ] --END-- [ RunTime:0.068004s ]
INFO: [ view_filter ] --START--
INFO: Run Behavior\WriteHtmlCacheBehavior [ RunTime:0.001000s ]
INFO: [ view_filter ] --END-- [ RunTime:0.001000s ]
INFO: [ app_end ] --START--
INFO: Run Behavior\ShowPageTraceBehavior [ RunTime:0.001000s ]
INFO: [ app_end ] --END-- [ RunTime:0.001000s ]

