[ 2016-05-23T22:09:34+08:00 ] ::1 /lsgo/index.php?s=/Blog/Index/index.html
INFO: [ app_init ] --START--
INFO: Run Behavior\BuildLiteBehavior [ RunTime:0.000000s ]
INFO: Run Common\Behavior\InitHookBehavior [ RunTime:0.022001s ]
INFO: [ app_init ] --END-- [ RunTime:0.024001s ]
INFO: [ app_begin ] --START--
INFO: Run Behavior\ReadHtmlCacheBehavior [ RunTime:0.003000s ]
INFO: [ app_begin ] --END-- [ RunTime:0.004000s ]
SQL: SHOW COLUMNS FROM `lsgoweb_channel` [ RunTime:0.0120s ]
SQL: SELECT `title`,`url` FROM `lsgoweb_channel` WHERE `status` = 1 ORDER BY sort  [ RunTime:0.0000s ]
SQL: SHOW COLUMNS FROM `lsgoweb_category` [ RunTime:0.0110s ]
SQL: SELECT `title` FROM `lsgoweb_category` WHERE ( id=2 ) LIMIT 1   [ RunTime:0.0000s ]
SQL: SHOW COLUMNS FROM `lsgoweb_category` [ RunTime:0.0110s ]
SQL: SELECT `id`,`title` FROM `lsgoweb_category` WHERE `status` = 1 AND `pid` = 1 ORDER BY sort  [ RunTime:0.0000s ]
SQL: SHOW COLUMNS FROM `lsgoweb_picture` [ RunTime:0.0110s ]
SQL: SELECT `icon` FROM `lsgoweb_category` WHERE `id` = 2 LIMIT 1   [ RunTime:0.0000s ]
SQL: SELECT `path` FROM `lsgoweb_picture` WHERE `id` = 12 LIMIT 1   [ RunTime:0.0010s ]
SQL: SHOW COLUMNS FROM `lsgoweb_blog_article_tag` [ RunTime:0.0110s ]
SQL: SHOW COLUMNS FROM `lsgoweb_blog_article_tag` [ RunTime:0.0110s ]
SQL: SELECT `id`,`tag_name`,`tag_picture_id` FROM `lsgoweb_blog_article_tag` WHERE `status` = 1 AND `category_id` = 2 ORDER BY sort  [ RunTime:0.0000s ]
SQL: SELECT `path` FROM `lsgoweb_picture` WHERE `id` = 4 LIMIT 1   [ RunTime:0.0000s ]
SQL: SELECT `path` FROM `lsgoweb_picture` WHERE `id` = 5 LIMIT 1   [ RunTime:0.0000s ]
SQL: SELECT `path` FROM `lsgoweb_picture` WHERE `id` = 6 LIMIT 1   [ RunTime:0.0000s ]
SQL: SELECT `path` FROM `lsgoweb_picture` WHERE `id` = 7 LIMIT 1   [ RunTime:0.0000s ]
SQL: SELECT `path` FROM `lsgoweb_picture` WHERE `id` = 8 LIMIT 1   [ RunTime:0.0010s ]
SQL: SELECT `path` FROM `lsgoweb_picture` WHERE `id` = 9 LIMIT 1   [ RunTime:0.0000s ]
SQL: SELECT `path` FROM `lsgoweb_picture` WHERE `id` = 10 LIMIT 1   [ RunTime:0.0000s ]
SQL: SELECT `path` FROM `lsgoweb_picture` WHERE `id` = 11 LIMIT 1   [ RunTime:0.0000s ]
SQL: SHOW COLUMNS FROM `lsgoweb_document` [ RunTime:0.0120s ]
SQL: SELECT `id`,`title`,`category_id`,`create_time` FROM `lsgoweb_document` WHERE `category_id` = 2 AND `display` = 1 AND `status` = 1 ORDER BY update_time desc LIMIT 5   [ RunTime:0.0010s ]
SQL: SELECT COUNT(*) AS tp_count FROM `lsgoweb_document` WHERE `category_id` = 2 AND `display` = 1 AND `status` = 1 LIMIT 1   [ RunTime:0.0000s ]
INFO: [ view_parse ] --START--
INFO: [ template_filter ] --START--
INFO: Run Behavior\ContentReplaceBehavior [ RunTime:0.000000s ]
INFO: [ template_filter ] --END-- [ RunTime:0.001000s ]
NOTIC: [8] Undefined index: class D:\WWW\lsgo\Runtime\Cache\Blog\da38aaaeab14a3f431ea394c96895f42.php 第 74 行.
NOTIC: [8] Undefined index: class D:\WWW\lsgo\Runtime\Cache\Blog\da38aaaeab14a3f431ea394c96895f42.php 第 74 行.
NOTIC: [8] Undefined index: class D:\WWW\lsgo\Runtime\Cache\Blog\da38aaaeab14a3f431ea394c96895f42.php 第 74 行.
NOTIC: [8] Undefined index: class D:\WWW\lsgo\Runtime\Cache\Blog\da38aaaeab14a3f431ea394c96895f42.php 第 74 行.
SQL: SHOW COLUMNS FROM `lsgoweb_ucenter_member` [ RunTime:0.0150s ]
SQL: SELECT `id`,`head_picture_id`,`username` FROM `lsgoweb_ucenter_member` WHERE `id` = null LIMIT 1   [ RunTime:0.0010s ]
SQL: SELECT `path` FROM `lsgoweb_picture` WHERE `id` = null LIMIT 1   [ RunTime:0.0000s ]
NOTIC: [8] Undefined index: class D:\WWW\lsgo\Runtime\Cache\Blog\da38aaaeab14a3f431ea394c96895f42.php 第 120 行.
NOTIC: [8] Undefined index: class D:\WWW\lsgo\Runtime\Cache\Blog\da38aaaeab14a3f431ea394c96895f42.php 第 120 行.
NOTIC: [8] Undefined index: class D:\WWW\lsgo\Runtime\Cache\Blog\da38aaaeab14a3f431ea394c96895f42.php 第 120 行.
NOTIC: [8] Undefined index: class D:\WWW\lsgo\Runtime\Cache\Blog\da38aaaeab14a3f431ea394c96895f42.php 第 167 行.
NOTIC: [8] Undefined index: class D:\WWW\lsgo\Runtime\Cache\Blog\da38aaaeab14a3f431ea394c96895f42.php 第 167 行.
NOTIC: [8] Undefined index: class D:\WWW\lsgo\Runtime\Cache\Blog\da38aaaeab14a3f431ea394c96895f42.php 第 167 行.
NOTIC: [8] Undefined index: class D:\WWW\lsgo\Runtime\Cache\Blog\da38aaaeab14a3f431ea394c96895f42.php 第 167 行.
NOTIC: [8] Undefined index: class D:\WWW\lsgo\Runtime\Cache\Blog\da38aaaeab14a3f431ea394c96895f42.php 第 167 行.
NOTIC: [8] Undefined index: class D:\WWW\lsgo\Runtime\Cache\Blog\da38aaaeab14a3f431ea394c96895f42.php 第 167 行.
NOTIC: [8] Undefined index: class D:\WWW\lsgo\Runtime\Cache\Blog\da38aaaeab14a3f431ea394c96895f42.php 第 167 行.
NOTIC: [8] Undefined index: class D:\WWW\lsgo\Runtime\Cache\Blog\da38aaaeab14a3f431ea394c96895f42.php 第 167 行.
INFO: Run Behavior\ParseTemplateBehavior [ RunTime:0.129007s ]
INFO: [ view_parse ] --END-- [ RunTime:0.129007s ]
INFO: [ view_filter ] --START--
INFO: Run Behavior\WriteHtmlCacheBehavior [ RunTime:0.003001s ]
INFO: [ view_filter ] --END-- [ RunTime:0.003001s ]
INFO: [ app_end ] --START--
INFO: Run Behavior\ShowPageTraceBehavior [ RunTime:0.003000s ]
INFO: [ app_end ] --END-- [ RunTime:0.003000s ]

[ 2016-05-23T22:09:37+08:00 ] ::1 /lsgo/index.php?s=/Blog/Index/index.html
INFO: [ app_init ] --START--
INFO: Run Behavior\BuildLiteBehavior [ RunTime:0.000000s ]
INFO: Run Common\Behavior\InitHookBehavior [ RunTime:0.005000s ]
INFO: [ app_init ] --END-- [ RunTime:0.006000s ]
INFO: [ app_begin ] --START--
INFO: Run Behavior\ReadHtmlCacheBehavior [ RunTime:0.002000s ]
INFO: [ app_begin ] --END-- [ RunTime:0.002000s ]
SQL: SHOW COLUMNS FROM `lsgoweb_channel` [ RunTime:0.0100s ]
SQL: SELECT `title`,`url` FROM `lsgoweb_channel` WHERE `status` = 1 ORDER BY sort  [ RunTime:0.0010s ]
SQL: SHOW COLUMNS FROM `lsgoweb_category` [ RunTime:0.0110s ]
SQL: SELECT `title` FROM `lsgoweb_category` WHERE ( id=2 ) LIMIT 1   [ RunTime:0.0000s ]
SQL: SHOW COLUMNS FROM `lsgoweb_category` [ RunTime:0.0110s ]
SQL: SELECT `id`,`title` FROM `lsgoweb_category` WHERE `status` = 1 AND `pid` = 1 ORDER BY sort  [ RunTime:0.0010s ]
SQL: SHOW COLUMNS FROM `lsgoweb_picture` [ RunTime:0.0090s ]
SQL: SELECT `icon` FROM `lsgoweb_category` WHERE `id` = 2 LIMIT 1   [ RunTime:0.0000s ]
SQL: SELECT `path` FROM `lsgoweb_picture` WHERE `id` = 12 LIMIT 1   [ RunTime:0.0010s ]
SQL: SHOW COLUMNS FROM `lsgoweb_blog_article_tag` [ RunTime:0.0100s ]
SQL: SHOW COLUMNS FROM `lsgoweb_blog_article_tag` [ RunTime:0.0090s ]
SQL: SELECT `id`,`tag_name`,`tag_picture_id` FROM `lsgoweb_blog_article_tag` WHERE `status` = 1 AND `category_id` = 2 ORDER BY sort  [ RunTime:0.0000s ]
SQL: SELECT `path` FROM `lsgoweb_picture` WHERE `id` = 4 LIMIT 1   [ RunTime:0.0010s ]
SQL: SELECT `path` FROM `lsgoweb_picture` WHERE `id` = 5 LIMIT 1   [ RunTime:0.0000s ]
SQL: SELECT `path` FROM `lsgoweb_picture` WHERE `id` = 6 LIMIT 1   [ RunTime:0.0000s ]
SQL: SELECT `path` FROM `lsgoweb_picture` WHERE `id` = 7 LIMIT 1   [ RunTime:0.0010s ]
SQL: SELECT `path` FROM `lsgoweb_picture` WHERE `id` = 8 LIMIT 1   [ RunTime:0.0000s ]
SQL: SELECT `path` FROM `lsgoweb_picture` WHERE `id` = 9 LIMIT 1   [ RunTime:0.0000s ]
SQL: SELECT `path` FROM `lsgoweb_picture` WHERE `id` = 10 LIMIT 1   [ RunTime:0.0010s ]
SQL: SELECT `path` FROM `lsgoweb_picture` WHERE `id` = 11 LIMIT 1   [ RunTime:0.0000s ]
SQL: SHOW COLUMNS FROM `lsgoweb_document` [ RunTime:0.0100s ]
SQL: SELECT `id`,`title`,`category_id`,`create_time` FROM `lsgoweb_document` WHERE `category_id` = 2 AND `display` = 1 AND `status` = 1 ORDER BY update_time desc LIMIT 5   [ RunTime:0.0000s ]
SQL: SELECT COUNT(*) AS tp_count FROM `lsgoweb_document` WHERE `category_id` = 2 AND `display` = 1 AND `status` = 1 LIMIT 1   [ RunTime:0.0010s ]
INFO: [ view_parse ] --START--
INFO: [ template_filter ] --START--
INFO: Run Behavior\ContentReplaceBehavior [ RunTime:0.000000s ]
INFO: [ template_filter ] --END-- [ RunTime:0.000000s ]
NOTIC: [8] Undefined index: class D:\WWW\lsgo\Runtime\Cache\Blog\da38aaaeab14a3f431ea394c96895f42.php 第 74 行.
NOTIC: [8] Undefined index: class D:\WWW\lsgo\Runtime\Cache\Blog\da38aaaeab14a3f431ea394c96895f42.php 第 74 行.
NOTIC: [8] Undefined index: class D:\WWW\lsgo\Runtime\Cache\Blog\da38aaaeab14a3f431ea394c96895f42.php 第 74 行.
NOTIC: [8] Undefined index: class D:\WWW\lsgo\Runtime\Cache\Blog\da38aaaeab14a3f431ea394c96895f42.php 第 74 行.
SQL: SHOW COLUMNS FROM `lsgoweb_ucenter_member` [ RunTime:0.0110s ]
SQL: SELECT `id`,`head_picture_id`,`username` FROM `lsgoweb_ucenter_member` WHERE `id` = null LIMIT 1   [ RunTime:0.0000s ]
SQL: SELECT `path` FROM `lsgoweb_picture` WHERE `id` = null LIMIT 1   [ RunTime:0.0000s ]
NOTIC: [8] Undefined index: class D:\WWW\lsgo\Runtime\Cache\Blog\da38aaaeab14a3f431ea394c96895f42.php 第 120 行.
NOTIC: [8] Undefined index: class D:\WWW\lsgo\Runtime\Cache\Blog\da38aaaeab14a3f431ea394c96895f42.php 第 120 行.
NOTIC: [8] Undefined index: class D:\WWW\lsgo\Runtime\Cache\Blog\da38aaaeab14a3f431ea394c96895f42.php 第 120 行.
NOTIC: [8] Undefined index: class D:\WWW\lsgo\Runtime\Cache\Blog\da38aaaeab14a3f431ea394c96895f42.php 第 167 行.
NOTIC: [8] Undefined index: class D:\WWW\lsgo\Runtime\Cache\Blog\da38aaaeab14a3f431ea394c96895f42.php 第 167 行.
NOTIC: [8] Undefined index: class D:\WWW\lsgo\Runtime\Cache\Blog\da38aaaeab14a3f431ea394c96895f42.php 第 167 行.
NOTIC: [8] Undefined index: class D:\WWW\lsgo\Runtime\Cache\Blog\da38aaaeab14a3f431ea394c96895f42.php 第 167 行.
NOTIC: [8] Undefined index: class D:\WWW\lsgo\Runtime\Cache\Blog\da38aaaeab14a3f431ea394c96895f42.php 第 167 行.
NOTIC: [8] Undefined index: class D:\WWW\lsgo\Runtime\Cache\Blog\da38aaaeab14a3f431ea394c96895f42.php 第 167 行.
NOTIC: [8] Undefined index: class D:\WWW\lsgo\Runtime\Cache\Blog\da38aaaeab14a3f431ea394c96895f42.php 第 167 行.
NOTIC: [8] Undefined index: class D:\WWW\lsgo\Runtime\Cache\Blog\da38aaaeab14a3f431ea394c96895f42.php 第 167 行.
INFO: Run Behavior\ParseTemplateBehavior [ RunTime:0.038002s ]
INFO: [ view_parse ] --END-- [ RunTime:0.038002s ]
INFO: [ view_filter ] --START--
INFO: Run Behavior\WriteHtmlCacheBehavior [ RunTime:0.001000s ]
INFO: [ view_filter ] --END-- [ RunTime:0.001000s ]
INFO: [ app_end ] --START--
INFO: Run Behavior\ShowPageTraceBehavior [ RunTime:0.002000s ]
INFO: [ app_end ] --END-- [ RunTime:0.002000s ]

[ 2016-05-23T22:10:06+08:00 ] ::1 /lsgo/index.php?s=/Blog/Index/index.html
INFO: [ app_init ] --START--
INFO: Run Behavior\BuildLiteBehavior [ RunTime:0.000000s ]
INFO: Run Common\Behavior\InitHookBehavior [ RunTime:0.005000s ]
INFO: [ app_init ] --END-- [ RunTime:0.006000s ]
INFO: [ app_begin ] --START--
INFO: Run Behavior\ReadHtmlCacheBehavior [ RunTime:0.002000s ]
INFO: [ app_begin ] --END-- [ RunTime:0.002000s ]
SQL: SHOW COLUMNS FROM `lsgoweb_channel` [ RunTime:0.0100s ]
SQL: SELECT `title`,`url` FROM `lsgoweb_channel` WHERE `status` = 1 ORDER BY sort  [ RunTime:0.0000s ]
SQL: SHOW COLUMNS FROM `lsgoweb_category` [ RunTime:0.0110s ]
SQL: SELECT `title` FROM `lsgoweb_category` WHERE ( id=2 ) LIMIT 1   [ RunTime:0.0000s ]
SQL: SHOW COLUMNS FROM `lsgoweb_category` [ RunTime:0.0100s ]
SQL: SELECT `id`,`title` FROM `lsgoweb_category` WHERE `status` = 1 AND `pid` = 1 ORDER BY sort  [ RunTime:0.0010s ]
SQL: SHOW COLUMNS FROM `lsgoweb_picture` [ RunTime:0.0100s ]
SQL: SELECT `icon` FROM `lsgoweb_category` WHERE `id` = 2 LIMIT 1   [ RunTime:0.0000s ]
SQL: SELECT `path` FROM `lsgoweb_picture` WHERE `id` = 12 LIMIT 1   [ RunTime:0.0000s ]
SQL: SHOW COLUMNS FROM `lsgoweb_blog_article_tag` [ RunTime:0.0100s ]
SQL: SHOW COLUMNS FROM `lsgoweb_blog_article_tag` [ RunTime:0.0100s ]
SQL: SELECT `id`,`tag_name`,`tag_picture_id` FROM `lsgoweb_blog_article_tag` WHERE `status` = 1 AND `category_id` = 2 ORDER BY sort  [ RunTime:0.0000s ]
SQL: SELECT `path` FROM `lsgoweb_picture` WHERE `id` = 4 LIMIT 1   [ RunTime:0.0010s ]
SQL: SELECT `path` FROM `lsgoweb_picture` WHERE `id` = 5 LIMIT 1   [ RunTime:0.0000s ]
SQL: SELECT `path` FROM `lsgoweb_picture` WHERE `id` = 6 LIMIT 1   [ RunTime:0.0000s ]
SQL: SELECT `path` FROM `lsgoweb_picture` WHERE `id` = 7 LIMIT 1   [ RunTime:0.0010s ]
SQL: SELECT `path` FROM `lsgoweb_picture` WHERE `id` = 8 LIMIT 1   [ RunTime:0.0000s ]
SQL: SELECT `path` FROM `lsgoweb_picture` WHERE `id` = 9 LIMIT 1   [ RunTime:0.0000s ]
SQL: SELECT `path` FROM `lsgoweb_picture` WHERE `id` = 10 LIMIT 1   [ RunTime:0.0010s ]
SQL: SELECT `path` FROM `lsgoweb_picture` WHERE `id` = 11 LIMIT 1   [ RunTime:0.0000s ]
SQL: SHOW COLUMNS FROM `lsgoweb_document` [ RunTime:0.0100s ]
SQL: SELECT `id`,`title`,`category_id`,`create_time` FROM `lsgoweb_document` WHERE `category_id` = 2 AND `display` = 1 AND `status` = 1 ORDER BY update_time desc LIMIT 5   [ RunTime:0.0010s ]
SQL: SELECT COUNT(*) AS tp_count FROM `lsgoweb_document` WHERE `category_id` = 2 AND `display` = 1 AND `status` = 1 LIMIT 1   [ RunTime:0.0000s ]
SQL: SELECT `id`,`category_id`,`title`,`update_time` FROM `lsgoweb_document` WHERE `category_id` = 2 AND `display` = 1 AND `status` = 1 AND `defualt_tag_id` = 3 ORDER BY create_time desc  [ RunTime:0.0000s ]

[ 2016-05-23T22:10:06+08:00 ] ::1 /lsgo/index.php?s=/Blog/Index/index.html
INFO: [ app_init ] --START--
INFO: Run Behavior\BuildLiteBehavior [ RunTime:0.000000s ]
INFO: Run Common\Behavior\InitHookBehavior [ RunTime:0.005000s ]
INFO: [ app_init ] --END-- [ RunTime:0.005000s ]
INFO: [ app_begin ] --START--
INFO: Run Behavior\ReadHtmlCacheBehavior [ RunTime:0.002001s ]
INFO: [ app_begin ] --END-- [ RunTime:0.002001s ]
SQL: SHOW COLUMNS FROM `lsgoweb_channel` [ RunTime:0.0100s ]
SQL: SELECT `title`,`url` FROM `lsgoweb_channel` WHERE `status` = 1 ORDER BY sort  [ RunTime:0.0010s ]
SQL: SHOW COLUMNS FROM `lsgoweb_category` [ RunTime:0.0100s ]
SQL: SELECT `title` FROM `lsgoweb_category` WHERE ( id=2 ) LIMIT 1   [ RunTime:0.0010s ]
SQL: SHOW COLUMNS FROM `lsgoweb_category` [ RunTime:0.0100s ]
SQL: SELECT `id`,`title` FROM `lsgoweb_category` WHERE `status` = 1 AND `pid` = 1 ORDER BY sort  [ RunTime:0.0000s ]
SQL: SHOW COLUMNS FROM `lsgoweb_picture` [ RunTime:0.0100s ]
SQL: SELECT `icon` FROM `lsgoweb_category` WHERE `id` = 2 LIMIT 1   [ RunTime:0.0000s ]
SQL: SELECT `path` FROM `lsgoweb_picture` WHERE `id` = 12 LIMIT 1   [ RunTime:0.0010s ]
SQL: SHOW COLUMNS FROM `lsgoweb_blog_article_tag` [ RunTime:0.0100s ]
SQL: SHOW COLUMNS FROM `lsgoweb_blog_article_tag` [ RunTime:0.0110s ]
SQL: SELECT `id`,`tag_name`,`tag_picture_id` FROM `lsgoweb_blog_article_tag` WHERE `status` = 1 AND `category_id` = 2 ORDER BY sort  [ RunTime:0.0000s ]
SQL: SELECT `path` FROM `lsgoweb_picture` WHERE `id` = 4 LIMIT 1   [ RunTime:0.0010s ]
SQL: SELECT `path` FROM `lsgoweb_picture` WHERE `id` = 5 LIMIT 1   [ RunTime:0.0000s ]
SQL: SELECT `path` FROM `lsgoweb_picture` WHERE `id` = 6 LIMIT 1   [ RunTime:0.0000s ]
SQL: SELECT `path` FROM `lsgoweb_picture` WHERE `id` = 7 LIMIT 1   [ RunTime:0.0000s ]
SQL: SELECT `path` FROM `lsgoweb_picture` WHERE `id` = 8 LIMIT 1   [ RunTime:0.0000s ]
SQL: SELECT `path` FROM `lsgoweb_picture` WHERE `id` = 9 LIMIT 1   [ RunTime:0.0000s ]
SQL: SELECT `path` FROM `lsgoweb_picture` WHERE `id` = 10 LIMIT 1   [ RunTime:0.0000s ]
SQL: SELECT `path` FROM `lsgoweb_picture` WHERE `id` = 11 LIMIT 1   [ RunTime:0.0010s ]
SQL: SHOW COLUMNS FROM `lsgoweb_document` [ RunTime:0.0110s ]
SQL: SELECT `id`,`title`,`category_id`,`create_time` FROM `lsgoweb_document` WHERE `category_id` = 2 AND `display` = 1 AND `status` = 1 ORDER BY update_time desc LIMIT 5   [ RunTime:0.0000s ]
SQL: SELECT COUNT(*) AS tp_count FROM `lsgoweb_document` WHERE `category_id` = 2 AND `display` = 1 AND `status` = 1 LIMIT 1   [ RunTime:0.0000s ]
SQL: SELECT `id`,`category_id`,`title`,`update_time` FROM `lsgoweb_document` WHERE `category_id` = 2 AND `display` = 1 AND `status` = 1 ORDER BY create_time desc  [ RunTime:0.0010s ]

