[ 2016-09-26T21:17:43+08:00 ] ::1 /LSGOstudy/lsgo/index.php?s=/Blog/Index/search/keywords/zj.html
INFO: [ app_init ] --START--
INFO: Run Behavior\BuildLiteBehavior [ RunTime:0.000000s ]
INFO: Run Common\Behavior\InitHookBehavior [ RunTime:0.054003s ]
INFO: [ app_init ] --END-- [ RunTime:0.081005s ]
INFO: [ app_begin ] --START--
INFO: Run Behavior\ReadHtmlCacheBehavior [ RunTime:0.002000s ]
INFO: [ app_begin ] --END-- [ RunTime:0.003001s ]
NOTIC: [8] Undefined index: keyword D:\WWW\LSGOstudy\lsgo\Application\Blog\Controller\IndexController.class.php 第 174 行.
NOTIC: [8] Undefined index: type D:\WWW\LSGOstudy\lsgo\Application\Blog\Controller\IndexController.class.php 第 175 行.
SQL: SHOW COLUMNS FROM `lsgoweb_document` [ RunTime:0.0460s ]
SQL: SHOW COLUMNS FROM `lsgoweb_ucenter_member` [ RunTime:0.0280s ]
NOTIC: [8] Undefined index: order D:\WWW\LSGOstudy\lsgo\Application\Blog\Controller\IndexController.class.php 第 180 行.
SQL: SELECT * FROM `lsgoweb_document` WHERE `title` LIKE '%%' ORDER BY view DESC  [ RunTime:0.0020s ]
SQL: SHOW COLUMNS FROM `lsgoweb_blog_article_tag` [ RunTime:0.0400s ]
SQL: SELECT * FROM `lsgoweb_blog_article_tag`  [ RunTime:0.0000s ]
INFO: [ view_parse ] --START--
INFO: [ template_filter ] --START--
INFO: Run Behavior\ContentReplaceBehavior [ RunTime:0.001000s ]
INFO: [ template_filter ] --END-- [ RunTime:0.001000s ]
NOTIC: [8] Undefined variable: menu D:\WWW\LSGOstudy\lsgo\Runtime\Cache\Blog\75c02f746fdaa0392370296018cff839.php 第 39 行.
SQL: SHOW COLUMNS FROM `lsgoweb_ucenter_member` [ RunTime:0.0180s ]
SQL: SHOW COLUMNS FROM `lsgoweb_picture` [ RunTime:0.0580s ]
SQL: SELECT `id`,`head_picture_id`,`username` FROM `lsgoweb_ucenter_member` WHERE `id` = null LIMIT 1   [ RunTime:0.0000s ]
SQL: SELECT `path` FROM `lsgoweb_picture` WHERE `id` = null LIMIT 1   [ RunTime:0.0000s ]
NOTIC: [8] Use of undefined constant art - assumed 'art' D:\WWW\LSGOstudy\lsgo\Runtime\Cache\Blog\75c02f746fdaa0392370296018cff839.php 第 102 行.
NOTIC: [8] Undefined index: username D:\WWW\LSGOstudy\lsgo\Runtime\Cache\Blog\75c02f746fdaa0392370296018cff839.php 第 120 行.
NOTIC: [8] Undefined index:    D:\WWW\LSGOstudy\lsgo\Runtime\Cache\Blog\75c02f746fdaa0392370296018cff839.php 第 114 行.
NOTIC: [8] Undefined index: username D:\WWW\LSGOstudy\lsgo\Runtime\Cache\Blog\75c02f746fdaa0392370296018cff839.php 第 120 行.
NOTIC: [8] Undefined index: username D:\WWW\LSGOstudy\lsgo\Runtime\Cache\Blog\75c02f746fdaa0392370296018cff839.php 第 120 行.
NOTIC: [8] Undefined index: username D:\WWW\LSGOstudy\lsgo\Runtime\Cache\Blog\75c02f746fdaa0392370296018cff839.php 第 120 行.
NOTIC: [8] Undefined index: username D:\WWW\LSGOstudy\lsgo\Runtime\Cache\Blog\75c02f746fdaa0392370296018cff839.php 第 120 行.
NOTIC: [8] Undefined index: username D:\WWW\LSGOstudy\lsgo\Runtime\Cache\Blog\75c02f746fdaa0392370296018cff839.php 第 120 行.
NOTIC: [8] Undefined index: username D:\WWW\LSGOstudy\lsgo\Runtime\Cache\Blog\75c02f746fdaa0392370296018cff839.php 第 120 行.
NOTIC: [8] Undefined index: username D:\WWW\LSGOstudy\lsgo\Runtime\Cache\Blog\75c02f746fdaa0392370296018cff839.php 第 120 行.
NOTIC: [8] Undefined index: username D:\WWW\LSGOstudy\lsgo\Runtime\Cache\Blog\75c02f746fdaa0392370296018cff839.php 第 120 行.
NOTIC: [8] Undefined index: username D:\WWW\LSGOstudy\lsgo\Runtime\Cache\Blog\75c02f746fdaa0392370296018cff839.php 第 120 行.
NOTIC: [2] date() expects parameter 2 to be long, string given D:\WWW\LSGOstudy\lsgo\Runtime\Cache\Blog\75c02f746fdaa0392370296018cff839.php 第 123 行.
NOTIC: [8] Use of undefined constant art - assumed 'art' D:\WWW\LSGOstudy\lsgo\Runtime\Cache\Blog\75c02f746fdaa0392370296018cff839.php 第 191 行.
INFO: Run Behavior\ParseTemplateBehavior [ RunTime:0.249014s ]
INFO: [ view_parse ] --END-- [ RunTime:0.249014s ]
INFO: [ view_filter ] --START--
INFO: Run Behavior\WriteHtmlCacheBehavior [ RunTime:0.003000s ]
INFO: [ view_filter ] --END-- [ RunTime:0.003000s ]
INFO: [ app_end ] --START--
INFO: Run Behavior\ShowPageTraceBehavior [ RunTime:0.004001s ]
INFO: [ app_end ] --END-- [ RunTime:0.004001s ]

[ 2016-09-26T21:18:11+08:00 ] ::1 /LSGOstudy/lsgo/index.php?s=/Blog/Index/index.html
INFO: [ app_init ] --START--
INFO: Run Behavior\BuildLiteBehavior [ RunTime:0.001000s ]
INFO: Run Common\Behavior\InitHookBehavior [ RunTime:0.002000s ]
INFO: [ app_init ] --END-- [ RunTime:0.003000s ]
INFO: [ app_begin ] --START--
INFO: Run Behavior\ReadHtmlCacheBehavior [ RunTime:0.000000s ]
INFO: [ app_begin ] --END-- [ RunTime:0.000000s ]
SQL: SHOW COLUMNS FROM `lsgoweb_channel` [ RunTime:0.0450s ]
SQL: SELECT `title`,`url` FROM `lsgoweb_channel` WHERE `status` = 1 ORDER BY sort  [ RunTime:0.0030s ]
SQL: SHOW COLUMNS FROM `lsgoweb_category` [ RunTime:0.0350s ]
SQL: SELECT `title` FROM `lsgoweb_category` WHERE ( id=2 ) LIMIT 1   [ RunTime:0.0000s ]
SQL: SHOW COLUMNS FROM `lsgoweb_category` [ RunTime:0.0110s ]
SQL: SELECT `id`,`title` FROM `lsgoweb_category` WHERE `status` = 1 AND `pid` = 1 ORDER BY sort  [ RunTime:0.0000s ]
SQL: SHOW COLUMNS FROM `lsgoweb_picture` [ RunTime:0.0110s ]
SQL: SELECT `icon` FROM `lsgoweb_category` WHERE `id` = 2 LIMIT 1   [ RunTime:0.0000s ]
SQL: SELECT `path` FROM `lsgoweb_picture` WHERE `id` = 12 LIMIT 1   [ RunTime:0.0120s ]
SQL: SHOW COLUMNS FROM `lsgoweb_blog_article_tag` [ RunTime:0.0110s ]
SQL: SHOW COLUMNS FROM `lsgoweb_blog_article_tag` [ RunTime:0.0100s ]
SQL: SELECT `id`,`tag_name`,`tag_picture_id` FROM `lsgoweb_blog_article_tag` WHERE `status` = 1 AND `category_id` = 2 ORDER BY sort  [ RunTime:0.0000s ]
SQL: SELECT `path` FROM `lsgoweb_picture` WHERE `id` = 4 LIMIT 1   [ RunTime:0.0010s ]
SQL: SELECT `path` FROM `lsgoweb_picture` WHERE `id` = 5 LIMIT 1   [ RunTime:0.0000s ]
SQL: SELECT `path` FROM `lsgoweb_picture` WHERE `id` = 6 LIMIT 1   [ RunTime:0.0000s ]
SQL: SELECT `path` FROM `lsgoweb_picture` WHERE `id` = 7 LIMIT 1   [ RunTime:0.0000s ]
SQL: SELECT `path` FROM `lsgoweb_picture` WHERE `id` = 8 LIMIT 1   [ RunTime:0.0000s ]
SQL: SELECT `path` FROM `lsgoweb_picture` WHERE `id` = 9 LIMIT 1   [ RunTime:0.0010s ]
SQL: SELECT `path` FROM `lsgoweb_picture` WHERE `id` = 10 LIMIT 1   [ RunTime:0.0000s ]
SQL: SELECT `path` FROM `lsgoweb_picture` WHERE `id` = 11 LIMIT 1   [ RunTime:0.0010s ]
SQL: SHOW COLUMNS FROM `lsgoweb_document` [ RunTime:0.0100s ]
SQL: SELECT `id`,`title`,`category_id`,`create_time` FROM `lsgoweb_document` WHERE `category_id` = 2 AND `display` = 1 AND `status` = 1 ORDER BY update_time desc LIMIT 5   [ RunTime:0.0010s ]
SQL: SELECT COUNT(*) AS tp_count FROM `lsgoweb_document` WHERE `category_id` = 2 AND `display` = 1 AND `status` = 1 LIMIT 1   [ RunTime:0.0000s ]
INFO: [ view_parse ] --START--
INFO: [ template_filter ] --START--
INFO: Run Behavior\ContentReplaceBehavior [ RunTime:0.000000s ]
INFO: [ template_filter ] --END-- [ RunTime:0.000000s ]
NOTIC: [8] Undefined index: class D:\WWW\LSGOstudy\lsgo\Runtime\Cache\Blog\da38aaaeab14a3f431ea394c96895f42.php 第 74 行.
NOTIC: [8] Undefined index: class D:\WWW\LSGOstudy\lsgo\Runtime\Cache\Blog\da38aaaeab14a3f431ea394c96895f42.php 第 74 行.
NOTIC: [8] Undefined index: class D:\WWW\LSGOstudy\lsgo\Runtime\Cache\Blog\da38aaaeab14a3f431ea394c96895f42.php 第 74 行.
NOTIC: [8] Undefined index: class D:\WWW\LSGOstudy\lsgo\Runtime\Cache\Blog\da38aaaeab14a3f431ea394c96895f42.php 第 74 行.
SQL: SHOW COLUMNS FROM `lsgoweb_ucenter_member` [ RunTime:0.0090s ]
SQL: SELECT `id`,`head_picture_id`,`username` FROM `lsgoweb_ucenter_member` WHERE `id` = null LIMIT 1   [ RunTime:0.0000s ]
SQL: SELECT `path` FROM `lsgoweb_picture` WHERE `id` = null LIMIT 1   [ RunTime:0.0010s ]
NOTIC: [8] Undefined index: class D:\WWW\LSGOstudy\lsgo\Runtime\Cache\Blog\da38aaaeab14a3f431ea394c96895f42.php 第 120 行.
NOTIC: [8] Undefined index: class D:\WWW\LSGOstudy\lsgo\Runtime\Cache\Blog\da38aaaeab14a3f431ea394c96895f42.php 第 120 行.
NOTIC: [8] Undefined index: class D:\WWW\LSGOstudy\lsgo\Runtime\Cache\Blog\da38aaaeab14a3f431ea394c96895f42.php 第 120 行.
NOTIC: [8] Undefined index: class D:\WWW\LSGOstudy\lsgo\Runtime\Cache\Blog\da38aaaeab14a3f431ea394c96895f42.php 第 167 行.
NOTIC: [8] Undefined index: class D:\WWW\LSGOstudy\lsgo\Runtime\Cache\Blog\da38aaaeab14a3f431ea394c96895f42.php 第 167 行.
NOTIC: [8] Undefined index: class D:\WWW\LSGOstudy\lsgo\Runtime\Cache\Blog\da38aaaeab14a3f431ea394c96895f42.php 第 167 行.
NOTIC: [8] Undefined index: class D:\WWW\LSGOstudy\lsgo\Runtime\Cache\Blog\da38aaaeab14a3f431ea394c96895f42.php 第 167 行.
NOTIC: [8] Undefined index: class D:\WWW\LSGOstudy\lsgo\Runtime\Cache\Blog\da38aaaeab14a3f431ea394c96895f42.php 第 167 行.
NOTIC: [8] Undefined index: class D:\WWW\LSGOstudy\lsgo\Runtime\Cache\Blog\da38aaaeab14a3f431ea394c96895f42.php 第 167 行.
NOTIC: [8] Undefined index: class D:\WWW\LSGOstudy\lsgo\Runtime\Cache\Blog\da38aaaeab14a3f431ea394c96895f42.php 第 167 行.
NOTIC: [8] Undefined index: class D:\WWW\LSGOstudy\lsgo\Runtime\Cache\Blog\da38aaaeab14a3f431ea394c96895f42.php 第 167 行.
INFO: Run Behavior\ParseTemplateBehavior [ RunTime:0.103006s ]
INFO: [ view_parse ] --END-- [ RunTime:0.103006s ]
INFO: [ view_filter ] --START--
INFO: Run Behavior\WriteHtmlCacheBehavior [ RunTime:0.001000s ]
INFO: [ view_filter ] --END-- [ RunTime:0.001000s ]
INFO: [ app_end ] --START--
INFO: Run Behavior\ShowPageTraceBehavior [ RunTime:0.001000s ]
INFO: [ app_end ] --END-- [ RunTime:0.001000s ]

[ 2016-09-26T21:18:16+08:00 ] ::1 /LSGOstudy/lsgo/index.php?s=/Blog/Search/index/keyword/l
INFO: [ app_init ] --START--
INFO: Run Behavior\BuildLiteBehavior [ RunTime:0.000000s ]
INFO: Run Common\Behavior\InitHookBehavior [ RunTime:0.002000s ]
INFO: [ app_init ] --END-- [ RunTime:0.002000s ]
INFO: [ app_begin ] --START--
INFO: Run Behavior\ReadHtmlCacheBehavior [ RunTime:0.001001s ]
INFO: [ app_begin ] --END-- [ RunTime:0.001001s ]
SQL: SHOW COLUMNS FROM `lsgoweb_channel` [ RunTime:0.0090s ]
SQL: SELECT `title`,`url` FROM `lsgoweb_channel` WHERE `status` = 1 ORDER BY sort  [ RunTime:0.0000s ]
INFO: [ view_parse ] --START--
INFO: [ template_filter ] --START--
INFO: Run Behavior\ContentReplaceBehavior [ RunTime:0.001000s ]
INFO: [ template_filter ] --END-- [ RunTime:0.001000s ]
NOTIC: [8] Undefined index: class D:\WWW\LSGOstudy\lsgo\Runtime\Cache\Blog\528fd148e88443e83e10d25ede63ea16.php 第 42 行.
NOTIC: [8] Undefined index: class D:\WWW\LSGOstudy\lsgo\Runtime\Cache\Blog\528fd148e88443e83e10d25ede63ea16.php 第 42 行.
NOTIC: [8] Undefined index: class D:\WWW\LSGOstudy\lsgo\Runtime\Cache\Blog\528fd148e88443e83e10d25ede63ea16.php 第 42 行.
NOTIC: [8] Undefined index: class D:\WWW\LSGOstudy\lsgo\Runtime\Cache\Blog\528fd148e88443e83e10d25ede63ea16.php 第 42 行.
SQL: SHOW COLUMNS FROM `lsgoweb_ucenter_member` [ RunTime:0.0090s ]
SQL: SHOW COLUMNS FROM `lsgoweb_picture` [ RunTime:0.0090s ]
SQL: SELECT `id`,`head_picture_id`,`username` FROM `lsgoweb_ucenter_member` WHERE `id` = null LIMIT 1   [ RunTime:0.0000s ]
SQL: SELECT `path` FROM `lsgoweb_picture` WHERE `id` = null LIMIT 1   [ RunTime:0.0010s ]
NOTIC: [8] Use of undefined constant t - assumed 't' D:\WWW\LSGOstudy\lsgo\Runtime\Cache\Blog\528fd148e88443e83e10d25ede63ea16.php 第 106 行.
NOTIC: [8] Undefined variable: get D:\WWW\LSGOstudy\lsgo\Runtime\Cache\Blog\528fd148e88443e83e10d25ede63ea16.php 第 106 行.
NOTIC: [8] Use of undefined constant a - assumed 'a' D:\WWW\LSGOstudy\lsgo\Runtime\Cache\Blog\528fd148e88443e83e10d25ede63ea16.php 第 106 行.
INFO: Run Behavior\ParseTemplateBehavior [ RunTime:0.062003s ]
INFO: [ view_parse ] --END-- [ RunTime:0.062003s ]
INFO: [ view_filter ] --START--
INFO: Run Behavior\WriteHtmlCacheBehavior [ RunTime:0.001000s ]
INFO: [ view_filter ] --END-- [ RunTime:0.001000s ]
INFO: [ app_end ] --START--
INFO: Run Behavior\ShowPageTraceBehavior [ RunTime:0.002001s ]
INFO: [ app_end ] --END-- [ RunTime:0.002001s ]

[ 2016-09-26T21:18:23+08:00 ] ::1 /LSGOstudy/lsgo/index.php?s=/Blog/Index/index/category/3.html
INFO: [ app_init ] --START--
INFO: Run Behavior\BuildLiteBehavior [ RunTime:0.001000s ]
INFO: Run Common\Behavior\InitHookBehavior [ RunTime:0.004000s ]
INFO: [ app_init ] --END-- [ RunTime:0.005000s ]
INFO: [ app_begin ] --START--
INFO: Run Behavior\ReadHtmlCacheBehavior [ RunTime:0.001001s ]
INFO: [ app_begin ] --END-- [ RunTime:0.001001s ]
SQL: SHOW COLUMNS FROM `lsgoweb_channel` [ RunTime:0.0090s ]
SQL: SELECT `title`,`url` FROM `lsgoweb_channel` WHERE `status` = 1 ORDER BY sort  [ RunTime:0.0000s ]
SQL: SHOW COLUMNS FROM `lsgoweb_category` [ RunTime:0.0090s ]
SQL: SELECT `title` FROM `lsgoweb_category` WHERE ( id=3 ) LIMIT 1   [ RunTime:0.0000s ]
SQL: SHOW COLUMNS FROM `lsgoweb_category` [ RunTime:0.0090s ]
SQL: SELECT `id`,`title` FROM `lsgoweb_category` WHERE `status` = 1 AND `pid` = 1 ORDER BY sort  [ RunTime:0.0000s ]
SQL: SHOW COLUMNS FROM `lsgoweb_picture` [ RunTime:0.0090s ]
SQL: SELECT `icon` FROM `lsgoweb_category` WHERE `id` = 3 LIMIT 1   [ RunTime:0.0000s ]
SQL: SELECT `path` FROM `lsgoweb_picture` WHERE `id` = 1 LIMIT 1   [ RunTime:0.0000s ]
SQL: SHOW COLUMNS FROM `lsgoweb_blog_article_tag` [ RunTime:0.0080s ]
SQL: SHOW COLUMNS FROM `lsgoweb_blog_article_tag` [ RunTime:0.0090s ]
SQL: SELECT `id`,`tag_name`,`tag_picture_id` FROM `lsgoweb_blog_article_tag` WHERE `status` = 1 AND `category_id` = 3 ORDER BY sort  [ RunTime:0.0000s ]
NOTIC: [2] Invalid argument supplied for foreach() D:\WWW\LSGOstudy\lsgo\Application\Blog\Model\BlogArticleTagModel.class.php 第 43 行.
SQL: SHOW COLUMNS FROM `lsgoweb_document` [ RunTime:0.0090s ]
SQL: SELECT `id`,`title`,`category_id`,`create_time` FROM `lsgoweb_document` WHERE `category_id` = 3 AND `display` = 1 AND `status` = 1 ORDER BY update_time desc LIMIT 5   [ RunTime:0.0000s ]
NOTIC: [2] Invalid argument supplied for foreach() D:\WWW\LSGOstudy\lsgo\Application\Blog\Model\DocumentModel.class.php 第 41 行.
SQL: SELECT COUNT(*) AS tp_count FROM `lsgoweb_document` WHERE `category_id` = 3 AND `display` = 1 AND `status` = 1 LIMIT 1   [ RunTime:0.0000s ]
INFO: [ view_parse ] --START--
INFO: [ template_filter ] --START--
INFO: Run Behavior\ContentReplaceBehavior [ RunTime:0.000000s ]
INFO: [ template_filter ] --END-- [ RunTime:0.000000s ]
NOTIC: [8] Undefined index: class D:\WWW\LSGOstudy\lsgo\Runtime\Cache\Blog\da38aaaeab14a3f431ea394c96895f42.php 第 74 行.
NOTIC: [8] Undefined index: class D:\WWW\LSGOstudy\lsgo\Runtime\Cache\Blog\da38aaaeab14a3f431ea394c96895f42.php 第 74 行.
NOTIC: [8] Undefined index: class D:\WWW\LSGOstudy\lsgo\Runtime\Cache\Blog\da38aaaeab14a3f431ea394c96895f42.php 第 74 行.
NOTIC: [8] Undefined index: class D:\WWW\LSGOstudy\lsgo\Runtime\Cache\Blog\da38aaaeab14a3f431ea394c96895f42.php 第 74 行.
SQL: SHOW COLUMNS FROM `lsgoweb_ucenter_member` [ RunTime:0.0090s ]
SQL: SELECT `id`,`head_picture_id`,`username` FROM `lsgoweb_ucenter_member` WHERE `id` = null LIMIT 1   [ RunTime:0.0010s ]
SQL: SELECT `path` FROM `lsgoweb_picture` WHERE `id` = null LIMIT 1   [ RunTime:0.0000s ]
NOTIC: [8] Undefined index: class D:\WWW\LSGOstudy\lsgo\Runtime\Cache\Blog\da38aaaeab14a3f431ea394c96895f42.php 第 120 行.
NOTIC: [8] Undefined index: class D:\WWW\LSGOstudy\lsgo\Runtime\Cache\Blog\da38aaaeab14a3f431ea394c96895f42.php 第 120 行.
NOTIC: [8] Undefined index: class D:\WWW\LSGOstudy\lsgo\Runtime\Cache\Blog\da38aaaeab14a3f431ea394c96895f42.php 第 120 行.
INFO: Run Behavior\ParseTemplateBehavior [ RunTime:0.039002s ]
INFO: [ view_parse ] --END-- [ RunTime:0.039002s ]
INFO: [ view_filter ] --START--
INFO: Run Behavior\WriteHtmlCacheBehavior [ RunTime:0.002000s ]
INFO: [ view_filter ] --END-- [ RunTime:0.002000s ]
INFO: [ app_end ] --START--
INFO: Run Behavior\ShowPageTraceBehavior [ RunTime:0.001000s ]
INFO: [ app_end ] --END-- [ RunTime:0.001000s ]

[ 2016-09-26T21:18:24+08:00 ] ::1 /LSGOstudy/lsgo/index.php?s=/Blog/Index/index/category/4.html
INFO: [ app_init ] --START--
INFO: Run Behavior\BuildLiteBehavior [ RunTime:0.000000s ]
INFO: Run Common\Behavior\InitHookBehavior [ RunTime:0.002000s ]
INFO: [ app_init ] --END-- [ RunTime:0.003000s ]
INFO: [ app_begin ] --START--
INFO: Run Behavior\ReadHtmlCacheBehavior [ RunTime:0.000000s ]
INFO: [ app_begin ] --END-- [ RunTime:0.001000s ]
SQL: SHOW COLUMNS FROM `lsgoweb_channel` [ RunTime:0.0090s ]
SQL: SELECT `title`,`url` FROM `lsgoweb_channel` WHERE `status` = 1 ORDER BY sort  [ RunTime:0.0000s ]
SQL: SHOW COLUMNS FROM `lsgoweb_category` [ RunTime:0.0090s ]
SQL: SELECT `title` FROM `lsgoweb_category` WHERE ( id=4 ) LIMIT 1   [ RunTime:0.0010s ]
SQL: SHOW COLUMNS FROM `lsgoweb_category` [ RunTime:0.0090s ]
SQL: SELECT `id`,`title` FROM `lsgoweb_category` WHERE `status` = 1 AND `pid` = 1 ORDER BY sort  [ RunTime:0.0000s ]
SQL: SHOW COLUMNS FROM `lsgoweb_picture` [ RunTime:0.0080s ]
SQL: SELECT `icon` FROM `lsgoweb_category` WHERE `id` = 4 LIMIT 1   [ RunTime:0.0000s ]
SQL: SELECT `path` FROM `lsgoweb_picture` WHERE `id` = 2 LIMIT 1   [ RunTime:0.0000s ]
SQL: SHOW COLUMNS FROM `lsgoweb_blog_article_tag` [ RunTime:0.0090s ]
SQL: SHOW COLUMNS FROM `lsgoweb_blog_article_tag` [ RunTime:0.0080s ]
SQL: SELECT `id`,`tag_name`,`tag_picture_id` FROM `lsgoweb_blog_article_tag` WHERE `status` = 1 AND `category_id` = 4 ORDER BY sort  [ RunTime:0.0000s ]
NOTIC: [2] Invalid argument supplied for foreach() D:\WWW\LSGOstudy\lsgo\Application\Blog\Model\BlogArticleTagModel.class.php 第 43 行.
SQL: SHOW COLUMNS FROM `lsgoweb_document` [ RunTime:0.0090s ]
SQL: SELECT `id`,`title`,`category_id`,`create_time` FROM `lsgoweb_document` WHERE `category_id` = 4 AND `display` = 1 AND `status` = 1 ORDER BY update_time desc LIMIT 5   [ RunTime:0.0000s ]
NOTIC: [2] Invalid argument supplied for foreach() D:\WWW\LSGOstudy\lsgo\Application\Blog\Model\DocumentModel.class.php 第 41 行.
SQL: SELECT COUNT(*) AS tp_count FROM `lsgoweb_document` WHERE `category_id` = 4 AND `display` = 1 AND `status` = 1 LIMIT 1   [ RunTime:0.0000s ]
INFO: [ view_parse ] --START--
INFO: [ template_filter ] --START--
INFO: Run Behavior\ContentReplaceBehavior [ RunTime:0.000000s ]
INFO: [ template_filter ] --END-- [ RunTime:0.000000s ]
NOTIC: [8] Undefined index: class D:\WWW\LSGOstudy\lsgo\Runtime\Cache\Blog\da38aaaeab14a3f431ea394c96895f42.php 第 74 行.
NOTIC: [8] Undefined index: class D:\WWW\LSGOstudy\lsgo\Runtime\Cache\Blog\da38aaaeab14a3f431ea394c96895f42.php 第 74 行.
NOTIC: [8] Undefined index: class D:\WWW\LSGOstudy\lsgo\Runtime\Cache\Blog\da38aaaeab14a3f431ea394c96895f42.php 第 74 行.
NOTIC: [8] Undefined index: class D:\WWW\LSGOstudy\lsgo\Runtime\Cache\Blog\da38aaaeab14a3f431ea394c96895f42.php 第 74 行.
SQL: SHOW COLUMNS FROM `lsgoweb_ucenter_member` [ RunTime:0.0090s ]
SQL: SELECT `id`,`head_picture_id`,`username` FROM `lsgoweb_ucenter_member` WHERE `id` = null LIMIT 1   [ RunTime:0.0000s ]
SQL: SELECT `path` FROM `lsgoweb_picture` WHERE `id` = null LIMIT 1   [ RunTime:0.0000s ]
NOTIC: [8] Undefined index: class D:\WWW\LSGOstudy\lsgo\Runtime\Cache\Blog\da38aaaeab14a3f431ea394c96895f42.php 第 120 行.
NOTIC: [8] Undefined index: class D:\WWW\LSGOstudy\lsgo\Runtime\Cache\Blog\da38aaaeab14a3f431ea394c96895f42.php 第 120 行.
NOTIC: [8] Undefined index: class D:\WWW\LSGOstudy\lsgo\Runtime\Cache\Blog\da38aaaeab14a3f431ea394c96895f42.php 第 120 行.
INFO: Run Behavior\ParseTemplateBehavior [ RunTime:0.037002s ]
INFO: [ view_parse ] --END-- [ RunTime:0.037002s ]
INFO: [ view_filter ] --START--
INFO: Run Behavior\WriteHtmlCacheBehavior [ RunTime:0.001000s ]
INFO: [ view_filter ] --END-- [ RunTime:0.001000s ]
INFO: [ app_end ] --START--
INFO: Run Behavior\ShowPageTraceBehavior [ RunTime:0.001000s ]
INFO: [ app_end ] --END-- [ RunTime:0.002000s ]

[ 2016-09-26T21:18:25+08:00 ] ::1 /LSGOstudy/lsgo/index.php?s=/Blog/Index/index/category/5.html
INFO: [ app_init ] --START--
INFO: Run Behavior\BuildLiteBehavior [ RunTime:0.000000s ]
INFO: Run Common\Behavior\InitHookBehavior [ RunTime:0.002000s ]
INFO: [ app_init ] --END-- [ RunTime:0.003000s ]
INFO: [ app_begin ] --START--
INFO: Run Behavior\ReadHtmlCacheBehavior [ RunTime:0.001000s ]
INFO: [ app_begin ] --END-- [ RunTime:0.001000s ]
SQL: SHOW COLUMNS FROM `lsgoweb_channel` [ RunTime:0.0090s ]
SQL: SELECT `title`,`url` FROM `lsgoweb_channel` WHERE `status` = 1 ORDER BY sort  [ RunTime:0.0000s ]
SQL: SHOW COLUMNS FROM `lsgoweb_category` [ RunTime:0.0090s ]
SQL: SELECT `title` FROM `lsgoweb_category` WHERE ( id=5 ) LIMIT 1   [ RunTime:0.0010s ]
SQL: SHOW COLUMNS FROM `lsgoweb_category` [ RunTime:0.0090s ]
SQL: SELECT `id`,`title` FROM `lsgoweb_category` WHERE `status` = 1 AND `pid` = 1 ORDER BY sort  [ RunTime:0.0000s ]
SQL: SHOW COLUMNS FROM `lsgoweb_picture` [ RunTime:0.0080s ]
SQL: SELECT `icon` FROM `lsgoweb_category` WHERE `id` = 5 LIMIT 1   [ RunTime:0.0000s ]
SQL: SELECT `path` FROM `lsgoweb_picture` WHERE `id` = 3 LIMIT 1   [ RunTime:0.0000s ]
SQL: SHOW COLUMNS FROM `lsgoweb_blog_article_tag` [ RunTime:0.0090s ]
SQL: SHOW COLUMNS FROM `lsgoweb_blog_article_tag` [ RunTime:0.0090s ]
SQL: SELECT `id`,`tag_name`,`tag_picture_id` FROM `lsgoweb_blog_article_tag` WHERE `status` = 1 AND `category_id` = 5 ORDER BY sort  [ RunTime:0.0010s ]
NOTIC: [2] Invalid argument supplied for foreach() D:\WWW\LSGOstudy\lsgo\Application\Blog\Model\BlogArticleTagModel.class.php 第 43 行.
SQL: SHOW COLUMNS FROM `lsgoweb_document` [ RunTime:0.0090s ]
SQL: SELECT `id`,`title`,`category_id`,`create_time` FROM `lsgoweb_document` WHERE `category_id` = 5 AND `display` = 1 AND `status` = 1 ORDER BY update_time desc LIMIT 5   [ RunTime:0.0000s ]
NOTIC: [2] Invalid argument supplied for foreach() D:\WWW\LSGOstudy\lsgo\Application\Blog\Model\DocumentModel.class.php 第 41 行.
SQL: SELECT COUNT(*) AS tp_count FROM `lsgoweb_document` WHERE `category_id` = 5 AND `display` = 1 AND `status` = 1 LIMIT 1   [ RunTime:0.0010s ]
INFO: [ view_parse ] --START--
INFO: [ template_filter ] --START--
INFO: Run Behavior\ContentReplaceBehavior [ RunTime:0.000000s ]
INFO: [ template_filter ] --END-- [ RunTime:0.000000s ]
NOTIC: [8] Undefined index: class D:\WWW\LSGOstudy\lsgo\Runtime\Cache\Blog\da38aaaeab14a3f431ea394c96895f42.php 第 74 行.
NOTIC: [8] Undefined index: class D:\WWW\LSGOstudy\lsgo\Runtime\Cache\Blog\da38aaaeab14a3f431ea394c96895f42.php 第 74 行.
NOTIC: [8] Undefined index: class D:\WWW\LSGOstudy\lsgo\Runtime\Cache\Blog\da38aaaeab14a3f431ea394c96895f42.php 第 74 行.
NOTIC: [8] Undefined index: class D:\WWW\LSGOstudy\lsgo\Runtime\Cache\Blog\da38aaaeab14a3f431ea394c96895f42.php 第 74 行.
SQL: SHOW COLUMNS FROM `lsgoweb_ucenter_member` [ RunTime:0.0090s ]
SQL: SELECT `id`,`head_picture_id`,`username` FROM `lsgoweb_ucenter_member` WHERE `id` = null LIMIT 1   [ RunTime:0.0010s ]
SQL: SELECT `path` FROM `lsgoweb_picture` WHERE `id` = null LIMIT 1   [ RunTime:0.0000s ]
NOTIC: [8] Undefined index: class D:\WWW\LSGOstudy\lsgo\Runtime\Cache\Blog\da38aaaeab14a3f431ea394c96895f42.php 第 120 行.
NOTIC: [8] Undefined index: class D:\WWW\LSGOstudy\lsgo\Runtime\Cache\Blog\da38aaaeab14a3f431ea394c96895f42.php 第 120 行.
NOTIC: [8] Undefined index: class D:\WWW\LSGOstudy\lsgo\Runtime\Cache\Blog\da38aaaeab14a3f431ea394c96895f42.php 第 120 行.
INFO: Run Behavior\ParseTemplateBehavior [ RunTime:0.054003s ]
INFO: [ view_parse ] --END-- [ RunTime:0.054003s ]
INFO: [ view_filter ] --START--
INFO: Run Behavior\WriteHtmlCacheBehavior [ RunTime:0.001000s ]
INFO: [ view_filter ] --END-- [ RunTime:0.001000s ]
INFO: [ app_end ] --START--
INFO: Run Behavior\ShowPageTraceBehavior [ RunTime:0.001000s ]
INFO: [ app_end ] --END-- [ RunTime:0.001000s ]

[ 2016-09-26T21:18:25+08:00 ] ::1 /LSGOstudy/lsgo/index.php?s=/Blog/Index/index/category/2.html
INFO: [ app_init ] --START--
INFO: Run Behavior\BuildLiteBehavior [ RunTime:0.000000s ]
INFO: Run Common\Behavior\InitHookBehavior [ RunTime:0.005001s ]
INFO: [ app_init ] --END-- [ RunTime:0.006001s ]
INFO: [ app_begin ] --START--
INFO: Run Behavior\ReadHtmlCacheBehavior [ RunTime:0.001000s ]
INFO: [ app_begin ] --END-- [ RunTime:0.001000s ]
SQL: SHOW COLUMNS FROM `lsgoweb_channel` [ RunTime:0.0100s ]
SQL: SELECT `title`,`url` FROM `lsgoweb_channel` WHERE `status` = 1 ORDER BY sort  [ RunTime:0.0010s ]
SQL: SHOW COLUMNS FROM `lsgoweb_category` [ RunTime:0.0100s ]
SQL: SELECT `title` FROM `lsgoweb_category` WHERE ( id=2 ) LIMIT 1   [ RunTime:0.0010s ]
SQL: SHOW COLUMNS FROM `lsgoweb_category` [ RunTime:0.0100s ]
SQL: SELECT `id`,`title` FROM `lsgoweb_category` WHERE `status` = 1 AND `pid` = 1 ORDER BY sort  [ RunTime:0.0010s ]
SQL: SHOW COLUMNS FROM `lsgoweb_picture` [ RunTime:0.0090s ]
SQL: SELECT `icon` FROM `lsgoweb_category` WHERE `id` = 2 LIMIT 1   [ RunTime:0.0010s ]
SQL: SELECT `path` FROM `lsgoweb_picture` WHERE `id` = 12 LIMIT 1   [ RunTime:0.0000s ]
SQL: SHOW COLUMNS FROM `lsgoweb_blog_article_tag` [ RunTime:0.0100s ]
SQL: SHOW COLUMNS FROM `lsgoweb_blog_article_tag` [ RunTime:0.0090s ]
SQL: SELECT `id`,`tag_name`,`tag_picture_id` FROM `lsgoweb_blog_article_tag` WHERE `status` = 1 AND `category_id` = 2 ORDER BY sort  [ RunTime:0.0000s ]
SQL: SELECT `path` FROM `lsgoweb_picture` WHERE `id` = 4 LIMIT 1   [ RunTime:0.0000s ]
SQL: SELECT `path` FROM `lsgoweb_picture` WHERE `id` = 5 LIMIT 1   [ RunTime:0.0010s ]
SQL: SELECT `path` FROM `lsgoweb_picture` WHERE `id` = 6 LIMIT 1   [ RunTime:0.0000s ]
SQL: SELECT `path` FROM `lsgoweb_picture` WHERE `id` = 7 LIMIT 1   [ RunTime:0.0000s ]
SQL: SELECT `path` FROM `lsgoweb_picture` WHERE `id` = 8 LIMIT 1   [ RunTime:0.0000s ]
SQL: SELECT `path` FROM `lsgoweb_picture` WHERE `id` = 9 LIMIT 1   [ RunTime:0.0000s ]
SQL: SELECT `path` FROM `lsgoweb_picture` WHERE `id` = 10 LIMIT 1   [ RunTime:0.0000s ]
SQL: SELECT `path` FROM `lsgoweb_picture` WHERE `id` = 11 LIMIT 1   [ RunTime:0.0000s ]
SQL: SHOW COLUMNS FROM `lsgoweb_document` [ RunTime:0.0090s ]
SQL: SELECT `id`,`title`,`category_id`,`create_time` FROM `lsgoweb_document` WHERE `category_id` = 2 AND `display` = 1 AND `status` = 1 ORDER BY update_time desc LIMIT 5   [ RunTime:0.0010s ]
SQL: SELECT COUNT(*) AS tp_count FROM `lsgoweb_document` WHERE `category_id` = 2 AND `display` = 1 AND `status` = 1 LIMIT 1   [ RunTime:0.0000s ]
INFO: [ view_parse ] --START--
INFO: [ template_filter ] --START--
INFO: Run Behavior\ContentReplaceBehavior [ RunTime:0.001000s ]
INFO: [ template_filter ] --END-- [ RunTime:0.001000s ]
NOTIC: [8] Undefined index: class D:\WWW\LSGOstudy\lsgo\Runtime\Cache\Blog\da38aaaeab14a3f431ea394c96895f42.php 第 74 行.
NOTIC: [8] Undefined index: class D:\WWW\LSGOstudy\lsgo\Runtime\Cache\Blog\da38aaaeab14a3f431ea394c96895f42.php 第 74 行.
NOTIC: [8] Undefined index: class D:\WWW\LSGOstudy\lsgo\Runtime\Cache\Blog\da38aaaeab14a3f431ea394c96895f42.php 第 74 行.
NOTIC: [8] Undefined index: class D:\WWW\LSGOstudy\lsgo\Runtime\Cache\Blog\da38aaaeab14a3f431ea394c96895f42.php 第 74 行.
SQL: SHOW COLUMNS FROM `lsgoweb_ucenter_member` [ RunTime:0.0100s ]
SQL: SELECT `id`,`head_picture_id`,`username` FROM `lsgoweb_ucenter_member` WHERE `id` = null LIMIT 1   [ RunTime:0.0000s ]
SQL: SELECT `path` FROM `lsgoweb_picture` WHERE `id` = null LIMIT 1   [ RunTime:0.0000s ]
NOTIC: [8] Undefined index: class D:\WWW\LSGOstudy\lsgo\Runtime\Cache\Blog\da38aaaeab14a3f431ea394c96895f42.php 第 120 行.
NOTIC: [8] Undefined index: class D:\WWW\LSGOstudy\lsgo\Runtime\Cache\Blog\da38aaaeab14a3f431ea394c96895f42.php 第 120 行.
NOTIC: [8] Undefined index: class D:\WWW\LSGOstudy\lsgo\Runtime\Cache\Blog\da38aaaeab14a3f431ea394c96895f42.php 第 120 行.
NOTIC: [8] Undefined index: class D:\WWW\LSGOstudy\lsgo\Runtime\Cache\Blog\da38aaaeab14a3f431ea394c96895f42.php 第 163 行.
NOTIC: [8] Undefined index: class D:\WWW\LSGOstudy\lsgo\Runtime\Cache\Blog\da38aaaeab14a3f431ea394c96895f42.php 第 163 行.
NOTIC: [8] Undefined index: class D:\WWW\LSGOstudy\lsgo\Runtime\Cache\Blog\da38aaaeab14a3f431ea394c96895f42.php 第 163 行.
NOTIC: [8] Undefined index: class D:\WWW\LSGOstudy\lsgo\Runtime\Cache\Blog\da38aaaeab14a3f431ea394c96895f42.php 第 163 行.
NOTIC: [8] Undefined index: class D:\WWW\LSGOstudy\lsgo\Runtime\Cache\Blog\da38aaaeab14a3f431ea394c96895f42.php 第 163 行.
NOTIC: [8] Undefined index: class D:\WWW\LSGOstudy\lsgo\Runtime\Cache\Blog\da38aaaeab14a3f431ea394c96895f42.php 第 163 行.
NOTIC: [8] Undefined index: class D:\WWW\LSGOstudy\lsgo\Runtime\Cache\Blog\da38aaaeab14a3f431ea394c96895f42.php 第 163 行.
NOTIC: [8] Undefined index: class D:\WWW\LSGOstudy\lsgo\Runtime\Cache\Blog\da38aaaeab14a3f431ea394c96895f42.php 第 163 行.
INFO: Run Behavior\ParseTemplateBehavior [ RunTime:0.038002s ]
INFO: [ view_parse ] --END-- [ RunTime:0.038002s ]
INFO: [ view_filter ] --START--
INFO: Run Behavior\WriteHtmlCacheBehavior [ RunTime:0.001000s ]
INFO: [ view_filter ] --END-- [ RunTime:0.001000s ]
INFO: [ app_end ] --START--
INFO: Run Behavior\ShowPageTraceBehavior [ RunTime:0.002000s ]
INFO: [ app_end ] --END-- [ RunTime:0.002000s ]

[ 2016-09-26T21:18:26+08:00 ] ::1 /LSGOstudy/lsgo/index.php?s=/Blog/Index/index.html
INFO: [ app_init ] --START--
INFO: Run Behavior\BuildLiteBehavior [ RunTime:0.000000s ]
INFO: Run Common\Behavior\InitHookBehavior [ RunTime:0.003000s ]
INFO: [ app_init ] --END-- [ RunTime:0.003000s ]
INFO: [ app_begin ] --START--
INFO: Run Behavior\ReadHtmlCacheBehavior [ RunTime:0.001000s ]
INFO: [ app_begin ] --END-- [ RunTime:0.001000s ]
SQL: SHOW COLUMNS FROM `lsgoweb_channel` [ RunTime:0.0080s ]
SQL: SELECT `title`,`url` FROM `lsgoweb_channel` WHERE `status` = 1 ORDER BY sort  [ RunTime:0.0000s ]
SQL: SHOW COLUMNS FROM `lsgoweb_category` [ RunTime:0.0090s ]
SQL: SELECT `title` FROM `lsgoweb_category` WHERE ( id=2 ) LIMIT 1   [ RunTime:0.0000s ]
SQL: SHOW COLUMNS FROM `lsgoweb_category` [ RunTime:0.0100s ]
SQL: SELECT `id`,`title` FROM `lsgoweb_category` WHERE `status` = 1 AND `pid` = 1 ORDER BY sort  [ RunTime:0.0000s ]
SQL: SHOW COLUMNS FROM `lsgoweb_picture` [ RunTime:0.0090s ]
SQL: SELECT `icon` FROM `lsgoweb_category` WHERE `id` = 2 LIMIT 1   [ RunTime:0.0000s ]
SQL: SELECT `path` FROM `lsgoweb_picture` WHERE `id` = 12 LIMIT 1   [ RunTime:0.0000s ]
SQL: SHOW COLUMNS FROM `lsgoweb_blog_article_tag` [ RunTime:0.0080s ]
SQL: SHOW COLUMNS FROM `lsgoweb_blog_article_tag` [ RunTime:0.0090s ]
SQL: SELECT `id`,`tag_name`,`tag_picture_id` FROM `lsgoweb_blog_article_tag` WHERE `status` = 1 AND `category_id` = 2 ORDER BY sort  [ RunTime:0.0000s ]
SQL: SELECT `path` FROM `lsgoweb_picture` WHERE `id` = 4 LIMIT 1   [ RunTime:0.0000s ]
SQL: SELECT `path` FROM `lsgoweb_picture` WHERE `id` = 5 LIMIT 1   [ RunTime:0.0000s ]
SQL: SELECT `path` FROM `lsgoweb_picture` WHERE `id` = 6 LIMIT 1   [ RunTime:0.0000s ]
SQL: SELECT `path` FROM `lsgoweb_picture` WHERE `id` = 7 LIMIT 1   [ RunTime:0.0000s ]
SQL: SELECT `path` FROM `lsgoweb_picture` WHERE `id` = 8 LIMIT 1   [ RunTime:0.0000s ]
SQL: SELECT `path` FROM `lsgoweb_picture` WHERE `id` = 9 LIMIT 1   [ RunTime:0.0010s ]
SQL: SELECT `path` FROM `lsgoweb_picture` WHERE `id` = 10 LIMIT 1   [ RunTime:0.0000s ]
SQL: SELECT `path` FROM `lsgoweb_picture` WHERE `id` = 11 LIMIT 1   [ RunTime:0.0000s ]
SQL: SHOW COLUMNS FROM `lsgoweb_document` [ RunTime:0.0090s ]
SQL: SELECT `id`,`title`,`category_id`,`create_time` FROM `lsgoweb_document` WHERE `category_id` = 2 AND `display` = 1 AND `status` = 1 ORDER BY update_time desc LIMIT 5   [ RunTime:0.0000s ]
SQL: SELECT COUNT(*) AS tp_count FROM `lsgoweb_document` WHERE `category_id` = 2 AND `display` = 1 AND `status` = 1 LIMIT 1   [ RunTime:0.0010s ]
INFO: [ view_parse ] --START--
INFO: [ template_filter ] --START--
INFO: Run Behavior\ContentReplaceBehavior [ RunTime:0.000000s ]
INFO: [ template_filter ] --END-- [ RunTime:0.000000s ]
NOTIC: [8] Undefined index: class D:\WWW\LSGOstudy\lsgo\Runtime\Cache\Blog\da38aaaeab14a3f431ea394c96895f42.php 第 74 行.
NOTIC: [8] Undefined index: class D:\WWW\LSGOstudy\lsgo\Runtime\Cache\Blog\da38aaaeab14a3f431ea394c96895f42.php 第 74 行.
NOTIC: [8] Undefined index: class D:\WWW\LSGOstudy\lsgo\Runtime\Cache\Blog\da38aaaeab14a3f431ea394c96895f42.php 第 74 行.
NOTIC: [8] Undefined index: class D:\WWW\LSGOstudy\lsgo\Runtime\Cache\Blog\da38aaaeab14a3f431ea394c96895f42.php 第 74 行.
SQL: SHOW COLUMNS FROM `lsgoweb_ucenter_member` [ RunTime:0.0090s ]
SQL: SELECT `id`,`head_picture_id`,`username` FROM `lsgoweb_ucenter_member` WHERE `id` = null LIMIT 1   [ RunTime:0.0010s ]
SQL: SELECT `path` FROM `lsgoweb_picture` WHERE `id` = null LIMIT 1   [ RunTime:0.0000s ]
NOTIC: [8] Undefined index: class D:\WWW\LSGOstudy\lsgo\Runtime\Cache\Blog\da38aaaeab14a3f431ea394c96895f42.php 第 120 行.
NOTIC: [8] Undefined index: class D:\WWW\LSGOstudy\lsgo\Runtime\Cache\Blog\da38aaaeab14a3f431ea394c96895f42.php 第 120 行.
NOTIC: [8] Undefined index: class D:\WWW\LSGOstudy\lsgo\Runtime\Cache\Blog\da38aaaeab14a3f431ea394c96895f42.php 第 120 行.
NOTIC: [8] Undefined index: class D:\WWW\LSGOstudy\lsgo\Runtime\Cache\Blog\da38aaaeab14a3f431ea394c96895f42.php 第 167 行.
NOTIC: [8] Undefined index: class D:\WWW\LSGOstudy\lsgo\Runtime\Cache\Blog\da38aaaeab14a3f431ea394c96895f42.php 第 167 行.
NOTIC: [8] Undefined index: class D:\WWW\LSGOstudy\lsgo\Runtime\Cache\Blog\da38aaaeab14a3f431ea394c96895f42.php 第 167 行.
NOTIC: [8] Undefined index: class D:\WWW\LSGOstudy\lsgo\Runtime\Cache\Blog\da38aaaeab14a3f431ea394c96895f42.php 第 167 行.
NOTIC: [8] Undefined index: class D:\WWW\LSGOstudy\lsgo\Runtime\Cache\Blog\da38aaaeab14a3f431ea394c96895f42.php 第 167 行.
NOTIC: [8] Undefined index: class D:\WWW\LSGOstudy\lsgo\Runtime\Cache\Blog\da38aaaeab14a3f431ea394c96895f42.php 第 167 行.
NOTIC: [8] Undefined index: class D:\WWW\LSGOstudy\lsgo\Runtime\Cache\Blog\da38aaaeab14a3f431ea394c96895f42.php 第 167 行.
NOTIC: [8] Undefined index: class D:\WWW\LSGOstudy\lsgo\Runtime\Cache\Blog\da38aaaeab14a3f431ea394c96895f42.php 第 167 行.
INFO: Run Behavior\ParseTemplateBehavior [ RunTime:0.056003s ]
INFO: [ view_parse ] --END-- [ RunTime:0.056003s ]
INFO: [ view_filter ] --START--
INFO: Run Behavior\WriteHtmlCacheBehavior [ RunTime:0.001000s ]
INFO: [ view_filter ] --END-- [ RunTime:0.002000s ]
INFO: [ app_end ] --START--
INFO: Run Behavior\ShowPageTraceBehavior [ RunTime:0.001000s ]
INFO: [ app_end ] --END-- [ RunTime:0.001000s ]

[ 2016-09-26T21:18:29+08:00 ] ::1 /LSGOstudy/lsgo/index.php?s=/Blog/Article/index/id/15.html
INFO: [ app_init ] --START--
INFO: Run Behavior\BuildLiteBehavior [ RunTime:0.000000s ]
INFO: Run Common\Behavior\InitHookBehavior [ RunTime:0.002001s ]
INFO: [ app_init ] --END-- [ RunTime:0.003001s ]
INFO: [ app_begin ] --START--
INFO: Run Behavior\ReadHtmlCacheBehavior [ RunTime:0.000000s ]
INFO: [ app_begin ] --END-- [ RunTime:0.000000s ]
SQL: SHOW COLUMNS FROM `lsgoweb_channel` [ RunTime:0.0080s ]
SQL: SELECT `title`,`url` FROM `lsgoweb_channel` WHERE `status` = 1 ORDER BY sort  [ RunTime:0.0000s ]
SQL: SHOW COLUMNS FROM `lsgoweb_category` [ RunTime:0.0090s ]
SQL: SELECT `id`,`title` FROM `lsgoweb_category` WHERE `status` = 1 AND `pid` = 1 ORDER BY sort  [ RunTime:0.0000s ]
SQL: SHOW COLUMNS FROM `lsgoweb_document` [ RunTime:0.0100s ]
SQL: SHOW COLUMNS FROM `lsgoweb_document` [ RunTime:0.0090s ]
SQL: SHOW COLUMNS FROM `lsgoweb_document_article` [ RunTime:0.0360s ]
SQL: SHOW COLUMNS FROM `lsgoweb_ucenter_member` [ RunTime:0.0090s ]
SQL: SHOW COLUMNS FROM `lsgoweb_picture` [ RunTime:0.0090s ]
SQL: SHOW COLUMNS FROM `lsgoweb_blog_article_tag` [ RunTime:0.0090s ]
SQL: SELECT `id`,`tag_ids`,`uid`,`title`,`description`,`view`,`comment`,`create_time` FROM `lsgoweb_document` WHERE `id` = 15 AND `status` = 1 AND `display` = 1 LIMIT 1   [ RunTime:0.0000s ]
SQL: SELECT `username` FROM `lsgoweb_ucenter_member` WHERE `id` = 1 LIMIT 1   [ RunTime:0.0080s ]
SQL: SELECT `head_picture_id` FROM `lsgoweb_ucenter_member` WHERE `id` = 1 LIMIT 1   [ RunTime:0.0010s ]
SQL: SELECT `path` FROM `lsgoweb_picture` WHERE `id` = 15 LIMIT 1   [ RunTime:0.0000s ]
SQL: SELECT `content` FROM `lsgoweb_document_article` WHERE `id` = 15 LIMIT 1   [ RunTime:0.0100s ]
SQL: SELECT `bookmark` FROM `lsgoweb_document_article` WHERE `id` = 15 LIMIT 1   [ RunTime:0.0000s ]
SQL: SELECT `mdeditor` FROM `lsgoweb_document_article` WHERE `id` = 15 LIMIT 1   [ RunTime:0.0010s ]
SQL: SELECT `like` FROM `lsgoweb_document_article` WHERE `id` = 15 LIMIT 1   [ RunTime:0.0000s ]
SQL: SELECT `tag_name` FROM `lsgoweb_blog_article_tag` WHERE `id` = 1 LIMIT 1   [ RunTime:0.0000s ]
SQL: SELECT `defualt_tag_id`,`category_id` FROM `lsgoweb_document` WHERE `id` = 15 LIMIT 1   [ RunTime:0.0000s ]
SQL: SHOW COLUMNS FROM `lsgoweb_category` [ RunTime:0.0090s ]
SQL: SELECT `title` FROM `lsgoweb_category` WHERE `id` = 2 LIMIT 1   [ RunTime:0.0000s ]
SQL: SELECT `tag_name` FROM `lsgoweb_blog_article_tag` WHERE `id` = 1 LIMIT 1   [ RunTime:0.0010s ]
SQL: SELECT `username`,`head_picture_id` FROM `lsgoweb_ucenter_member` WHERE `id` = 1 LIMIT 1   [ RunTime:0.0000s ]
SQL: SELECT `path` FROM `lsgoweb_picture` WHERE `id` = 15 LIMIT 1   [ RunTime:0.0000s ]
SQL: SELECT `id`,`title` FROM `lsgoweb_document` WHERE `status` = 1 AND `uid` = 1 ORDER BY create_time desc LIMIT 10   [ RunTime:0.0010s ]
NOTIC: [2048] Declaration of Common\Model\CommentModel::comment() should be compatible with that of Think\Model::comment() D:\WWW\LSGOstudy\lsgo\Application\Common\Model\CommentModel.class.php 第 78 行.
SQL: SHOW COLUMNS FROM `lsgoweb_comment` [ RunTime:0.0330s ]
SQL: SHOW COLUMNS FROM `lsgoweb_comment` [ RunTime:0.0090s ]
SQL: SELECT `id`,`user_id`,`create_time`,`comment`,`pid` FROM `lsgoweb_comment` WHERE `relative_content` = 15 AND `status` = 1 AND `pid` = 0 AND `relative_table` = 'lsgoweb_document'  [ RunTime:0.0000s ]
NOTIC: [2] Invalid argument supplied for foreach() D:\WWW\LSGOstudy\lsgo\Application\Common\Model\CommentModel.class.php 第 46 行.
SQL: SELECT `view` FROM `lsgoweb_document` WHERE `id` = 15 LIMIT 1   [ RunTime:0.0010s ]
SQL: UPDATE `lsgoweb_document` SET `view`='1' WHERE `id` = 15 [ RunTime:0.0000s ]
INFO: [ view_parse ] --START--
INFO: [ template_filter ] --START--
INFO: Run Behavior\ContentReplaceBehavior [ RunTime:0.000000s ]
INFO: [ template_filter ] --END-- [ RunTime:0.000000s ]
NOTIC: [8] Undefined index: class D:\WWW\LSGOstudy\lsgo\Runtime\Cache\Blog\b740330461a9ce3eea10ae3c895bd5b7.php 第 43 行.
NOTIC: [8] Undefined index: class D:\WWW\LSGOstudy\lsgo\Runtime\Cache\Blog\b740330461a9ce3eea10ae3c895bd5b7.php 第 43 行.
NOTIC: [8] Undefined index: class D:\WWW\LSGOstudy\lsgo\Runtime\Cache\Blog\b740330461a9ce3eea10ae3c895bd5b7.php 第 43 行.
NOTIC: [8] Undefined index: class D:\WWW\LSGOstudy\lsgo\Runtime\Cache\Blog\b740330461a9ce3eea10ae3c895bd5b7.php 第 43 行.
SQL: SELECT `id`,`head_picture_id`,`username` FROM `lsgoweb_ucenter_member` WHERE `id` = null LIMIT 1   [ RunTime:0.0000s ]
SQL: SELECT `path` FROM `lsgoweb_picture` WHERE `id` = null LIMIT 1   [ RunTime:0.0010s ]
NOTIC: [8] Undefined index: class D:\WWW\LSGOstudy\lsgo\Runtime\Cache\Blog\b740330461a9ce3eea10ae3c895bd5b7.php 第 89 行.
NOTIC: [8] Undefined index: class D:\WWW\LSGOstudy\lsgo\Runtime\Cache\Blog\b740330461a9ce3eea10ae3c895bd5b7.php 第 89 行.
NOTIC: [8] Undefined index: class D:\WWW\LSGOstudy\lsgo\Runtime\Cache\Blog\b740330461a9ce3eea10ae3c895bd5b7.php 第 89 行.
NOTIC: [8] Undefined index: class D:\WWW\LSGOstudy\lsgo\Runtime\Cache\Blog\b740330461a9ce3eea10ae3c895bd5b7.php 第 89 行.
NOTIC: [8] Undefined variable: islogin D:\WWW\LSGOstudy\lsgo\Runtime\Cache\Blog\b740330461a9ce3eea10ae3c895bd5b7.php 第 332 行.
NOTIC: [8] Undefined variable: islogin D:\WWW\LSGOstudy\lsgo\Runtime\Cache\Blog\b740330461a9ce3eea10ae3c895bd5b7.php 第 334 行.
INFO: Run Behavior\ParseTemplateBehavior [ RunTime:0.083005s ]
INFO: [ view_parse ] --END-- [ RunTime:0.083005s ]
INFO: [ view_filter ] --START--
INFO: Run Behavior\WriteHtmlCacheBehavior [ RunTime:0.001000s ]
INFO: [ view_filter ] --END-- [ RunTime:0.001000s ]
INFO: [ app_end ] --START--
INFO: Run Behavior\ShowPageTraceBehavior [ RunTime:0.002000s ]
INFO: [ app_end ] --END-- [ RunTime:0.002000s ]

[ 2016-09-26T21:18:36+08:00 ] ::1 /LSGOstudy/lsgo/index.php?s=/Blog/Index/index.html
INFO: [ app_init ] --START--
INFO: Run Behavior\BuildLiteBehavior [ RunTime:0.000000s ]
INFO: Run Common\Behavior\InitHookBehavior [ RunTime:0.005000s ]
INFO: [ app_init ] --END-- [ RunTime:0.006000s ]
INFO: [ app_begin ] --START--
INFO: Run Behavior\ReadHtmlCacheBehavior [ RunTime:0.001000s ]
INFO: [ app_begin ] --END-- [ RunTime:0.001000s ]
SQL: SHOW COLUMNS FROM `lsgoweb_channel` [ RunTime:0.0080s ]
SQL: SELECT `title`,`url` FROM `lsgoweb_channel` WHERE `status` = 1 ORDER BY sort  [ RunTime:0.0000s ]
SQL: SHOW COLUMNS FROM `lsgoweb_category` [ RunTime:0.0090s ]
SQL: SELECT `title` FROM `lsgoweb_category` WHERE ( id=2 ) LIMIT 1   [ RunTime:0.0010s ]
SQL: SHOW COLUMNS FROM `lsgoweb_category` [ RunTime:0.0090s ]
SQL: SELECT `id`,`title` FROM `lsgoweb_category` WHERE `status` = 1 AND `pid` = 1 ORDER BY sort  [ RunTime:0.0010s ]
SQL: SHOW COLUMNS FROM `lsgoweb_picture` [ RunTime:0.0080s ]
SQL: SELECT `icon` FROM `lsgoweb_category` WHERE `id` = 2 LIMIT 1   [ RunTime:0.0010s ]
SQL: SELECT `path` FROM `lsgoweb_picture` WHERE `id` = 12 LIMIT 1   [ RunTime:0.0000s ]
SQL: SHOW COLUMNS FROM `lsgoweb_blog_article_tag` [ RunTime:0.0080s ]
SQL: SHOW COLUMNS FROM `lsgoweb_blog_article_tag` [ RunTime:0.0000s ]
SQL: SELECT `id`,`tag_name`,`tag_picture_id` FROM `lsgoweb_blog_article_tag` WHERE `status` = 1 AND `category_id` = 2 ORDER BY sort  [ RunTime:0.0000s ]
SQL: SELECT `path` FROM `lsgoweb_picture` WHERE `id` = 4 LIMIT 1   [ RunTime:0.0000s ]
SQL: SELECT `path` FROM `lsgoweb_picture` WHERE `id` = 5 LIMIT 1   [ RunTime:0.0000s ]
SQL: SELECT `path` FROM `lsgoweb_picture` WHERE `id` = 6 LIMIT 1   [ RunTime:0.0000s ]
SQL: SELECT `path` FROM `lsgoweb_picture` WHERE `id` = 7 LIMIT 1   [ RunTime:0.0000s ]
SQL: SELECT `path` FROM `lsgoweb_picture` WHERE `id` = 8 LIMIT 1   [ RunTime:0.0000s ]
SQL: SELECT `path` FROM `lsgoweb_picture` WHERE `id` = 9 LIMIT 1   [ RunTime:0.0000s ]
SQL: SELECT `path` FROM `lsgoweb_picture` WHERE `id` = 10 LIMIT 1   [ RunTime:0.0000s ]
SQL: SELECT `path` FROM `lsgoweb_picture` WHERE `id` = 11 LIMIT 1   [ RunTime:0.0000s ]
SQL: SHOW COLUMNS FROM `lsgoweb_document` [ RunTime:0.0156s ]
SQL: SELECT `id`,`title`,`category_id`,`create_time` FROM `lsgoweb_document` WHERE `category_id` = 2 AND `display` = 1 AND `status` = 1 ORDER BY update_time desc LIMIT 5   [ RunTime:0.0000s ]
SQL: SELECT COUNT(*) AS tp_count FROM `lsgoweb_document` WHERE `category_id` = 2 AND `display` = 1 AND `status` = 1 LIMIT 1   [ RunTime:0.0000s ]
SQL: SELECT `id`,`category_id`,`title`,`update_time` FROM `lsgoweb_document` WHERE `category_id` = 2 AND `display` = 1 AND `status` = 1 AND `defualt_tag_id` = 2 ORDER BY create_time desc  [ RunTime:0.0000s ]

[ 2016-09-26T21:18:37+08:00 ] ::1 /LSGOstudy/lsgo/index.php?s=/Blog/Article/index/id/12.html
INFO: [ app_init ] --START--
INFO: Run Behavior\BuildLiteBehavior [ RunTime:0.000000s ]
INFO: Run Common\Behavior\InitHookBehavior [ RunTime:0.003000s ]
INFO: [ app_init ] --END-- [ RunTime:0.004000s ]
INFO: [ app_begin ] --START--
INFO: Run Behavior\ReadHtmlCacheBehavior [ RunTime:0.001000s ]
INFO: [ app_begin ] --END-- [ RunTime:0.001000s ]
SQL: SHOW COLUMNS FROM `lsgoweb_channel` [ RunTime:0.0110s ]
SQL: SELECT `title`,`url` FROM `lsgoweb_channel` WHERE `status` = 1 ORDER BY sort  [ RunTime:0.0000s ]
SQL: SHOW COLUMNS FROM `lsgoweb_category` [ RunTime:0.0120s ]
SQL: SELECT `id`,`title` FROM `lsgoweb_category` WHERE `status` = 1 AND `pid` = 1 ORDER BY sort  [ RunTime:0.0000s ]
SQL: SHOW COLUMNS FROM `lsgoweb_document` [ RunTime:0.0120s ]
SQL: SHOW COLUMNS FROM `lsgoweb_document` [ RunTime:0.0120s ]
SQL: SHOW COLUMNS FROM `lsgoweb_document_article` [ RunTime:0.0090s ]
SQL: SHOW COLUMNS FROM `lsgoweb_ucenter_member` [ RunTime:0.0080s ]
SQL: SHOW COLUMNS FROM `lsgoweb_picture` [ RunTime:0.0080s ]
SQL: SHOW COLUMNS FROM `lsgoweb_blog_article_tag` [ RunTime:0.0090s ]
SQL: SELECT `id`,`tag_ids`,`uid`,`title`,`description`,`view`,`comment`,`create_time` FROM `lsgoweb_document` WHERE `id` = 12 AND `status` = 1 AND `display` = 1 LIMIT 1   [ RunTime:0.0010s ]
SQL: SELECT `username` FROM `lsgoweb_ucenter_member` WHERE `id` = 1 LIMIT 1   [ RunTime:0.0000s ]
SQL: SELECT `head_picture_id` FROM `lsgoweb_ucenter_member` WHERE `id` = 1 LIMIT 1   [ RunTime:0.0010s ]
SQL: SELECT `path` FROM `lsgoweb_picture` WHERE `id` = 15 LIMIT 1   [ RunTime:0.0000s ]
SQL: SELECT `content` FROM `lsgoweb_document_article` WHERE `id` = 12 LIMIT 1   [ RunTime:0.0300s ]
SQL: SELECT `bookmark` FROM `lsgoweb_document_article` WHERE `id` = 12 LIMIT 1   [ RunTime:0.0000s ]
SQL: SELECT `mdeditor` FROM `lsgoweb_document_article` WHERE `id` = 12 LIMIT 1   [ RunTime:0.0000s ]
SQL: SELECT `like` FROM `lsgoweb_document_article` WHERE `id` = 12 LIMIT 1   [ RunTime:0.0000s ]
SQL: SELECT `tag_name` FROM `lsgoweb_blog_article_tag` WHERE `id` = 1 LIMIT 1   [ RunTime:0.0000s ]
SQL: SELECT `tag_name` FROM `lsgoweb_blog_article_tag` WHERE `id` = 2 LIMIT 1   [ RunTime:0.0010s ]
SQL: SELECT `defualt_tag_id`,`category_id` FROM `lsgoweb_document` WHERE `id` = 12 LIMIT 1   [ RunTime:0.0000s ]
SQL: SHOW COLUMNS FROM `lsgoweb_category` [ RunTime:0.0100s ]
SQL: SELECT `title` FROM `lsgoweb_category` WHERE `id` = 2 LIMIT 1   [ RunTime:0.0000s ]
SQL: SELECT `tag_name` FROM `lsgoweb_blog_article_tag` WHERE `id` = 2 LIMIT 1   [ RunTime:0.0010s ]
SQL: SELECT `username`,`head_picture_id` FROM `lsgoweb_ucenter_member` WHERE `id` = 1 LIMIT 1   [ RunTime:0.0000s ]
SQL: SELECT `path` FROM `lsgoweb_picture` WHERE `id` = 15 LIMIT 1   [ RunTime:0.0000s ]
SQL: SELECT `id`,`title` FROM `lsgoweb_document` WHERE `status` = 1 AND `uid` = 1 ORDER BY create_time desc LIMIT 10   [ RunTime:0.0010s ]
NOTIC: [2048] Declaration of Common\Model\CommentModel::comment() should be compatible with that of Think\Model::comment() D:\WWW\LSGOstudy\lsgo\Application\Common\Model\CommentModel.class.php 第 78 行.
SQL: SHOW COLUMNS FROM `lsgoweb_comment` [ RunTime:0.0090s ]
SQL: SHOW COLUMNS FROM `lsgoweb_comment` [ RunTime:0.0090s ]
SQL: SELECT `id`,`user_id`,`create_time`,`comment`,`pid` FROM `lsgoweb_comment` WHERE `relative_content` = 12 AND `status` = 1 AND `pid` = 0 AND `relative_table` = 'lsgoweb_document'  [ RunTime:0.0010s ]
NOTIC: [2] Invalid argument supplied for foreach() D:\WWW\LSGOstudy\lsgo\Application\Common\Model\CommentModel.class.php 第 46 行.
SQL: SELECT `view` FROM `lsgoweb_document` WHERE `id` = 12 LIMIT 1   [ RunTime:0.0000s ]
SQL: UPDATE `lsgoweb_document` SET `view`='1' WHERE `id` = 12 [ RunTime:0.0010s ]
INFO: [ view_parse ] --START--
INFO: [ template_filter ] --START--
INFO: Run Behavior\ContentReplaceBehavior [ RunTime:0.001000s ]
INFO: [ template_filter ] --END-- [ RunTime:0.001000s ]
NOTIC: [8] Undefined index: class D:\WWW\LSGOstudy\lsgo\Runtime\Cache\Blog\b740330461a9ce3eea10ae3c895bd5b7.php 第 43 行.
NOTIC: [8] Undefined index: class D:\WWW\LSGOstudy\lsgo\Runtime\Cache\Blog\b740330461a9ce3eea10ae3c895bd5b7.php 第 43 行.
NOTIC: [8] Undefined index: class D:\WWW\LSGOstudy\lsgo\Runtime\Cache\Blog\b740330461a9ce3eea10ae3c895bd5b7.php 第 43 行.
NOTIC: [8] Undefined index: class D:\WWW\LSGOstudy\lsgo\Runtime\Cache\Blog\b740330461a9ce3eea10ae3c895bd5b7.php 第 43 行.
SQL: SELECT `id`,`head_picture_id`,`username` FROM `lsgoweb_ucenter_member` WHERE `id` = null LIMIT 1   [ RunTime:0.0010s ]
SQL: SELECT `path` FROM `lsgoweb_picture` WHERE `id` = null LIMIT 1   [ RunTime:0.0000s ]
NOTIC: [8] Undefined index: class D:\WWW\LSGOstudy\lsgo\Runtime\Cache\Blog\b740330461a9ce3eea10ae3c895bd5b7.php 第 89 行.
NOTIC: [8] Undefined index: class D:\WWW\LSGOstudy\lsgo\Runtime\Cache\Blog\b740330461a9ce3eea10ae3c895bd5b7.php 第 89 行.
NOTIC: [8] Undefined index: class D:\WWW\LSGOstudy\lsgo\Runtime\Cache\Blog\b740330461a9ce3eea10ae3c895bd5b7.php 第 89 行.
NOTIC: [8] Undefined index: class D:\WWW\LSGOstudy\lsgo\Runtime\Cache\Blog\b740330461a9ce3eea10ae3c895bd5b7.php 第 89 行.
NOTIC: [8] Undefined variable: islogin D:\WWW\LSGOstudy\lsgo\Runtime\Cache\Blog\b740330461a9ce3eea10ae3c895bd5b7.php 第 332 行.
NOTIC: [8] Undefined variable: islogin D:\WWW\LSGOstudy\lsgo\Runtime\Cache\Blog\b740330461a9ce3eea10ae3c895bd5b7.php 第 334 行.
INFO: Run Behavior\ParseTemplateBehavior [ RunTime:0.039002s ]
INFO: [ view_parse ] --END-- [ RunTime:0.039002s ]
INFO: [ view_filter ] --START--
INFO: Run Behavior\WriteHtmlCacheBehavior [ RunTime:0.002000s ]
INFO: [ view_filter ] --END-- [ RunTime:0.002000s ]
INFO: [ app_end ] --START--
INFO: Run Behavior\ShowPageTraceBehavior [ RunTime:0.001000s ]
INFO: [ app_end ] --END-- [ RunTime:0.001000s ]

[ 2016-09-26T21:18:41+08:00 ] ::1 /LSGOstudy/lsgo/index.php?s=/Blog/Index/index.html
INFO: [ app_init ] --START--
INFO: Run Behavior\BuildLiteBehavior [ RunTime:0.000000s ]
INFO: Run Common\Behavior\InitHookBehavior [ RunTime:0.005000s ]
INFO: [ app_init ] --END-- [ RunTime:0.006000s ]
INFO: [ app_begin ] --START--
INFO: Run Behavior\ReadHtmlCacheBehavior [ RunTime:0.001000s ]
INFO: [ app_begin ] --END-- [ RunTime:0.001000s ]
SQL: SHOW COLUMNS FROM `lsgoweb_channel` [ RunTime:0.0100s ]
SQL: SELECT `title`,`url` FROM `lsgoweb_channel` WHERE `status` = 1 ORDER BY sort  [ RunTime:0.0000s ]
SQL: SHOW COLUMNS FROM `lsgoweb_category` [ RunTime:0.0100s ]
SQL: SELECT `title` FROM `lsgoweb_category` WHERE ( id=2 ) LIMIT 1   [ RunTime:0.0010s ]
SQL: SHOW COLUMNS FROM `lsgoweb_category` [ RunTime:0.0090s ]
SQL: SELECT `id`,`title` FROM `lsgoweb_category` WHERE `status` = 1 AND `pid` = 1 ORDER BY sort  [ RunTime:0.0010s ]
SQL: SHOW COLUMNS FROM `lsgoweb_picture` [ RunTime:0.0090s ]
SQL: SELECT `icon` FROM `lsgoweb_category` WHERE `id` = 2 LIMIT 1   [ RunTime:0.0000s ]
SQL: SELECT `path` FROM `lsgoweb_picture` WHERE `id` = 12 LIMIT 1   [ RunTime:0.0010s ]
SQL: SHOW COLUMNS FROM `lsgoweb_blog_article_tag` [ RunTime:0.0090s ]
SQL: SHOW COLUMNS FROM `lsgoweb_blog_article_tag` [ RunTime:0.0090s ]
SQL: SELECT `id`,`tag_name`,`tag_picture_id` FROM `lsgoweb_blog_article_tag` WHERE `status` = 1 AND `category_id` = 2 ORDER BY sort  [ RunTime:0.0010s ]
SQL: SELECT `path` FROM `lsgoweb_picture` WHERE `id` = 4 LIMIT 1   [ RunTime:0.0000s ]
SQL: SELECT `path` FROM `lsgoweb_picture` WHERE `id` = 5 LIMIT 1   [ RunTime:0.0000s ]
SQL: SELECT `path` FROM `lsgoweb_picture` WHERE `id` = 6 LIMIT 1   [ RunTime:0.0000s ]
SQL: SELECT `path` FROM `lsgoweb_picture` WHERE `id` = 7 LIMIT 1   [ RunTime:0.0010s ]
SQL: SELECT `path` FROM `lsgoweb_picture` WHERE `id` = 8 LIMIT 1   [ RunTime:0.0000s ]
SQL: SELECT `path` FROM `lsgoweb_picture` WHERE `id` = 9 LIMIT 1   [ RunTime:0.0000s ]
SQL: SELECT `path` FROM `lsgoweb_picture` WHERE `id` = 10 LIMIT 1   [ RunTime:0.0000s ]
SQL: SELECT `path` FROM `lsgoweb_picture` WHERE `id` = 11 LIMIT 1   [ RunTime:0.0000s ]
SQL: SHOW COLUMNS FROM `lsgoweb_document` [ RunTime:0.0090s ]
SQL: SELECT `id`,`title`,`category_id`,`create_time` FROM `lsgoweb_document` WHERE `category_id` = 2 AND `display` = 1 AND `status` = 1 ORDER BY update_time desc LIMIT 5   [ RunTime:0.0000s ]
SQL: SELECT COUNT(*) AS tp_count FROM `lsgoweb_document` WHERE `category_id` = 2 AND `display` = 1 AND `status` = 1 LIMIT 1   [ RunTime:0.0000s ]
INFO: [ view_parse ] --START--
INFO: [ template_filter ] --START--
INFO: Run Behavior\ContentReplaceBehavior [ RunTime:0.000000s ]
INFO: [ template_filter ] --END-- [ RunTime:0.000000s ]
NOTIC: [8] Undefined index: class D:\WWW\LSGOstudy\lsgo\Runtime\Cache\Blog\da38aaaeab14a3f431ea394c96895f42.php 第 74 行.
NOTIC: [8] Undefined index: class D:\WWW\LSGOstudy\lsgo\Runtime\Cache\Blog\da38aaaeab14a3f431ea394c96895f42.php 第 74 行.
NOTIC: [8] Undefined index: class D:\WWW\LSGOstudy\lsgo\Runtime\Cache\Blog\da38aaaeab14a3f431ea394c96895f42.php 第 74 行.
NOTIC: [8] Undefined index: class D:\WWW\LSGOstudy\lsgo\Runtime\Cache\Blog\da38aaaeab14a3f431ea394c96895f42.php 第 74 行.
SQL: SHOW COLUMNS FROM `lsgoweb_ucenter_member` [ RunTime:0.0090s ]
SQL: SELECT `id`,`head_picture_id`,`username` FROM `lsgoweb_ucenter_member` WHERE `id` = null LIMIT 1   [ RunTime:0.0000s ]
SQL: SELECT `path` FROM `lsgoweb_picture` WHERE `id` = null LIMIT 1   [ RunTime:0.0000s ]
NOTIC: [8] Undefined index: class D:\WWW\LSGOstudy\lsgo\Runtime\Cache\Blog\da38aaaeab14a3f431ea394c96895f42.php 第 120 行.
NOTIC: [8] Undefined index: class D:\WWW\LSGOstudy\lsgo\Runtime\Cache\Blog\da38aaaeab14a3f431ea394c96895f42.php 第 120 行.
NOTIC: [8] Undefined index: class D:\WWW\LSGOstudy\lsgo\Runtime\Cache\Blog\da38aaaeab14a3f431ea394c96895f42.php 第 120 行.
NOTIC: [8] Undefined index: class D:\WWW\LSGOstudy\lsgo\Runtime\Cache\Blog\da38aaaeab14a3f431ea394c96895f42.php 第 167 行.
NOTIC: [8] Undefined index: class D:\WWW\LSGOstudy\lsgo\Runtime\Cache\Blog\da38aaaeab14a3f431ea394c96895f42.php 第 167 行.
NOTIC: [8] Undefined index: class D:\WWW\LSGOstudy\lsgo\Runtime\Cache\Blog\da38aaaeab14a3f431ea394c96895f42.php 第 167 行.
NOTIC: [8] Undefined index: class D:\WWW\LSGOstudy\lsgo\Runtime\Cache\Blog\da38aaaeab14a3f431ea394c96895f42.php 第 167 行.
NOTIC: [8] Undefined index: class D:\WWW\LSGOstudy\lsgo\Runtime\Cache\Blog\da38aaaeab14a3f431ea394c96895f42.php 第 167 行.
NOTIC: [8] Undefined index: class D:\WWW\LSGOstudy\lsgo\Runtime\Cache\Blog\da38aaaeab14a3f431ea394c96895f42.php 第 167 行.
NOTIC: [8] Undefined index: class D:\WWW\LSGOstudy\lsgo\Runtime\Cache\Blog\da38aaaeab14a3f431ea394c96895f42.php 第 167 行.
NOTIC: [8] Undefined index: class D:\WWW\LSGOstudy\lsgo\Runtime\Cache\Blog\da38aaaeab14a3f431ea394c96895f42.php 第 167 行.
INFO: Run Behavior\ParseTemplateBehavior [ RunTime:0.041002s ]
INFO: [ view_parse ] --END-- [ RunTime:0.041002s ]
INFO: [ view_filter ] --START--
INFO: Run Behavior\WriteHtmlCacheBehavior [ RunTime:0.002000s ]
INFO: [ view_filter ] --END-- [ RunTime:0.002000s ]
INFO: [ app_end ] --START--
INFO: Run Behavior\ShowPageTraceBehavior [ RunTime:0.001000s ]
INFO: [ app_end ] --END-- [ RunTime:0.001000s ]

[ 2016-09-26T21:18:47+08:00 ] ::1 /LSGOstudy/lsgo/index.php?s=/Blog/Index/index.html
INFO: [ app_init ] --START--
INFO: Run Behavior\BuildLiteBehavior [ RunTime:0.000000s ]
INFO: Run Common\Behavior\InitHookBehavior [ RunTime:0.004001s ]
INFO: [ app_init ] --END-- [ RunTime:0.005001s ]
INFO: [ app_begin ] --START--
INFO: Run Behavior\ReadHtmlCacheBehavior [ RunTime:0.001000s ]
INFO: [ app_begin ] --END-- [ RunTime:0.001000s ]
SQL: SHOW COLUMNS FROM `lsgoweb_channel` [ RunTime:0.0090s ]
SQL: SELECT `title`,`url` FROM `lsgoweb_channel` WHERE `status` = 1 ORDER BY sort  [ RunTime:0.0010s ]
SQL: SHOW COLUMNS FROM `lsgoweb_category` [ RunTime:0.0100s ]
SQL: SELECT `title` FROM `lsgoweb_category` WHERE ( id=2 ) LIMIT 1   [ RunTime:0.0000s ]
SQL: SHOW COLUMNS FROM `lsgoweb_category` [ RunTime:0.0100s ]
SQL: SELECT `id`,`title` FROM `lsgoweb_category` WHERE `status` = 1 AND `pid` = 1 ORDER BY sort  [ RunTime:0.0000s ]
SQL: SHOW COLUMNS FROM `lsgoweb_picture` [ RunTime:0.0090s ]
SQL: SELECT `icon` FROM `lsgoweb_category` WHERE `id` = 2 LIMIT 1   [ RunTime:0.0000s ]
SQL: SELECT `path` FROM `lsgoweb_picture` WHERE `id` = 12 LIMIT 1   [ RunTime:0.0000s ]
SQL: SHOW COLUMNS FROM `lsgoweb_blog_article_tag` [ RunTime:0.0090s ]
SQL: SHOW COLUMNS FROM `lsgoweb_blog_article_tag` [ RunTime:0.0080s ]
SQL: SELECT `id`,`tag_name`,`tag_picture_id` FROM `lsgoweb_blog_article_tag` WHERE `status` = 1 AND `category_id` = 2 ORDER BY sort  [ RunTime:0.0000s ]
SQL: SELECT `path` FROM `lsgoweb_picture` WHERE `id` = 4 LIMIT 1   [ RunTime:0.0010s ]
SQL: SELECT `path` FROM `lsgoweb_picture` WHERE `id` = 5 LIMIT 1   [ RunTime:0.0000s ]
SQL: SELECT `path` FROM `lsgoweb_picture` WHERE `id` = 6 LIMIT 1   [ RunTime:0.0000s ]
SQL: SELECT `path` FROM `lsgoweb_picture` WHERE `id` = 7 LIMIT 1   [ RunTime:0.0010s ]
SQL: SELECT `path` FROM `lsgoweb_picture` WHERE `id` = 8 LIMIT 1   [ RunTime:0.0000s ]
SQL: SELECT `path` FROM `lsgoweb_picture` WHERE `id` = 9 LIMIT 1   [ RunTime:0.0000s ]
SQL: SELECT `path` FROM `lsgoweb_picture` WHERE `id` = 10 LIMIT 1   [ RunTime:0.0010s ]
SQL: SELECT `path` FROM `lsgoweb_picture` WHERE `id` = 11 LIMIT 1   [ RunTime:0.0000s ]
SQL: SHOW COLUMNS FROM `lsgoweb_document` [ RunTime:0.0100s ]
SQL: SELECT `id`,`title`,`category_id`,`create_time` FROM `lsgoweb_document` WHERE `category_id` = 2 AND `display` = 1 AND `status` = 1 ORDER BY update_time desc LIMIT 5   [ RunTime:0.0000s ]
SQL: SELECT COUNT(*) AS tp_count FROM `lsgoweb_document` WHERE `category_id` = 2 AND `display` = 1 AND `status` = 1 LIMIT 1   [ RunTime:0.0000s ]
INFO: [ view_parse ] --START--
INFO: [ template_filter ] --START--
INFO: Run Behavior\ContentReplaceBehavior [ RunTime:0.000000s ]
INFO: [ template_filter ] --END-- [ RunTime:0.000000s ]
NOTIC: [8] Undefined index: class D:\WWW\LSGOstudy\lsgo\Runtime\Cache\Blog\da38aaaeab14a3f431ea394c96895f42.php 第 74 行.
NOTIC: [8] Undefined index: class D:\WWW\LSGOstudy\lsgo\Runtime\Cache\Blog\da38aaaeab14a3f431ea394c96895f42.php 第 74 行.
NOTIC: [8] Undefined index: class D:\WWW\LSGOstudy\lsgo\Runtime\Cache\Blog\da38aaaeab14a3f431ea394c96895f42.php 第 74 行.
NOTIC: [8] Undefined index: class D:\WWW\LSGOstudy\lsgo\Runtime\Cache\Blog\da38aaaeab14a3f431ea394c96895f42.php 第 74 行.
SQL: SHOW COLUMNS FROM `lsgoweb_ucenter_member` [ RunTime:0.0090s ]
SQL: SELECT `id`,`head_picture_id`,`username` FROM `lsgoweb_ucenter_member` WHERE `id` = null LIMIT 1   [ RunTime:0.0000s ]
SQL: SELECT `path` FROM `lsgoweb_picture` WHERE `id` = null LIMIT 1   [ RunTime:0.0010s ]
NOTIC: [8] Undefined index: class D:\WWW\LSGOstudy\lsgo\Runtime\Cache\Blog\da38aaaeab14a3f431ea394c96895f42.php 第 120 行.
NOTIC: [8] Undefined index: class D:\WWW\LSGOstudy\lsgo\Runtime\Cache\Blog\da38aaaeab14a3f431ea394c96895f42.php 第 120 行.
NOTIC: [8] Undefined index: class D:\WWW\LSGOstudy\lsgo\Runtime\Cache\Blog\da38aaaeab14a3f431ea394c96895f42.php 第 120 行.
NOTIC: [8] Undefined index: class D:\WWW\LSGOstudy\lsgo\Runtime\Cache\Blog\da38aaaeab14a3f431ea394c96895f42.php 第 167 行.
NOTIC: [8] Undefined index: class D:\WWW\LSGOstudy\lsgo\Runtime\Cache\Blog\da38aaaeab14a3f431ea394c96895f42.php 第 167 行.
NOTIC: [8] Undefined index: class D:\WWW\LSGOstudy\lsgo\Runtime\Cache\Blog\da38aaaeab14a3f431ea394c96895f42.php 第 167 行.
NOTIC: [8] Undefined index: class D:\WWW\LSGOstudy\lsgo\Runtime\Cache\Blog\da38aaaeab14a3f431ea394c96895f42.php 第 167 行.
NOTIC: [8] Undefined index: class D:\WWW\LSGOstudy\lsgo\Runtime\Cache\Blog\da38aaaeab14a3f431ea394c96895f42.php 第 167 行.
NOTIC: [8] Undefined index: class D:\WWW\LSGOstudy\lsgo\Runtime\Cache\Blog\da38aaaeab14a3f431ea394c96895f42.php 第 167 行.
NOTIC: [8] Undefined index: class D:\WWW\LSGOstudy\lsgo\Runtime\Cache\Blog\da38aaaeab14a3f431ea394c96895f42.php 第 167 行.
NOTIC: [8] Undefined index: class D:\WWW\LSGOstudy\lsgo\Runtime\Cache\Blog\da38aaaeab14a3f431ea394c96895f42.php 第 167 行.
INFO: Run Behavior\ParseTemplateBehavior [ RunTime:0.040003s ]
INFO: [ view_parse ] --END-- [ RunTime:0.040003s ]
INFO: [ view_filter ] --START--
INFO: Run Behavior\WriteHtmlCacheBehavior [ RunTime:0.001000s ]
INFO: [ view_filter ] --END-- [ RunTime:0.001000s ]
INFO: [ app_end ] --START--
INFO: Run Behavior\ShowPageTraceBehavior [ RunTime:0.002000s ]
INFO: [ app_end ] --END-- [ RunTime:0.002000s ]

[ 2016-09-26T21:23:33+08:00 ] ::1 /LSGOstudy/lsgo/index.php?s=/Blog/Index/index.html
INFO: [ app_init ] --START--
INFO: Run Behavior\BuildLiteBehavior [ RunTime:0.000000s ]
INFO: Run Common\Behavior\InitHookBehavior [ RunTime:0.005000s ]
INFO: [ app_init ] --END-- [ RunTime:0.006000s ]
INFO: [ app_begin ] --START--
INFO: Run Behavior\ReadHtmlCacheBehavior [ RunTime:0.001000s ]
INFO: [ app_begin ] --END-- [ RunTime:0.001000s ]
SQL: SHOW COLUMNS FROM `lsgoweb_channel` [ RunTime:0.0156s ]
SQL: SELECT `title`,`url` FROM `lsgoweb_channel` WHERE `status` = 1 ORDER BY sort  [ RunTime:0.0000s ]
SQL: SHOW COLUMNS FROM `lsgoweb_category` [ RunTime:0.0156s ]
SQL: SELECT `title` FROM `lsgoweb_category` WHERE ( id=2 ) LIMIT 1   [ RunTime:0.0000s ]
SQL: SHOW COLUMNS FROM `lsgoweb_category` [ RunTime:0.0000s ]
SQL: SELECT `id`,`title` FROM `lsgoweb_category` WHERE `status` = 1 AND `pid` = 1 ORDER BY sort  [ RunTime:0.0000s ]
SQL: SHOW COLUMNS FROM `lsgoweb_picture` [ RunTime:0.0176s ]
SQL: SELECT `icon` FROM `lsgoweb_category` WHERE `id` = 2 LIMIT 1   [ RunTime:0.0000s ]
SQL: SELECT `path` FROM `lsgoweb_picture` WHERE `id` = 12 LIMIT 1   [ RunTime:0.0000s ]
SQL: SHOW COLUMNS FROM `lsgoweb_blog_article_tag` [ RunTime:0.0156s ]
SQL: SHOW COLUMNS FROM `lsgoweb_blog_article_tag` [ RunTime:0.0000s ]
SQL: SELECT `id`,`tag_name`,`tag_picture_id` FROM `lsgoweb_blog_article_tag` WHERE `status` = 1 AND `category_id` = 2 ORDER BY sort  [ RunTime:0.0000s ]
SQL: SELECT `path` FROM `lsgoweb_picture` WHERE `id` = 4 LIMIT 1   [ RunTime:0.0000s ]
SQL: SELECT `path` FROM `lsgoweb_picture` WHERE `id` = 5 LIMIT 1   [ RunTime:0.0000s ]
SQL: SELECT `path` FROM `lsgoweb_picture` WHERE `id` = 6 LIMIT 1   [ RunTime:0.0000s ]
SQL: SELECT `path` FROM `lsgoweb_picture` WHERE `id` = 7 LIMIT 1   [ RunTime:0.0000s ]
SQL: SELECT `path` FROM `lsgoweb_picture` WHERE `id` = 8 LIMIT 1   [ RunTime:0.0000s ]
SQL: SELECT `path` FROM `lsgoweb_picture` WHERE `id` = 9 LIMIT 1   [ RunTime:0.0000s ]
SQL: SELECT `path` FROM `lsgoweb_picture` WHERE `id` = 10 LIMIT 1   [ RunTime:0.0000s ]
SQL: SELECT `path` FROM `lsgoweb_picture` WHERE `id` = 11 LIMIT 1   [ RunTime:0.0000s ]
SQL: SHOW COLUMNS FROM `lsgoweb_document` [ RunTime:0.0000s ]
SQL: SELECT `id`,`title`,`category_id`,`create_time` FROM `lsgoweb_document` WHERE `category_id` = 2 AND `display` = 1 AND `status` = 1 ORDER BY update_time desc LIMIT 5   [ RunTime:0.0000s ]
SQL: SELECT COUNT(*) AS tp_count FROM `lsgoweb_document` WHERE `category_id` = 2 AND `display` = 1 AND `status` = 1 LIMIT 1   [ RunTime:0.0000s ]
SQL: SELECT `id`,`category_id`,`title`,`update_time` FROM `lsgoweb_document` WHERE `category_id` = 2 AND `display` = 1 AND `status` = 1 AND `defualt_tag_id` = 6 ORDER BY create_time desc  [ RunTime:0.0000s ]
NOTIC: [2] Invalid argument supplied for foreach() D:\WWW\LSGOstudy\lsgo\Application\Blog\Model\DocumentModel.class.php 第 75 行.
NOTIC: [2] array_slice() expects parameter 1 to be array, null given D:\WWW\LSGOstudy\lsgo\Application\Blog\Model\DocumentModel.class.php 第 91 行.
NOTIC: [2] Invalid argument supplied for foreach() D:\WWW\LSGOstudy\lsgo\Application\Blog\Model\DocumentModel.class.php 第 110 行.

[ 2016-09-26T21:23:33+08:00 ] ::1 /LSGOstudy/lsgo/index.php?s=/Blog/Index/index.html
INFO: [ app_init ] --START--
INFO: Run Behavior\BuildLiteBehavior [ RunTime:0.000000s ]
INFO: Run Common\Behavior\InitHookBehavior [ RunTime:0.005000s ]
INFO: [ app_init ] --END-- [ RunTime:0.006000s ]
INFO: [ app_begin ] --START--
INFO: Run Behavior\ReadHtmlCacheBehavior [ RunTime:0.001001s ]
INFO: [ app_begin ] --END-- [ RunTime:0.001001s ]
SQL: SHOW COLUMNS FROM `lsgoweb_channel` [ RunTime:0.0206s ]
SQL: SELECT `title`,`url` FROM `lsgoweb_channel` WHERE `status` = 1 ORDER BY sort  [ RunTime:0.0000s ]
SQL: SHOW COLUMNS FROM `lsgoweb_category` [ RunTime:0.0090s ]
SQL: SELECT `title` FROM `lsgoweb_category` WHERE ( id=2 ) LIMIT 1   [ RunTime:0.0010s ]
SQL: SHOW COLUMNS FROM `lsgoweb_category` [ RunTime:0.0090s ]
SQL: SELECT `id`,`title` FROM `lsgoweb_category` WHERE `status` = 1 AND `pid` = 1 ORDER BY sort  [ RunTime:0.0000s ]
SQL: SHOW COLUMNS FROM `lsgoweb_picture` [ RunTime:0.0090s ]
SQL: SELECT `icon` FROM `lsgoweb_category` WHERE `id` = 2 LIMIT 1   [ RunTime:0.0000s ]
SQL: SELECT `path` FROM `lsgoweb_picture` WHERE `id` = 12 LIMIT 1   [ RunTime:0.0000s ]
SQL: SHOW COLUMNS FROM `lsgoweb_blog_article_tag` [ RunTime:0.0090s ]
SQL: SHOW COLUMNS FROM `lsgoweb_blog_article_tag` [ RunTime:0.0100s ]
SQL: SELECT `id`,`tag_name`,`tag_picture_id` FROM `lsgoweb_blog_article_tag` WHERE `status` = 1 AND `category_id` = 2 ORDER BY sort  [ RunTime:0.0010s ]
SQL: SELECT `path` FROM `lsgoweb_picture` WHERE `id` = 4 LIMIT 1   [ RunTime:0.0000s ]
SQL: SELECT `path` FROM `lsgoweb_picture` WHERE `id` = 5 LIMIT 1   [ RunTime:0.0000s ]
SQL: SELECT `path` FROM `lsgoweb_picture` WHERE `id` = 6 LIMIT 1   [ RunTime:0.0000s ]
SQL: SELECT `path` FROM `lsgoweb_picture` WHERE `id` = 7 LIMIT 1   [ RunTime:0.0000s ]
SQL: SELECT `path` FROM `lsgoweb_picture` WHERE `id` = 8 LIMIT 1   [ RunTime:0.0000s ]
SQL: SELECT `path` FROM `lsgoweb_picture` WHERE `id` = 9 LIMIT 1   [ RunTime:0.0000s ]
SQL: SELECT `path` FROM `lsgoweb_picture` WHERE `id` = 10 LIMIT 1   [ RunTime:0.0000s ]
SQL: SELECT `path` FROM `lsgoweb_picture` WHERE `id` = 11 LIMIT 1   [ RunTime:0.0000s ]
SQL: SHOW COLUMNS FROM `lsgoweb_document` [ RunTime:0.0090s ]
SQL: SELECT `id`,`title`,`category_id`,`create_time` FROM `lsgoweb_document` WHERE `category_id` = 2 AND `display` = 1 AND `status` = 1 ORDER BY update_time desc LIMIT 5   [ RunTime:0.0000s ]
SQL: SELECT COUNT(*) AS tp_count FROM `lsgoweb_document` WHERE `category_id` = 2 AND `display` = 1 AND `status` = 1 LIMIT 1   [ RunTime:0.0000s ]
SQL: SELECT `id`,`category_id`,`title`,`update_time` FROM `lsgoweb_document` WHERE `category_id` = 2 AND `display` = 1 AND `status` = 1 AND `defualt_tag_id` = 3 ORDER BY create_time desc  [ RunTime:0.0000s ]

[ 2016-09-26T21:23:34+08:00 ] ::1 /LSGOstudy/lsgo/index.php?s=/Blog/Index/index.html
INFO: [ app_init ] --START--
INFO: Run Behavior\BuildLiteBehavior [ RunTime:0.000000s ]
INFO: Run Common\Behavior\InitHookBehavior [ RunTime:0.005000s ]
INFO: [ app_init ] --END-- [ RunTime:0.005000s ]
INFO: [ app_begin ] --START--
INFO: Run Behavior\ReadHtmlCacheBehavior [ RunTime:0.001000s ]
INFO: [ app_begin ] --END-- [ RunTime:0.001000s ]
SQL: SHOW COLUMNS FROM `lsgoweb_channel` [ RunTime:0.0090s ]
SQL: SELECT `title`,`url` FROM `lsgoweb_channel` WHERE `status` = 1 ORDER BY sort  [ RunTime:0.0000s ]
SQL: SHOW COLUMNS FROM `lsgoweb_category` [ RunTime:0.0090s ]
SQL: SELECT `title` FROM `lsgoweb_category` WHERE ( id=2 ) LIMIT 1   [ RunTime:0.0000s ]
SQL: SHOW COLUMNS FROM `lsgoweb_category` [ RunTime:0.0100s ]
SQL: SELECT `id`,`title` FROM `lsgoweb_category` WHERE `status` = 1 AND `pid` = 1 ORDER BY sort  [ RunTime:0.0000s ]
SQL: SHOW COLUMNS FROM `lsgoweb_picture` [ RunTime:0.0090s ]
SQL: SELECT `icon` FROM `lsgoweb_category` WHERE `id` = 2 LIMIT 1   [ RunTime:0.0010s ]
SQL: SELECT `path` FROM `lsgoweb_picture` WHERE `id` = 12 LIMIT 1   [ RunTime:0.0000s ]
SQL: SHOW COLUMNS FROM `lsgoweb_blog_article_tag` [ RunTime:0.0090s ]
SQL: SHOW COLUMNS FROM `lsgoweb_blog_article_tag` [ RunTime:0.0090s ]
SQL: SELECT `id`,`tag_name`,`tag_picture_id` FROM `lsgoweb_blog_article_tag` WHERE `status` = 1 AND `category_id` = 2 ORDER BY sort  [ RunTime:0.0000s ]
SQL: SELECT `path` FROM `lsgoweb_picture` WHERE `id` = 4 LIMIT 1   [ RunTime:0.0000s ]
SQL: SELECT `path` FROM `lsgoweb_picture` WHERE `id` = 5 LIMIT 1   [ RunTime:0.0000s ]
SQL: SELECT `path` FROM `lsgoweb_picture` WHERE `id` = 6 LIMIT 1   [ RunTime:0.0000s ]
SQL: SELECT `path` FROM `lsgoweb_picture` WHERE `id` = 7 LIMIT 1   [ RunTime:0.0000s ]
SQL: SELECT `path` FROM `lsgoweb_picture` WHERE `id` = 8 LIMIT 1   [ RunTime:0.0010s ]
SQL: SELECT `path` FROM `lsgoweb_picture` WHERE `id` = 9 LIMIT 1   [ RunTime:0.0000s ]
SQL: SELECT `path` FROM `lsgoweb_picture` WHERE `id` = 10 LIMIT 1   [ RunTime:0.0000s ]
SQL: SELECT `path` FROM `lsgoweb_picture` WHERE `id` = 11 LIMIT 1   [ RunTime:0.0000s ]
SQL: SHOW COLUMNS FROM `lsgoweb_document` [ RunTime:0.0090s ]
SQL: SELECT `id`,`title`,`category_id`,`create_time` FROM `lsgoweb_document` WHERE `category_id` = 2 AND `display` = 1 AND `status` = 1 ORDER BY update_time desc LIMIT 5   [ RunTime:0.0010s ]
SQL: SELECT COUNT(*) AS tp_count FROM `lsgoweb_document` WHERE `category_id` = 2 AND `display` = 1 AND `status` = 1 LIMIT 1   [ RunTime:0.0010s ]
SQL: SELECT `id`,`category_id`,`title`,`update_time` FROM `lsgoweb_document` WHERE `category_id` = 2 AND `display` = 1 AND `status` = 1 ORDER BY create_time desc  [ RunTime:0.0000s ]

